[2023-09-10T09:11:10.162+0000] {processor.py:157} INFO - Started process (PID=44) to work on /opt/airflow/dags/WordbankEconomicData_Trimmed_v2.xlsx
[2023-09-10T09:11:10.164+0000] {processor.py:829} INFO - Processing file /opt/airflow/dags/WordbankEconomicData_Trimmed_v2.xlsx for tasks to queue
[2023-09-10T09:11:10.167+0000] {logging_mixin.py:151} INFO - [2023-09-10T09:11:10.167+0000] {dagbag.py:539} INFO - Filling up the DagBag from /opt/airflow/dags/WordbankEconomicData_Trimmed_v2.xlsx
[2023-09-10T09:11:10.171+0000] {processor.py:841} WARNING - No viable dags retrieved from /opt/airflow/dags/WordbankEconomicData_Trimmed_v2.xlsx
[2023-09-10T09:11:10.205+0000] {processor.py:179} INFO - Processing /opt/airflow/dags/WordbankEconomicData_Trimmed_v2.xlsx took 0.048 seconds
[2023-09-10T09:11:41.218+0000] {processor.py:157} INFO - Started process (PID=57) to work on /opt/airflow/dags/WordbankEconomicData_Trimmed_v2.xlsx
[2023-09-10T09:11:41.219+0000] {processor.py:829} INFO - Processing file /opt/airflow/dags/WordbankEconomicData_Trimmed_v2.xlsx for tasks to queue
[2023-09-10T09:11:41.222+0000] {logging_mixin.py:151} INFO - [2023-09-10T09:11:41.221+0000] {dagbag.py:539} INFO - Filling up the DagBag from /opt/airflow/dags/WordbankEconomicData_Trimmed_v2.xlsx
[2023-09-10T09:11:41.225+0000] {processor.py:841} WARNING - No viable dags retrieved from /opt/airflow/dags/WordbankEconomicData_Trimmed_v2.xlsx
[2023-09-10T09:11:41.240+0000] {processor.py:179} INFO - Processing /opt/airflow/dags/WordbankEconomicData_Trimmed_v2.xlsx took 0.027 seconds
[2023-09-10T09:12:12.209+0000] {processor.py:157} INFO - Started process (PID=70) to work on /opt/airflow/dags/WordbankEconomicData_Trimmed_v2.xlsx
[2023-09-10T09:12:12.211+0000] {processor.py:829} INFO - Processing file /opt/airflow/dags/WordbankEconomicData_Trimmed_v2.xlsx for tasks to queue
[2023-09-10T09:12:12.214+0000] {logging_mixin.py:151} INFO - [2023-09-10T09:12:12.213+0000] {dagbag.py:539} INFO - Filling up the DagBag from /opt/airflow/dags/WordbankEconomicData_Trimmed_v2.xlsx
[2023-09-10T09:12:12.217+0000] {processor.py:841} WARNING - No viable dags retrieved from /opt/airflow/dags/WordbankEconomicData_Trimmed_v2.xlsx
[2023-09-10T09:12:12.231+0000] {processor.py:179} INFO - Processing /opt/airflow/dags/WordbankEconomicData_Trimmed_v2.xlsx took 0.026 seconds
[2023-09-10T09:12:43.037+0000] {processor.py:157} INFO - Started process (PID=83) to work on /opt/airflow/dags/WordbankEconomicData_Trimmed_v2.xlsx
[2023-09-10T09:12:43.039+0000] {processor.py:829} INFO - Processing file /opt/airflow/dags/WordbankEconomicData_Trimmed_v2.xlsx for tasks to queue
[2023-09-10T09:12:43.042+0000] {logging_mixin.py:151} INFO - [2023-09-10T09:12:43.042+0000] {dagbag.py:539} INFO - Filling up the DagBag from /opt/airflow/dags/WordbankEconomicData_Trimmed_v2.xlsx
[2023-09-10T09:12:43.045+0000] {processor.py:841} WARNING - No viable dags retrieved from /opt/airflow/dags/WordbankEconomicData_Trimmed_v2.xlsx
[2023-09-10T09:12:43.058+0000] {processor.py:179} INFO - Processing /opt/airflow/dags/WordbankEconomicData_Trimmed_v2.xlsx took 0.025 seconds
[2023-09-10T09:13:14.131+0000] {processor.py:157} INFO - Started process (PID=96) to work on /opt/airflow/dags/WordbankEconomicData_Trimmed_v2.xlsx
[2023-09-10T09:13:14.133+0000] {processor.py:829} INFO - Processing file /opt/airflow/dags/WordbankEconomicData_Trimmed_v2.xlsx for tasks to queue
[2023-09-10T09:13:14.136+0000] {logging_mixin.py:151} INFO - [2023-09-10T09:13:14.136+0000] {dagbag.py:539} INFO - Filling up the DagBag from /opt/airflow/dags/WordbankEconomicData_Trimmed_v2.xlsx
[2023-09-10T09:13:14.140+0000] {processor.py:841} WARNING - No viable dags retrieved from /opt/airflow/dags/WordbankEconomicData_Trimmed_v2.xlsx
[2023-09-10T09:13:14.157+0000] {processor.py:179} INFO - Processing /opt/airflow/dags/WordbankEconomicData_Trimmed_v2.xlsx took 0.030 seconds
[2023-09-10T09:13:45.147+0000] {processor.py:157} INFO - Started process (PID=109) to work on /opt/airflow/dags/WordbankEconomicData_Trimmed_v2.xlsx
[2023-09-10T09:13:45.148+0000] {processor.py:829} INFO - Processing file /opt/airflow/dags/WordbankEconomicData_Trimmed_v2.xlsx for tasks to queue
[2023-09-10T09:13:45.151+0000] {logging_mixin.py:151} INFO - [2023-09-10T09:13:45.151+0000] {dagbag.py:539} INFO - Filling up the DagBag from /opt/airflow/dags/WordbankEconomicData_Trimmed_v2.xlsx
[2023-09-10T09:13:45.154+0000] {processor.py:841} WARNING - No viable dags retrieved from /opt/airflow/dags/WordbankEconomicData_Trimmed_v2.xlsx
[2023-09-10T09:13:45.170+0000] {processor.py:179} INFO - Processing /opt/airflow/dags/WordbankEconomicData_Trimmed_v2.xlsx took 0.027 seconds
[2023-09-10T09:14:16.169+0000] {processor.py:157} INFO - Started process (PID=123) to work on /opt/airflow/dags/WordbankEconomicData_Trimmed_v2.xlsx
[2023-09-10T09:14:16.171+0000] {processor.py:829} INFO - Processing file /opt/airflow/dags/WordbankEconomicData_Trimmed_v2.xlsx for tasks to queue
[2023-09-10T09:14:16.174+0000] {logging_mixin.py:151} INFO - [2023-09-10T09:14:16.173+0000] {dagbag.py:539} INFO - Filling up the DagBag from /opt/airflow/dags/WordbankEconomicData_Trimmed_v2.xlsx
[2023-09-10T09:14:16.178+0000] {processor.py:841} WARNING - No viable dags retrieved from /opt/airflow/dags/WordbankEconomicData_Trimmed_v2.xlsx
[2023-09-10T09:14:16.192+0000] {processor.py:179} INFO - Processing /opt/airflow/dags/WordbankEconomicData_Trimmed_v2.xlsx took 0.026 seconds
[2023-09-10T09:15:47.421+0000] {processor.py:157} INFO - Started process (PID=43) to work on /opt/airflow/dags/WordbankEconomicData_Trimmed_v2.xlsx
[2023-09-10T09:15:47.423+0000] {processor.py:829} INFO - Processing file /opt/airflow/dags/WordbankEconomicData_Trimmed_v2.xlsx for tasks to queue
[2023-09-10T09:15:47.425+0000] {logging_mixin.py:151} INFO - [2023-09-10T09:15:47.425+0000] {dagbag.py:539} INFO - Filling up the DagBag from /opt/airflow/dags/WordbankEconomicData_Trimmed_v2.xlsx
[2023-09-10T09:15:47.428+0000] {processor.py:841} WARNING - No viable dags retrieved from /opt/airflow/dags/WordbankEconomicData_Trimmed_v2.xlsx
[2023-09-10T09:15:47.443+0000] {processor.py:179} INFO - Processing /opt/airflow/dags/WordbankEconomicData_Trimmed_v2.xlsx took 0.026 seconds
[2023-09-10T09:16:18.242+0000] {processor.py:157} INFO - Started process (PID=56) to work on /opt/airflow/dags/WordbankEconomicData_Trimmed_v2.xlsx
[2023-09-10T09:16:18.243+0000] {processor.py:829} INFO - Processing file /opt/airflow/dags/WordbankEconomicData_Trimmed_v2.xlsx for tasks to queue
[2023-09-10T09:16:18.246+0000] {logging_mixin.py:151} INFO - [2023-09-10T09:16:18.246+0000] {dagbag.py:539} INFO - Filling up the DagBag from /opt/airflow/dags/WordbankEconomicData_Trimmed_v2.xlsx
[2023-09-10T09:16:18.249+0000] {processor.py:841} WARNING - No viable dags retrieved from /opt/airflow/dags/WordbankEconomicData_Trimmed_v2.xlsx
[2023-09-10T09:16:18.263+0000] {processor.py:179} INFO - Processing /opt/airflow/dags/WordbankEconomicData_Trimmed_v2.xlsx took 0.025 seconds
[2023-09-10T09:16:49.225+0000] {processor.py:157} INFO - Started process (PID=69) to work on /opt/airflow/dags/WordbankEconomicData_Trimmed_v2.xlsx
[2023-09-10T09:16:49.226+0000] {processor.py:829} INFO - Processing file /opt/airflow/dags/WordbankEconomicData_Trimmed_v2.xlsx for tasks to queue
[2023-09-10T09:16:49.229+0000] {logging_mixin.py:151} INFO - [2023-09-10T09:16:49.229+0000] {dagbag.py:539} INFO - Filling up the DagBag from /opt/airflow/dags/WordbankEconomicData_Trimmed_v2.xlsx
[2023-09-10T09:16:49.232+0000] {processor.py:841} WARNING - No viable dags retrieved from /opt/airflow/dags/WordbankEconomicData_Trimmed_v2.xlsx
[2023-09-10T09:16:49.246+0000] {processor.py:179} INFO - Processing /opt/airflow/dags/WordbankEconomicData_Trimmed_v2.xlsx took 0.025 seconds
[2023-09-10T09:17:20.169+0000] {processor.py:157} INFO - Started process (PID=82) to work on /opt/airflow/dags/WordbankEconomicData_Trimmed_v2.xlsx
[2023-09-10T09:17:20.170+0000] {processor.py:829} INFO - Processing file /opt/airflow/dags/WordbankEconomicData_Trimmed_v2.xlsx for tasks to queue
[2023-09-10T09:17:20.173+0000] {logging_mixin.py:151} INFO - [2023-09-10T09:17:20.172+0000] {dagbag.py:539} INFO - Filling up the DagBag from /opt/airflow/dags/WordbankEconomicData_Trimmed_v2.xlsx
[2023-09-10T09:17:20.176+0000] {processor.py:841} WARNING - No viable dags retrieved from /opt/airflow/dags/WordbankEconomicData_Trimmed_v2.xlsx
[2023-09-10T09:17:20.190+0000] {processor.py:179} INFO - Processing /opt/airflow/dags/WordbankEconomicData_Trimmed_v2.xlsx took 0.024 seconds
[2023-09-10T09:17:51.236+0000] {processor.py:157} INFO - Started process (PID=95) to work on /opt/airflow/dags/WordbankEconomicData_Trimmed_v2.xlsx
[2023-09-10T09:17:51.238+0000] {processor.py:829} INFO - Processing file /opt/airflow/dags/WordbankEconomicData_Trimmed_v2.xlsx for tasks to queue
[2023-09-10T09:17:51.241+0000] {logging_mixin.py:151} INFO - [2023-09-10T09:17:51.240+0000] {dagbag.py:539} INFO - Filling up the DagBag from /opt/airflow/dags/WordbankEconomicData_Trimmed_v2.xlsx
[2023-09-10T09:17:51.244+0000] {processor.py:841} WARNING - No viable dags retrieved from /opt/airflow/dags/WordbankEconomicData_Trimmed_v2.xlsx
[2023-09-10T09:17:51.261+0000] {processor.py:179} INFO - Processing /opt/airflow/dags/WordbankEconomicData_Trimmed_v2.xlsx took 0.029 seconds
[2023-09-10T09:18:22.083+0000] {processor.py:157} INFO - Started process (PID=108) to work on /opt/airflow/dags/WordbankEconomicData_Trimmed_v2.xlsx
[2023-09-10T09:18:22.084+0000] {processor.py:829} INFO - Processing file /opt/airflow/dags/WordbankEconomicData_Trimmed_v2.xlsx for tasks to queue
[2023-09-10T09:18:22.087+0000] {logging_mixin.py:151} INFO - [2023-09-10T09:18:22.086+0000] {dagbag.py:539} INFO - Filling up the DagBag from /opt/airflow/dags/WordbankEconomicData_Trimmed_v2.xlsx
[2023-09-10T09:18:22.090+0000] {processor.py:841} WARNING - No viable dags retrieved from /opt/airflow/dags/WordbankEconomicData_Trimmed_v2.xlsx
[2023-09-10T09:18:22.105+0000] {processor.py:179} INFO - Processing /opt/airflow/dags/WordbankEconomicData_Trimmed_v2.xlsx took 0.026 seconds
[2023-09-10T09:18:53.104+0000] {processor.py:157} INFO - Started process (PID=121) to work on /opt/airflow/dags/WordbankEconomicData_Trimmed_v2.xlsx
[2023-09-10T09:18:53.106+0000] {processor.py:829} INFO - Processing file /opt/airflow/dags/WordbankEconomicData_Trimmed_v2.xlsx for tasks to queue
[2023-09-10T09:18:53.109+0000] {logging_mixin.py:151} INFO - [2023-09-10T09:18:53.108+0000] {dagbag.py:539} INFO - Filling up the DagBag from /opt/airflow/dags/WordbankEconomicData_Trimmed_v2.xlsx
[2023-09-10T09:18:53.112+0000] {processor.py:841} WARNING - No viable dags retrieved from /opt/airflow/dags/WordbankEconomicData_Trimmed_v2.xlsx
[2023-09-10T09:18:53.126+0000] {processor.py:179} INFO - Processing /opt/airflow/dags/WordbankEconomicData_Trimmed_v2.xlsx took 0.026 seconds
[2023-09-10T09:18:56.198+0000] {processor.py:157} INFO - Started process (PID=122) to work on /opt/airflow/dags/WordbankEconomicData_Trimmed_v2.xlsx
[2023-09-10T09:18:56.200+0000] {processor.py:829} INFO - Processing file /opt/airflow/dags/WordbankEconomicData_Trimmed_v2.xlsx for tasks to queue
[2023-09-10T09:18:56.203+0000] {logging_mixin.py:151} INFO - [2023-09-10T09:18:56.202+0000] {dagbag.py:539} INFO - Filling up the DagBag from /opt/airflow/dags/WordbankEconomicData_Trimmed_v2.xlsx
[2023-09-10T09:18:56.206+0000] {processor.py:841} WARNING - No viable dags retrieved from /opt/airflow/dags/WordbankEconomicData_Trimmed_v2.xlsx
[2023-09-10T09:18:56.219+0000] {processor.py:179} INFO - Processing /opt/airflow/dags/WordbankEconomicData_Trimmed_v2.xlsx took 0.025 seconds
[2023-09-10T09:19:26.582+0000] {processor.py:157} INFO - Started process (PID=135) to work on /opt/airflow/dags/WordbankEconomicData_Trimmed_v2.xlsx
[2023-09-10T09:19:26.584+0000] {processor.py:829} INFO - Processing file /opt/airflow/dags/WordbankEconomicData_Trimmed_v2.xlsx for tasks to queue
[2023-09-10T09:19:26.587+0000] {logging_mixin.py:151} INFO - [2023-09-10T09:19:26.587+0000] {dagbag.py:539} INFO - Filling up the DagBag from /opt/airflow/dags/WordbankEconomicData_Trimmed_v2.xlsx
[2023-09-10T09:19:26.590+0000] {processor.py:841} WARNING - No viable dags retrieved from /opt/airflow/dags/WordbankEconomicData_Trimmed_v2.xlsx
[2023-09-10T09:19:26.604+0000] {processor.py:179} INFO - Processing /opt/airflow/dags/WordbankEconomicData_Trimmed_v2.xlsx took 0.025 seconds
[2023-09-10T09:19:56.808+0000] {processor.py:157} INFO - Started process (PID=143) to work on /opt/airflow/dags/WordbankEconomicData_Trimmed_v2.xlsx
[2023-09-10T09:19:56.810+0000] {processor.py:829} INFO - Processing file /opt/airflow/dags/WordbankEconomicData_Trimmed_v2.xlsx for tasks to queue
[2023-09-10T09:19:56.813+0000] {logging_mixin.py:151} INFO - [2023-09-10T09:19:56.812+0000] {dagbag.py:539} INFO - Filling up the DagBag from /opt/airflow/dags/WordbankEconomicData_Trimmed_v2.xlsx
[2023-09-10T09:19:56.816+0000] {processor.py:841} WARNING - No viable dags retrieved from /opt/airflow/dags/WordbankEconomicData_Trimmed_v2.xlsx
[2023-09-10T09:19:56.831+0000] {processor.py:179} INFO - Processing /opt/airflow/dags/WordbankEconomicData_Trimmed_v2.xlsx took 0.026 seconds
[2023-09-10T09:20:27.278+0000] {processor.py:157} INFO - Started process (PID=156) to work on /opt/airflow/dags/WordbankEconomicData_Trimmed_v2.xlsx
[2023-09-10T09:20:27.279+0000] {processor.py:829} INFO - Processing file /opt/airflow/dags/WordbankEconomicData_Trimmed_v2.xlsx for tasks to queue
[2023-09-10T09:20:27.282+0000] {logging_mixin.py:151} INFO - [2023-09-10T09:20:27.282+0000] {dagbag.py:539} INFO - Filling up the DagBag from /opt/airflow/dags/WordbankEconomicData_Trimmed_v2.xlsx
[2023-09-10T09:20:27.285+0000] {processor.py:841} WARNING - No viable dags retrieved from /opt/airflow/dags/WordbankEconomicData_Trimmed_v2.xlsx
[2023-09-10T09:20:27.300+0000] {processor.py:179} INFO - Processing /opt/airflow/dags/WordbankEconomicData_Trimmed_v2.xlsx took 0.027 seconds
[2023-09-10T09:20:57.762+0000] {processor.py:157} INFO - Started process (PID=169) to work on /opt/airflow/dags/WordbankEconomicData_Trimmed_v2.xlsx
[2023-09-10T09:20:57.763+0000] {processor.py:829} INFO - Processing file /opt/airflow/dags/WordbankEconomicData_Trimmed_v2.xlsx for tasks to queue
[2023-09-10T09:20:57.767+0000] {logging_mixin.py:151} INFO - [2023-09-10T09:20:57.767+0000] {dagbag.py:539} INFO - Filling up the DagBag from /opt/airflow/dags/WordbankEconomicData_Trimmed_v2.xlsx
[2023-09-10T09:20:57.770+0000] {processor.py:841} WARNING - No viable dags retrieved from /opt/airflow/dags/WordbankEconomicData_Trimmed_v2.xlsx
[2023-09-10T09:20:57.783+0000] {processor.py:179} INFO - Processing /opt/airflow/dags/WordbankEconomicData_Trimmed_v2.xlsx took 0.025 seconds
[2023-09-10T09:21:27.935+0000] {processor.py:157} INFO - Started process (PID=182) to work on /opt/airflow/dags/WordbankEconomicData_Trimmed_v2.xlsx
[2023-09-10T09:21:27.936+0000] {processor.py:829} INFO - Processing file /opt/airflow/dags/WordbankEconomicData_Trimmed_v2.xlsx for tasks to queue
[2023-09-10T09:21:27.943+0000] {logging_mixin.py:151} INFO - [2023-09-10T09:21:27.943+0000] {dagbag.py:539} INFO - Filling up the DagBag from /opt/airflow/dags/WordbankEconomicData_Trimmed_v2.xlsx
[2023-09-10T09:21:27.948+0000] {processor.py:841} WARNING - No viable dags retrieved from /opt/airflow/dags/WordbankEconomicData_Trimmed_v2.xlsx
[2023-09-10T09:21:27.967+0000] {processor.py:179} INFO - Processing /opt/airflow/dags/WordbankEconomicData_Trimmed_v2.xlsx took 0.037 seconds
[2023-09-10T09:21:58.091+0000] {processor.py:157} INFO - Started process (PID=195) to work on /opt/airflow/dags/WordbankEconomicData_Trimmed_v2.xlsx
[2023-09-10T09:21:58.093+0000] {processor.py:829} INFO - Processing file /opt/airflow/dags/WordbankEconomicData_Trimmed_v2.xlsx for tasks to queue
[2023-09-10T09:21:58.095+0000] {logging_mixin.py:151} INFO - [2023-09-10T09:21:58.095+0000] {dagbag.py:539} INFO - Filling up the DagBag from /opt/airflow/dags/WordbankEconomicData_Trimmed_v2.xlsx
[2023-09-10T09:21:58.099+0000] {processor.py:841} WARNING - No viable dags retrieved from /opt/airflow/dags/WordbankEconomicData_Trimmed_v2.xlsx
[2023-09-10T09:21:58.113+0000] {processor.py:179} INFO - Processing /opt/airflow/dags/WordbankEconomicData_Trimmed_v2.xlsx took 0.026 seconds
[2023-09-10T09:22:28.376+0000] {processor.py:157} INFO - Started process (PID=208) to work on /opt/airflow/dags/WordbankEconomicData_Trimmed_v2.xlsx
[2023-09-10T09:22:28.378+0000] {processor.py:829} INFO - Processing file /opt/airflow/dags/WordbankEconomicData_Trimmed_v2.xlsx for tasks to queue
[2023-09-10T09:22:28.380+0000] {logging_mixin.py:151} INFO - [2023-09-10T09:22:28.380+0000] {dagbag.py:539} INFO - Filling up the DagBag from /opt/airflow/dags/WordbankEconomicData_Trimmed_v2.xlsx
[2023-09-10T09:22:28.383+0000] {processor.py:841} WARNING - No viable dags retrieved from /opt/airflow/dags/WordbankEconomicData_Trimmed_v2.xlsx
[2023-09-10T09:22:28.395+0000] {processor.py:179} INFO - Processing /opt/airflow/dags/WordbankEconomicData_Trimmed_v2.xlsx took 0.024 seconds
[2023-09-10T09:22:58.655+0000] {processor.py:157} INFO - Started process (PID=221) to work on /opt/airflow/dags/WordbankEconomicData_Trimmed_v2.xlsx
[2023-09-10T09:22:58.656+0000] {processor.py:829} INFO - Processing file /opt/airflow/dags/WordbankEconomicData_Trimmed_v2.xlsx for tasks to queue
[2023-09-10T09:22:58.659+0000] {logging_mixin.py:151} INFO - [2023-09-10T09:22:58.659+0000] {dagbag.py:539} INFO - Filling up the DagBag from /opt/airflow/dags/WordbankEconomicData_Trimmed_v2.xlsx
[2023-09-10T09:22:58.662+0000] {processor.py:841} WARNING - No viable dags retrieved from /opt/airflow/dags/WordbankEconomicData_Trimmed_v2.xlsx
[2023-09-10T09:22:58.677+0000] {processor.py:179} INFO - Processing /opt/airflow/dags/WordbankEconomicData_Trimmed_v2.xlsx took 0.027 seconds
[2023-09-10T09:23:29.568+0000] {processor.py:157} INFO - Started process (PID=234) to work on /opt/airflow/dags/WordbankEconomicData_Trimmed_v2.xlsx
[2023-09-10T09:23:29.570+0000] {processor.py:829} INFO - Processing file /opt/airflow/dags/WordbankEconomicData_Trimmed_v2.xlsx for tasks to queue
[2023-09-10T09:23:29.572+0000] {logging_mixin.py:151} INFO - [2023-09-10T09:23:29.572+0000] {dagbag.py:539} INFO - Filling up the DagBag from /opt/airflow/dags/WordbankEconomicData_Trimmed_v2.xlsx
[2023-09-10T09:23:29.575+0000] {processor.py:841} WARNING - No viable dags retrieved from /opt/airflow/dags/WordbankEconomicData_Trimmed_v2.xlsx
[2023-09-10T09:23:29.590+0000] {processor.py:179} INFO - Processing /opt/airflow/dags/WordbankEconomicData_Trimmed_v2.xlsx took 0.026 seconds
[2023-09-10T09:23:59.822+0000] {processor.py:157} INFO - Started process (PID=247) to work on /opt/airflow/dags/WordbankEconomicData_Trimmed_v2.xlsx
[2023-09-10T09:23:59.824+0000] {processor.py:829} INFO - Processing file /opt/airflow/dags/WordbankEconomicData_Trimmed_v2.xlsx for tasks to queue
[2023-09-10T09:23:59.832+0000] {logging_mixin.py:151} INFO - [2023-09-10T09:23:59.832+0000] {dagbag.py:539} INFO - Filling up the DagBag from /opt/airflow/dags/WordbankEconomicData_Trimmed_v2.xlsx
[2023-09-10T09:23:59.837+0000] {processor.py:841} WARNING - No viable dags retrieved from /opt/airflow/dags/WordbankEconomicData_Trimmed_v2.xlsx
[2023-09-10T09:23:59.861+0000] {processor.py:179} INFO - Processing /opt/airflow/dags/WordbankEconomicData_Trimmed_v2.xlsx took 0.047 seconds
[2023-09-10T09:24:28.173+0000] {processor.py:157} INFO - Started process (PID=258) to work on /opt/airflow/dags/WordbankEconomicData_Trimmed_v2.xlsx
[2023-09-10T09:24:28.175+0000] {processor.py:829} INFO - Processing file /opt/airflow/dags/WordbankEconomicData_Trimmed_v2.xlsx for tasks to queue
[2023-09-10T09:24:28.177+0000] {logging_mixin.py:151} INFO - [2023-09-10T09:24:28.177+0000] {dagbag.py:539} INFO - Filling up the DagBag from /opt/airflow/dags/WordbankEconomicData_Trimmed_v2.xlsx
[2023-09-10T09:24:28.180+0000] {processor.py:841} WARNING - No viable dags retrieved from /opt/airflow/dags/WordbankEconomicData_Trimmed_v2.xlsx
[2023-09-10T09:24:28.195+0000] {processor.py:179} INFO - Processing /opt/airflow/dags/WordbankEconomicData_Trimmed_v2.xlsx took 0.026 seconds
[2023-09-10T09:24:58.458+0000] {processor.py:157} INFO - Started process (PID=269) to work on /opt/airflow/dags/WordbankEconomicData_Trimmed_v2.xlsx
[2023-09-10T09:24:58.460+0000] {processor.py:829} INFO - Processing file /opt/airflow/dags/WordbankEconomicData_Trimmed_v2.xlsx for tasks to queue
[2023-09-10T09:24:58.464+0000] {logging_mixin.py:151} INFO - [2023-09-10T09:24:58.464+0000] {dagbag.py:539} INFO - Filling up the DagBag from /opt/airflow/dags/WordbankEconomicData_Trimmed_v2.xlsx
[2023-09-10T09:24:58.467+0000] {processor.py:841} WARNING - No viable dags retrieved from /opt/airflow/dags/WordbankEconomicData_Trimmed_v2.xlsx
[2023-09-10T09:24:58.482+0000] {processor.py:179} INFO - Processing /opt/airflow/dags/WordbankEconomicData_Trimmed_v2.xlsx took 0.027 seconds
[2023-09-10T09:25:28.766+0000] {processor.py:157} INFO - Started process (PID=282) to work on /opt/airflow/dags/WordbankEconomicData_Trimmed_v2.xlsx
[2023-09-10T09:25:28.767+0000] {processor.py:829} INFO - Processing file /opt/airflow/dags/WordbankEconomicData_Trimmed_v2.xlsx for tasks to queue
[2023-09-10T09:25:28.770+0000] {logging_mixin.py:151} INFO - [2023-09-10T09:25:28.770+0000] {dagbag.py:539} INFO - Filling up the DagBag from /opt/airflow/dags/WordbankEconomicData_Trimmed_v2.xlsx
[2023-09-10T09:25:28.773+0000] {processor.py:841} WARNING - No viable dags retrieved from /opt/airflow/dags/WordbankEconomicData_Trimmed_v2.xlsx
[2023-09-10T09:25:28.787+0000] {processor.py:179} INFO - Processing /opt/airflow/dags/WordbankEconomicData_Trimmed_v2.xlsx took 0.024 seconds
[2023-09-10T09:25:59.232+0000] {processor.py:157} INFO - Started process (PID=295) to work on /opt/airflow/dags/WordbankEconomicData_Trimmed_v2.xlsx
[2023-09-10T09:25:59.233+0000] {processor.py:829} INFO - Processing file /opt/airflow/dags/WordbankEconomicData_Trimmed_v2.xlsx for tasks to queue
[2023-09-10T09:25:59.236+0000] {logging_mixin.py:151} INFO - [2023-09-10T09:25:59.236+0000] {dagbag.py:539} INFO - Filling up the DagBag from /opt/airflow/dags/WordbankEconomicData_Trimmed_v2.xlsx
[2023-09-10T09:25:59.239+0000] {processor.py:841} WARNING - No viable dags retrieved from /opt/airflow/dags/WordbankEconomicData_Trimmed_v2.xlsx
[2023-09-10T09:25:59.253+0000] {processor.py:179} INFO - Processing /opt/airflow/dags/WordbankEconomicData_Trimmed_v2.xlsx took 0.024 seconds
[2023-09-10T09:26:29.571+0000] {processor.py:157} INFO - Started process (PID=308) to work on /opt/airflow/dags/WordbankEconomicData_Trimmed_v2.xlsx
[2023-09-10T09:26:29.573+0000] {processor.py:829} INFO - Processing file /opt/airflow/dags/WordbankEconomicData_Trimmed_v2.xlsx for tasks to queue
[2023-09-10T09:26:29.576+0000] {logging_mixin.py:151} INFO - [2023-09-10T09:26:29.576+0000] {dagbag.py:539} INFO - Filling up the DagBag from /opt/airflow/dags/WordbankEconomicData_Trimmed_v2.xlsx
[2023-09-10T09:26:29.579+0000] {processor.py:841} WARNING - No viable dags retrieved from /opt/airflow/dags/WordbankEconomicData_Trimmed_v2.xlsx
[2023-09-10T09:26:29.595+0000] {processor.py:179} INFO - Processing /opt/airflow/dags/WordbankEconomicData_Trimmed_v2.xlsx took 0.027 seconds
[2023-09-10T09:26:59.868+0000] {processor.py:157} INFO - Started process (PID=321) to work on /opt/airflow/dags/WordbankEconomicData_Trimmed_v2.xlsx
[2023-09-10T09:26:59.869+0000] {processor.py:829} INFO - Processing file /opt/airflow/dags/WordbankEconomicData_Trimmed_v2.xlsx for tasks to queue
[2023-09-10T09:26:59.872+0000] {logging_mixin.py:151} INFO - [2023-09-10T09:26:59.872+0000] {dagbag.py:539} INFO - Filling up the DagBag from /opt/airflow/dags/WordbankEconomicData_Trimmed_v2.xlsx
[2023-09-10T09:26:59.875+0000] {processor.py:841} WARNING - No viable dags retrieved from /opt/airflow/dags/WordbankEconomicData_Trimmed_v2.xlsx
[2023-09-10T09:26:59.890+0000] {processor.py:179} INFO - Processing /opt/airflow/dags/WordbankEconomicData_Trimmed_v2.xlsx took 0.026 seconds
[2023-09-10T09:27:30.191+0000] {processor.py:157} INFO - Started process (PID=334) to work on /opt/airflow/dags/WordbankEconomicData_Trimmed_v2.xlsx
[2023-09-10T09:27:30.194+0000] {processor.py:829} INFO - Processing file /opt/airflow/dags/WordbankEconomicData_Trimmed_v2.xlsx for tasks to queue
[2023-09-10T09:27:30.203+0000] {logging_mixin.py:151} INFO - [2023-09-10T09:27:30.202+0000] {dagbag.py:539} INFO - Filling up the DagBag from /opt/airflow/dags/WordbankEconomicData_Trimmed_v2.xlsx
[2023-09-10T09:27:30.208+0000] {processor.py:841} WARNING - No viable dags retrieved from /opt/airflow/dags/WordbankEconomicData_Trimmed_v2.xlsx
[2023-09-10T09:27:30.235+0000] {processor.py:179} INFO - Processing /opt/airflow/dags/WordbankEconomicData_Trimmed_v2.xlsx took 0.052 seconds
[2023-09-10T09:28:00.583+0000] {processor.py:157} INFO - Started process (PID=345) to work on /opt/airflow/dags/WordbankEconomicData_Trimmed_v2.xlsx
[2023-09-10T09:28:00.584+0000] {processor.py:829} INFO - Processing file /opt/airflow/dags/WordbankEconomicData_Trimmed_v2.xlsx for tasks to queue
[2023-09-10T09:28:00.587+0000] {logging_mixin.py:151} INFO - [2023-09-10T09:28:00.586+0000] {dagbag.py:539} INFO - Filling up the DagBag from /opt/airflow/dags/WordbankEconomicData_Trimmed_v2.xlsx
[2023-09-10T09:28:00.589+0000] {processor.py:841} WARNING - No viable dags retrieved from /opt/airflow/dags/WordbankEconomicData_Trimmed_v2.xlsx
[2023-09-10T09:28:00.604+0000] {processor.py:179} INFO - Processing /opt/airflow/dags/WordbankEconomicData_Trimmed_v2.xlsx took 0.026 seconds
[2023-09-10T09:28:30.807+0000] {processor.py:157} INFO - Started process (PID=356) to work on /opt/airflow/dags/WordbankEconomicData_Trimmed_v2.xlsx
[2023-09-10T09:28:30.809+0000] {processor.py:829} INFO - Processing file /opt/airflow/dags/WordbankEconomicData_Trimmed_v2.xlsx for tasks to queue
[2023-09-10T09:28:30.811+0000] {logging_mixin.py:151} INFO - [2023-09-10T09:28:30.811+0000] {dagbag.py:539} INFO - Filling up the DagBag from /opt/airflow/dags/WordbankEconomicData_Trimmed_v2.xlsx
[2023-09-10T09:28:30.815+0000] {processor.py:841} WARNING - No viable dags retrieved from /opt/airflow/dags/WordbankEconomicData_Trimmed_v2.xlsx
[2023-09-10T09:28:30.830+0000] {processor.py:179} INFO - Processing /opt/airflow/dags/WordbankEconomicData_Trimmed_v2.xlsx took 0.027 seconds
[2023-09-10T09:29:01.053+0000] {processor.py:157} INFO - Started process (PID=369) to work on /opt/airflow/dags/WordbankEconomicData_Trimmed_v2.xlsx
[2023-09-10T09:29:01.054+0000] {processor.py:829} INFO - Processing file /opt/airflow/dags/WordbankEconomicData_Trimmed_v2.xlsx for tasks to queue
[2023-09-10T09:29:01.057+0000] {logging_mixin.py:151} INFO - [2023-09-10T09:29:01.057+0000] {dagbag.py:539} INFO - Filling up the DagBag from /opt/airflow/dags/WordbankEconomicData_Trimmed_v2.xlsx
[2023-09-10T09:29:01.061+0000] {processor.py:841} WARNING - No viable dags retrieved from /opt/airflow/dags/WordbankEconomicData_Trimmed_v2.xlsx
[2023-09-10T09:29:01.074+0000] {processor.py:179} INFO - Processing /opt/airflow/dags/WordbankEconomicData_Trimmed_v2.xlsx took 0.025 seconds
[2023-09-10T09:29:31.301+0000] {processor.py:157} INFO - Started process (PID=381) to work on /opt/airflow/dags/WordbankEconomicData_Trimmed_v2.xlsx
[2023-09-10T09:29:31.302+0000] {processor.py:829} INFO - Processing file /opt/airflow/dags/WordbankEconomicData_Trimmed_v2.xlsx for tasks to queue
[2023-09-10T09:29:31.306+0000] {logging_mixin.py:151} INFO - [2023-09-10T09:29:31.306+0000] {dagbag.py:539} INFO - Filling up the DagBag from /opt/airflow/dags/WordbankEconomicData_Trimmed_v2.xlsx
[2023-09-10T09:29:31.309+0000] {processor.py:841} WARNING - No viable dags retrieved from /opt/airflow/dags/WordbankEconomicData_Trimmed_v2.xlsx
[2023-09-10T09:29:31.323+0000] {processor.py:179} INFO - Processing /opt/airflow/dags/WordbankEconomicData_Trimmed_v2.xlsx took 0.027 seconds
[2023-09-10T09:30:01.699+0000] {processor.py:157} INFO - Started process (PID=394) to work on /opt/airflow/dags/WordbankEconomicData_Trimmed_v2.xlsx
[2023-09-10T09:30:01.701+0000] {processor.py:829} INFO - Processing file /opt/airflow/dags/WordbankEconomicData_Trimmed_v2.xlsx for tasks to queue
[2023-09-10T09:30:01.704+0000] {logging_mixin.py:151} INFO - [2023-09-10T09:30:01.703+0000] {dagbag.py:539} INFO - Filling up the DagBag from /opt/airflow/dags/WordbankEconomicData_Trimmed_v2.xlsx
[2023-09-10T09:30:01.707+0000] {processor.py:841} WARNING - No viable dags retrieved from /opt/airflow/dags/WordbankEconomicData_Trimmed_v2.xlsx
[2023-09-10T09:30:01.720+0000] {processor.py:179} INFO - Processing /opt/airflow/dags/WordbankEconomicData_Trimmed_v2.xlsx took 0.025 seconds
[2023-09-10T09:30:23.326+0000] {processor.py:157} INFO - Started process (PID=407) to work on /opt/airflow/dags/WordbankEconomicData_Trimmed_v2.xlsx
[2023-09-10T09:30:23.328+0000] {processor.py:829} INFO - Processing file /opt/airflow/dags/WordbankEconomicData_Trimmed_v2.xlsx for tasks to queue
[2023-09-10T09:30:23.332+0000] {logging_mixin.py:151} INFO - [2023-09-10T09:30:23.331+0000] {dagbag.py:539} INFO - Filling up the DagBag from /opt/airflow/dags/WordbankEconomicData_Trimmed_v2.xlsx
[2023-09-10T09:30:23.335+0000] {processor.py:841} WARNING - No viable dags retrieved from /opt/airflow/dags/WordbankEconomicData_Trimmed_v2.xlsx
[2023-09-10T09:30:23.347+0000] {processor.py:179} INFO - Processing /opt/airflow/dags/WordbankEconomicData_Trimmed_v2.xlsx took 0.025 seconds
