[2023-09-07T15:44:43.251+0000] {processor.py:157} INFO - Started process (PID=72) to work on /home/airflow/.local/lib/python3.8/site-packages/airflow/example_dags/example_nested_branch_dag.py
[2023-09-07T15:44:43.254+0000] {processor.py:829} INFO - Processing file /home/airflow/.local/lib/python3.8/site-packages/airflow/example_dags/example_nested_branch_dag.py for tasks to queue
[2023-09-07T15:44:43.259+0000] {logging_mixin.py:151} INFO - [2023-09-07T15:44:43.259+0000] {dagbag.py:539} INFO - Filling up the DagBag from /home/airflow/.local/lib/python3.8/site-packages/airflow/example_dags/example_nested_branch_dag.py
[2023-09-07T15:44:43.273+0000] {processor.py:839} INFO - DAG(s) dict_keys(['example_nested_branch_dag']) retrieved from /home/airflow/.local/lib/python3.8/site-packages/airflow/example_dags/example_nested_branch_dag.py
[2023-09-07T15:44:43.292+0000] {logging_mixin.py:151} INFO - [2023-09-07T15:44:43.292+0000] {dag.py:2907} INFO - Sync 1 DAGs
[2023-09-07T15:44:43.332+0000] {logging_mixin.py:151} INFO - [2023-09-07T15:44:43.331+0000] {dag.py:3677} INFO - Setting next_dagrun for example_nested_branch_dag to 2023-09-06T00:00:00+00:00, run_after=2023-09-07T00:00:00+00:00
[2023-09-07T15:44:43.356+0000] {processor.py:179} INFO - Processing /home/airflow/.local/lib/python3.8/site-packages/airflow/example_dags/example_nested_branch_dag.py took 0.114 seconds
[2023-09-07T15:45:14.175+0000] {processor.py:157} INFO - Started process (PID=126) to work on /home/airflow/.local/lib/python3.8/site-packages/airflow/example_dags/example_nested_branch_dag.py
[2023-09-07T15:45:14.176+0000] {processor.py:829} INFO - Processing file /home/airflow/.local/lib/python3.8/site-packages/airflow/example_dags/example_nested_branch_dag.py for tasks to queue
[2023-09-07T15:45:14.179+0000] {logging_mixin.py:151} INFO - [2023-09-07T15:45:14.179+0000] {dagbag.py:539} INFO - Filling up the DagBag from /home/airflow/.local/lib/python3.8/site-packages/airflow/example_dags/example_nested_branch_dag.py
[2023-09-07T15:45:14.190+0000] {processor.py:839} INFO - DAG(s) dict_keys(['example_nested_branch_dag']) retrieved from /home/airflow/.local/lib/python3.8/site-packages/airflow/example_dags/example_nested_branch_dag.py
[2023-09-07T15:45:14.215+0000] {logging_mixin.py:151} INFO - [2023-09-07T15:45:14.214+0000] {dag.py:2907} INFO - Sync 1 DAGs
[2023-09-07T15:45:14.239+0000] {logging_mixin.py:151} INFO - [2023-09-07T15:45:14.238+0000] {dag.py:3677} INFO - Setting next_dagrun for example_nested_branch_dag to 2023-09-06T00:00:00+00:00, run_after=2023-09-07T00:00:00+00:00
[2023-09-07T15:45:14.256+0000] {processor.py:179} INFO - Processing /home/airflow/.local/lib/python3.8/site-packages/airflow/example_dags/example_nested_branch_dag.py took 0.084 seconds
[2023-09-07T15:45:45.160+0000] {processor.py:157} INFO - Started process (PID=180) to work on /home/airflow/.local/lib/python3.8/site-packages/airflow/example_dags/example_nested_branch_dag.py
[2023-09-07T15:45:45.162+0000] {processor.py:829} INFO - Processing file /home/airflow/.local/lib/python3.8/site-packages/airflow/example_dags/example_nested_branch_dag.py for tasks to queue
[2023-09-07T15:45:45.164+0000] {logging_mixin.py:151} INFO - [2023-09-07T15:45:45.164+0000] {dagbag.py:539} INFO - Filling up the DagBag from /home/airflow/.local/lib/python3.8/site-packages/airflow/example_dags/example_nested_branch_dag.py
[2023-09-07T15:45:45.175+0000] {processor.py:839} INFO - DAG(s) dict_keys(['example_nested_branch_dag']) retrieved from /home/airflow/.local/lib/python3.8/site-packages/airflow/example_dags/example_nested_branch_dag.py
[2023-09-07T15:45:45.199+0000] {logging_mixin.py:151} INFO - [2023-09-07T15:45:45.198+0000] {dag.py:2907} INFO - Sync 1 DAGs
[2023-09-07T15:45:45.223+0000] {logging_mixin.py:151} INFO - [2023-09-07T15:45:45.223+0000] {dag.py:3677} INFO - Setting next_dagrun for example_nested_branch_dag to 2023-09-06T00:00:00+00:00, run_after=2023-09-07T00:00:00+00:00
[2023-09-07T15:45:45.240+0000] {processor.py:179} INFO - Processing /home/airflow/.local/lib/python3.8/site-packages/airflow/example_dags/example_nested_branch_dag.py took 0.083 seconds
[2023-09-07T15:46:15.870+0000] {processor.py:157} INFO - Started process (PID=234) to work on /home/airflow/.local/lib/python3.8/site-packages/airflow/example_dags/example_nested_branch_dag.py
[2023-09-07T15:46:15.871+0000] {processor.py:829} INFO - Processing file /home/airflow/.local/lib/python3.8/site-packages/airflow/example_dags/example_nested_branch_dag.py for tasks to queue
[2023-09-07T15:46:15.874+0000] {logging_mixin.py:151} INFO - [2023-09-07T15:46:15.874+0000] {dagbag.py:539} INFO - Filling up the DagBag from /home/airflow/.local/lib/python3.8/site-packages/airflow/example_dags/example_nested_branch_dag.py
[2023-09-07T15:46:15.885+0000] {processor.py:839} INFO - DAG(s) dict_keys(['example_nested_branch_dag']) retrieved from /home/airflow/.local/lib/python3.8/site-packages/airflow/example_dags/example_nested_branch_dag.py
[2023-09-07T15:46:15.909+0000] {logging_mixin.py:151} INFO - [2023-09-07T15:46:15.909+0000] {dag.py:2907} INFO - Sync 1 DAGs
[2023-09-07T15:46:15.933+0000] {logging_mixin.py:151} INFO - [2023-09-07T15:46:15.932+0000] {dag.py:3677} INFO - Setting next_dagrun for example_nested_branch_dag to 2023-09-06T00:00:00+00:00, run_after=2023-09-07T00:00:00+00:00
[2023-09-07T15:46:15.949+0000] {processor.py:179} INFO - Processing /home/airflow/.local/lib/python3.8/site-packages/airflow/example_dags/example_nested_branch_dag.py took 0.083 seconds
