[2023-09-07T15:44:42.560+0000] {processor.py:157} INFO - Started process (PID=62) to work on /home/airflow/.local/lib/python3.8/site-packages/airflow/example_dags/example_task_group.py
[2023-09-07T15:44:42.561+0000] {processor.py:829} INFO - Processing file /home/airflow/.local/lib/python3.8/site-packages/airflow/example_dags/example_task_group.py for tasks to queue
[2023-09-07T15:44:42.565+0000] {logging_mixin.py:151} INFO - [2023-09-07T15:44:42.565+0000] {dagbag.py:539} INFO - Filling up the DagBag from /home/airflow/.local/lib/python3.8/site-packages/airflow/example_dags/example_task_group.py
[2023-09-07T15:44:42.576+0000] {processor.py:839} INFO - DAG(s) dict_keys(['example_task_group']) retrieved from /home/airflow/.local/lib/python3.8/site-packages/airflow/example_dags/example_task_group.py
[2023-09-07T15:44:42.596+0000] {logging_mixin.py:151} INFO - [2023-09-07T15:44:42.596+0000] {dag.py:2907} INFO - Sync 1 DAGs
[2023-09-07T15:44:42.635+0000] {logging_mixin.py:151} INFO - [2023-09-07T15:44:42.635+0000] {dag.py:3677} INFO - Setting next_dagrun for example_task_group to 2023-09-06T15:44:42.634540+00:00, run_after=2023-09-07T15:44:42.634540+00:00
[2023-09-07T15:44:42.659+0000] {processor.py:179} INFO - Processing /home/airflow/.local/lib/python3.8/site-packages/airflow/example_dags/example_task_group.py took 0.104 seconds
[2023-09-07T15:45:13.562+0000] {processor.py:157} INFO - Started process (PID=116) to work on /home/airflow/.local/lib/python3.8/site-packages/airflow/example_dags/example_task_group.py
[2023-09-07T15:45:13.564+0000] {processor.py:829} INFO - Processing file /home/airflow/.local/lib/python3.8/site-packages/airflow/example_dags/example_task_group.py for tasks to queue
[2023-09-07T15:45:13.567+0000] {logging_mixin.py:151} INFO - [2023-09-07T15:45:13.566+0000] {dagbag.py:539} INFO - Filling up the DagBag from /home/airflow/.local/lib/python3.8/site-packages/airflow/example_dags/example_task_group.py
[2023-09-07T15:45:13.575+0000] {processor.py:839} INFO - DAG(s) dict_keys(['example_task_group']) retrieved from /home/airflow/.local/lib/python3.8/site-packages/airflow/example_dags/example_task_group.py
[2023-09-07T15:45:13.598+0000] {logging_mixin.py:151} INFO - [2023-09-07T15:45:13.598+0000] {dag.py:2907} INFO - Sync 1 DAGs
[2023-09-07T15:45:13.621+0000] {logging_mixin.py:151} INFO - [2023-09-07T15:45:13.621+0000] {dag.py:3677} INFO - Setting next_dagrun for example_task_group to 2023-09-06T15:45:13.620941+00:00, run_after=2023-09-07T15:45:13.620941+00:00
[2023-09-07T15:45:13.638+0000] {processor.py:179} INFO - Processing /home/airflow/.local/lib/python3.8/site-packages/airflow/example_dags/example_task_group.py took 0.080 seconds
[2023-09-07T15:45:44.636+0000] {processor.py:157} INFO - Started process (PID=170) to work on /home/airflow/.local/lib/python3.8/site-packages/airflow/example_dags/example_task_group.py
[2023-09-07T15:45:44.638+0000] {processor.py:829} INFO - Processing file /home/airflow/.local/lib/python3.8/site-packages/airflow/example_dags/example_task_group.py for tasks to queue
[2023-09-07T15:45:44.640+0000] {logging_mixin.py:151} INFO - [2023-09-07T15:45:44.640+0000] {dagbag.py:539} INFO - Filling up the DagBag from /home/airflow/.local/lib/python3.8/site-packages/airflow/example_dags/example_task_group.py
[2023-09-07T15:45:44.648+0000] {processor.py:839} INFO - DAG(s) dict_keys(['example_task_group']) retrieved from /home/airflow/.local/lib/python3.8/site-packages/airflow/example_dags/example_task_group.py
[2023-09-07T15:45:44.674+0000] {logging_mixin.py:151} INFO - [2023-09-07T15:45:44.673+0000] {dag.py:2907} INFO - Sync 1 DAGs
[2023-09-07T15:45:44.696+0000] {logging_mixin.py:151} INFO - [2023-09-07T15:45:44.696+0000] {dag.py:3677} INFO - Setting next_dagrun for example_task_group to 2023-09-06T15:45:44.696229+00:00, run_after=2023-09-07T15:45:44.696229+00:00
[2023-09-07T15:45:44.713+0000] {processor.py:179} INFO - Processing /home/airflow/.local/lib/python3.8/site-packages/airflow/example_dags/example_task_group.py took 0.080 seconds
[2023-09-07T15:46:15.353+0000] {processor.py:157} INFO - Started process (PID=224) to work on /home/airflow/.local/lib/python3.8/site-packages/airflow/example_dags/example_task_group.py
[2023-09-07T15:46:15.355+0000] {processor.py:829} INFO - Processing file /home/airflow/.local/lib/python3.8/site-packages/airflow/example_dags/example_task_group.py for tasks to queue
[2023-09-07T15:46:15.357+0000] {logging_mixin.py:151} INFO - [2023-09-07T15:46:15.357+0000] {dagbag.py:539} INFO - Filling up the DagBag from /home/airflow/.local/lib/python3.8/site-packages/airflow/example_dags/example_task_group.py
[2023-09-07T15:46:15.366+0000] {processor.py:839} INFO - DAG(s) dict_keys(['example_task_group']) retrieved from /home/airflow/.local/lib/python3.8/site-packages/airflow/example_dags/example_task_group.py
[2023-09-07T15:46:15.388+0000] {logging_mixin.py:151} INFO - [2023-09-07T15:46:15.387+0000] {dag.py:2907} INFO - Sync 1 DAGs
[2023-09-07T15:46:15.409+0000] {logging_mixin.py:151} INFO - [2023-09-07T15:46:15.409+0000] {dag.py:3677} INFO - Setting next_dagrun for example_task_group to 2023-09-06T15:46:15.409387+00:00, run_after=2023-09-07T15:46:15.409387+00:00
[2023-09-07T15:46:15.426+0000] {processor.py:179} INFO - Processing /home/airflow/.local/lib/python3.8/site-packages/airflow/example_dags/example_task_group.py took 0.077 seconds
