[2023-09-07T15:44:40.097+0000] {processor.py:157} INFO - Started process (PID=48) to work on /home/airflow/.local/lib/python3.8/site-packages/airflow/example_dags/example_dynamic_task_mapping_with_no_taskflow_operators.py
[2023-09-07T15:44:40.098+0000] {processor.py:829} INFO - Processing file /home/airflow/.local/lib/python3.8/site-packages/airflow/example_dags/example_dynamic_task_mapping_with_no_taskflow_operators.py for tasks to queue
[2023-09-07T15:44:40.101+0000] {logging_mixin.py:151} INFO - [2023-09-07T15:44:40.100+0000] {dagbag.py:539} INFO - Filling up the DagBag from /home/airflow/.local/lib/python3.8/site-packages/airflow/example_dags/example_dynamic_task_mapping_with_no_taskflow_operators.py
[2023-09-07T15:44:40.113+0000] {processor.py:839} INFO - DAG(s) dict_keys(['example_dynamic_task_mapping_with_no_taskflow_operators']) retrieved from /home/airflow/.local/lib/python3.8/site-packages/airflow/example_dags/example_dynamic_task_mapping_with_no_taskflow_operators.py
[2023-09-07T15:44:40.126+0000] {logging_mixin.py:151} INFO - [2023-09-07T15:44:40.126+0000] {dag.py:2907} INFO - Sync 1 DAGs
[2023-09-07T15:44:40.257+0000] {logging_mixin.py:151} INFO - [2023-09-07T15:44:40.256+0000] {dag.py:3677} INFO - Setting next_dagrun for example_dynamic_task_mapping_with_no_taskflow_operators to 2023-09-06T15:44:40.256770+00:00, run_after=2023-09-07T15:44:40.256770+00:00
[2023-09-07T15:44:40.273+0000] {processor.py:179} INFO - Processing /home/airflow/.local/lib/python3.8/site-packages/airflow/example_dags/example_dynamic_task_mapping_with_no_taskflow_operators.py took 0.181 seconds
[2023-09-07T15:45:10.363+0000] {processor.py:157} INFO - Started process (PID=101) to work on /home/airflow/.local/lib/python3.8/site-packages/airflow/example_dags/example_dynamic_task_mapping_with_no_taskflow_operators.py
[2023-09-07T15:45:10.365+0000] {processor.py:829} INFO - Processing file /home/airflow/.local/lib/python3.8/site-packages/airflow/example_dags/example_dynamic_task_mapping_with_no_taskflow_operators.py for tasks to queue
[2023-09-07T15:45:10.368+0000] {logging_mixin.py:151} INFO - [2023-09-07T15:45:10.367+0000] {dagbag.py:539} INFO - Filling up the DagBag from /home/airflow/.local/lib/python3.8/site-packages/airflow/example_dags/example_dynamic_task_mapping_with_no_taskflow_operators.py
[2023-09-07T15:45:10.376+0000] {processor.py:839} INFO - DAG(s) dict_keys(['example_dynamic_task_mapping_with_no_taskflow_operators']) retrieved from /home/airflow/.local/lib/python3.8/site-packages/airflow/example_dags/example_dynamic_task_mapping_with_no_taskflow_operators.py
[2023-09-07T15:45:10.397+0000] {logging_mixin.py:151} INFO - [2023-09-07T15:45:10.396+0000] {dag.py:2907} INFO - Sync 1 DAGs
[2023-09-07T15:45:10.421+0000] {logging_mixin.py:151} INFO - [2023-09-07T15:45:10.421+0000] {dag.py:3677} INFO - Setting next_dagrun for example_dynamic_task_mapping_with_no_taskflow_operators to 2023-09-06T15:45:10.420805+00:00, run_after=2023-09-07T15:45:10.420805+00:00
[2023-09-07T15:45:10.439+0000] {processor.py:179} INFO - Processing /home/airflow/.local/lib/python3.8/site-packages/airflow/example_dags/example_dynamic_task_mapping_with_no_taskflow_operators.py took 0.079 seconds
[2023-09-07T15:45:40.608+0000] {processor.py:157} INFO - Started process (PID=155) to work on /home/airflow/.local/lib/python3.8/site-packages/airflow/example_dags/example_dynamic_task_mapping_with_no_taskflow_operators.py
[2023-09-07T15:45:40.609+0000] {processor.py:829} INFO - Processing file /home/airflow/.local/lib/python3.8/site-packages/airflow/example_dags/example_dynamic_task_mapping_with_no_taskflow_operators.py for tasks to queue
[2023-09-07T15:45:40.612+0000] {logging_mixin.py:151} INFO - [2023-09-07T15:45:40.612+0000] {dagbag.py:539} INFO - Filling up the DagBag from /home/airflow/.local/lib/python3.8/site-packages/airflow/example_dags/example_dynamic_task_mapping_with_no_taskflow_operators.py
[2023-09-07T15:45:40.620+0000] {processor.py:839} INFO - DAG(s) dict_keys(['example_dynamic_task_mapping_with_no_taskflow_operators']) retrieved from /home/airflow/.local/lib/python3.8/site-packages/airflow/example_dags/example_dynamic_task_mapping_with_no_taskflow_operators.py
[2023-09-07T15:45:40.643+0000] {logging_mixin.py:151} INFO - [2023-09-07T15:45:40.643+0000] {dag.py:2907} INFO - Sync 1 DAGs
[2023-09-07T15:45:40.668+0000] {logging_mixin.py:151} INFO - [2023-09-07T15:45:40.668+0000] {dag.py:3677} INFO - Setting next_dagrun for example_dynamic_task_mapping_with_no_taskflow_operators to 2023-09-06T15:45:40.667784+00:00, run_after=2023-09-07T15:45:40.667784+00:00
[2023-09-07T15:45:40.688+0000] {processor.py:179} INFO - Processing /home/airflow/.local/lib/python3.8/site-packages/airflow/example_dags/example_dynamic_task_mapping_with_no_taskflow_operators.py took 0.084 seconds
[2023-09-07T15:46:11.306+0000] {processor.py:157} INFO - Started process (PID=209) to work on /home/airflow/.local/lib/python3.8/site-packages/airflow/example_dags/example_dynamic_task_mapping_with_no_taskflow_operators.py
[2023-09-07T15:46:11.308+0000] {processor.py:829} INFO - Processing file /home/airflow/.local/lib/python3.8/site-packages/airflow/example_dags/example_dynamic_task_mapping_with_no_taskflow_operators.py for tasks to queue
[2023-09-07T15:46:11.311+0000] {logging_mixin.py:151} INFO - [2023-09-07T15:46:11.311+0000] {dagbag.py:539} INFO - Filling up the DagBag from /home/airflow/.local/lib/python3.8/site-packages/airflow/example_dags/example_dynamic_task_mapping_with_no_taskflow_operators.py
[2023-09-07T15:46:11.318+0000] {processor.py:839} INFO - DAG(s) dict_keys(['example_dynamic_task_mapping_with_no_taskflow_operators']) retrieved from /home/airflow/.local/lib/python3.8/site-packages/airflow/example_dags/example_dynamic_task_mapping_with_no_taskflow_operators.py
[2023-09-07T15:46:11.340+0000] {logging_mixin.py:151} INFO - [2023-09-07T15:46:11.340+0000] {dag.py:2907} INFO - Sync 1 DAGs
[2023-09-07T15:46:11.362+0000] {logging_mixin.py:151} INFO - [2023-09-07T15:46:11.362+0000] {dag.py:3677} INFO - Setting next_dagrun for example_dynamic_task_mapping_with_no_taskflow_operators to 2023-09-06T15:46:11.362129+00:00, run_after=2023-09-07T15:46:11.362129+00:00
[2023-09-07T15:46:11.379+0000] {processor.py:179} INFO - Processing /home/airflow/.local/lib/python3.8/site-packages/airflow/example_dags/example_dynamic_task_mapping_with_no_taskflow_operators.py took 0.077 seconds
