[2023-09-07T15:44:43.432+0000] {processor.py:157} INFO - Started process (PID=75) to work on /home/airflow/.local/lib/python3.8/site-packages/airflow/example_dags/example_bash_operator.py
[2023-09-07T15:44:43.433+0000] {processor.py:829} INFO - Processing file /home/airflow/.local/lib/python3.8/site-packages/airflow/example_dags/example_bash_operator.py for tasks to queue
[2023-09-07T15:44:43.436+0000] {logging_mixin.py:151} INFO - [2023-09-07T15:44:43.436+0000] {dagbag.py:539} INFO - Filling up the DagBag from /home/airflow/.local/lib/python3.8/site-packages/airflow/example_dags/example_bash_operator.py
[2023-09-07T15:44:43.449+0000] {processor.py:839} INFO - DAG(s) dict_keys(['example_bash_operator']) retrieved from /home/airflow/.local/lib/python3.8/site-packages/airflow/example_dags/example_bash_operator.py
[2023-09-07T15:44:43.464+0000] {logging_mixin.py:151} INFO - [2023-09-07T15:44:43.464+0000] {dag.py:2907} INFO - Sync 1 DAGs
[2023-09-07T15:44:43.493+0000] {logging_mixin.py:151} INFO - [2023-09-07T15:44:43.493+0000] {dag.py:3677} INFO - Setting next_dagrun for example_bash_operator to 2023-09-06T00:00:00+00:00, run_after=2023-09-07T00:00:00+00:00
[2023-09-07T15:44:43.512+0000] {processor.py:179} INFO - Processing /home/airflow/.local/lib/python3.8/site-packages/airflow/example_dags/example_bash_operator.py took 0.084 seconds
[2023-09-07T15:45:14.344+0000] {processor.py:157} INFO - Started process (PID=129) to work on /home/airflow/.local/lib/python3.8/site-packages/airflow/example_dags/example_bash_operator.py
[2023-09-07T15:45:14.345+0000] {processor.py:829} INFO - Processing file /home/airflow/.local/lib/python3.8/site-packages/airflow/example_dags/example_bash_operator.py for tasks to queue
[2023-09-07T15:45:14.348+0000] {logging_mixin.py:151} INFO - [2023-09-07T15:45:14.348+0000] {dagbag.py:539} INFO - Filling up the DagBag from /home/airflow/.local/lib/python3.8/site-packages/airflow/example_dags/example_bash_operator.py
[2023-09-07T15:45:14.362+0000] {processor.py:839} INFO - DAG(s) dict_keys(['example_bash_operator']) retrieved from /home/airflow/.local/lib/python3.8/site-packages/airflow/example_dags/example_bash_operator.py
[2023-09-07T15:45:14.393+0000] {logging_mixin.py:151} INFO - [2023-09-07T15:45:14.393+0000] {dag.py:2907} INFO - Sync 1 DAGs
[2023-09-07T15:45:14.417+0000] {logging_mixin.py:151} INFO - [2023-09-07T15:45:14.417+0000] {dag.py:3677} INFO - Setting next_dagrun for example_bash_operator to 2023-09-06T00:00:00+00:00, run_after=2023-09-07T00:00:00+00:00
[2023-09-07T15:45:14.434+0000] {processor.py:179} INFO - Processing /home/airflow/.local/lib/python3.8/site-packages/airflow/example_dags/example_bash_operator.py took 0.094 seconds
[2023-09-07T15:45:45.303+0000] {processor.py:157} INFO - Started process (PID=183) to work on /home/airflow/.local/lib/python3.8/site-packages/airflow/example_dags/example_bash_operator.py
[2023-09-07T15:45:45.305+0000] {processor.py:829} INFO - Processing file /home/airflow/.local/lib/python3.8/site-packages/airflow/example_dags/example_bash_operator.py for tasks to queue
[2023-09-07T15:45:45.308+0000] {logging_mixin.py:151} INFO - [2023-09-07T15:45:45.307+0000] {dagbag.py:539} INFO - Filling up the DagBag from /home/airflow/.local/lib/python3.8/site-packages/airflow/example_dags/example_bash_operator.py
[2023-09-07T15:45:45.320+0000] {processor.py:839} INFO - DAG(s) dict_keys(['example_bash_operator']) retrieved from /home/airflow/.local/lib/python3.8/site-packages/airflow/example_dags/example_bash_operator.py
[2023-09-07T15:45:45.352+0000] {logging_mixin.py:151} INFO - [2023-09-07T15:45:45.352+0000] {dag.py:2907} INFO - Sync 1 DAGs
[2023-09-07T15:45:45.378+0000] {logging_mixin.py:151} INFO - [2023-09-07T15:45:45.378+0000] {dag.py:3677} INFO - Setting next_dagrun for example_bash_operator to 2023-09-06T00:00:00+00:00, run_after=2023-09-07T00:00:00+00:00
[2023-09-07T15:45:45.399+0000] {processor.py:179} INFO - Processing /home/airflow/.local/lib/python3.8/site-packages/airflow/example_dags/example_bash_operator.py took 0.099 seconds
[2023-09-07T15:46:16.021+0000] {processor.py:157} INFO - Started process (PID=237) to work on /home/airflow/.local/lib/python3.8/site-packages/airflow/example_dags/example_bash_operator.py
[2023-09-07T15:46:16.023+0000] {processor.py:829} INFO - Processing file /home/airflow/.local/lib/python3.8/site-packages/airflow/example_dags/example_bash_operator.py for tasks to queue
[2023-09-07T15:46:16.026+0000] {logging_mixin.py:151} INFO - [2023-09-07T15:46:16.025+0000] {dagbag.py:539} INFO - Filling up the DagBag from /home/airflow/.local/lib/python3.8/site-packages/airflow/example_dags/example_bash_operator.py
[2023-09-07T15:46:16.038+0000] {processor.py:839} INFO - DAG(s) dict_keys(['example_bash_operator']) retrieved from /home/airflow/.local/lib/python3.8/site-packages/airflow/example_dags/example_bash_operator.py
[2023-09-07T15:46:16.074+0000] {logging_mixin.py:151} INFO - [2023-09-07T15:46:16.074+0000] {dag.py:2907} INFO - Sync 1 DAGs
[2023-09-07T15:46:16.098+0000] {logging_mixin.py:151} INFO - [2023-09-07T15:46:16.098+0000] {dag.py:3677} INFO - Setting next_dagrun for example_bash_operator to 2023-09-06T00:00:00+00:00, run_after=2023-09-07T00:00:00+00:00
[2023-09-07T15:46:16.118+0000] {processor.py:179} INFO - Processing /home/airflow/.local/lib/python3.8/site-packages/airflow/example_dags/example_bash_operator.py took 0.101 seconds
