[2023-09-07T15:44:38.141+0000] {processor.py:157} INFO - Started process (PID=35) to work on /home/airflow/.local/lib/python3.8/site-packages/airflow/example_dags/example_setup_teardown_taskflow.py
[2023-09-07T15:44:38.143+0000] {processor.py:829} INFO - Processing file /home/airflow/.local/lib/python3.8/site-packages/airflow/example_dags/example_setup_teardown_taskflow.py for tasks to queue
[2023-09-07T15:44:38.146+0000] {logging_mixin.py:151} INFO - [2023-09-07T15:44:38.145+0000] {dagbag.py:539} INFO - Filling up the DagBag from /home/airflow/.local/lib/python3.8/site-packages/airflow/example_dags/example_setup_teardown_taskflow.py
[2023-09-07T15:44:38.160+0000] {processor.py:839} INFO - DAG(s) dict_keys(['example_setup_teardown_taskflow']) retrieved from /home/airflow/.local/lib/python3.8/site-packages/airflow/example_dags/example_setup_teardown_taskflow.py
[2023-09-07T15:44:38.193+0000] {logging_mixin.py:151} INFO - [2023-09-07T15:44:38.193+0000] {dag.py:2907} INFO - Sync 1 DAGs
[2023-09-07T15:44:38.216+0000] {logging_mixin.py:151} INFO - [2023-09-07T15:44:38.215+0000] {dag.py:3677} INFO - Setting next_dagrun for example_setup_teardown_taskflow to 2023-09-06T15:44:38.215655+00:00, run_after=2023-09-07T15:44:38.215655+00:00
[2023-09-07T15:44:38.238+0000] {processor.py:179} INFO - Processing /home/airflow/.local/lib/python3.8/site-packages/airflow/example_dags/example_setup_teardown_taskflow.py took 0.101 seconds
[2023-09-07T15:45:08.641+0000] {processor.py:157} INFO - Started process (PID=89) to work on /home/airflow/.local/lib/python3.8/site-packages/airflow/example_dags/example_setup_teardown_taskflow.py
[2023-09-07T15:45:08.643+0000] {processor.py:829} INFO - Processing file /home/airflow/.local/lib/python3.8/site-packages/airflow/example_dags/example_setup_teardown_taskflow.py for tasks to queue
[2023-09-07T15:45:08.646+0000] {logging_mixin.py:151} INFO - [2023-09-07T15:45:08.645+0000] {dagbag.py:539} INFO - Filling up the DagBag from /home/airflow/.local/lib/python3.8/site-packages/airflow/example_dags/example_setup_teardown_taskflow.py
[2023-09-07T15:45:08.663+0000] {processor.py:839} INFO - DAG(s) dict_keys(['example_setup_teardown_taskflow']) retrieved from /home/airflow/.local/lib/python3.8/site-packages/airflow/example_dags/example_setup_teardown_taskflow.py
[2023-09-07T15:45:08.698+0000] {logging_mixin.py:151} INFO - [2023-09-07T15:45:08.698+0000] {dag.py:2907} INFO - Sync 1 DAGs
[2023-09-07T15:45:08.732+0000] {logging_mixin.py:151} INFO - [2023-09-07T15:45:08.732+0000] {dag.py:3677} INFO - Setting next_dagrun for example_setup_teardown_taskflow to 2023-09-06T15:45:08.731845+00:00, run_after=2023-09-07T15:45:08.731845+00:00
[2023-09-07T15:45:08.752+0000] {processor.py:179} INFO - Processing /home/airflow/.local/lib/python3.8/site-packages/airflow/example_dags/example_setup_teardown_taskflow.py took 0.115 seconds
[2023-09-07T15:45:38.946+0000] {processor.py:157} INFO - Started process (PID=143) to work on /home/airflow/.local/lib/python3.8/site-packages/airflow/example_dags/example_setup_teardown_taskflow.py
[2023-09-07T15:45:38.947+0000] {processor.py:829} INFO - Processing file /home/airflow/.local/lib/python3.8/site-packages/airflow/example_dags/example_setup_teardown_taskflow.py for tasks to queue
[2023-09-07T15:45:38.950+0000] {logging_mixin.py:151} INFO - [2023-09-07T15:45:38.950+0000] {dagbag.py:539} INFO - Filling up the DagBag from /home/airflow/.local/lib/python3.8/site-packages/airflow/example_dags/example_setup_teardown_taskflow.py
[2023-09-07T15:45:38.961+0000] {processor.py:839} INFO - DAG(s) dict_keys(['example_setup_teardown_taskflow']) retrieved from /home/airflow/.local/lib/python3.8/site-packages/airflow/example_dags/example_setup_teardown_taskflow.py
[2023-09-07T15:45:38.983+0000] {logging_mixin.py:151} INFO - [2023-09-07T15:45:38.982+0000] {dag.py:2907} INFO - Sync 1 DAGs
[2023-09-07T15:45:39.004+0000] {logging_mixin.py:151} INFO - [2023-09-07T15:45:39.004+0000] {dag.py:3677} INFO - Setting next_dagrun for example_setup_teardown_taskflow to 2023-09-06T15:45:39.004379+00:00, run_after=2023-09-07T15:45:39.004379+00:00
[2023-09-07T15:45:39.023+0000] {processor.py:179} INFO - Processing /home/airflow/.local/lib/python3.8/site-packages/airflow/example_dags/example_setup_teardown_taskflow.py took 0.081 seconds
[2023-09-07T15:46:09.632+0000] {processor.py:157} INFO - Started process (PID=197) to work on /home/airflow/.local/lib/python3.8/site-packages/airflow/example_dags/example_setup_teardown_taskflow.py
[2023-09-07T15:46:09.634+0000] {processor.py:829} INFO - Processing file /home/airflow/.local/lib/python3.8/site-packages/airflow/example_dags/example_setup_teardown_taskflow.py for tasks to queue
[2023-09-07T15:46:09.637+0000] {logging_mixin.py:151} INFO - [2023-09-07T15:46:09.637+0000] {dagbag.py:539} INFO - Filling up the DagBag from /home/airflow/.local/lib/python3.8/site-packages/airflow/example_dags/example_setup_teardown_taskflow.py
[2023-09-07T15:46:09.647+0000] {processor.py:839} INFO - DAG(s) dict_keys(['example_setup_teardown_taskflow']) retrieved from /home/airflow/.local/lib/python3.8/site-packages/airflow/example_dags/example_setup_teardown_taskflow.py
[2023-09-07T15:46:09.670+0000] {logging_mixin.py:151} INFO - [2023-09-07T15:46:09.669+0000] {dag.py:2907} INFO - Sync 1 DAGs
[2023-09-07T15:46:09.693+0000] {logging_mixin.py:151} INFO - [2023-09-07T15:46:09.692+0000] {dag.py:3677} INFO - Setting next_dagrun for example_setup_teardown_taskflow to 2023-09-06T15:46:09.692585+00:00, run_after=2023-09-07T15:46:09.692585+00:00
[2023-09-07T15:46:09.711+0000] {processor.py:179} INFO - Processing /home/airflow/.local/lib/python3.8/site-packages/airflow/example_dags/example_setup_teardown_taskflow.py took 0.083 seconds
