[2023-09-07T15:44:39.886+0000] {processor.py:157} INFO - Started process (PID=47) to work on /home/airflow/.local/lib/python3.8/site-packages/airflow/example_dags/example_skip_dag.py
[2023-09-07T15:44:39.887+0000] {processor.py:829} INFO - Processing file /home/airflow/.local/lib/python3.8/site-packages/airflow/example_dags/example_skip_dag.py for tasks to queue
[2023-09-07T15:44:39.891+0000] {logging_mixin.py:151} INFO - [2023-09-07T15:44:39.890+0000] {dagbag.py:539} INFO - Filling up the DagBag from /home/airflow/.local/lib/python3.8/site-packages/airflow/example_dags/example_skip_dag.py
[2023-09-07T15:44:39.902+0000] {processor.py:839} INFO - DAG(s) dict_keys(['example_skip_dag']) retrieved from /home/airflow/.local/lib/python3.8/site-packages/airflow/example_dags/example_skip_dag.py
[2023-09-07T15:44:39.918+0000] {logging_mixin.py:151} INFO - [2023-09-07T15:44:39.918+0000] {dag.py:2907} INFO - Sync 1 DAGs
[2023-09-07T15:44:40.052+0000] {logging_mixin.py:151} INFO - [2023-09-07T15:44:40.051+0000] {dag.py:3677} INFO - Setting next_dagrun for example_skip_dag to 2023-09-06T15:44:40.051611+00:00, run_after=2023-09-07T15:44:40.051611+00:00
[2023-09-07T15:44:40.068+0000] {processor.py:179} INFO - Processing /home/airflow/.local/lib/python3.8/site-packages/airflow/example_dags/example_skip_dag.py took 0.186 seconds
[2023-09-07T15:45:10.262+0000] {processor.py:157} INFO - Started process (PID=100) to work on /home/airflow/.local/lib/python3.8/site-packages/airflow/example_dags/example_skip_dag.py
[2023-09-07T15:45:10.264+0000] {processor.py:829} INFO - Processing file /home/airflow/.local/lib/python3.8/site-packages/airflow/example_dags/example_skip_dag.py for tasks to queue
[2023-09-07T15:45:10.267+0000] {logging_mixin.py:151} INFO - [2023-09-07T15:45:10.266+0000] {dagbag.py:539} INFO - Filling up the DagBag from /home/airflow/.local/lib/python3.8/site-packages/airflow/example_dags/example_skip_dag.py
[2023-09-07T15:45:10.274+0000] {processor.py:839} INFO - DAG(s) dict_keys(['example_skip_dag']) retrieved from /home/airflow/.local/lib/python3.8/site-packages/airflow/example_dags/example_skip_dag.py
[2023-09-07T15:45:10.300+0000] {logging_mixin.py:151} INFO - [2023-09-07T15:45:10.299+0000] {dag.py:2907} INFO - Sync 1 DAGs
[2023-09-07T15:45:10.335+0000] {logging_mixin.py:151} INFO - [2023-09-07T15:45:10.335+0000] {dag.py:3677} INFO - Setting next_dagrun for example_skip_dag to 2023-09-06T15:45:10.334602+00:00, run_after=2023-09-07T15:45:10.334602+00:00
[2023-09-07T15:45:10.356+0000] {processor.py:179} INFO - Processing /home/airflow/.local/lib/python3.8/site-packages/airflow/example_dags/example_skip_dag.py took 0.098 seconds
[2023-09-07T15:45:40.514+0000] {processor.py:157} INFO - Started process (PID=154) to work on /home/airflow/.local/lib/python3.8/site-packages/airflow/example_dags/example_skip_dag.py
[2023-09-07T15:45:40.515+0000] {processor.py:829} INFO - Processing file /home/airflow/.local/lib/python3.8/site-packages/airflow/example_dags/example_skip_dag.py for tasks to queue
[2023-09-07T15:45:40.518+0000] {logging_mixin.py:151} INFO - [2023-09-07T15:45:40.518+0000] {dagbag.py:539} INFO - Filling up the DagBag from /home/airflow/.local/lib/python3.8/site-packages/airflow/example_dags/example_skip_dag.py
[2023-09-07T15:45:40.525+0000] {processor.py:839} INFO - DAG(s) dict_keys(['example_skip_dag']) retrieved from /home/airflow/.local/lib/python3.8/site-packages/airflow/example_dags/example_skip_dag.py
[2023-09-07T15:45:40.549+0000] {logging_mixin.py:151} INFO - [2023-09-07T15:45:40.549+0000] {dag.py:2907} INFO - Sync 1 DAGs
[2023-09-07T15:45:40.571+0000] {logging_mixin.py:151} INFO - [2023-09-07T15:45:40.571+0000] {dag.py:3677} INFO - Setting next_dagrun for example_skip_dag to 2023-09-06T15:45:40.571449+00:00, run_after=2023-09-07T15:45:40.571449+00:00
[2023-09-07T15:45:40.591+0000] {processor.py:179} INFO - Processing /home/airflow/.local/lib/python3.8/site-packages/airflow/example_dags/example_skip_dag.py took 0.081 seconds
[2023-09-07T15:46:11.204+0000] {processor.py:157} INFO - Started process (PID=208) to work on /home/airflow/.local/lib/python3.8/site-packages/airflow/example_dags/example_skip_dag.py
[2023-09-07T15:46:11.206+0000] {processor.py:829} INFO - Processing file /home/airflow/.local/lib/python3.8/site-packages/airflow/example_dags/example_skip_dag.py for tasks to queue
[2023-09-07T15:46:11.209+0000] {logging_mixin.py:151} INFO - [2023-09-07T15:46:11.209+0000] {dagbag.py:539} INFO - Filling up the DagBag from /home/airflow/.local/lib/python3.8/site-packages/airflow/example_dags/example_skip_dag.py
[2023-09-07T15:46:11.217+0000] {processor.py:839} INFO - DAG(s) dict_keys(['example_skip_dag']) retrieved from /home/airflow/.local/lib/python3.8/site-packages/airflow/example_dags/example_skip_dag.py
[2023-09-07T15:46:11.240+0000] {logging_mixin.py:151} INFO - [2023-09-07T15:46:11.240+0000] {dag.py:2907} INFO - Sync 1 DAGs
[2023-09-07T15:46:11.264+0000] {logging_mixin.py:151} INFO - [2023-09-07T15:46:11.264+0000] {dag.py:3677} INFO - Setting next_dagrun for example_skip_dag to 2023-09-06T15:46:11.264041+00:00, run_after=2023-09-07T15:46:11.264041+00:00
[2023-09-07T15:46:11.281+0000] {processor.py:179} INFO - Processing /home/airflow/.local/lib/python3.8/site-packages/airflow/example_dags/example_skip_dag.py took 0.081 seconds
