[2023-09-07T15:44:39.543+0000] {processor.py:157} INFO - Started process (PID=45) to work on /home/airflow/.local/lib/python3.8/site-packages/airflow/example_dags/example_local_kubernetes_executor.py
[2023-09-07T15:44:39.545+0000] {processor.py:829} INFO - Processing file /home/airflow/.local/lib/python3.8/site-packages/airflow/example_dags/example_local_kubernetes_executor.py for tasks to queue
[2023-09-07T15:44:39.549+0000] {logging_mixin.py:151} INFO - [2023-09-07T15:44:39.549+0000] {dagbag.py:539} INFO - Filling up the DagBag from /home/airflow/.local/lib/python3.8/site-packages/airflow/example_dags/example_local_kubernetes_executor.py
[2023-09-07T15:44:40.923+0000] {processor.py:839} INFO - DAG(s) dict_keys(['example_local_kubernetes_executor']) retrieved from /home/airflow/.local/lib/python3.8/site-packages/airflow/example_dags/example_local_kubernetes_executor.py
[2023-09-07T15:44:40.940+0000] {logging_mixin.py:151} INFO - [2023-09-07T15:44:40.939+0000] {dag.py:2907} INFO - Sync 1 DAGs
[2023-09-07T15:44:40.953+0000] {logging_mixin.py:151} INFO - [2023-09-07T15:44:40.952+0000] {dag.py:3677} INFO - Setting next_dagrun for example_local_kubernetes_executor to None, run_after=None
[2023-09-07T15:44:40.971+0000] {processor.py:179} INFO - Processing /home/airflow/.local/lib/python3.8/site-packages/airflow/example_dags/example_local_kubernetes_executor.py took 1.435 seconds
[2023-09-07T15:45:11.394+0000] {processor.py:157} INFO - Started process (PID=102) to work on /home/airflow/.local/lib/python3.8/site-packages/airflow/example_dags/example_local_kubernetes_executor.py
[2023-09-07T15:45:11.396+0000] {processor.py:829} INFO - Processing file /home/airflow/.local/lib/python3.8/site-packages/airflow/example_dags/example_local_kubernetes_executor.py for tasks to queue
[2023-09-07T15:45:11.400+0000] {logging_mixin.py:151} INFO - [2023-09-07T15:45:11.399+0000] {dagbag.py:539} INFO - Filling up the DagBag from /home/airflow/.local/lib/python3.8/site-packages/airflow/example_dags/example_local_kubernetes_executor.py
[2023-09-07T15:45:11.704+0000] {processor.py:839} INFO - DAG(s) dict_keys(['example_local_kubernetes_executor']) retrieved from /home/airflow/.local/lib/python3.8/site-packages/airflow/example_dags/example_local_kubernetes_executor.py
[2023-09-07T15:45:11.761+0000] {logging_mixin.py:151} INFO - [2023-09-07T15:45:11.760+0000] {dag.py:2907} INFO - Sync 1 DAGs
[2023-09-07T15:45:11.780+0000] {logging_mixin.py:151} INFO - [2023-09-07T15:45:11.780+0000] {dag.py:3677} INFO - Setting next_dagrun for example_local_kubernetes_executor to None, run_after=None
[2023-09-07T15:45:11.804+0000] {processor.py:179} INFO - Processing /home/airflow/.local/lib/python3.8/site-packages/airflow/example_dags/example_local_kubernetes_executor.py took 0.414 seconds
[2023-09-07T15:45:42.628+0000] {processor.py:157} INFO - Started process (PID=156) to work on /home/airflow/.local/lib/python3.8/site-packages/airflow/example_dags/example_local_kubernetes_executor.py
[2023-09-07T15:45:42.630+0000] {processor.py:829} INFO - Processing file /home/airflow/.local/lib/python3.8/site-packages/airflow/example_dags/example_local_kubernetes_executor.py for tasks to queue
[2023-09-07T15:45:42.634+0000] {logging_mixin.py:151} INFO - [2023-09-07T15:45:42.633+0000] {dagbag.py:539} INFO - Filling up the DagBag from /home/airflow/.local/lib/python3.8/site-packages/airflow/example_dags/example_local_kubernetes_executor.py
[2023-09-07T15:45:42.878+0000] {processor.py:839} INFO - DAG(s) dict_keys(['example_local_kubernetes_executor']) retrieved from /home/airflow/.local/lib/python3.8/site-packages/airflow/example_dags/example_local_kubernetes_executor.py
[2023-09-07T15:45:42.913+0000] {logging_mixin.py:151} INFO - [2023-09-07T15:45:42.911+0000] {dag.py:2907} INFO - Sync 1 DAGs
[2023-09-07T15:45:42.928+0000] {logging_mixin.py:151} INFO - [2023-09-07T15:45:42.927+0000] {dag.py:3677} INFO - Setting next_dagrun for example_local_kubernetes_executor to None, run_after=None
[2023-09-07T15:45:42.945+0000] {processor.py:179} INFO - Processing /home/airflow/.local/lib/python3.8/site-packages/airflow/example_dags/example_local_kubernetes_executor.py took 0.322 seconds
[2023-09-07T15:46:13.327+0000] {processor.py:157} INFO - Started process (PID=210) to work on /home/airflow/.local/lib/python3.8/site-packages/airflow/example_dags/example_local_kubernetes_executor.py
[2023-09-07T15:46:13.329+0000] {processor.py:829} INFO - Processing file /home/airflow/.local/lib/python3.8/site-packages/airflow/example_dags/example_local_kubernetes_executor.py for tasks to queue
[2023-09-07T15:46:13.333+0000] {logging_mixin.py:151} INFO - [2023-09-07T15:46:13.332+0000] {dagbag.py:539} INFO - Filling up the DagBag from /home/airflow/.local/lib/python3.8/site-packages/airflow/example_dags/example_local_kubernetes_executor.py
[2023-09-07T15:46:13.583+0000] {processor.py:839} INFO - DAG(s) dict_keys(['example_local_kubernetes_executor']) retrieved from /home/airflow/.local/lib/python3.8/site-packages/airflow/example_dags/example_local_kubernetes_executor.py
[2023-09-07T15:46:13.616+0000] {logging_mixin.py:151} INFO - [2023-09-07T15:46:13.616+0000] {dag.py:2907} INFO - Sync 1 DAGs
[2023-09-07T15:46:13.630+0000] {logging_mixin.py:151} INFO - [2023-09-07T15:46:13.630+0000] {dag.py:3677} INFO - Setting next_dagrun for example_local_kubernetes_executor to None, run_after=None
[2023-09-07T15:46:13.648+0000] {processor.py:179} INFO - Processing /home/airflow/.local/lib/python3.8/site-packages/airflow/example_dags/example_local_kubernetes_executor.py took 0.326 seconds
