[2023-09-07T15:44:38.486+0000] {processor.py:157} INFO - Started process (PID=38) to work on /home/airflow/.local/lib/python3.8/site-packages/airflow/example_dags/example_branch_operator.py
[2023-09-07T15:44:38.488+0000] {processor.py:829} INFO - Processing file /home/airflow/.local/lib/python3.8/site-packages/airflow/example_dags/example_branch_operator.py for tasks to queue
[2023-09-07T15:44:38.491+0000] {logging_mixin.py:151} INFO - [2023-09-07T15:44:38.490+0000] {dagbag.py:539} INFO - Filling up the DagBag from /home/airflow/.local/lib/python3.8/site-packages/airflow/example_dags/example_branch_operator.py
[2023-09-07T15:44:38.505+0000] {processor.py:839} INFO - DAG(s) dict_keys(['example_branch_operator']) retrieved from /home/airflow/.local/lib/python3.8/site-packages/airflow/example_dags/example_branch_operator.py
[2023-09-07T15:44:38.519+0000] {logging_mixin.py:151} INFO - [2023-09-07T15:44:38.519+0000] {dag.py:2907} INFO - Sync 1 DAGs
[2023-09-07T15:44:38.667+0000] {logging_mixin.py:151} INFO - [2023-09-07T15:44:38.667+0000] {dag.py:3677} INFO - Setting next_dagrun for example_branch_operator to 2023-09-06T00:00:00+00:00, run_after=2023-09-07T00:00:00+00:00
[2023-09-07T15:44:38.702+0000] {processor.py:179} INFO - Processing /home/airflow/.local/lib/python3.8/site-packages/airflow/example_dags/example_branch_operator.py took 0.220 seconds
[2023-09-07T15:45:08.851+0000] {processor.py:157} INFO - Started process (PID=92) to work on /home/airflow/.local/lib/python3.8/site-packages/airflow/example_dags/example_branch_operator.py
[2023-09-07T15:45:08.852+0000] {processor.py:829} INFO - Processing file /home/airflow/.local/lib/python3.8/site-packages/airflow/example_dags/example_branch_operator.py for tasks to queue
[2023-09-07T15:45:08.856+0000] {logging_mixin.py:151} INFO - [2023-09-07T15:45:08.855+0000] {dagbag.py:539} INFO - Filling up the DagBag from /home/airflow/.local/lib/python3.8/site-packages/airflow/example_dags/example_branch_operator.py
[2023-09-07T15:45:08.866+0000] {processor.py:839} INFO - DAG(s) dict_keys(['example_branch_operator']) retrieved from /home/airflow/.local/lib/python3.8/site-packages/airflow/example_dags/example_branch_operator.py
[2023-09-07T15:45:08.889+0000] {logging_mixin.py:151} INFO - [2023-09-07T15:45:08.888+0000] {dag.py:2907} INFO - Sync 1 DAGs
[2023-09-07T15:45:08.913+0000] {logging_mixin.py:151} INFO - [2023-09-07T15:45:08.913+0000] {dag.py:3677} INFO - Setting next_dagrun for example_branch_operator to 2023-09-06T00:00:00+00:00, run_after=2023-09-07T00:00:00+00:00
[2023-09-07T15:45:08.930+0000] {processor.py:179} INFO - Processing /home/airflow/.local/lib/python3.8/site-packages/airflow/example_dags/example_branch_operator.py took 0.082 seconds
[2023-09-07T15:45:39.117+0000] {processor.py:157} INFO - Started process (PID=146) to work on /home/airflow/.local/lib/python3.8/site-packages/airflow/example_dags/example_branch_operator.py
[2023-09-07T15:45:39.119+0000] {processor.py:829} INFO - Processing file /home/airflow/.local/lib/python3.8/site-packages/airflow/example_dags/example_branch_operator.py for tasks to queue
[2023-09-07T15:45:39.121+0000] {logging_mixin.py:151} INFO - [2023-09-07T15:45:39.121+0000] {dagbag.py:539} INFO - Filling up the DagBag from /home/airflow/.local/lib/python3.8/site-packages/airflow/example_dags/example_branch_operator.py
[2023-09-07T15:45:39.132+0000] {processor.py:839} INFO - DAG(s) dict_keys(['example_branch_operator']) retrieved from /home/airflow/.local/lib/python3.8/site-packages/airflow/example_dags/example_branch_operator.py
[2023-09-07T15:45:39.154+0000] {logging_mixin.py:151} INFO - [2023-09-07T15:45:39.154+0000] {dag.py:2907} INFO - Sync 1 DAGs
[2023-09-07T15:45:39.178+0000] {logging_mixin.py:151} INFO - [2023-09-07T15:45:39.177+0000] {dag.py:3677} INFO - Setting next_dagrun for example_branch_operator to 2023-09-06T00:00:00+00:00, run_after=2023-09-07T00:00:00+00:00
[2023-09-07T15:45:39.196+0000] {processor.py:179} INFO - Processing /home/airflow/.local/lib/python3.8/site-packages/airflow/example_dags/example_branch_operator.py took 0.082 seconds
[2023-09-07T15:46:09.814+0000] {processor.py:157} INFO - Started process (PID=200) to work on /home/airflow/.local/lib/python3.8/site-packages/airflow/example_dags/example_branch_operator.py
[2023-09-07T15:46:09.816+0000] {processor.py:829} INFO - Processing file /home/airflow/.local/lib/python3.8/site-packages/airflow/example_dags/example_branch_operator.py for tasks to queue
[2023-09-07T15:46:09.819+0000] {logging_mixin.py:151} INFO - [2023-09-07T15:46:09.818+0000] {dagbag.py:539} INFO - Filling up the DagBag from /home/airflow/.local/lib/python3.8/site-packages/airflow/example_dags/example_branch_operator.py
[2023-09-07T15:46:09.829+0000] {processor.py:839} INFO - DAG(s) dict_keys(['example_branch_operator']) retrieved from /home/airflow/.local/lib/python3.8/site-packages/airflow/example_dags/example_branch_operator.py
[2023-09-07T15:46:09.852+0000] {logging_mixin.py:151} INFO - [2023-09-07T15:46:09.852+0000] {dag.py:2907} INFO - Sync 1 DAGs
[2023-09-07T15:46:09.876+0000] {logging_mixin.py:151} INFO - [2023-09-07T15:46:09.876+0000] {dag.py:3677} INFO - Setting next_dagrun for example_branch_operator to 2023-09-06T00:00:00+00:00, run_after=2023-09-07T00:00:00+00:00
[2023-09-07T15:46:09.894+0000] {processor.py:179} INFO - Processing /home/airflow/.local/lib/python3.8/site-packages/airflow/example_dags/example_branch_operator.py took 0.084 seconds
