[2023-09-07T15:44:38.263+0000] {processor.py:157} INFO - Started process (PID=36) to work on /home/airflow/.local/lib/python3.8/site-packages/airflow/example_dags/example_external_task_marker_dag.py
[2023-09-07T15:44:38.264+0000] {processor.py:829} INFO - Processing file /home/airflow/.local/lib/python3.8/site-packages/airflow/example_dags/example_external_task_marker_dag.py for tasks to queue
[2023-09-07T15:44:38.267+0000] {logging_mixin.py:151} INFO - [2023-09-07T15:44:38.267+0000] {dagbag.py:539} INFO - Filling up the DagBag from /home/airflow/.local/lib/python3.8/site-packages/airflow/example_dags/example_external_task_marker_dag.py
[2023-09-07T15:44:38.277+0000] {processor.py:839} INFO - DAG(s) dict_keys(['example_external_task_marker_parent', 'example_external_task_marker_child']) retrieved from /home/airflow/.local/lib/python3.8/site-packages/airflow/example_dags/example_external_task_marker_dag.py
[2023-09-07T15:44:38.292+0000] {logging_mixin.py:151} INFO - [2023-09-07T15:44:38.291+0000] {dag.py:2907} INFO - Sync 2 DAGs
[2023-09-07T15:44:38.307+0000] {logging_mixin.py:151} INFO - [2023-09-07T15:44:38.307+0000] {dag.py:3677} INFO - Setting next_dagrun for example_external_task_marker_child to None, run_after=None
[2023-09-07T15:44:38.311+0000] {logging_mixin.py:151} INFO - [2023-09-07T15:44:38.310+0000] {dag.py:3677} INFO - Setting next_dagrun for example_external_task_marker_parent to None, run_after=None
[2023-09-07T15:44:38.432+0000] {processor.py:179} INFO - Processing /home/airflow/.local/lib/python3.8/site-packages/airflow/example_dags/example_external_task_marker_dag.py took 0.173 seconds
[2023-09-07T15:45:08.755+0000] {processor.py:157} INFO - Started process (PID=90) to work on /home/airflow/.local/lib/python3.8/site-packages/airflow/example_dags/example_external_task_marker_dag.py
[2023-09-07T15:45:08.756+0000] {processor.py:829} INFO - Processing file /home/airflow/.local/lib/python3.8/site-packages/airflow/example_dags/example_external_task_marker_dag.py for tasks to queue
[2023-09-07T15:45:08.759+0000] {logging_mixin.py:151} INFO - [2023-09-07T15:45:08.759+0000] {dagbag.py:539} INFO - Filling up the DagBag from /home/airflow/.local/lib/python3.8/site-packages/airflow/example_dags/example_external_task_marker_dag.py
[2023-09-07T15:45:08.766+0000] {processor.py:839} INFO - DAG(s) dict_keys(['example_external_task_marker_child', 'example_external_task_marker_parent']) retrieved from /home/airflow/.local/lib/python3.8/site-packages/airflow/example_dags/example_external_task_marker_dag.py
[2023-09-07T15:45:08.791+0000] {logging_mixin.py:151} INFO - [2023-09-07T15:45:08.791+0000] {dag.py:2907} INFO - Sync 2 DAGs
[2023-09-07T15:45:08.805+0000] {logging_mixin.py:151} INFO - [2023-09-07T15:45:08.805+0000] {dag.py:3677} INFO - Setting next_dagrun for example_external_task_marker_child to None, run_after=None
[2023-09-07T15:45:08.809+0000] {logging_mixin.py:151} INFO - [2023-09-07T15:45:08.809+0000] {dag.py:3677} INFO - Setting next_dagrun for example_external_task_marker_parent to None, run_after=None
[2023-09-07T15:45:08.828+0000] {processor.py:179} INFO - Processing /home/airflow/.local/lib/python3.8/site-packages/airflow/example_dags/example_external_task_marker_dag.py took 0.076 seconds
[2023-09-07T15:45:39.025+0000] {processor.py:157} INFO - Started process (PID=144) to work on /home/airflow/.local/lib/python3.8/site-packages/airflow/example_dags/example_external_task_marker_dag.py
[2023-09-07T15:45:39.026+0000] {processor.py:829} INFO - Processing file /home/airflow/.local/lib/python3.8/site-packages/airflow/example_dags/example_external_task_marker_dag.py for tasks to queue
[2023-09-07T15:45:39.029+0000] {logging_mixin.py:151} INFO - [2023-09-07T15:45:39.029+0000] {dagbag.py:539} INFO - Filling up the DagBag from /home/airflow/.local/lib/python3.8/site-packages/airflow/example_dags/example_external_task_marker_dag.py
[2023-09-07T15:45:39.036+0000] {processor.py:839} INFO - DAG(s) dict_keys(['example_external_task_marker_child', 'example_external_task_marker_parent']) retrieved from /home/airflow/.local/lib/python3.8/site-packages/airflow/example_dags/example_external_task_marker_dag.py
[2023-09-07T15:45:39.061+0000] {logging_mixin.py:151} INFO - [2023-09-07T15:45:39.061+0000] {dag.py:2907} INFO - Sync 2 DAGs
[2023-09-07T15:45:39.075+0000] {logging_mixin.py:151} INFO - [2023-09-07T15:45:39.075+0000] {dag.py:3677} INFO - Setting next_dagrun for example_external_task_marker_child to None, run_after=None
[2023-09-07T15:45:39.079+0000] {logging_mixin.py:151} INFO - [2023-09-07T15:45:39.078+0000] {dag.py:3677} INFO - Setting next_dagrun for example_external_task_marker_parent to None, run_after=None
[2023-09-07T15:45:39.093+0000] {processor.py:179} INFO - Processing /home/airflow/.local/lib/python3.8/site-packages/airflow/example_dags/example_external_task_marker_dag.py took 0.072 seconds
[2023-09-07T15:46:09.716+0000] {processor.py:157} INFO - Started process (PID=198) to work on /home/airflow/.local/lib/python3.8/site-packages/airflow/example_dags/example_external_task_marker_dag.py
[2023-09-07T15:46:09.718+0000] {processor.py:829} INFO - Processing file /home/airflow/.local/lib/python3.8/site-packages/airflow/example_dags/example_external_task_marker_dag.py for tasks to queue
[2023-09-07T15:46:09.721+0000] {logging_mixin.py:151} INFO - [2023-09-07T15:46:09.721+0000] {dagbag.py:539} INFO - Filling up the DagBag from /home/airflow/.local/lib/python3.8/site-packages/airflow/example_dags/example_external_task_marker_dag.py
[2023-09-07T15:46:09.728+0000] {processor.py:839} INFO - DAG(s) dict_keys(['example_external_task_marker_parent', 'example_external_task_marker_child']) retrieved from /home/airflow/.local/lib/python3.8/site-packages/airflow/example_dags/example_external_task_marker_dag.py
[2023-09-07T15:46:09.755+0000] {logging_mixin.py:151} INFO - [2023-09-07T15:46:09.754+0000] {dag.py:2907} INFO - Sync 2 DAGs
[2023-09-07T15:46:09.769+0000] {logging_mixin.py:151} INFO - [2023-09-07T15:46:09.768+0000] {dag.py:3677} INFO - Setting next_dagrun for example_external_task_marker_child to None, run_after=None
[2023-09-07T15:46:09.773+0000] {logging_mixin.py:151} INFO - [2023-09-07T15:46:09.773+0000] {dag.py:3677} INFO - Setting next_dagrun for example_external_task_marker_parent to None, run_after=None
[2023-09-07T15:46:09.789+0000] {processor.py:179} INFO - Processing /home/airflow/.local/lib/python3.8/site-packages/airflow/example_dags/example_external_task_marker_dag.py took 0.076 seconds
