[2023-09-07T15:44:42.329+0000] {processor.py:157} INFO - Started process (PID=59) to work on /home/airflow/.local/lib/python3.8/site-packages/airflow/example_dags/example_latest_only.py
[2023-09-07T15:44:42.331+0000] {processor.py:829} INFO - Processing file /home/airflow/.local/lib/python3.8/site-packages/airflow/example_dags/example_latest_only.py for tasks to queue
[2023-09-07T15:44:42.334+0000] {logging_mixin.py:151} INFO - [2023-09-07T15:44:42.333+0000] {dagbag.py:539} INFO - Filling up the DagBag from /home/airflow/.local/lib/python3.8/site-packages/airflow/example_dags/example_latest_only.py
[2023-09-07T15:44:42.344+0000] {processor.py:839} INFO - DAG(s) dict_keys(['latest_only']) retrieved from /home/airflow/.local/lib/python3.8/site-packages/airflow/example_dags/example_latest_only.py
[2023-09-07T15:44:42.363+0000] {logging_mixin.py:151} INFO - [2023-09-07T15:44:42.362+0000] {dag.py:2907} INFO - Sync 1 DAGs
[2023-09-07T15:44:42.399+0000] {logging_mixin.py:151} INFO - [2023-09-07T15:44:42.399+0000] {dag.py:3677} INFO - Setting next_dagrun for latest_only to 2023-09-07T11:44:42.398719+00:00, run_after=2023-09-07T15:44:42.398719+00:00
[2023-09-07T15:44:42.421+0000] {processor.py:179} INFO - Processing /home/airflow/.local/lib/python3.8/site-packages/airflow/example_dags/example_latest_only.py took 0.097 seconds
[2023-09-07T15:45:13.403+0000] {processor.py:157} INFO - Started process (PID=113) to work on /home/airflow/.local/lib/python3.8/site-packages/airflow/example_dags/example_latest_only.py
[2023-09-07T15:45:13.404+0000] {processor.py:829} INFO - Processing file /home/airflow/.local/lib/python3.8/site-packages/airflow/example_dags/example_latest_only.py for tasks to queue
[2023-09-07T15:45:13.407+0000] {logging_mixin.py:151} INFO - [2023-09-07T15:45:13.407+0000] {dagbag.py:539} INFO - Filling up the DagBag from /home/airflow/.local/lib/python3.8/site-packages/airflow/example_dags/example_latest_only.py
[2023-09-07T15:45:13.413+0000] {processor.py:839} INFO - DAG(s) dict_keys(['latest_only']) retrieved from /home/airflow/.local/lib/python3.8/site-packages/airflow/example_dags/example_latest_only.py
[2023-09-07T15:45:13.435+0000] {logging_mixin.py:151} INFO - [2023-09-07T15:45:13.435+0000] {dag.py:2907} INFO - Sync 1 DAGs
[2023-09-07T15:45:13.458+0000] {logging_mixin.py:151} INFO - [2023-09-07T15:45:13.458+0000] {dag.py:3677} INFO - Setting next_dagrun for latest_only to 2023-09-07T11:45:13.458245+00:00, run_after=2023-09-07T15:45:13.458245+00:00
[2023-09-07T15:45:13.476+0000] {processor.py:179} INFO - Processing /home/airflow/.local/lib/python3.8/site-packages/airflow/example_dags/example_latest_only.py took 0.077 seconds
[2023-09-07T15:45:44.431+0000] {processor.py:157} INFO - Started process (PID=167) to work on /home/airflow/.local/lib/python3.8/site-packages/airflow/example_dags/example_latest_only.py
[2023-09-07T15:45:44.432+0000] {processor.py:829} INFO - Processing file /home/airflow/.local/lib/python3.8/site-packages/airflow/example_dags/example_latest_only.py for tasks to queue
[2023-09-07T15:45:44.435+0000] {logging_mixin.py:151} INFO - [2023-09-07T15:45:44.435+0000] {dagbag.py:539} INFO - Filling up the DagBag from /home/airflow/.local/lib/python3.8/site-packages/airflow/example_dags/example_latest_only.py
[2023-09-07T15:45:44.441+0000] {processor.py:839} INFO - DAG(s) dict_keys(['latest_only']) retrieved from /home/airflow/.local/lib/python3.8/site-packages/airflow/example_dags/example_latest_only.py
[2023-09-07T15:45:44.465+0000] {logging_mixin.py:151} INFO - [2023-09-07T15:45:44.464+0000] {dag.py:2907} INFO - Sync 1 DAGs
[2023-09-07T15:45:44.488+0000] {logging_mixin.py:151} INFO - [2023-09-07T15:45:44.488+0000] {dag.py:3677} INFO - Setting next_dagrun for latest_only to 2023-09-07T11:45:44.487830+00:00, run_after=2023-09-07T15:45:44.487830+00:00
[2023-09-07T15:45:44.508+0000] {processor.py:179} INFO - Processing /home/airflow/.local/lib/python3.8/site-packages/airflow/example_dags/example_latest_only.py took 0.081 seconds
[2023-09-07T15:46:15.154+0000] {processor.py:157} INFO - Started process (PID=221) to work on /home/airflow/.local/lib/python3.8/site-packages/airflow/example_dags/example_latest_only.py
[2023-09-07T15:46:15.156+0000] {processor.py:829} INFO - Processing file /home/airflow/.local/lib/python3.8/site-packages/airflow/example_dags/example_latest_only.py for tasks to queue
[2023-09-07T15:46:15.160+0000] {logging_mixin.py:151} INFO - [2023-09-07T15:46:15.159+0000] {dagbag.py:539} INFO - Filling up the DagBag from /home/airflow/.local/lib/python3.8/site-packages/airflow/example_dags/example_latest_only.py
[2023-09-07T15:46:15.166+0000] {processor.py:839} INFO - DAG(s) dict_keys(['latest_only']) retrieved from /home/airflow/.local/lib/python3.8/site-packages/airflow/example_dags/example_latest_only.py
[2023-09-07T15:46:15.188+0000] {logging_mixin.py:151} INFO - [2023-09-07T15:46:15.188+0000] {dag.py:2907} INFO - Sync 1 DAGs
[2023-09-07T15:46:15.211+0000] {logging_mixin.py:151} INFO - [2023-09-07T15:46:15.211+0000] {dag.py:3677} INFO - Setting next_dagrun for latest_only to 2023-09-07T11:46:15.211412+00:00, run_after=2023-09-07T15:46:15.211412+00:00
[2023-09-07T15:46:15.228+0000] {processor.py:179} INFO - Processing /home/airflow/.local/lib/python3.8/site-packages/airflow/example_dags/example_latest_only.py took 0.079 seconds
