[2023-09-07T15:44:41.547+0000] {processor.py:157} INFO - Started process (PID=53) to work on /home/airflow/.local/lib/python3.8/site-packages/airflow/example_dags/example_sensor_decorator.py
[2023-09-07T15:44:41.548+0000] {processor.py:829} INFO - Processing file /home/airflow/.local/lib/python3.8/site-packages/airflow/example_dags/example_sensor_decorator.py for tasks to queue
[2023-09-07T15:44:41.551+0000] {logging_mixin.py:151} INFO - [2023-09-07T15:44:41.551+0000] {dagbag.py:539} INFO - Filling up the DagBag from /home/airflow/.local/lib/python3.8/site-packages/airflow/example_dags/example_sensor_decorator.py
[2023-09-07T15:44:41.562+0000] {processor.py:839} INFO - DAG(s) dict_keys(['example_sensor_decorator']) retrieved from /home/airflow/.local/lib/python3.8/site-packages/airflow/example_dags/example_sensor_decorator.py
[2023-09-07T15:44:41.688+0000] {logging_mixin.py:151} INFO - [2023-09-07T15:44:41.688+0000] {dag.py:2907} INFO - Sync 1 DAGs
[2023-09-07T15:44:41.703+0000] {logging_mixin.py:151} INFO - [2023-09-07T15:44:41.703+0000] {dag.py:3677} INFO - Setting next_dagrun for example_sensor_decorator to None, run_after=None
[2023-09-07T15:44:41.724+0000] {processor.py:179} INFO - Processing /home/airflow/.local/lib/python3.8/site-packages/airflow/example_dags/example_sensor_decorator.py took 0.181 seconds
[2023-09-07T15:45:11.953+0000] {processor.py:157} INFO - Started process (PID=107) to work on /home/airflow/.local/lib/python3.8/site-packages/airflow/example_dags/example_sensor_decorator.py
[2023-09-07T15:45:11.954+0000] {processor.py:829} INFO - Processing file /home/airflow/.local/lib/python3.8/site-packages/airflow/example_dags/example_sensor_decorator.py for tasks to queue
[2023-09-07T15:45:11.957+0000] {logging_mixin.py:151} INFO - [2023-09-07T15:45:11.957+0000] {dagbag.py:539} INFO - Filling up the DagBag from /home/airflow/.local/lib/python3.8/site-packages/airflow/example_dags/example_sensor_decorator.py
[2023-09-07T15:45:11.964+0000] {processor.py:839} INFO - DAG(s) dict_keys(['example_sensor_decorator']) retrieved from /home/airflow/.local/lib/python3.8/site-packages/airflow/example_dags/example_sensor_decorator.py
[2023-09-07T15:45:11.986+0000] {logging_mixin.py:151} INFO - [2023-09-07T15:45:11.986+0000] {dag.py:2907} INFO - Sync 1 DAGs
[2023-09-07T15:45:12.001+0000] {logging_mixin.py:151} INFO - [2023-09-07T15:45:12.001+0000] {dag.py:3677} INFO - Setting next_dagrun for example_sensor_decorator to None, run_after=None
[2023-09-07T15:45:12.020+0000] {processor.py:179} INFO - Processing /home/airflow/.local/lib/python3.8/site-packages/airflow/example_dags/example_sensor_decorator.py took 0.071 seconds
[2023-09-07T15:45:43.098+0000] {processor.py:157} INFO - Started process (PID=161) to work on /home/airflow/.local/lib/python3.8/site-packages/airflow/example_dags/example_sensor_decorator.py
[2023-09-07T15:45:43.099+0000] {processor.py:829} INFO - Processing file /home/airflow/.local/lib/python3.8/site-packages/airflow/example_dags/example_sensor_decorator.py for tasks to queue
[2023-09-07T15:45:43.102+0000] {logging_mixin.py:151} INFO - [2023-09-07T15:45:43.102+0000] {dagbag.py:539} INFO - Filling up the DagBag from /home/airflow/.local/lib/python3.8/site-packages/airflow/example_dags/example_sensor_decorator.py
[2023-09-07T15:45:43.110+0000] {processor.py:839} INFO - DAG(s) dict_keys(['example_sensor_decorator']) retrieved from /home/airflow/.local/lib/python3.8/site-packages/airflow/example_dags/example_sensor_decorator.py
[2023-09-07T15:45:43.134+0000] {logging_mixin.py:151} INFO - [2023-09-07T15:45:43.133+0000] {dag.py:2907} INFO - Sync 1 DAGs
[2023-09-07T15:45:43.147+0000] {logging_mixin.py:151} INFO - [2023-09-07T15:45:43.147+0000] {dag.py:3677} INFO - Setting next_dagrun for example_sensor_decorator to None, run_after=None
[2023-09-07T15:45:43.165+0000] {processor.py:179} INFO - Processing /home/airflow/.local/lib/python3.8/site-packages/airflow/example_dags/example_sensor_decorator.py took 0.071 seconds
[2023-09-07T15:46:13.812+0000] {processor.py:157} INFO - Started process (PID=215) to work on /home/airflow/.local/lib/python3.8/site-packages/airflow/example_dags/example_sensor_decorator.py
[2023-09-07T15:46:13.814+0000] {processor.py:829} INFO - Processing file /home/airflow/.local/lib/python3.8/site-packages/airflow/example_dags/example_sensor_decorator.py for tasks to queue
[2023-09-07T15:46:13.816+0000] {logging_mixin.py:151} INFO - [2023-09-07T15:46:13.816+0000] {dagbag.py:539} INFO - Filling up the DagBag from /home/airflow/.local/lib/python3.8/site-packages/airflow/example_dags/example_sensor_decorator.py
[2023-09-07T15:46:13.824+0000] {processor.py:839} INFO - DAG(s) dict_keys(['example_sensor_decorator']) retrieved from /home/airflow/.local/lib/python3.8/site-packages/airflow/example_dags/example_sensor_decorator.py
[2023-09-07T15:46:13.848+0000] {logging_mixin.py:151} INFO - [2023-09-07T15:46:13.848+0000] {dag.py:2907} INFO - Sync 1 DAGs
[2023-09-07T15:46:13.863+0000] {logging_mixin.py:151} INFO - [2023-09-07T15:46:13.863+0000] {dag.py:3677} INFO - Setting next_dagrun for example_sensor_decorator to None, run_after=None
[2023-09-07T15:46:13.881+0000] {processor.py:179} INFO - Processing /home/airflow/.local/lib/python3.8/site-packages/airflow/example_dags/example_sensor_decorator.py took 0.073 seconds
