[2023-09-07T15:44:42.693+0000] {processor.py:157} INFO - Started process (PID=64) to work on /home/airflow/.local/lib/python3.8/site-packages/airflow/example_dags/example_setup_teardown.py
[2023-09-07T15:44:42.696+0000] {processor.py:829} INFO - Processing file /home/airflow/.local/lib/python3.8/site-packages/airflow/example_dags/example_setup_teardown.py for tasks to queue
[2023-09-07T15:44:42.702+0000] {logging_mixin.py:151} INFO - [2023-09-07T15:44:42.701+0000] {dagbag.py:539} INFO - Filling up the DagBag from /home/airflow/.local/lib/python3.8/site-packages/airflow/example_dags/example_setup_teardown.py
[2023-09-07T15:44:42.718+0000] {processor.py:839} INFO - DAG(s) dict_keys(['example_setup_teardown']) retrieved from /home/airflow/.local/lib/python3.8/site-packages/airflow/example_dags/example_setup_teardown.py
[2023-09-07T15:44:42.738+0000] {logging_mixin.py:151} INFO - [2023-09-07T15:44:42.737+0000] {dag.py:2907} INFO - Sync 1 DAGs
[2023-09-07T15:44:42.768+0000] {logging_mixin.py:151} INFO - [2023-09-07T15:44:42.768+0000] {dag.py:3677} INFO - Setting next_dagrun for example_setup_teardown to 2023-09-06T15:44:42.768292+00:00, run_after=2023-09-07T15:44:42.768292+00:00
[2023-09-07T15:44:42.793+0000] {processor.py:179} INFO - Processing /home/airflow/.local/lib/python3.8/site-packages/airflow/example_dags/example_setup_teardown.py took 0.109 seconds
[2023-09-07T15:45:13.662+0000] {processor.py:157} INFO - Started process (PID=118) to work on /home/airflow/.local/lib/python3.8/site-packages/airflow/example_dags/example_setup_teardown.py
[2023-09-07T15:45:13.663+0000] {processor.py:829} INFO - Processing file /home/airflow/.local/lib/python3.8/site-packages/airflow/example_dags/example_setup_teardown.py for tasks to queue
[2023-09-07T15:45:13.666+0000] {logging_mixin.py:151} INFO - [2023-09-07T15:45:13.665+0000] {dagbag.py:539} INFO - Filling up the DagBag from /home/airflow/.local/lib/python3.8/site-packages/airflow/example_dags/example_setup_teardown.py
[2023-09-07T15:45:13.673+0000] {processor.py:839} INFO - DAG(s) dict_keys(['example_setup_teardown']) retrieved from /home/airflow/.local/lib/python3.8/site-packages/airflow/example_dags/example_setup_teardown.py
[2023-09-07T15:45:13.698+0000] {logging_mixin.py:151} INFO - [2023-09-07T15:45:13.698+0000] {dag.py:2907} INFO - Sync 1 DAGs
[2023-09-07T15:45:13.721+0000] {logging_mixin.py:151} INFO - [2023-09-07T15:45:13.721+0000] {dag.py:3677} INFO - Setting next_dagrun for example_setup_teardown to 2023-09-06T15:45:13.721439+00:00, run_after=2023-09-07T15:45:13.721439+00:00
[2023-09-07T15:45:13.738+0000] {processor.py:179} INFO - Processing /home/airflow/.local/lib/python3.8/site-packages/airflow/example_dags/example_setup_teardown.py took 0.081 seconds
[2023-09-07T15:45:44.737+0000] {processor.py:157} INFO - Started process (PID=172) to work on /home/airflow/.local/lib/python3.8/site-packages/airflow/example_dags/example_setup_teardown.py
[2023-09-07T15:45:44.738+0000] {processor.py:829} INFO - Processing file /home/airflow/.local/lib/python3.8/site-packages/airflow/example_dags/example_setup_teardown.py for tasks to queue
[2023-09-07T15:45:44.741+0000] {logging_mixin.py:151} INFO - [2023-09-07T15:45:44.741+0000] {dagbag.py:539} INFO - Filling up the DagBag from /home/airflow/.local/lib/python3.8/site-packages/airflow/example_dags/example_setup_teardown.py
[2023-09-07T15:45:44.749+0000] {processor.py:839} INFO - DAG(s) dict_keys(['example_setup_teardown']) retrieved from /home/airflow/.local/lib/python3.8/site-packages/airflow/example_dags/example_setup_teardown.py
[2023-09-07T15:45:44.773+0000] {logging_mixin.py:151} INFO - [2023-09-07T15:45:44.773+0000] {dag.py:2907} INFO - Sync 1 DAGs
[2023-09-07T15:45:44.797+0000] {logging_mixin.py:151} INFO - [2023-09-07T15:45:44.796+0000] {dag.py:3677} INFO - Setting next_dagrun for example_setup_teardown to 2023-09-06T15:45:44.796596+00:00, run_after=2023-09-07T15:45:44.796596+00:00
[2023-09-07T15:45:44.814+0000] {processor.py:179} INFO - Processing /home/airflow/.local/lib/python3.8/site-packages/airflow/example_dags/example_setup_teardown.py took 0.082 seconds
[2023-09-07T15:46:15.450+0000] {processor.py:157} INFO - Started process (PID=226) to work on /home/airflow/.local/lib/python3.8/site-packages/airflow/example_dags/example_setup_teardown.py
[2023-09-07T15:46:15.451+0000] {processor.py:829} INFO - Processing file /home/airflow/.local/lib/python3.8/site-packages/airflow/example_dags/example_setup_teardown.py for tasks to queue
[2023-09-07T15:46:15.454+0000] {logging_mixin.py:151} INFO - [2023-09-07T15:46:15.454+0000] {dagbag.py:539} INFO - Filling up the DagBag from /home/airflow/.local/lib/python3.8/site-packages/airflow/example_dags/example_setup_teardown.py
[2023-09-07T15:46:15.462+0000] {processor.py:839} INFO - DAG(s) dict_keys(['example_setup_teardown']) retrieved from /home/airflow/.local/lib/python3.8/site-packages/airflow/example_dags/example_setup_teardown.py
[2023-09-07T15:46:15.484+0000] {logging_mixin.py:151} INFO - [2023-09-07T15:46:15.484+0000] {dag.py:2907} INFO - Sync 1 DAGs
[2023-09-07T15:46:15.507+0000] {logging_mixin.py:151} INFO - [2023-09-07T15:46:15.507+0000] {dag.py:3677} INFO - Setting next_dagrun for example_setup_teardown to 2023-09-06T15:46:15.507073+00:00, run_after=2023-09-07T15:46:15.507073+00:00
[2023-09-07T15:46:15.525+0000] {processor.py:179} INFO - Processing /home/airflow/.local/lib/python3.8/site-packages/airflow/example_dags/example_setup_teardown.py took 0.079 seconds
