[2023-09-07T15:44:41.241+0000] {processor.py:157} INFO - Started process (PID=52) to work on /home/airflow/.local/lib/python3.8/site-packages/airflow/example_dags/example_short_circuit_operator.py
[2023-09-07T15:44:41.243+0000] {processor.py:829} INFO - Processing file /home/airflow/.local/lib/python3.8/site-packages/airflow/example_dags/example_short_circuit_operator.py for tasks to queue
[2023-09-07T15:44:41.246+0000] {logging_mixin.py:151} INFO - [2023-09-07T15:44:41.245+0000] {dagbag.py:539} INFO - Filling up the DagBag from /home/airflow/.local/lib/python3.8/site-packages/airflow/example_dags/example_short_circuit_operator.py
[2023-09-07T15:44:41.466+0000] {processor.py:839} INFO - DAG(s) dict_keys(['example_short_circuit_operator']) retrieved from /home/airflow/.local/lib/python3.8/site-packages/airflow/example_dags/example_short_circuit_operator.py
[2023-09-07T15:44:41.485+0000] {logging_mixin.py:151} INFO - [2023-09-07T15:44:41.485+0000] {dag.py:2907} INFO - Sync 1 DAGs
[2023-09-07T15:44:41.511+0000] {logging_mixin.py:151} INFO - [2023-09-07T15:44:41.511+0000] {dag.py:3677} INFO - Setting next_dagrun for example_short_circuit_operator to 2023-09-06T15:44:41.511415+00:00, run_after=2023-09-07T15:44:41.511415+00:00
[2023-09-07T15:44:41.532+0000] {processor.py:179} INFO - Processing /home/airflow/.local/lib/python3.8/site-packages/airflow/example_dags/example_short_circuit_operator.py took 0.295 seconds
[2023-09-07T15:45:11.926+0000] {processor.py:157} INFO - Started process (PID=106) to work on /home/airflow/.local/lib/python3.8/site-packages/airflow/example_dags/example_short_circuit_operator.py
[2023-09-07T15:45:11.927+0000] {processor.py:829} INFO - Processing file /home/airflow/.local/lib/python3.8/site-packages/airflow/example_dags/example_short_circuit_operator.py for tasks to queue
[2023-09-07T15:45:11.930+0000] {logging_mixin.py:151} INFO - [2023-09-07T15:45:11.930+0000] {dagbag.py:539} INFO - Filling up the DagBag from /home/airflow/.local/lib/python3.8/site-packages/airflow/example_dags/example_short_circuit_operator.py
[2023-09-07T15:45:11.939+0000] {processor.py:839} INFO - DAG(s) dict_keys(['example_short_circuit_operator']) retrieved from /home/airflow/.local/lib/python3.8/site-packages/airflow/example_dags/example_short_circuit_operator.py
[2023-09-07T15:45:11.964+0000] {logging_mixin.py:151} INFO - [2023-09-07T15:45:11.964+0000] {dag.py:2907} INFO - Sync 1 DAGs
[2023-09-07T15:45:11.989+0000] {logging_mixin.py:151} INFO - [2023-09-07T15:45:11.988+0000] {dag.py:3677} INFO - Setting next_dagrun for example_short_circuit_operator to 2023-09-06T15:45:11.988639+00:00, run_after=2023-09-07T15:45:11.988639+00:00
[2023-09-07T15:45:12.008+0000] {processor.py:179} INFO - Processing /home/airflow/.local/lib/python3.8/site-packages/airflow/example_dags/example_short_circuit_operator.py took 0.085 seconds
[2023-09-07T15:45:43.066+0000] {processor.py:157} INFO - Started process (PID=160) to work on /home/airflow/.local/lib/python3.8/site-packages/airflow/example_dags/example_short_circuit_operator.py
[2023-09-07T15:45:43.068+0000] {processor.py:829} INFO - Processing file /home/airflow/.local/lib/python3.8/site-packages/airflow/example_dags/example_short_circuit_operator.py for tasks to queue
[2023-09-07T15:45:43.070+0000] {logging_mixin.py:151} INFO - [2023-09-07T15:45:43.070+0000] {dagbag.py:539} INFO - Filling up the DagBag from /home/airflow/.local/lib/python3.8/site-packages/airflow/example_dags/example_short_circuit_operator.py
[2023-09-07T15:45:43.079+0000] {processor.py:839} INFO - DAG(s) dict_keys(['example_short_circuit_operator']) retrieved from /home/airflow/.local/lib/python3.8/site-packages/airflow/example_dags/example_short_circuit_operator.py
[2023-09-07T15:45:43.104+0000] {logging_mixin.py:151} INFO - [2023-09-07T15:45:43.103+0000] {dag.py:2907} INFO - Sync 1 DAGs
[2023-09-07T15:45:43.128+0000] {logging_mixin.py:151} INFO - [2023-09-07T15:45:43.128+0000] {dag.py:3677} INFO - Setting next_dagrun for example_short_circuit_operator to 2023-09-06T15:45:43.128026+00:00, run_after=2023-09-07T15:45:43.128026+00:00
[2023-09-07T15:45:43.148+0000] {processor.py:179} INFO - Processing /home/airflow/.local/lib/python3.8/site-packages/airflow/example_dags/example_short_circuit_operator.py took 0.085 seconds
[2023-09-07T15:46:13.771+0000] {processor.py:157} INFO - Started process (PID=214) to work on /home/airflow/.local/lib/python3.8/site-packages/airflow/example_dags/example_short_circuit_operator.py
[2023-09-07T15:46:13.773+0000] {processor.py:829} INFO - Processing file /home/airflow/.local/lib/python3.8/site-packages/airflow/example_dags/example_short_circuit_operator.py for tasks to queue
[2023-09-07T15:46:13.776+0000] {logging_mixin.py:151} INFO - [2023-09-07T15:46:13.776+0000] {dagbag.py:539} INFO - Filling up the DagBag from /home/airflow/.local/lib/python3.8/site-packages/airflow/example_dags/example_short_circuit_operator.py
[2023-09-07T15:46:13.785+0000] {processor.py:839} INFO - DAG(s) dict_keys(['example_short_circuit_operator']) retrieved from /home/airflow/.local/lib/python3.8/site-packages/airflow/example_dags/example_short_circuit_operator.py
[2023-09-07T15:46:13.812+0000] {logging_mixin.py:151} INFO - [2023-09-07T15:46:13.812+0000] {dag.py:2907} INFO - Sync 1 DAGs
[2023-09-07T15:46:13.836+0000] {logging_mixin.py:151} INFO - [2023-09-07T15:46:13.835+0000] {dag.py:3677} INFO - Setting next_dagrun for example_short_circuit_operator to 2023-09-06T15:46:13.835559+00:00, run_after=2023-09-07T15:46:13.835559+00:00
[2023-09-07T15:46:13.859+0000] {processor.py:179} INFO - Processing /home/airflow/.local/lib/python3.8/site-packages/airflow/example_dags/example_short_circuit_operator.py took 0.092 seconds
