[2023-09-07T15:44:39.081+0000] {processor.py:157} INFO - Started process (PID=42) to work on /home/airflow/.local/lib/python3.8/site-packages/airflow/example_dags/example_sla_dag.py
[2023-09-07T15:44:39.083+0000] {processor.py:829} INFO - Processing file /home/airflow/.local/lib/python3.8/site-packages/airflow/example_dags/example_sla_dag.py for tasks to queue
[2023-09-07T15:44:39.089+0000] {logging_mixin.py:151} INFO - [2023-09-07T15:44:39.089+0000] {dagbag.py:539} INFO - Filling up the DagBag from /home/airflow/.local/lib/python3.8/site-packages/airflow/example_dags/example_sla_dag.py
[2023-09-07T15:44:39.107+0000] {processor.py:839} INFO - DAG(s) dict_keys(['example_sla_dag']) retrieved from /home/airflow/.local/lib/python3.8/site-packages/airflow/example_dags/example_sla_dag.py
[2023-09-07T15:44:39.123+0000] {logging_mixin.py:151} INFO - [2023-09-07T15:44:39.122+0000] {dag.py:2907} INFO - Sync 1 DAGs
[2023-09-07T15:44:39.311+0000] {logging_mixin.py:151} INFO - [2023-09-07T15:44:39.311+0000] {dag.py:3677} INFO - Setting next_dagrun for example_sla_dag to 2023-09-07T15:42:00+00:00, run_after=2023-09-07T15:44:00+00:00
[2023-09-07T15:44:39.330+0000] {processor.py:179} INFO - Processing /home/airflow/.local/lib/python3.8/site-packages/airflow/example_dags/example_sla_dag.py took 0.254 seconds
[2023-09-07T15:45:10.051+0000] {processor.py:157} INFO - Started process (PID=96) to work on /home/airflow/.local/lib/python3.8/site-packages/airflow/example_dags/example_sla_dag.py
[2023-09-07T15:45:10.053+0000] {processor.py:829} INFO - Processing file /home/airflow/.local/lib/python3.8/site-packages/airflow/example_dags/example_sla_dag.py for tasks to queue
[2023-09-07T15:45:10.055+0000] {logging_mixin.py:151} INFO - [2023-09-07T15:45:10.055+0000] {dagbag.py:539} INFO - Filling up the DagBag from /home/airflow/.local/lib/python3.8/site-packages/airflow/example_dags/example_sla_dag.py
[2023-09-07T15:45:10.065+0000] {processor.py:839} INFO - DAG(s) dict_keys(['example_sla_dag']) retrieved from /home/airflow/.local/lib/python3.8/site-packages/airflow/example_dags/example_sla_dag.py
[2023-09-07T15:45:10.087+0000] {logging_mixin.py:151} INFO - [2023-09-07T15:45:10.087+0000] {dag.py:2907} INFO - Sync 1 DAGs
[2023-09-07T15:45:10.115+0000] {logging_mixin.py:151} INFO - [2023-09-07T15:45:10.115+0000] {dag.py:3677} INFO - Setting next_dagrun for example_sla_dag to 2023-09-07T15:42:00+00:00, run_after=2023-09-07T15:44:00+00:00
[2023-09-07T15:45:10.132+0000] {processor.py:179} INFO - Processing /home/airflow/.local/lib/python3.8/site-packages/airflow/example_dags/example_sla_dag.py took 0.085 seconds
[2023-09-07T15:45:40.299+0000] {processor.py:157} INFO - Started process (PID=150) to work on /home/airflow/.local/lib/python3.8/site-packages/airflow/example_dags/example_sla_dag.py
[2023-09-07T15:45:40.300+0000] {processor.py:829} INFO - Processing file /home/airflow/.local/lib/python3.8/site-packages/airflow/example_dags/example_sla_dag.py for tasks to queue
[2023-09-07T15:45:40.303+0000] {logging_mixin.py:151} INFO - [2023-09-07T15:45:40.303+0000] {dagbag.py:539} INFO - Filling up the DagBag from /home/airflow/.local/lib/python3.8/site-packages/airflow/example_dags/example_sla_dag.py
[2023-09-07T15:45:40.312+0000] {processor.py:839} INFO - DAG(s) dict_keys(['example_sla_dag']) retrieved from /home/airflow/.local/lib/python3.8/site-packages/airflow/example_dags/example_sla_dag.py
[2023-09-07T15:45:40.333+0000] {logging_mixin.py:151} INFO - [2023-09-07T15:45:40.333+0000] {dag.py:2907} INFO - Sync 1 DAGs
[2023-09-07T15:45:40.359+0000] {logging_mixin.py:151} INFO - [2023-09-07T15:45:40.359+0000] {dag.py:3677} INFO - Setting next_dagrun for example_sla_dag to 2023-09-07T15:42:00+00:00, run_after=2023-09-07T15:44:00+00:00
[2023-09-07T15:45:40.392+0000] {processor.py:179} INFO - Processing /home/airflow/.local/lib/python3.8/site-packages/airflow/example_dags/example_sla_dag.py took 0.097 seconds
[2023-09-07T15:46:10.994+0000] {processor.py:157} INFO - Started process (PID=204) to work on /home/airflow/.local/lib/python3.8/site-packages/airflow/example_dags/example_sla_dag.py
[2023-09-07T15:46:10.996+0000] {processor.py:829} INFO - Processing file /home/airflow/.local/lib/python3.8/site-packages/airflow/example_dags/example_sla_dag.py for tasks to queue
[2023-09-07T15:46:10.999+0000] {logging_mixin.py:151} INFO - [2023-09-07T15:46:10.999+0000] {dagbag.py:539} INFO - Filling up the DagBag from /home/airflow/.local/lib/python3.8/site-packages/airflow/example_dags/example_sla_dag.py
[2023-09-07T15:46:11.009+0000] {processor.py:839} INFO - DAG(s) dict_keys(['example_sla_dag']) retrieved from /home/airflow/.local/lib/python3.8/site-packages/airflow/example_dags/example_sla_dag.py
[2023-09-07T15:46:11.031+0000] {logging_mixin.py:151} INFO - [2023-09-07T15:46:11.031+0000] {dag.py:2907} INFO - Sync 1 DAGs
[2023-09-07T15:46:11.058+0000] {logging_mixin.py:151} INFO - [2023-09-07T15:46:11.057+0000] {dag.py:3677} INFO - Setting next_dagrun for example_sla_dag to 2023-09-07T15:44:00+00:00, run_after=2023-09-07T15:46:00+00:00
[2023-09-07T15:46:11.075+0000] {processor.py:179} INFO - Processing /home/airflow/.local/lib/python3.8/site-packages/airflow/example_dags/example_sla_dag.py took 0.084 seconds
