[2023-09-07T15:44:42.598+0000] {processor.py:157} INFO - Started process (PID=63) to work on /home/airflow/.local/lib/python3.8/site-packages/airflow/example_dags/example_subdag_operator.py
[2023-09-07T15:44:42.601+0000] {processor.py:829} INFO - Processing file /home/airflow/.local/lib/python3.8/site-packages/airflow/example_dags/example_subdag_operator.py for tasks to queue
[2023-09-07T15:44:42.607+0000] {logging_mixin.py:151} INFO - [2023-09-07T15:44:42.606+0000] {dagbag.py:539} INFO - Filling up the DagBag from /home/airflow/.local/lib/python3.8/site-packages/airflow/example_dags/example_subdag_operator.py
[2023-09-07T15:44:42.653+0000] {processor.py:839} INFO - DAG(s) dict_keys(['example_subdag_operator.section-1', 'example_subdag_operator.section-2', 'example_subdag_operator']) retrieved from /home/airflow/.local/lib/python3.8/site-packages/airflow/example_dags/example_subdag_operator.py
[2023-09-07T15:44:42.661+0000] {logging_mixin.py:151} INFO - [2023-09-07T15:44:42.661+0000] {dag.py:2907} INFO - Sync 3 DAGs
[2023-09-07T15:44:42.689+0000] {logging_mixin.py:151} INFO - [2023-09-07T15:44:42.688+0000] {dag.py:3677} INFO - Setting next_dagrun for example_subdag_operator to 2022-01-01T00:00:00+00:00, run_after=2022-01-01T00:00:00+00:00
[2023-09-07T15:44:42.694+0000] {logging_mixin.py:151} INFO - [2023-09-07T15:44:42.693+0000] {dag.py:3677} INFO - Setting next_dagrun for example_subdag_operator.section-1 to None, run_after=None
[2023-09-07T15:44:42.696+0000] {logging_mixin.py:151} INFO - [2023-09-07T15:44:42.695+0000] {dag.py:3677} INFO - Setting next_dagrun for example_subdag_operator.section-2 to None, run_after=None
[2023-09-07T15:44:42.707+0000] {logging_mixin.py:151} INFO - [2023-09-07T15:44:42.706+0000] {dag.py:2907} INFO - Sync 2 DAGs
[2023-09-07T15:44:42.713+0000] {logging_mixin.py:151} INFO - [2023-09-07T15:44:42.713+0000] {dag.py:3677} INFO - Setting next_dagrun for example_subdag_operator.section-1 to None, run_after=None
[2023-09-07T15:44:42.714+0000] {logging_mixin.py:151} INFO - [2023-09-07T15:44:42.714+0000] {dag.py:3677} INFO - Setting next_dagrun for example_subdag_operator.section-2 to None, run_after=None
[2023-09-07T15:44:42.726+0000] {processor.py:179} INFO - Processing /home/airflow/.local/lib/python3.8/site-packages/airflow/example_dags/example_subdag_operator.py took 0.137 seconds
[2023-09-07T15:45:13.589+0000] {processor.py:157} INFO - Started process (PID=117) to work on /home/airflow/.local/lib/python3.8/site-packages/airflow/example_dags/example_subdag_operator.py
[2023-09-07T15:45:13.591+0000] {processor.py:829} INFO - Processing file /home/airflow/.local/lib/python3.8/site-packages/airflow/example_dags/example_subdag_operator.py for tasks to queue
[2023-09-07T15:45:13.594+0000] {logging_mixin.py:151} INFO - [2023-09-07T15:45:13.593+0000] {dagbag.py:539} INFO - Filling up the DagBag from /home/airflow/.local/lib/python3.8/site-packages/airflow/example_dags/example_subdag_operator.py
[2023-09-07T15:45:13.621+0000] {processor.py:839} INFO - DAG(s) dict_keys(['example_subdag_operator.section-1', 'example_subdag_operator.section-2', 'example_subdag_operator']) retrieved from /home/airflow/.local/lib/python3.8/site-packages/airflow/example_dags/example_subdag_operator.py
[2023-09-07T15:45:13.637+0000] {logging_mixin.py:151} INFO - [2023-09-07T15:45:13.637+0000] {dag.py:2907} INFO - Sync 3 DAGs
[2023-09-07T15:45:13.660+0000] {logging_mixin.py:151} INFO - [2023-09-07T15:45:13.660+0000] {dag.py:3677} INFO - Setting next_dagrun for example_subdag_operator to 2022-01-01T00:00:00+00:00, run_after=2022-01-01T00:00:00+00:00
[2023-09-07T15:45:13.664+0000] {logging_mixin.py:151} INFO - [2023-09-07T15:45:13.663+0000] {dag.py:3677} INFO - Setting next_dagrun for example_subdag_operator.section-1 to None, run_after=None
[2023-09-07T15:45:13.665+0000] {logging_mixin.py:151} INFO - [2023-09-07T15:45:13.665+0000] {dag.py:3677} INFO - Setting next_dagrun for example_subdag_operator.section-2 to None, run_after=None
[2023-09-07T15:45:13.672+0000] {logging_mixin.py:151} INFO - [2023-09-07T15:45:13.672+0000] {dag.py:2907} INFO - Sync 2 DAGs
[2023-09-07T15:45:13.677+0000] {logging_mixin.py:151} INFO - [2023-09-07T15:45:13.677+0000] {dag.py:3677} INFO - Setting next_dagrun for example_subdag_operator.section-1 to None, run_after=None
[2023-09-07T15:45:13.678+0000] {logging_mixin.py:151} INFO - [2023-09-07T15:45:13.678+0000] {dag.py:3677} INFO - Setting next_dagrun for example_subdag_operator.section-2 to None, run_after=None
[2023-09-07T15:45:13.688+0000] {processor.py:179} INFO - Processing /home/airflow/.local/lib/python3.8/site-packages/airflow/example_dags/example_subdag_operator.py took 0.103 seconds
[2023-09-07T15:45:44.649+0000] {processor.py:157} INFO - Started process (PID=171) to work on /home/airflow/.local/lib/python3.8/site-packages/airflow/example_dags/example_subdag_operator.py
[2023-09-07T15:45:44.650+0000] {processor.py:829} INFO - Processing file /home/airflow/.local/lib/python3.8/site-packages/airflow/example_dags/example_subdag_operator.py for tasks to queue
[2023-09-07T15:45:44.653+0000] {logging_mixin.py:151} INFO - [2023-09-07T15:45:44.653+0000] {dagbag.py:539} INFO - Filling up the DagBag from /home/airflow/.local/lib/python3.8/site-packages/airflow/example_dags/example_subdag_operator.py
[2023-09-07T15:45:44.680+0000] {processor.py:839} INFO - DAG(s) dict_keys(['example_subdag_operator.section-1', 'example_subdag_operator.section-2', 'example_subdag_operator']) retrieved from /home/airflow/.local/lib/python3.8/site-packages/airflow/example_dags/example_subdag_operator.py
[2023-09-07T15:45:44.695+0000] {logging_mixin.py:151} INFO - [2023-09-07T15:45:44.695+0000] {dag.py:2907} INFO - Sync 3 DAGs
[2023-09-07T15:45:44.717+0000] {logging_mixin.py:151} INFO - [2023-09-07T15:45:44.717+0000] {dag.py:3677} INFO - Setting next_dagrun for example_subdag_operator to 2022-01-01T00:00:00+00:00, run_after=2022-01-01T00:00:00+00:00
[2023-09-07T15:45:44.721+0000] {logging_mixin.py:151} INFO - [2023-09-07T15:45:44.720+0000] {dag.py:3677} INFO - Setting next_dagrun for example_subdag_operator.section-1 to None, run_after=None
[2023-09-07T15:45:44.722+0000] {logging_mixin.py:151} INFO - [2023-09-07T15:45:44.722+0000] {dag.py:3677} INFO - Setting next_dagrun for example_subdag_operator.section-2 to None, run_after=None
[2023-09-07T15:45:44.729+0000] {logging_mixin.py:151} INFO - [2023-09-07T15:45:44.729+0000] {dag.py:2907} INFO - Sync 2 DAGs
[2023-09-07T15:45:44.735+0000] {logging_mixin.py:151} INFO - [2023-09-07T15:45:44.734+0000] {dag.py:3677} INFO - Setting next_dagrun for example_subdag_operator.section-1 to None, run_after=None
[2023-09-07T15:45:44.735+0000] {logging_mixin.py:151} INFO - [2023-09-07T15:45:44.735+0000] {dag.py:3677} INFO - Setting next_dagrun for example_subdag_operator.section-2 to None, run_after=None
[2023-09-07T15:45:44.745+0000] {processor.py:179} INFO - Processing /home/airflow/.local/lib/python3.8/site-packages/airflow/example_dags/example_subdag_operator.py took 0.100 seconds
[2023-09-07T15:46:15.368+0000] {processor.py:157} INFO - Started process (PID=225) to work on /home/airflow/.local/lib/python3.8/site-packages/airflow/example_dags/example_subdag_operator.py
[2023-09-07T15:46:15.369+0000] {processor.py:829} INFO - Processing file /home/airflow/.local/lib/python3.8/site-packages/airflow/example_dags/example_subdag_operator.py for tasks to queue
[2023-09-07T15:46:15.372+0000] {logging_mixin.py:151} INFO - [2023-09-07T15:46:15.372+0000] {dagbag.py:539} INFO - Filling up the DagBag from /home/airflow/.local/lib/python3.8/site-packages/airflow/example_dags/example_subdag_operator.py
[2023-09-07T15:46:15.399+0000] {processor.py:839} INFO - DAG(s) dict_keys(['example_subdag_operator.section-1', 'example_subdag_operator.section-2', 'example_subdag_operator']) retrieved from /home/airflow/.local/lib/python3.8/site-packages/airflow/example_dags/example_subdag_operator.py
[2023-09-07T15:46:15.414+0000] {logging_mixin.py:151} INFO - [2023-09-07T15:46:15.414+0000] {dag.py:2907} INFO - Sync 3 DAGs
[2023-09-07T15:46:15.436+0000] {logging_mixin.py:151} INFO - [2023-09-07T15:46:15.435+0000] {dag.py:3677} INFO - Setting next_dagrun for example_subdag_operator to 2022-01-01T00:00:00+00:00, run_after=2022-01-01T00:00:00+00:00
[2023-09-07T15:46:15.440+0000] {logging_mixin.py:151} INFO - [2023-09-07T15:46:15.439+0000] {dag.py:3677} INFO - Setting next_dagrun for example_subdag_operator.section-1 to None, run_after=None
[2023-09-07T15:46:15.441+0000] {logging_mixin.py:151} INFO - [2023-09-07T15:46:15.441+0000] {dag.py:3677} INFO - Setting next_dagrun for example_subdag_operator.section-2 to None, run_after=None
[2023-09-07T15:46:15.448+0000] {logging_mixin.py:151} INFO - [2023-09-07T15:46:15.448+0000] {dag.py:2907} INFO - Sync 2 DAGs
[2023-09-07T15:46:15.453+0000] {logging_mixin.py:151} INFO - [2023-09-07T15:46:15.453+0000] {dag.py:3677} INFO - Setting next_dagrun for example_subdag_operator.section-1 to None, run_after=None
[2023-09-07T15:46:15.454+0000] {logging_mixin.py:151} INFO - [2023-09-07T15:46:15.454+0000] {dag.py:3677} INFO - Setting next_dagrun for example_subdag_operator.section-2 to None, run_after=None
[2023-09-07T15:46:15.464+0000] {processor.py:179} INFO - Processing /home/airflow/.local/lib/python3.8/site-packages/airflow/example_dags/example_subdag_operator.py took 0.100 seconds
