[2023-09-07T15:44:42.958+0000] {processor.py:157} INFO - Started process (PID=68) to work on /home/airflow/.local/lib/python3.8/site-packages/airflow/example_dags/example_branch_python_dop_operator_3.py
[2023-09-07T15:44:42.959+0000] {processor.py:829} INFO - Processing file /home/airflow/.local/lib/python3.8/site-packages/airflow/example_dags/example_branch_python_dop_operator_3.py for tasks to queue
[2023-09-07T15:44:42.964+0000] {logging_mixin.py:151} INFO - [2023-09-07T15:44:42.964+0000] {dagbag.py:539} INFO - Filling up the DagBag from /home/airflow/.local/lib/python3.8/site-packages/airflow/example_dags/example_branch_python_dop_operator_3.py
[2023-09-07T15:44:42.985+0000] {processor.py:839} INFO - DAG(s) dict_keys(['example_branch_dop_operator_v3']) retrieved from /home/airflow/.local/lib/python3.8/site-packages/airflow/example_dags/example_branch_python_dop_operator_3.py
[2023-09-07T15:44:43.008+0000] {logging_mixin.py:151} INFO - [2023-09-07T15:44:43.008+0000] {dag.py:2907} INFO - Sync 1 DAGs
[2023-09-07T15:44:43.056+0000] {logging_mixin.py:151} INFO - [2023-09-07T15:44:43.055+0000] {dag.py:3677} INFO - Setting next_dagrun for example_branch_dop_operator_v3 to 2023-09-07T15:43:00+00:00, run_after=2023-09-07T15:44:00+00:00
[2023-09-07T15:44:43.074+0000] {processor.py:179} INFO - Processing /home/airflow/.local/lib/python3.8/site-packages/airflow/example_dags/example_branch_python_dop_operator_3.py took 0.121 seconds
[2023-09-07T15:45:13.953+0000] {processor.py:157} INFO - Started process (PID=122) to work on /home/airflow/.local/lib/python3.8/site-packages/airflow/example_dags/example_branch_python_dop_operator_3.py
[2023-09-07T15:45:13.955+0000] {processor.py:829} INFO - Processing file /home/airflow/.local/lib/python3.8/site-packages/airflow/example_dags/example_branch_python_dop_operator_3.py for tasks to queue
[2023-09-07T15:45:13.957+0000] {logging_mixin.py:151} INFO - [2023-09-07T15:45:13.957+0000] {dagbag.py:539} INFO - Filling up the DagBag from /home/airflow/.local/lib/python3.8/site-packages/airflow/example_dags/example_branch_python_dop_operator_3.py
[2023-09-07T15:45:13.968+0000] {processor.py:839} INFO - DAG(s) dict_keys(['example_branch_dop_operator_v3']) retrieved from /home/airflow/.local/lib/python3.8/site-packages/airflow/example_dags/example_branch_python_dop_operator_3.py
[2023-09-07T15:45:13.989+0000] {logging_mixin.py:151} INFO - [2023-09-07T15:45:13.989+0000] {dag.py:2907} INFO - Sync 1 DAGs
[2023-09-07T15:45:14.015+0000] {logging_mixin.py:151} INFO - [2023-09-07T15:45:14.015+0000] {dag.py:3677} INFO - Setting next_dagrun for example_branch_dop_operator_v3 to 2023-09-07T15:44:00+00:00, run_after=2023-09-07T15:45:00+00:00
[2023-09-07T15:45:14.033+0000] {processor.py:179} INFO - Processing /home/airflow/.local/lib/python3.8/site-packages/airflow/example_dags/example_branch_python_dop_operator_3.py took 0.084 seconds
[2023-09-07T15:45:44.943+0000] {processor.py:157} INFO - Started process (PID=176) to work on /home/airflow/.local/lib/python3.8/site-packages/airflow/example_dags/example_branch_python_dop_operator_3.py
[2023-09-07T15:45:44.945+0000] {processor.py:829} INFO - Processing file /home/airflow/.local/lib/python3.8/site-packages/airflow/example_dags/example_branch_python_dop_operator_3.py for tasks to queue
[2023-09-07T15:45:44.947+0000] {logging_mixin.py:151} INFO - [2023-09-07T15:45:44.947+0000] {dagbag.py:539} INFO - Filling up the DagBag from /home/airflow/.local/lib/python3.8/site-packages/airflow/example_dags/example_branch_python_dop_operator_3.py
[2023-09-07T15:45:44.958+0000] {processor.py:839} INFO - DAG(s) dict_keys(['example_branch_dop_operator_v3']) retrieved from /home/airflow/.local/lib/python3.8/site-packages/airflow/example_dags/example_branch_python_dop_operator_3.py
[2023-09-07T15:45:44.982+0000] {logging_mixin.py:151} INFO - [2023-09-07T15:45:44.982+0000] {dag.py:2907} INFO - Sync 1 DAGs
[2023-09-07T15:45:45.011+0000] {logging_mixin.py:151} INFO - [2023-09-07T15:45:45.010+0000] {dag.py:3677} INFO - Setting next_dagrun for example_branch_dop_operator_v3 to 2023-09-07T15:44:00+00:00, run_after=2023-09-07T15:45:00+00:00
[2023-09-07T15:45:45.029+0000] {processor.py:179} INFO - Processing /home/airflow/.local/lib/python3.8/site-packages/airflow/example_dags/example_branch_python_dop_operator_3.py took 0.089 seconds
[2023-09-07T15:46:15.657+0000] {processor.py:157} INFO - Started process (PID=230) to work on /home/airflow/.local/lib/python3.8/site-packages/airflow/example_dags/example_branch_python_dop_operator_3.py
[2023-09-07T15:46:15.658+0000] {processor.py:829} INFO - Processing file /home/airflow/.local/lib/python3.8/site-packages/airflow/example_dags/example_branch_python_dop_operator_3.py for tasks to queue
[2023-09-07T15:46:15.661+0000] {logging_mixin.py:151} INFO - [2023-09-07T15:46:15.661+0000] {dagbag.py:539} INFO - Filling up the DagBag from /home/airflow/.local/lib/python3.8/site-packages/airflow/example_dags/example_branch_python_dop_operator_3.py
[2023-09-07T15:46:15.671+0000] {processor.py:839} INFO - DAG(s) dict_keys(['example_branch_dop_operator_v3']) retrieved from /home/airflow/.local/lib/python3.8/site-packages/airflow/example_dags/example_branch_python_dop_operator_3.py
[2023-09-07T15:46:15.692+0000] {logging_mixin.py:151} INFO - [2023-09-07T15:46:15.692+0000] {dag.py:2907} INFO - Sync 1 DAGs
[2023-09-07T15:46:15.718+0000] {logging_mixin.py:151} INFO - [2023-09-07T15:46:15.718+0000] {dag.py:3677} INFO - Setting next_dagrun for example_branch_dop_operator_v3 to 2023-09-07T15:45:00+00:00, run_after=2023-09-07T15:46:00+00:00
[2023-09-07T15:46:15.737+0000] {processor.py:179} INFO - Processing /home/airflow/.local/lib/python3.8/site-packages/airflow/example_dags/example_branch_python_dop_operator_3.py took 0.086 seconds
