[2023-09-07T15:44:41.760+0000] {processor.py:157} INFO - Started process (PID=55) to work on /home/airflow/.local/lib/python3.8/site-packages/airflow/example_dags/example_xcom.py
[2023-09-07T15:44:41.762+0000] {processor.py:829} INFO - Processing file /home/airflow/.local/lib/python3.8/site-packages/airflow/example_dags/example_xcom.py for tasks to queue
[2023-09-07T15:44:41.766+0000] {logging_mixin.py:151} INFO - [2023-09-07T15:44:41.765+0000] {dagbag.py:539} INFO - Filling up the DagBag from /home/airflow/.local/lib/python3.8/site-packages/airflow/example_dags/example_xcom.py
[2023-09-07T15:44:41.912+0000] {processor.py:839} INFO - DAG(s) dict_keys(['example_xcom']) retrieved from /home/airflow/.local/lib/python3.8/site-packages/airflow/example_dags/example_xcom.py
[2023-09-07T15:44:41.927+0000] {logging_mixin.py:151} INFO - [2023-09-07T15:44:41.927+0000] {dag.py:2907} INFO - Sync 1 DAGs
[2023-09-07T15:44:41.956+0000] {logging_mixin.py:151} INFO - [2023-09-07T15:44:41.956+0000] {dag.py:3677} INFO - Setting next_dagrun for example_xcom to 2021-01-01T00:00:00+00:00, run_after=2021-01-01T00:00:00+00:00
[2023-09-07T15:44:41.978+0000] {processor.py:179} INFO - Processing /home/airflow/.local/lib/python3.8/site-packages/airflow/example_dags/example_xcom.py took 0.223 seconds
[2023-09-07T15:45:12.049+0000] {processor.py:157} INFO - Started process (PID=109) to work on /home/airflow/.local/lib/python3.8/site-packages/airflow/example_dags/example_xcom.py
[2023-09-07T15:45:12.051+0000] {processor.py:829} INFO - Processing file /home/airflow/.local/lib/python3.8/site-packages/airflow/example_dags/example_xcom.py for tasks to queue
[2023-09-07T15:45:12.054+0000] {logging_mixin.py:151} INFO - [2023-09-07T15:45:12.053+0000] {dagbag.py:539} INFO - Filling up the DagBag from /home/airflow/.local/lib/python3.8/site-packages/airflow/example_dags/example_xcom.py
[2023-09-07T15:45:12.062+0000] {processor.py:839} INFO - DAG(s) dict_keys(['example_xcom']) retrieved from /home/airflow/.local/lib/python3.8/site-packages/airflow/example_dags/example_xcom.py
[2023-09-07T15:45:12.087+0000] {logging_mixin.py:151} INFO - [2023-09-07T15:45:12.087+0000] {dag.py:2907} INFO - Sync 1 DAGs
[2023-09-07T15:45:12.110+0000] {logging_mixin.py:151} INFO - [2023-09-07T15:45:12.110+0000] {dag.py:3677} INFO - Setting next_dagrun for example_xcom to 2021-01-01T00:00:00+00:00, run_after=2021-01-01T00:00:00+00:00
[2023-09-07T15:45:12.129+0000] {processor.py:179} INFO - Processing /home/airflow/.local/lib/python3.8/site-packages/airflow/example_dags/example_xcom.py took 0.084 seconds
[2023-09-07T15:45:43.192+0000] {processor.py:157} INFO - Started process (PID=163) to work on /home/airflow/.local/lib/python3.8/site-packages/airflow/example_dags/example_xcom.py
[2023-09-07T15:45:43.193+0000] {processor.py:829} INFO - Processing file /home/airflow/.local/lib/python3.8/site-packages/airflow/example_dags/example_xcom.py for tasks to queue
[2023-09-07T15:45:43.196+0000] {logging_mixin.py:151} INFO - [2023-09-07T15:45:43.196+0000] {dagbag.py:539} INFO - Filling up the DagBag from /home/airflow/.local/lib/python3.8/site-packages/airflow/example_dags/example_xcom.py
[2023-09-07T15:45:43.205+0000] {processor.py:839} INFO - DAG(s) dict_keys(['example_xcom']) retrieved from /home/airflow/.local/lib/python3.8/site-packages/airflow/example_dags/example_xcom.py
[2023-09-07T15:45:43.229+0000] {logging_mixin.py:151} INFO - [2023-09-07T15:45:43.229+0000] {dag.py:2907} INFO - Sync 1 DAGs
[2023-09-07T15:45:43.251+0000] {logging_mixin.py:151} INFO - [2023-09-07T15:45:43.251+0000] {dag.py:3677} INFO - Setting next_dagrun for example_xcom to 2021-01-01T00:00:00+00:00, run_after=2021-01-01T00:00:00+00:00
[2023-09-07T15:45:43.270+0000] {processor.py:179} INFO - Processing /home/airflow/.local/lib/python3.8/site-packages/airflow/example_dags/example_xcom.py took 0.082 seconds
[2023-09-07T15:46:13.908+0000] {processor.py:157} INFO - Started process (PID=217) to work on /home/airflow/.local/lib/python3.8/site-packages/airflow/example_dags/example_xcom.py
[2023-09-07T15:46:13.910+0000] {processor.py:829} INFO - Processing file /home/airflow/.local/lib/python3.8/site-packages/airflow/example_dags/example_xcom.py for tasks to queue
[2023-09-07T15:46:13.913+0000] {logging_mixin.py:151} INFO - [2023-09-07T15:46:13.913+0000] {dagbag.py:539} INFO - Filling up the DagBag from /home/airflow/.local/lib/python3.8/site-packages/airflow/example_dags/example_xcom.py
[2023-09-07T15:46:13.922+0000] {processor.py:839} INFO - DAG(s) dict_keys(['example_xcom']) retrieved from /home/airflow/.local/lib/python3.8/site-packages/airflow/example_dags/example_xcom.py
[2023-09-07T15:46:13.949+0000] {logging_mixin.py:151} INFO - [2023-09-07T15:46:13.949+0000] {dag.py:2907} INFO - Sync 1 DAGs
[2023-09-07T15:46:13.977+0000] {logging_mixin.py:151} INFO - [2023-09-07T15:46:13.977+0000] {dag.py:3677} INFO - Setting next_dagrun for example_xcom to 2021-01-01T00:00:00+00:00, run_after=2021-01-01T00:00:00+00:00
[2023-09-07T15:46:13.997+0000] {processor.py:179} INFO - Processing /home/airflow/.local/lib/python3.8/site-packages/airflow/example_dags/example_xcom.py took 0.093 seconds
