[2023-09-07T15:44:42.194+0000] {processor.py:157} INFO - Started process (PID=57) to work on /home/airflow/.local/lib/python3.8/site-packages/airflow/example_dags/example_complex.py
[2023-09-07T15:44:42.197+0000] {processor.py:829} INFO - Processing file /home/airflow/.local/lib/python3.8/site-packages/airflow/example_dags/example_complex.py for tasks to queue
[2023-09-07T15:44:42.204+0000] {logging_mixin.py:151} INFO - [2023-09-07T15:44:42.203+0000] {dagbag.py:539} INFO - Filling up the DagBag from /home/airflow/.local/lib/python3.8/site-packages/airflow/example_dags/example_complex.py
[2023-09-07T15:44:42.234+0000] {processor.py:839} INFO - DAG(s) dict_keys(['example_complex']) retrieved from /home/airflow/.local/lib/python3.8/site-packages/airflow/example_dags/example_complex.py
[2023-09-07T15:44:42.258+0000] {logging_mixin.py:151} INFO - [2023-09-07T15:44:42.258+0000] {dag.py:2907} INFO - Sync 1 DAGs
[2023-09-07T15:44:42.277+0000] {logging_mixin.py:151} INFO - [2023-09-07T15:44:42.277+0000] {dag.py:3677} INFO - Setting next_dagrun for example_complex to None, run_after=None
[2023-09-07T15:44:42.298+0000] {processor.py:179} INFO - Processing /home/airflow/.local/lib/python3.8/site-packages/airflow/example_dags/example_complex.py took 0.115 seconds
[2023-09-07T15:45:13.157+0000] {processor.py:157} INFO - Started process (PID=111) to work on /home/airflow/.local/lib/python3.8/site-packages/airflow/example_dags/example_complex.py
[2023-09-07T15:45:13.158+0000] {processor.py:829} INFO - Processing file /home/airflow/.local/lib/python3.8/site-packages/airflow/example_dags/example_complex.py for tasks to queue
[2023-09-07T15:45:13.162+0000] {logging_mixin.py:151} INFO - [2023-09-07T15:45:13.161+0000] {dagbag.py:539} INFO - Filling up the DagBag from /home/airflow/.local/lib/python3.8/site-packages/airflow/example_dags/example_complex.py
[2023-09-07T15:45:13.175+0000] {processor.py:839} INFO - DAG(s) dict_keys(['example_complex']) retrieved from /home/airflow/.local/lib/python3.8/site-packages/airflow/example_dags/example_complex.py
[2023-09-07T15:45:13.208+0000] {logging_mixin.py:151} INFO - [2023-09-07T15:45:13.208+0000] {dag.py:2907} INFO - Sync 1 DAGs
[2023-09-07T15:45:13.221+0000] {logging_mixin.py:151} INFO - [2023-09-07T15:45:13.221+0000] {dag.py:3677} INFO - Setting next_dagrun for example_complex to None, run_after=None
[2023-09-07T15:45:13.239+0000] {processor.py:179} INFO - Processing /home/airflow/.local/lib/python3.8/site-packages/airflow/example_dags/example_complex.py took 0.086 seconds
[2023-09-07T15:45:43.278+0000] {processor.py:157} INFO - Started process (PID=164) to work on /home/airflow/.local/lib/python3.8/site-packages/airflow/example_dags/example_complex.py
[2023-09-07T15:45:43.280+0000] {processor.py:829} INFO - Processing file /home/airflow/.local/lib/python3.8/site-packages/airflow/example_dags/example_complex.py for tasks to queue
[2023-09-07T15:45:43.283+0000] {logging_mixin.py:151} INFO - [2023-09-07T15:45:43.282+0000] {dagbag.py:539} INFO - Filling up the DagBag from /home/airflow/.local/lib/python3.8/site-packages/airflow/example_dags/example_complex.py
[2023-09-07T15:45:43.295+0000] {processor.py:839} INFO - DAG(s) dict_keys(['example_complex']) retrieved from /home/airflow/.local/lib/python3.8/site-packages/airflow/example_dags/example_complex.py
[2023-09-07T15:45:43.327+0000] {logging_mixin.py:151} INFO - [2023-09-07T15:45:43.327+0000] {dag.py:2907} INFO - Sync 1 DAGs
[2023-09-07T15:45:43.341+0000] {logging_mixin.py:151} INFO - [2023-09-07T15:45:43.341+0000] {dag.py:3677} INFO - Setting next_dagrun for example_complex to None, run_after=None
[2023-09-07T15:45:43.360+0000] {processor.py:179} INFO - Processing /home/airflow/.local/lib/python3.8/site-packages/airflow/example_dags/example_complex.py took 0.085 seconds
[2023-09-07T15:46:14.001+0000] {processor.py:157} INFO - Started process (PID=218) to work on /home/airflow/.local/lib/python3.8/site-packages/airflow/example_dags/example_complex.py
[2023-09-07T15:46:14.003+0000] {processor.py:829} INFO - Processing file /home/airflow/.local/lib/python3.8/site-packages/airflow/example_dags/example_complex.py for tasks to queue
[2023-09-07T15:46:14.006+0000] {logging_mixin.py:151} INFO - [2023-09-07T15:46:14.006+0000] {dagbag.py:539} INFO - Filling up the DagBag from /home/airflow/.local/lib/python3.8/site-packages/airflow/example_dags/example_complex.py
[2023-09-07T15:46:14.020+0000] {processor.py:839} INFO - DAG(s) dict_keys(['example_complex']) retrieved from /home/airflow/.local/lib/python3.8/site-packages/airflow/example_dags/example_complex.py
[2023-09-07T15:46:14.050+0000] {logging_mixin.py:151} INFO - [2023-09-07T15:46:14.050+0000] {dag.py:2907} INFO - Sync 1 DAGs
[2023-09-07T15:46:14.065+0000] {logging_mixin.py:151} INFO - [2023-09-07T15:46:14.065+0000] {dag.py:3677} INFO - Setting next_dagrun for example_complex to None, run_after=None
[2023-09-07T15:46:14.082+0000] {processor.py:179} INFO - Processing /home/airflow/.local/lib/python3.8/site-packages/airflow/example_dags/example_complex.py took 0.086 seconds
