[2023-09-07T15:44:38.710+0000] {processor.py:157} INFO - Started process (PID=39) to work on /home/airflow/.local/lib/python3.8/site-packages/airflow/example_dags/example_sensors.py
[2023-09-07T15:44:38.712+0000] {processor.py:829} INFO - Processing file /home/airflow/.local/lib/python3.8/site-packages/airflow/example_dags/example_sensors.py for tasks to queue
[2023-09-07T15:44:38.715+0000] {logging_mixin.py:151} INFO - [2023-09-07T15:44:38.714+0000] {dagbag.py:539} INFO - Filling up the DagBag from /home/airflow/.local/lib/python3.8/site-packages/airflow/example_dags/example_sensors.py
[2023-09-07T15:44:38.738+0000] {processor.py:839} INFO - DAG(s) dict_keys(['example_sensors']) retrieved from /home/airflow/.local/lib/python3.8/site-packages/airflow/example_dags/example_sensors.py
[2023-09-07T15:44:38.756+0000] {logging_mixin.py:151} INFO - [2023-09-07T15:44:38.756+0000] {dag.py:2907} INFO - Sync 1 DAGs
[2023-09-07T15:44:38.919+0000] {logging_mixin.py:151} INFO - [2023-09-07T15:44:38.919+0000] {dag.py:3677} INFO - Setting next_dagrun for example_sensors to None, run_after=None
[2023-09-07T15:44:38.947+0000] {processor.py:179} INFO - Processing /home/airflow/.local/lib/python3.8/site-packages/airflow/example_dags/example_sensors.py took 0.240 seconds
[2023-09-07T15:45:09.897+0000] {processor.py:157} INFO - Started process (PID=93) to work on /home/airflow/.local/lib/python3.8/site-packages/airflow/example_dags/example_sensors.py
[2023-09-07T15:45:09.899+0000] {processor.py:829} INFO - Processing file /home/airflow/.local/lib/python3.8/site-packages/airflow/example_dags/example_sensors.py for tasks to queue
[2023-09-07T15:45:09.901+0000] {logging_mixin.py:151} INFO - [2023-09-07T15:45:09.901+0000] {dagbag.py:539} INFO - Filling up the DagBag from /home/airflow/.local/lib/python3.8/site-packages/airflow/example_dags/example_sensors.py
[2023-09-07T15:45:09.913+0000] {processor.py:839} INFO - DAG(s) dict_keys(['example_sensors']) retrieved from /home/airflow/.local/lib/python3.8/site-packages/airflow/example_dags/example_sensors.py
[2023-09-07T15:45:09.939+0000] {logging_mixin.py:151} INFO - [2023-09-07T15:45:09.939+0000] {dag.py:2907} INFO - Sync 1 DAGs
[2023-09-07T15:45:09.953+0000] {logging_mixin.py:151} INFO - [2023-09-07T15:45:09.953+0000] {dag.py:3677} INFO - Setting next_dagrun for example_sensors to None, run_after=None
[2023-09-07T15:45:09.973+0000] {processor.py:179} INFO - Processing /home/airflow/.local/lib/python3.8/site-packages/airflow/example_dags/example_sensors.py took 0.081 seconds
[2023-09-07T15:45:40.151+0000] {processor.py:157} INFO - Started process (PID=147) to work on /home/airflow/.local/lib/python3.8/site-packages/airflow/example_dags/example_sensors.py
[2023-09-07T15:45:40.153+0000] {processor.py:829} INFO - Processing file /home/airflow/.local/lib/python3.8/site-packages/airflow/example_dags/example_sensors.py for tasks to queue
[2023-09-07T15:45:40.156+0000] {logging_mixin.py:151} INFO - [2023-09-07T15:45:40.156+0000] {dagbag.py:539} INFO - Filling up the DagBag from /home/airflow/.local/lib/python3.8/site-packages/airflow/example_dags/example_sensors.py
[2023-09-07T15:45:40.168+0000] {processor.py:839} INFO - DAG(s) dict_keys(['example_sensors']) retrieved from /home/airflow/.local/lib/python3.8/site-packages/airflow/example_dags/example_sensors.py
[2023-09-07T15:45:40.194+0000] {logging_mixin.py:151} INFO - [2023-09-07T15:45:40.194+0000] {dag.py:2907} INFO - Sync 1 DAGs
[2023-09-07T15:45:40.208+0000] {logging_mixin.py:151} INFO - [2023-09-07T15:45:40.207+0000] {dag.py:3677} INFO - Setting next_dagrun for example_sensors to None, run_after=None
[2023-09-07T15:45:40.226+0000] {processor.py:179} INFO - Processing /home/airflow/.local/lib/python3.8/site-packages/airflow/example_dags/example_sensors.py took 0.079 seconds
[2023-09-07T15:46:10.845+0000] {processor.py:157} INFO - Started process (PID=201) to work on /home/airflow/.local/lib/python3.8/site-packages/airflow/example_dags/example_sensors.py
[2023-09-07T15:46:10.847+0000] {processor.py:829} INFO - Processing file /home/airflow/.local/lib/python3.8/site-packages/airflow/example_dags/example_sensors.py for tasks to queue
[2023-09-07T15:46:10.851+0000] {logging_mixin.py:151} INFO - [2023-09-07T15:46:10.850+0000] {dagbag.py:539} INFO - Filling up the DagBag from /home/airflow/.local/lib/python3.8/site-packages/airflow/example_dags/example_sensors.py
[2023-09-07T15:46:10.862+0000] {processor.py:839} INFO - DAG(s) dict_keys(['example_sensors']) retrieved from /home/airflow/.local/lib/python3.8/site-packages/airflow/example_dags/example_sensors.py
[2023-09-07T15:46:10.890+0000] {logging_mixin.py:151} INFO - [2023-09-07T15:46:10.890+0000] {dag.py:2907} INFO - Sync 1 DAGs
[2023-09-07T15:46:10.904+0000] {logging_mixin.py:151} INFO - [2023-09-07T15:46:10.904+0000] {dag.py:3677} INFO - Setting next_dagrun for example_sensors to None, run_after=None
[2023-09-07T15:46:10.923+0000] {processor.py:179} INFO - Processing /home/airflow/.local/lib/python3.8/site-packages/airflow/example_dags/example_sensors.py took 0.082 seconds
