[2023-09-07T15:44:42.897+0000] {processor.py:157} INFO - Started process (PID=67) to work on /home/airflow/.local/lib/python3.8/site-packages/airflow/example_dags/example_task_group_decorator.py
[2023-09-07T15:44:42.899+0000] {processor.py:829} INFO - Processing file /home/airflow/.local/lib/python3.8/site-packages/airflow/example_dags/example_task_group_decorator.py for tasks to queue
[2023-09-07T15:44:42.905+0000] {logging_mixin.py:151} INFO - [2023-09-07T15:44:42.904+0000] {dagbag.py:539} INFO - Filling up the DagBag from /home/airflow/.local/lib/python3.8/site-packages/airflow/example_dags/example_task_group_decorator.py
[2023-09-07T15:44:42.932+0000] {processor.py:839} INFO - DAG(s) dict_keys(['example_task_group_decorator']) retrieved from /home/airflow/.local/lib/python3.8/site-packages/airflow/example_dags/example_task_group_decorator.py
[2023-09-07T15:44:42.948+0000] {logging_mixin.py:151} INFO - [2023-09-07T15:44:42.948+0000] {dag.py:2907} INFO - Sync 1 DAGs
[2023-09-07T15:44:42.979+0000] {logging_mixin.py:151} INFO - [2023-09-07T15:44:42.979+0000] {dag.py:3677} INFO - Setting next_dagrun for example_task_group_decorator to 2023-09-06T15:44:42.978673+00:00, run_after=2023-09-07T15:44:42.978673+00:00
[2023-09-07T15:44:43.002+0000] {processor.py:179} INFO - Processing /home/airflow/.local/lib/python3.8/site-packages/airflow/example_dags/example_task_group_decorator.py took 0.108 seconds
[2023-09-07T15:45:13.845+0000] {processor.py:157} INFO - Started process (PID=121) to work on /home/airflow/.local/lib/python3.8/site-packages/airflow/example_dags/example_task_group_decorator.py
[2023-09-07T15:45:13.847+0000] {processor.py:829} INFO - Processing file /home/airflow/.local/lib/python3.8/site-packages/airflow/example_dags/example_task_group_decorator.py for tasks to queue
[2023-09-07T15:45:13.850+0000] {logging_mixin.py:151} INFO - [2023-09-07T15:45:13.849+0000] {dagbag.py:539} INFO - Filling up the DagBag from /home/airflow/.local/lib/python3.8/site-packages/airflow/example_dags/example_task_group_decorator.py
[2023-09-07T15:45:13.866+0000] {processor.py:839} INFO - DAG(s) dict_keys(['example_task_group_decorator']) retrieved from /home/airflow/.local/lib/python3.8/site-packages/airflow/example_dags/example_task_group_decorator.py
[2023-09-07T15:45:13.891+0000] {logging_mixin.py:151} INFO - [2023-09-07T15:45:13.891+0000] {dag.py:2907} INFO - Sync 1 DAGs
[2023-09-07T15:45:13.920+0000] {logging_mixin.py:151} INFO - [2023-09-07T15:45:13.920+0000] {dag.py:3677} INFO - Setting next_dagrun for example_task_group_decorator to 2023-09-06T15:45:13.920054+00:00, run_after=2023-09-07T15:45:13.920054+00:00
[2023-09-07T15:45:13.938+0000] {processor.py:179} INFO - Processing /home/airflow/.local/lib/python3.8/site-packages/airflow/example_dags/example_task_group_decorator.py took 0.097 seconds
[2023-09-07T15:45:44.903+0000] {processor.py:157} INFO - Started process (PID=175) to work on /home/airflow/.local/lib/python3.8/site-packages/airflow/example_dags/example_task_group_decorator.py
[2023-09-07T15:45:44.905+0000] {processor.py:829} INFO - Processing file /home/airflow/.local/lib/python3.8/site-packages/airflow/example_dags/example_task_group_decorator.py for tasks to queue
[2023-09-07T15:45:44.908+0000] {logging_mixin.py:151} INFO - [2023-09-07T15:45:44.907+0000] {dagbag.py:539} INFO - Filling up the DagBag from /home/airflow/.local/lib/python3.8/site-packages/airflow/example_dags/example_task_group_decorator.py
[2023-09-07T15:45:44.924+0000] {processor.py:839} INFO - DAG(s) dict_keys(['example_task_group_decorator']) retrieved from /home/airflow/.local/lib/python3.8/site-packages/airflow/example_dags/example_task_group_decorator.py
[2023-09-07T15:45:44.950+0000] {logging_mixin.py:151} INFO - [2023-09-07T15:45:44.949+0000] {dag.py:2907} INFO - Sync 1 DAGs
[2023-09-07T15:45:44.973+0000] {logging_mixin.py:151} INFO - [2023-09-07T15:45:44.973+0000] {dag.py:3677} INFO - Setting next_dagrun for example_task_group_decorator to 2023-09-06T15:45:44.973356+00:00, run_after=2023-09-07T15:45:44.973356+00:00
[2023-09-07T15:45:44.992+0000] {processor.py:179} INFO - Processing /home/airflow/.local/lib/python3.8/site-packages/airflow/example_dags/example_task_group_decorator.py took 0.093 seconds
[2023-09-07T15:46:15.614+0000] {processor.py:157} INFO - Started process (PID=229) to work on /home/airflow/.local/lib/python3.8/site-packages/airflow/example_dags/example_task_group_decorator.py
[2023-09-07T15:46:15.616+0000] {processor.py:829} INFO - Processing file /home/airflow/.local/lib/python3.8/site-packages/airflow/example_dags/example_task_group_decorator.py for tasks to queue
[2023-09-07T15:46:15.619+0000] {logging_mixin.py:151} INFO - [2023-09-07T15:46:15.618+0000] {dagbag.py:539} INFO - Filling up the DagBag from /home/airflow/.local/lib/python3.8/site-packages/airflow/example_dags/example_task_group_decorator.py
[2023-09-07T15:46:15.636+0000] {processor.py:839} INFO - DAG(s) dict_keys(['example_task_group_decorator']) retrieved from /home/airflow/.local/lib/python3.8/site-packages/airflow/example_dags/example_task_group_decorator.py
[2023-09-07T15:46:15.668+0000] {logging_mixin.py:151} INFO - [2023-09-07T15:46:15.668+0000] {dag.py:2907} INFO - Sync 1 DAGs
[2023-09-07T15:46:15.690+0000] {logging_mixin.py:151} INFO - [2023-09-07T15:46:15.690+0000] {dag.py:3677} INFO - Setting next_dagrun for example_task_group_decorator to 2023-09-06T15:46:15.689943+00:00, run_after=2023-09-07T15:46:15.689943+00:00
[2023-09-07T15:46:15.707+0000] {processor.py:179} INFO - Processing /home/airflow/.local/lib/python3.8/site-packages/airflow/example_dags/example_task_group_decorator.py took 0.096 seconds
