[2023-09-07T15:44:42.831+0000] {processor.py:157} INFO - Started process (PID=66) to work on /home/airflow/.local/lib/python3.8/site-packages/airflow/example_dags/example_python_operator.py
[2023-09-07T15:44:42.834+0000] {processor.py:829} INFO - Processing file /home/airflow/.local/lib/python3.8/site-packages/airflow/example_dags/example_python_operator.py for tasks to queue
[2023-09-07T15:44:42.841+0000] {logging_mixin.py:151} INFO - [2023-09-07T15:44:42.840+0000] {dagbag.py:539} INFO - Filling up the DagBag from /home/airflow/.local/lib/python3.8/site-packages/airflow/example_dags/example_python_operator.py
[2023-09-07T15:44:42.868+0000] {processor.py:839} INFO - DAG(s) dict_keys(['example_python_operator']) retrieved from /home/airflow/.local/lib/python3.8/site-packages/airflow/example_dags/example_python_operator.py
[2023-09-07T15:44:42.884+0000] {logging_mixin.py:151} INFO - [2023-09-07T15:44:42.884+0000] {dag.py:2907} INFO - Sync 1 DAGs
[2023-09-07T15:44:42.901+0000] {logging_mixin.py:151} INFO - [2023-09-07T15:44:42.901+0000] {dag.py:3677} INFO - Setting next_dagrun for example_python_operator to None, run_after=None
[2023-09-07T15:44:42.927+0000] {processor.py:179} INFO - Processing /home/airflow/.local/lib/python3.8/site-packages/airflow/example_dags/example_python_operator.py took 0.106 seconds
[2023-09-07T15:45:13.763+0000] {processor.py:157} INFO - Started process (PID=120) to work on /home/airflow/.local/lib/python3.8/site-packages/airflow/example_dags/example_python_operator.py
[2023-09-07T15:45:13.765+0000] {processor.py:829} INFO - Processing file /home/airflow/.local/lib/python3.8/site-packages/airflow/example_dags/example_python_operator.py for tasks to queue
[2023-09-07T15:45:13.767+0000] {logging_mixin.py:151} INFO - [2023-09-07T15:45:13.767+0000] {dagbag.py:539} INFO - Filling up the DagBag from /home/airflow/.local/lib/python3.8/site-packages/airflow/example_dags/example_python_operator.py
[2023-09-07T15:45:13.779+0000] {processor.py:839} INFO - DAG(s) dict_keys(['example_python_operator']) retrieved from /home/airflow/.local/lib/python3.8/site-packages/airflow/example_dags/example_python_operator.py
[2023-09-07T15:45:13.894+0000] {logging_mixin.py:151} INFO - [2023-09-07T15:45:13.894+0000] {dag.py:2907} INFO - Sync 1 DAGs
[2023-09-07T15:45:13.911+0000] {logging_mixin.py:151} INFO - [2023-09-07T15:45:13.910+0000] {dag.py:3677} INFO - Setting next_dagrun for example_python_operator to None, run_after=None
[2023-09-07T15:45:13.930+0000] {processor.py:179} INFO - Processing /home/airflow/.local/lib/python3.8/site-packages/airflow/example_dags/example_python_operator.py took 0.170 seconds
[2023-09-07T15:45:44.839+0000] {processor.py:157} INFO - Started process (PID=174) to work on /home/airflow/.local/lib/python3.8/site-packages/airflow/example_dags/example_python_operator.py
[2023-09-07T15:45:44.840+0000] {processor.py:829} INFO - Processing file /home/airflow/.local/lib/python3.8/site-packages/airflow/example_dags/example_python_operator.py for tasks to queue
[2023-09-07T15:45:44.843+0000] {logging_mixin.py:151} INFO - [2023-09-07T15:45:44.843+0000] {dagbag.py:539} INFO - Filling up the DagBag from /home/airflow/.local/lib/python3.8/site-packages/airflow/example_dags/example_python_operator.py
[2023-09-07T15:45:44.855+0000] {processor.py:839} INFO - DAG(s) dict_keys(['example_python_operator']) retrieved from /home/airflow/.local/lib/python3.8/site-packages/airflow/example_dags/example_python_operator.py
[2023-09-07T15:45:44.883+0000] {logging_mixin.py:151} INFO - [2023-09-07T15:45:44.883+0000] {dag.py:2907} INFO - Sync 1 DAGs
[2023-09-07T15:45:44.898+0000] {logging_mixin.py:151} INFO - [2023-09-07T15:45:44.898+0000] {dag.py:3677} INFO - Setting next_dagrun for example_python_operator to None, run_after=None
[2023-09-07T15:45:44.917+0000] {processor.py:179} INFO - Processing /home/airflow/.local/lib/python3.8/site-packages/airflow/example_dags/example_python_operator.py took 0.082 seconds
[2023-09-07T15:46:15.548+0000] {processor.py:157} INFO - Started process (PID=228) to work on /home/airflow/.local/lib/python3.8/site-packages/airflow/example_dags/example_python_operator.py
[2023-09-07T15:46:15.550+0000] {processor.py:829} INFO - Processing file /home/airflow/.local/lib/python3.8/site-packages/airflow/example_dags/example_python_operator.py for tasks to queue
[2023-09-07T15:46:15.553+0000] {logging_mixin.py:151} INFO - [2023-09-07T15:46:15.553+0000] {dagbag.py:539} INFO - Filling up the DagBag from /home/airflow/.local/lib/python3.8/site-packages/airflow/example_dags/example_python_operator.py
[2023-09-07T15:46:15.564+0000] {processor.py:839} INFO - DAG(s) dict_keys(['example_python_operator']) retrieved from /home/airflow/.local/lib/python3.8/site-packages/airflow/example_dags/example_python_operator.py
[2023-09-07T15:46:15.587+0000] {logging_mixin.py:151} INFO - [2023-09-07T15:46:15.587+0000] {dag.py:2907} INFO - Sync 1 DAGs
[2023-09-07T15:46:15.601+0000] {logging_mixin.py:151} INFO - [2023-09-07T15:46:15.600+0000] {dag.py:3677} INFO - Setting next_dagrun for example_python_operator to None, run_after=None
[2023-09-07T15:46:15.620+0000] {processor.py:179} INFO - Processing /home/airflow/.local/lib/python3.8/site-packages/airflow/example_dags/example_python_operator.py took 0.075 seconds
