[2023-09-07T15:44:40.302+0000] {processor.py:157} INFO - Started process (PID=49) to work on /home/airflow/.local/lib/python3.8/site-packages/airflow/example_dags/example_kubernetes_executor.py
[2023-09-07T15:44:40.304+0000] {processor.py:829} INFO - Processing file /home/airflow/.local/lib/python3.8/site-packages/airflow/example_dags/example_kubernetes_executor.py for tasks to queue
[2023-09-07T15:44:40.307+0000] {logging_mixin.py:151} INFO - [2023-09-07T15:44:40.306+0000] {dagbag.py:539} INFO - Filling up the DagBag from /home/airflow/.local/lib/python3.8/site-packages/airflow/example_dags/example_kubernetes_executor.py
[2023-09-07T15:44:40.930+0000] {processor.py:839} INFO - DAG(s) dict_keys(['example_kubernetes_executor']) retrieved from /home/airflow/.local/lib/python3.8/site-packages/airflow/example_dags/example_kubernetes_executor.py
[2023-09-07T15:44:40.942+0000] {logging_mixin.py:151} INFO - [2023-09-07T15:44:40.941+0000] {dag.py:2907} INFO - Sync 1 DAGs
[2023-09-07T15:44:40.953+0000] {logging_mixin.py:151} INFO - [2023-09-07T15:44:40.953+0000] {dag.py:3677} INFO - Setting next_dagrun for example_kubernetes_executor to None, run_after=None
[2023-09-07T15:44:40.971+0000] {processor.py:179} INFO - Processing /home/airflow/.local/lib/python3.8/site-packages/airflow/example_dags/example_kubernetes_executor.py took 0.673 seconds
[2023-09-07T15:45:11.405+0000] {processor.py:157} INFO - Started process (PID=103) to work on /home/airflow/.local/lib/python3.8/site-packages/airflow/example_dags/example_kubernetes_executor.py
[2023-09-07T15:45:11.407+0000] {processor.py:829} INFO - Processing file /home/airflow/.local/lib/python3.8/site-packages/airflow/example_dags/example_kubernetes_executor.py for tasks to queue
[2023-09-07T15:45:11.410+0000] {logging_mixin.py:151} INFO - [2023-09-07T15:45:11.410+0000] {dagbag.py:539} INFO - Filling up the DagBag from /home/airflow/.local/lib/python3.8/site-packages/airflow/example_dags/example_kubernetes_executor.py
[2023-09-07T15:45:11.719+0000] {processor.py:839} INFO - DAG(s) dict_keys(['example_kubernetes_executor']) retrieved from /home/airflow/.local/lib/python3.8/site-packages/airflow/example_dags/example_kubernetes_executor.py
[2023-09-07T15:45:11.769+0000] {logging_mixin.py:151} INFO - [2023-09-07T15:45:11.769+0000] {dag.py:2907} INFO - Sync 1 DAGs
[2023-09-07T15:45:11.790+0000] {logging_mixin.py:151} INFO - [2023-09-07T15:45:11.789+0000] {dag.py:3677} INFO - Setting next_dagrun for example_kubernetes_executor to None, run_after=None
[2023-09-07T15:45:11.814+0000] {processor.py:179} INFO - Processing /home/airflow/.local/lib/python3.8/site-packages/airflow/example_dags/example_kubernetes_executor.py took 0.414 seconds
[2023-09-07T15:45:42.638+0000] {processor.py:157} INFO - Started process (PID=157) to work on /home/airflow/.local/lib/python3.8/site-packages/airflow/example_dags/example_kubernetes_executor.py
[2023-09-07T15:45:42.639+0000] {processor.py:829} INFO - Processing file /home/airflow/.local/lib/python3.8/site-packages/airflow/example_dags/example_kubernetes_executor.py for tasks to queue
[2023-09-07T15:45:42.643+0000] {logging_mixin.py:151} INFO - [2023-09-07T15:45:42.642+0000] {dagbag.py:539} INFO - Filling up the DagBag from /home/airflow/.local/lib/python3.8/site-packages/airflow/example_dags/example_kubernetes_executor.py
[2023-09-07T15:45:42.888+0000] {processor.py:839} INFO - DAG(s) dict_keys(['example_kubernetes_executor']) retrieved from /home/airflow/.local/lib/python3.8/site-packages/airflow/example_dags/example_kubernetes_executor.py
[2023-09-07T15:45:42.926+0000] {logging_mixin.py:151} INFO - [2023-09-07T15:45:42.926+0000] {dag.py:2907} INFO - Sync 1 DAGs
[2023-09-07T15:45:42.940+0000] {logging_mixin.py:151} INFO - [2023-09-07T15:45:42.939+0000] {dag.py:3677} INFO - Setting next_dagrun for example_kubernetes_executor to None, run_after=None
[2023-09-07T15:45:42.957+0000] {processor.py:179} INFO - Processing /home/airflow/.local/lib/python3.8/site-packages/airflow/example_dags/example_kubernetes_executor.py took 0.323 seconds
[2023-09-07T15:46:13.338+0000] {processor.py:157} INFO - Started process (PID=211) to work on /home/airflow/.local/lib/python3.8/site-packages/airflow/example_dags/example_kubernetes_executor.py
[2023-09-07T15:46:13.340+0000] {processor.py:829} INFO - Processing file /home/airflow/.local/lib/python3.8/site-packages/airflow/example_dags/example_kubernetes_executor.py for tasks to queue
[2023-09-07T15:46:13.343+0000] {logging_mixin.py:151} INFO - [2023-09-07T15:46:13.343+0000] {dagbag.py:539} INFO - Filling up the DagBag from /home/airflow/.local/lib/python3.8/site-packages/airflow/example_dags/example_kubernetes_executor.py
[2023-09-07T15:46:13.598+0000] {processor.py:839} INFO - DAG(s) dict_keys(['example_kubernetes_executor']) retrieved from /home/airflow/.local/lib/python3.8/site-packages/airflow/example_dags/example_kubernetes_executor.py
[2023-09-07T15:46:13.633+0000] {logging_mixin.py:151} INFO - [2023-09-07T15:46:13.632+0000] {dag.py:2907} INFO - Sync 1 DAGs
[2023-09-07T15:46:13.646+0000] {logging_mixin.py:151} INFO - [2023-09-07T15:46:13.646+0000] {dag.py:3677} INFO - Setting next_dagrun for example_kubernetes_executor to None, run_after=None
[2023-09-07T15:46:13.666+0000] {processor.py:179} INFO - Processing /home/airflow/.local/lib/python3.8/site-packages/airflow/example_dags/example_kubernetes_executor.py took 0.333 seconds
