[2023-09-07T15:44:42.427+0000] {processor.py:157} INFO - Started process (PID=60) to work on /home/airflow/.local/lib/python3.8/site-packages/airflow/example_dags/example_short_circuit_decorator.py
[2023-09-07T15:44:42.428+0000] {processor.py:829} INFO - Processing file /home/airflow/.local/lib/python3.8/site-packages/airflow/example_dags/example_short_circuit_decorator.py for tasks to queue
[2023-09-07T15:44:42.431+0000] {logging_mixin.py:151} INFO - [2023-09-07T15:44:42.431+0000] {dagbag.py:539} INFO - Filling up the DagBag from /home/airflow/.local/lib/python3.8/site-packages/airflow/example_dags/example_short_circuit_decorator.py
[2023-09-07T15:44:42.450+0000] {processor.py:839} INFO - DAG(s) dict_keys(['example_short_circuit_decorator']) retrieved from /home/airflow/.local/lib/python3.8/site-packages/airflow/example_dags/example_short_circuit_decorator.py
[2023-09-07T15:44:42.470+0000] {logging_mixin.py:151} INFO - [2023-09-07T15:44:42.469+0000] {dag.py:2907} INFO - Sync 1 DAGs
[2023-09-07T15:44:42.506+0000] {logging_mixin.py:151} INFO - [2023-09-07T15:44:42.506+0000] {dag.py:3677} INFO - Setting next_dagrun for example_short_circuit_decorator to 2023-09-06T15:44:42.506231+00:00, run_after=2023-09-07T15:44:42.506231+00:00
[2023-09-07T15:44:42.530+0000] {processor.py:179} INFO - Processing /home/airflow/.local/lib/python3.8/site-packages/airflow/example_dags/example_short_circuit_decorator.py took 0.110 seconds
[2023-09-07T15:45:13.460+0000] {processor.py:157} INFO - Started process (PID=114) to work on /home/airflow/.local/lib/python3.8/site-packages/airflow/example_dags/example_short_circuit_decorator.py
[2023-09-07T15:45:13.461+0000] {processor.py:829} INFO - Processing file /home/airflow/.local/lib/python3.8/site-packages/airflow/example_dags/example_short_circuit_decorator.py for tasks to queue
[2023-09-07T15:45:13.464+0000] {logging_mixin.py:151} INFO - [2023-09-07T15:45:13.464+0000] {dagbag.py:539} INFO - Filling up the DagBag from /home/airflow/.local/lib/python3.8/site-packages/airflow/example_dags/example_short_circuit_decorator.py
[2023-09-07T15:45:13.474+0000] {processor.py:839} INFO - DAG(s) dict_keys(['example_short_circuit_decorator']) retrieved from /home/airflow/.local/lib/python3.8/site-packages/airflow/example_dags/example_short_circuit_decorator.py
[2023-09-07T15:45:13.499+0000] {logging_mixin.py:151} INFO - [2023-09-07T15:45:13.499+0000] {dag.py:2907} INFO - Sync 1 DAGs
[2023-09-07T15:45:13.522+0000] {logging_mixin.py:151} INFO - [2023-09-07T15:45:13.521+0000] {dag.py:3677} INFO - Setting next_dagrun for example_short_circuit_decorator to 2023-09-06T15:45:13.521503+00:00, run_after=2023-09-07T15:45:13.521503+00:00
[2023-09-07T15:45:13.539+0000] {processor.py:179} INFO - Processing /home/airflow/.local/lib/python3.8/site-packages/airflow/example_dags/example_short_circuit_decorator.py took 0.082 seconds
[2023-09-07T15:45:44.533+0000] {processor.py:157} INFO - Started process (PID=168) to work on /home/airflow/.local/lib/python3.8/site-packages/airflow/example_dags/example_short_circuit_decorator.py
[2023-09-07T15:45:44.534+0000] {processor.py:829} INFO - Processing file /home/airflow/.local/lib/python3.8/site-packages/airflow/example_dags/example_short_circuit_decorator.py for tasks to queue
[2023-09-07T15:45:44.537+0000] {logging_mixin.py:151} INFO - [2023-09-07T15:45:44.536+0000] {dagbag.py:539} INFO - Filling up the DagBag from /home/airflow/.local/lib/python3.8/site-packages/airflow/example_dags/example_short_circuit_decorator.py
[2023-09-07T15:45:44.547+0000] {processor.py:839} INFO - DAG(s) dict_keys(['example_short_circuit_decorator']) retrieved from /home/airflow/.local/lib/python3.8/site-packages/airflow/example_dags/example_short_circuit_decorator.py
[2023-09-07T15:45:44.571+0000] {logging_mixin.py:151} INFO - [2023-09-07T15:45:44.571+0000] {dag.py:2907} INFO - Sync 1 DAGs
[2023-09-07T15:45:44.596+0000] {logging_mixin.py:151} INFO - [2023-09-07T15:45:44.596+0000] {dag.py:3677} INFO - Setting next_dagrun for example_short_circuit_decorator to 2023-09-06T15:45:44.596311+00:00, run_after=2023-09-07T15:45:44.596311+00:00
[2023-09-07T15:45:44.614+0000] {processor.py:179} INFO - Processing /home/airflow/.local/lib/python3.8/site-packages/airflow/example_dags/example_short_circuit_decorator.py took 0.085 seconds
[2023-09-07T15:46:15.252+0000] {processor.py:157} INFO - Started process (PID=222) to work on /home/airflow/.local/lib/python3.8/site-packages/airflow/example_dags/example_short_circuit_decorator.py
[2023-09-07T15:46:15.254+0000] {processor.py:829} INFO - Processing file /home/airflow/.local/lib/python3.8/site-packages/airflow/example_dags/example_short_circuit_decorator.py for tasks to queue
[2023-09-07T15:46:15.257+0000] {logging_mixin.py:151} INFO - [2023-09-07T15:46:15.256+0000] {dagbag.py:539} INFO - Filling up the DagBag from /home/airflow/.local/lib/python3.8/site-packages/airflow/example_dags/example_short_circuit_decorator.py
[2023-09-07T15:46:15.267+0000] {processor.py:839} INFO - DAG(s) dict_keys(['example_short_circuit_decorator']) retrieved from /home/airflow/.local/lib/python3.8/site-packages/airflow/example_dags/example_short_circuit_decorator.py
[2023-09-07T15:46:15.291+0000] {logging_mixin.py:151} INFO - [2023-09-07T15:46:15.290+0000] {dag.py:2907} INFO - Sync 1 DAGs
[2023-09-07T15:46:15.313+0000] {logging_mixin.py:151} INFO - [2023-09-07T15:46:15.313+0000] {dag.py:3677} INFO - Setting next_dagrun for example_short_circuit_decorator to 2023-09-06T15:46:15.313215+00:00, run_after=2023-09-07T15:46:15.313215+00:00
[2023-09-07T15:46:15.330+0000] {processor.py:179} INFO - Processing /home/airflow/.local/lib/python3.8/site-packages/airflow/example_dags/example_short_circuit_decorator.py took 0.081 seconds
