[2023-09-07T15:44:39.267+0000] {processor.py:157} INFO - Started process (PID=43) to work on /home/airflow/.local/lib/python3.8/site-packages/airflow/example_dags/tutorial_dag.py
[2023-09-07T15:44:39.270+0000] {processor.py:829} INFO - Processing file /home/airflow/.local/lib/python3.8/site-packages/airflow/example_dags/tutorial_dag.py for tasks to queue
[2023-09-07T15:44:39.274+0000] {logging_mixin.py:151} INFO - [2023-09-07T15:44:39.274+0000] {dagbag.py:539} INFO - Filling up the DagBag from /home/airflow/.local/lib/python3.8/site-packages/airflow/example_dags/tutorial_dag.py
[2023-09-07T15:44:39.287+0000] {processor.py:839} INFO - DAG(s) dict_keys(['tutorial_dag']) retrieved from /home/airflow/.local/lib/python3.8/site-packages/airflow/example_dags/tutorial_dag.py
[2023-09-07T15:44:39.308+0000] {logging_mixin.py:151} INFO - [2023-09-07T15:44:39.307+0000] {dag.py:2907} INFO - Sync 1 DAGs
[2023-09-07T15:44:39.472+0000] {logging_mixin.py:151} INFO - [2023-09-07T15:44:39.472+0000] {dag.py:3677} INFO - Setting next_dagrun for tutorial_dag to None, run_after=None
[2023-09-07T15:44:39.501+0000] {processor.py:179} INFO - Processing /home/airflow/.local/lib/python3.8/site-packages/airflow/example_dags/tutorial_dag.py took 0.238 seconds
[2023-09-07T15:45:10.099+0000] {processor.py:157} INFO - Started process (PID=97) to work on /home/airflow/.local/lib/python3.8/site-packages/airflow/example_dags/tutorial_dag.py
[2023-09-07T15:45:10.100+0000] {processor.py:829} INFO - Processing file /home/airflow/.local/lib/python3.8/site-packages/airflow/example_dags/tutorial_dag.py for tasks to queue
[2023-09-07T15:45:10.103+0000] {logging_mixin.py:151} INFO - [2023-09-07T15:45:10.102+0000] {dagbag.py:539} INFO - Filling up the DagBag from /home/airflow/.local/lib/python3.8/site-packages/airflow/example_dags/tutorial_dag.py
[2023-09-07T15:45:10.109+0000] {processor.py:839} INFO - DAG(s) dict_keys(['tutorial_dag']) retrieved from /home/airflow/.local/lib/python3.8/site-packages/airflow/example_dags/tutorial_dag.py
[2023-09-07T15:45:10.131+0000] {logging_mixin.py:151} INFO - [2023-09-07T15:45:10.131+0000] {dag.py:2907} INFO - Sync 1 DAGs
[2023-09-07T15:45:10.147+0000] {logging_mixin.py:151} INFO - [2023-09-07T15:45:10.147+0000] {dag.py:3677} INFO - Setting next_dagrun for tutorial_dag to None, run_after=None
[2023-09-07T15:45:10.166+0000] {processor.py:179} INFO - Processing /home/airflow/.local/lib/python3.8/site-packages/airflow/example_dags/tutorial_dag.py took 0.071 seconds
[2023-09-07T15:45:40.343+0000] {processor.py:157} INFO - Started process (PID=151) to work on /home/airflow/.local/lib/python3.8/site-packages/airflow/example_dags/tutorial_dag.py
[2023-09-07T15:45:40.345+0000] {processor.py:829} INFO - Processing file /home/airflow/.local/lib/python3.8/site-packages/airflow/example_dags/tutorial_dag.py for tasks to queue
[2023-09-07T15:45:40.348+0000] {logging_mixin.py:151} INFO - [2023-09-07T15:45:40.347+0000] {dagbag.py:539} INFO - Filling up the DagBag from /home/airflow/.local/lib/python3.8/site-packages/airflow/example_dags/tutorial_dag.py
[2023-09-07T15:45:40.354+0000] {processor.py:839} INFO - DAG(s) dict_keys(['tutorial_dag']) retrieved from /home/airflow/.local/lib/python3.8/site-packages/airflow/example_dags/tutorial_dag.py
[2023-09-07T15:45:40.397+0000] {logging_mixin.py:151} INFO - [2023-09-07T15:45:40.396+0000] {dag.py:2907} INFO - Sync 1 DAGs
[2023-09-07T15:45:40.411+0000] {logging_mixin.py:151} INFO - [2023-09-07T15:45:40.411+0000] {dag.py:3677} INFO - Setting next_dagrun for tutorial_dag to None, run_after=None
[2023-09-07T15:45:40.429+0000] {processor.py:179} INFO - Processing /home/airflow/.local/lib/python3.8/site-packages/airflow/example_dags/tutorial_dag.py took 0.089 seconds
[2023-09-07T15:46:11.046+0000] {processor.py:157} INFO - Started process (PID=205) to work on /home/airflow/.local/lib/python3.8/site-packages/airflow/example_dags/tutorial_dag.py
[2023-09-07T15:46:11.048+0000] {processor.py:829} INFO - Processing file /home/airflow/.local/lib/python3.8/site-packages/airflow/example_dags/tutorial_dag.py for tasks to queue
[2023-09-07T15:46:11.051+0000] {logging_mixin.py:151} INFO - [2023-09-07T15:46:11.051+0000] {dagbag.py:539} INFO - Filling up the DagBag from /home/airflow/.local/lib/python3.8/site-packages/airflow/example_dags/tutorial_dag.py
[2023-09-07T15:46:11.058+0000] {processor.py:839} INFO - DAG(s) dict_keys(['tutorial_dag']) retrieved from /home/airflow/.local/lib/python3.8/site-packages/airflow/example_dags/tutorial_dag.py
[2023-09-07T15:46:11.084+0000] {logging_mixin.py:151} INFO - [2023-09-07T15:46:11.083+0000] {dag.py:2907} INFO - Sync 1 DAGs
[2023-09-07T15:46:11.098+0000] {logging_mixin.py:151} INFO - [2023-09-07T15:46:11.097+0000] {dag.py:3677} INFO - Setting next_dagrun for tutorial_dag to None, run_after=None
[2023-09-07T15:46:11.116+0000] {processor.py:179} INFO - Processing /home/airflow/.local/lib/python3.8/site-packages/airflow/example_dags/tutorial_dag.py took 0.074 seconds
