[2023-09-07T15:44:43.395+0000] {processor.py:157} INFO - Started process (PID=74) to work on /home/airflow/.local/lib/python3.8/site-packages/airflow/example_dags/tutorial_taskflow_api_virtualenv.py
[2023-09-07T15:44:43.397+0000] {processor.py:829} INFO - Processing file /home/airflow/.local/lib/python3.8/site-packages/airflow/example_dags/tutorial_taskflow_api_virtualenv.py for tasks to queue
[2023-09-07T15:44:43.400+0000] {logging_mixin.py:151} INFO - [2023-09-07T15:44:43.400+0000] {dagbag.py:539} INFO - Filling up the DagBag from /home/airflow/.local/lib/python3.8/site-packages/airflow/example_dags/tutorial_taskflow_api_virtualenv.py
[2023-09-07T15:44:43.409+0000] {processor.py:839} INFO - DAG(s) dict_keys(['tutorial_taskflow_api_virtualenv']) retrieved from /home/airflow/.local/lib/python3.8/site-packages/airflow/example_dags/tutorial_taskflow_api_virtualenv.py
[2023-09-07T15:44:43.423+0000] {logging_mixin.py:151} INFO - [2023-09-07T15:44:43.423+0000] {dag.py:2907} INFO - Sync 1 DAGs
[2023-09-07T15:44:43.438+0000] {logging_mixin.py:151} INFO - [2023-09-07T15:44:43.438+0000] {dag.py:3677} INFO - Setting next_dagrun for tutorial_taskflow_api_virtualenv to None, run_after=None
[2023-09-07T15:44:43.457+0000] {processor.py:179} INFO - Processing /home/airflow/.local/lib/python3.8/site-packages/airflow/example_dags/tutorial_taskflow_api_virtualenv.py took 0.065 seconds
[2023-09-07T15:45:14.280+0000] {processor.py:157} INFO - Started process (PID=128) to work on /home/airflow/.local/lib/python3.8/site-packages/airflow/example_dags/tutorial_taskflow_api_virtualenv.py
[2023-09-07T15:45:14.281+0000] {processor.py:829} INFO - Processing file /home/airflow/.local/lib/python3.8/site-packages/airflow/example_dags/tutorial_taskflow_api_virtualenv.py for tasks to queue
[2023-09-07T15:45:14.283+0000] {logging_mixin.py:151} INFO - [2023-09-07T15:45:14.283+0000] {dagbag.py:539} INFO - Filling up the DagBag from /home/airflow/.local/lib/python3.8/site-packages/airflow/example_dags/tutorial_taskflow_api_virtualenv.py
[2023-09-07T15:45:14.292+0000] {processor.py:839} INFO - DAG(s) dict_keys(['tutorial_taskflow_api_virtualenv']) retrieved from /home/airflow/.local/lib/python3.8/site-packages/airflow/example_dags/tutorial_taskflow_api_virtualenv.py
[2023-09-07T15:45:14.315+0000] {logging_mixin.py:151} INFO - [2023-09-07T15:45:14.314+0000] {dag.py:2907} INFO - Sync 1 DAGs
[2023-09-07T15:45:14.329+0000] {logging_mixin.py:151} INFO - [2023-09-07T15:45:14.329+0000] {dag.py:3677} INFO - Setting next_dagrun for tutorial_taskflow_api_virtualenv to None, run_after=None
[2023-09-07T15:45:14.347+0000] {processor.py:179} INFO - Processing /home/airflow/.local/lib/python3.8/site-packages/airflow/example_dags/tutorial_taskflow_api_virtualenv.py took 0.071 seconds
[2023-09-07T15:45:45.264+0000] {processor.py:157} INFO - Started process (PID=182) to work on /home/airflow/.local/lib/python3.8/site-packages/airflow/example_dags/tutorial_taskflow_api_virtualenv.py
[2023-09-07T15:45:45.265+0000] {processor.py:829} INFO - Processing file /home/airflow/.local/lib/python3.8/site-packages/airflow/example_dags/tutorial_taskflow_api_virtualenv.py for tasks to queue
[2023-09-07T15:45:45.268+0000] {logging_mixin.py:151} INFO - [2023-09-07T15:45:45.267+0000] {dagbag.py:539} INFO - Filling up the DagBag from /home/airflow/.local/lib/python3.8/site-packages/airflow/example_dags/tutorial_taskflow_api_virtualenv.py
[2023-09-07T15:45:45.276+0000] {processor.py:839} INFO - DAG(s) dict_keys(['tutorial_taskflow_api_virtualenv']) retrieved from /home/airflow/.local/lib/python3.8/site-packages/airflow/example_dags/tutorial_taskflow_api_virtualenv.py
[2023-09-07T15:45:45.297+0000] {logging_mixin.py:151} INFO - [2023-09-07T15:45:45.297+0000] {dag.py:2907} INFO - Sync 1 DAGs
[2023-09-07T15:45:45.312+0000] {logging_mixin.py:151} INFO - [2023-09-07T15:45:45.312+0000] {dag.py:3677} INFO - Setting next_dagrun for tutorial_taskflow_api_virtualenv to None, run_after=None
[2023-09-07T15:45:45.330+0000] {processor.py:179} INFO - Processing /home/airflow/.local/lib/python3.8/site-packages/airflow/example_dags/tutorial_taskflow_api_virtualenv.py took 0.070 seconds
[2023-09-07T15:46:15.973+0000] {processor.py:157} INFO - Started process (PID=236) to work on /home/airflow/.local/lib/python3.8/site-packages/airflow/example_dags/tutorial_taskflow_api_virtualenv.py
[2023-09-07T15:46:15.974+0000] {processor.py:829} INFO - Processing file /home/airflow/.local/lib/python3.8/site-packages/airflow/example_dags/tutorial_taskflow_api_virtualenv.py for tasks to queue
[2023-09-07T15:46:15.977+0000] {logging_mixin.py:151} INFO - [2023-09-07T15:46:15.977+0000] {dagbag.py:539} INFO - Filling up the DagBag from /home/airflow/.local/lib/python3.8/site-packages/airflow/example_dags/tutorial_taskflow_api_virtualenv.py
[2023-09-07T15:46:15.985+0000] {processor.py:839} INFO - DAG(s) dict_keys(['tutorial_taskflow_api_virtualenv']) retrieved from /home/airflow/.local/lib/python3.8/site-packages/airflow/example_dags/tutorial_taskflow_api_virtualenv.py
[2023-09-07T15:46:16.006+0000] {logging_mixin.py:151} INFO - [2023-09-07T15:46:16.006+0000] {dag.py:2907} INFO - Sync 1 DAGs
[2023-09-07T15:46:16.020+0000] {logging_mixin.py:151} INFO - [2023-09-07T15:46:16.020+0000] {dag.py:3677} INFO - Setting next_dagrun for tutorial_taskflow_api_virtualenv to None, run_after=None
[2023-09-07T15:46:16.037+0000] {processor.py:179} INFO - Processing /home/airflow/.local/lib/python3.8/site-packages/airflow/example_dags/tutorial_taskflow_api_virtualenv.py took 0.068 seconds
