[2023-09-07T15:44:43.034+0000] {processor.py:157} INFO - Started process (PID=69) to work on /home/airflow/.local/lib/python3.8/site-packages/airflow/example_dags/tutorial.py
[2023-09-07T15:44:43.037+0000] {processor.py:829} INFO - Processing file /home/airflow/.local/lib/python3.8/site-packages/airflow/example_dags/tutorial.py for tasks to queue
[2023-09-07T15:44:43.043+0000] {logging_mixin.py:151} INFO - [2023-09-07T15:44:43.042+0000] {dagbag.py:539} INFO - Filling up the DagBag from /home/airflow/.local/lib/python3.8/site-packages/airflow/example_dags/tutorial.py
[2023-09-07T15:44:43.060+0000] {processor.py:839} INFO - DAG(s) dict_keys(['tutorial']) retrieved from /home/airflow/.local/lib/python3.8/site-packages/airflow/example_dags/tutorial.py
[2023-09-07T15:44:43.080+0000] {logging_mixin.py:151} INFO - [2023-09-07T15:44:43.080+0000] {dag.py:2907} INFO - Sync 1 DAGs
[2023-09-07T15:44:43.108+0000] {logging_mixin.py:151} INFO - [2023-09-07T15:44:43.108+0000] {dag.py:3677} INFO - Setting next_dagrun for tutorial to 2023-09-06T15:44:43.108123+00:00, run_after=2023-09-07T15:44:43.108123+00:00
[2023-09-07T15:44:43.133+0000] {processor.py:179} INFO - Processing /home/airflow/.local/lib/python3.8/site-packages/airflow/example_dags/tutorial.py took 0.108 seconds
[2023-09-07T15:45:14.055+0000] {processor.py:157} INFO - Started process (PID=123) to work on /home/airflow/.local/lib/python3.8/site-packages/airflow/example_dags/tutorial.py
[2023-09-07T15:45:14.057+0000] {processor.py:829} INFO - Processing file /home/airflow/.local/lib/python3.8/site-packages/airflow/example_dags/tutorial.py for tasks to queue
[2023-09-07T15:45:14.059+0000] {logging_mixin.py:151} INFO - [2023-09-07T15:45:14.059+0000] {dagbag.py:539} INFO - Filling up the DagBag from /home/airflow/.local/lib/python3.8/site-packages/airflow/example_dags/tutorial.py
[2023-09-07T15:45:14.066+0000] {processor.py:839} INFO - DAG(s) dict_keys(['tutorial']) retrieved from /home/airflow/.local/lib/python3.8/site-packages/airflow/example_dags/tutorial.py
[2023-09-07T15:45:14.090+0000] {logging_mixin.py:151} INFO - [2023-09-07T15:45:14.090+0000] {dag.py:2907} INFO - Sync 1 DAGs
[2023-09-07T15:45:14.112+0000] {logging_mixin.py:151} INFO - [2023-09-07T15:45:14.112+0000] {dag.py:3677} INFO - Setting next_dagrun for tutorial to 2023-09-06T15:45:14.112252+00:00, run_after=2023-09-07T15:45:14.112252+00:00
[2023-09-07T15:45:14.130+0000] {processor.py:179} INFO - Processing /home/airflow/.local/lib/python3.8/site-packages/airflow/example_dags/tutorial.py took 0.078 seconds
[2023-09-07T15:45:45.017+0000] {processor.py:157} INFO - Started process (PID=177) to work on /home/airflow/.local/lib/python3.8/site-packages/airflow/example_dags/tutorial.py
[2023-09-07T15:45:45.018+0000] {processor.py:829} INFO - Processing file /home/airflow/.local/lib/python3.8/site-packages/airflow/example_dags/tutorial.py for tasks to queue
[2023-09-07T15:45:45.021+0000] {logging_mixin.py:151} INFO - [2023-09-07T15:45:45.021+0000] {dagbag.py:539} INFO - Filling up the DagBag from /home/airflow/.local/lib/python3.8/site-packages/airflow/example_dags/tutorial.py
[2023-09-07T15:45:45.028+0000] {processor.py:839} INFO - DAG(s) dict_keys(['tutorial']) retrieved from /home/airflow/.local/lib/python3.8/site-packages/airflow/example_dags/tutorial.py
[2023-09-07T15:45:45.050+0000] {logging_mixin.py:151} INFO - [2023-09-07T15:45:45.049+0000] {dag.py:2907} INFO - Sync 1 DAGs
[2023-09-07T15:45:45.072+0000] {logging_mixin.py:151} INFO - [2023-09-07T15:45:45.072+0000] {dag.py:3677} INFO - Setting next_dagrun for tutorial to 2023-09-06T15:45:45.072029+00:00, run_after=2023-09-07T15:45:45.072029+00:00
[2023-09-07T15:45:45.089+0000] {processor.py:179} INFO - Processing /home/airflow/.local/lib/python3.8/site-packages/airflow/example_dags/tutorial.py took 0.076 seconds
[2023-09-07T15:46:15.729+0000] {processor.py:157} INFO - Started process (PID=231) to work on /home/airflow/.local/lib/python3.8/site-packages/airflow/example_dags/tutorial.py
[2023-09-07T15:46:15.731+0000] {processor.py:829} INFO - Processing file /home/airflow/.local/lib/python3.8/site-packages/airflow/example_dags/tutorial.py for tasks to queue
[2023-09-07T15:46:15.734+0000] {logging_mixin.py:151} INFO - [2023-09-07T15:46:15.734+0000] {dagbag.py:539} INFO - Filling up the DagBag from /home/airflow/.local/lib/python3.8/site-packages/airflow/example_dags/tutorial.py
[2023-09-07T15:46:15.741+0000] {processor.py:839} INFO - DAG(s) dict_keys(['tutorial']) retrieved from /home/airflow/.local/lib/python3.8/site-packages/airflow/example_dags/tutorial.py
[2023-09-07T15:46:15.764+0000] {logging_mixin.py:151} INFO - [2023-09-07T15:46:15.764+0000] {dag.py:2907} INFO - Sync 1 DAGs
[2023-09-07T15:46:15.787+0000] {logging_mixin.py:151} INFO - [2023-09-07T15:46:15.787+0000] {dag.py:3677} INFO - Setting next_dagrun for tutorial to 2023-09-06T15:46:15.786997+00:00, run_after=2023-09-07T15:46:15.786997+00:00
[2023-09-07T15:46:15.804+0000] {processor.py:179} INFO - Processing /home/airflow/.local/lib/python3.8/site-packages/airflow/example_dags/tutorial.py took 0.079 seconds
