[2023-09-07T15:44:38.133+0000] {processor.py:157} INFO - Started process (PID=34) to work on /home/airflow/.local/lib/python3.8/site-packages/airflow/example_dags/tutorial_taskflow_api.py
[2023-09-07T15:44:38.135+0000] {processor.py:829} INFO - Processing file /home/airflow/.local/lib/python3.8/site-packages/airflow/example_dags/tutorial_taskflow_api.py for tasks to queue
[2023-09-07T15:44:38.138+0000] {logging_mixin.py:151} INFO - [2023-09-07T15:44:38.138+0000] {dagbag.py:539} INFO - Filling up the DagBag from /home/airflow/.local/lib/python3.8/site-packages/airflow/example_dags/tutorial_taskflow_api.py
[2023-09-07T15:44:38.155+0000] {processor.py:839} INFO - DAG(s) dict_keys(['tutorial_taskflow_api']) retrieved from /home/airflow/.local/lib/python3.8/site-packages/airflow/example_dags/tutorial_taskflow_api.py
[2023-09-07T15:44:38.190+0000] {logging_mixin.py:151} INFO - [2023-09-07T15:44:38.190+0000] {dag.py:2907} INFO - Sync 1 DAGs
[2023-09-07T15:44:38.204+0000] {logging_mixin.py:151} INFO - [2023-09-07T15:44:38.204+0000] {dag.py:3677} INFO - Setting next_dagrun for tutorial_taskflow_api to None, run_after=None
[2023-09-07T15:44:38.224+0000] {processor.py:179} INFO - Processing /home/airflow/.local/lib/python3.8/site-packages/airflow/example_dags/tutorial_taskflow_api.py took 0.095 seconds
[2023-09-07T15:45:08.636+0000] {processor.py:157} INFO - Started process (PID=88) to work on /home/airflow/.local/lib/python3.8/site-packages/airflow/example_dags/tutorial_taskflow_api.py
[2023-09-07T15:45:08.637+0000] {processor.py:829} INFO - Processing file /home/airflow/.local/lib/python3.8/site-packages/airflow/example_dags/tutorial_taskflow_api.py for tasks to queue
[2023-09-07T15:45:08.640+0000] {logging_mixin.py:151} INFO - [2023-09-07T15:45:08.640+0000] {dagbag.py:539} INFO - Filling up the DagBag from /home/airflow/.local/lib/python3.8/site-packages/airflow/example_dags/tutorial_taskflow_api.py
[2023-09-07T15:45:08.649+0000] {processor.py:839} INFO - DAG(s) dict_keys(['tutorial_taskflow_api']) retrieved from /home/airflow/.local/lib/python3.8/site-packages/airflow/example_dags/tutorial_taskflow_api.py
[2023-09-07T15:45:08.687+0000] {logging_mixin.py:151} INFO - [2023-09-07T15:45:08.687+0000] {dag.py:2907} INFO - Sync 1 DAGs
[2023-09-07T15:45:08.709+0000] {logging_mixin.py:151} INFO - [2023-09-07T15:45:08.709+0000] {dag.py:3677} INFO - Setting next_dagrun for tutorial_taskflow_api to None, run_after=None
[2023-09-07T15:45:08.733+0000] {processor.py:179} INFO - Processing /home/airflow/.local/lib/python3.8/site-packages/airflow/example_dags/tutorial_taskflow_api.py took 0.102 seconds
[2023-09-07T15:45:38.937+0000] {processor.py:157} INFO - Started process (PID=142) to work on /home/airflow/.local/lib/python3.8/site-packages/airflow/example_dags/tutorial_taskflow_api.py
[2023-09-07T15:45:38.939+0000] {processor.py:829} INFO - Processing file /home/airflow/.local/lib/python3.8/site-packages/airflow/example_dags/tutorial_taskflow_api.py for tasks to queue
[2023-09-07T15:45:38.942+0000] {logging_mixin.py:151} INFO - [2023-09-07T15:45:38.941+0000] {dagbag.py:539} INFO - Filling up the DagBag from /home/airflow/.local/lib/python3.8/site-packages/airflow/example_dags/tutorial_taskflow_api.py
[2023-09-07T15:45:38.950+0000] {processor.py:839} INFO - DAG(s) dict_keys(['tutorial_taskflow_api']) retrieved from /home/airflow/.local/lib/python3.8/site-packages/airflow/example_dags/tutorial_taskflow_api.py
[2023-09-07T15:45:38.973+0000] {logging_mixin.py:151} INFO - [2023-09-07T15:45:38.972+0000] {dag.py:2907} INFO - Sync 1 DAGs
[2023-09-07T15:45:38.986+0000] {logging_mixin.py:151} INFO - [2023-09-07T15:45:38.986+0000] {dag.py:3677} INFO - Setting next_dagrun for tutorial_taskflow_api to None, run_after=None
[2023-09-07T15:45:39.003+0000] {processor.py:179} INFO - Processing /home/airflow/.local/lib/python3.8/site-packages/airflow/example_dags/tutorial_taskflow_api.py took 0.070 seconds
[2023-09-07T15:46:09.624+0000] {processor.py:157} INFO - Started process (PID=196) to work on /home/airflow/.local/lib/python3.8/site-packages/airflow/example_dags/tutorial_taskflow_api.py
[2023-09-07T15:46:09.628+0000] {processor.py:829} INFO - Processing file /home/airflow/.local/lib/python3.8/site-packages/airflow/example_dags/tutorial_taskflow_api.py for tasks to queue
[2023-09-07T15:46:09.631+0000] {logging_mixin.py:151} INFO - [2023-09-07T15:46:09.631+0000] {dagbag.py:539} INFO - Filling up the DagBag from /home/airflow/.local/lib/python3.8/site-packages/airflow/example_dags/tutorial_taskflow_api.py
[2023-09-07T15:46:09.639+0000] {processor.py:839} INFO - DAG(s) dict_keys(['tutorial_taskflow_api']) retrieved from /home/airflow/.local/lib/python3.8/site-packages/airflow/example_dags/tutorial_taskflow_api.py
[2023-09-07T15:46:09.661+0000] {logging_mixin.py:151} INFO - [2023-09-07T15:46:09.661+0000] {dag.py:2907} INFO - Sync 1 DAGs
[2023-09-07T15:46:09.675+0000] {logging_mixin.py:151} INFO - [2023-09-07T15:46:09.675+0000] {dag.py:3677} INFO - Setting next_dagrun for tutorial_taskflow_api to None, run_after=None
[2023-09-07T15:46:09.693+0000] {processor.py:179} INFO - Processing /home/airflow/.local/lib/python3.8/site-packages/airflow/example_dags/tutorial_taskflow_api.py took 0.073 seconds
