[2023-09-10T11:18:02.492+0000] {taskinstance.py:1159} INFO - Dependencies all met for dep_context=non-requeueable deps ti=<TaskInstance: file_sensor_dag.sense_file manual__2023-09-10T11:18:01.529651+00:00 [queued]>
[2023-09-10T11:18:02.502+0000] {taskinstance.py:1159} INFO - Dependencies all met for dep_context=requeueable deps ti=<TaskInstance: file_sensor_dag.sense_file manual__2023-09-10T11:18:01.529651+00:00 [queued]>
[2023-09-10T11:18:02.503+0000] {taskinstance.py:1361} INFO - Starting attempt 1 of 2
[2023-09-10T11:18:02.514+0000] {taskinstance.py:1382} INFO - Executing <Task(FileSensor): sense_file> on 2023-09-10 11:18:01.529651+00:00
[2023-09-10T11:18:02.519+0000] {standard_task_runner.py:57} INFO - Started process 570 to run task
[2023-09-10T11:18:02.523+0000] {standard_task_runner.py:84} INFO - Running: ['***', 'tasks', 'run', 'file_sensor_dag', 'sense_file', 'manual__2023-09-10T11:18:01.529651+00:00', '--job-id', '47', '--raw', '--subdir', 'DAGS_FOLDER/new_file_sensor_dag.py', '--cfg-path', '/tmp/tmpa_cm0kgk']
[2023-09-10T11:18:02.524+0000] {standard_task_runner.py:85} INFO - Job 47: Subtask sense_file
[2023-09-10T11:18:02.572+0000] {task_command.py:415} INFO - Running <TaskInstance: file_sensor_dag.sense_file manual__2023-09-10T11:18:01.529651+00:00 [running]> on host 207c7509dcbb
[2023-09-10T11:18:02.641+0000] {taskinstance.py:1660} INFO - Exporting env vars: AIRFLOW_CTX_DAG_OWNER='you' AIRFLOW_CTX_DAG_ID='file_sensor_dag' AIRFLOW_CTX_TASK_ID='sense_file' AIRFLOW_CTX_EXECUTION_DATE='2023-09-10T11:18:01.529651+00:00' AIRFLOW_CTX_TRY_NUMBER='1' AIRFLOW_CTX_DAG_RUN_ID='manual__2023-09-10T11:18:01.529651+00:00'
[2023-09-10T11:18:02.650+0000] {base.py:73} INFO - Using connection ID 'fs_default' for task execution.
[2023-09-10T11:18:02.651+0000] {filesystem.py:64} INFO - Poking for file /opt/***/plugins/WordbankEconomicData_Trimmed_v2.xlsx
[2023-09-10T11:18:12.671+0000] {base.py:73} INFO - Using connection ID 'fs_default' for task execution.
[2023-09-10T11:18:12.672+0000] {filesystem.py:64} INFO - Poking for file /opt/***/plugins/WordbankEconomicData_Trimmed_v2.xlsx
[2023-09-10T11:18:22.691+0000] {base.py:73} INFO - Using connection ID 'fs_default' for task execution.
[2023-09-10T11:18:22.692+0000] {filesystem.py:64} INFO - Poking for file /opt/***/plugins/WordbankEconomicData_Trimmed_v2.xlsx
[2023-09-10T11:18:32.696+0000] {base.py:73} INFO - Using connection ID 'fs_default' for task execution.
[2023-09-10T11:18:32.697+0000] {filesystem.py:64} INFO - Poking for file /opt/***/plugins/WordbankEconomicData_Trimmed_v2.xlsx
[2023-09-10T11:18:42.719+0000] {base.py:73} INFO - Using connection ID 'fs_default' for task execution.
[2023-09-10T11:18:42.720+0000] {filesystem.py:64} INFO - Poking for file /opt/***/plugins/WordbankEconomicData_Trimmed_v2.xlsx
[2023-09-10T11:18:52.739+0000] {base.py:73} INFO - Using connection ID 'fs_default' for task execution.
[2023-09-10T11:18:52.741+0000] {filesystem.py:64} INFO - Poking for file /opt/***/plugins/WordbankEconomicData_Trimmed_v2.xlsx
[2023-09-10T11:19:02.739+0000] {base.py:73} INFO - Using connection ID 'fs_default' for task execution.
[2023-09-10T11:19:02.740+0000] {filesystem.py:64} INFO - Poking for file /opt/***/plugins/WordbankEconomicData_Trimmed_v2.xlsx
[2023-09-10T11:19:02.741+0000] {taskinstance.py:1542} INFO - Sensor has timed out; run duration of 60.14202599300188 seconds exceeds the specified timeout of 60.0.
[2023-09-10T11:19:02.752+0000] {taskinstance.py:1400} INFO - Marking task as SKIPPED. dag_id=file_sensor_dag, task_id=sense_file, execution_date=20230910T111801, start_date=20230910T111802, end_date=20230910T111902
[2023-09-10T11:19:02.777+0000] {local_task_job_runner.py:228} INFO - Task exited with return code 0
[2023-09-10T11:19:02.801+0000] {taskinstance.py:2784} INFO - 0 downstream tasks scheduled from follow-on schedule check
