[2023-09-07T15:55:16.984+0000] {processor.py:157} INFO - Started process (PID=34) to work on /opt/airflow/dags/ingest_xl_data.py
[2023-09-07T15:55:16.991+0000] {processor.py:829} INFO - Processing file /opt/airflow/dags/ingest_xl_data.py for tasks to queue
[2023-09-07T15:55:16.996+0000] {logging_mixin.py:151} INFO - [2023-09-07T15:55:16.996+0000] {dagbag.py:539} INFO - Filling up the DagBag from /opt/airflow/dags/ingest_xl_data.py
[2023-09-07T15:55:17.020+0000] {logging_mixin.py:151} INFO - [2023-09-07T15:55:17.018+0000] {dagbag.py:347} ERROR - Failed to import: /opt/airflow/dags/ingest_xl_data.py
Traceback (most recent call last):
  File "/home/airflow/.local/lib/python3.8/site-packages/airflow/models/dagbag.py", line 343, in parse
    loader.exec_module(new_module)
  File "<frozen importlib._bootstrap_external>", line 843, in exec_module
  File "<frozen importlib._bootstrap>", line 219, in _call_with_frames_removed
  File "/opt/airflow/dags/ingest_xl_data.py", line 5, in <module>
    from duckdb_handler import ingest_excel_to_duckdb
ModuleNotFoundError: No module named 'duckdb_handler'
[2023-09-07T15:55:17.020+0000] {processor.py:841} WARNING - No viable dags retrieved from /opt/airflow/dags/ingest_xl_data.py
[2023-09-07T15:55:17.036+0000] {processor.py:179} INFO - Processing /opt/airflow/dags/ingest_xl_data.py took 0.054 seconds
[2023-09-07T15:55:47.158+0000] {processor.py:157} INFO - Started process (PID=42) to work on /opt/airflow/dags/ingest_xl_data.py
[2023-09-07T15:55:47.159+0000] {processor.py:829} INFO - Processing file /opt/airflow/dags/ingest_xl_data.py for tasks to queue
[2023-09-07T15:55:47.163+0000] {logging_mixin.py:151} INFO - [2023-09-07T15:55:47.163+0000] {dagbag.py:539} INFO - Filling up the DagBag from /opt/airflow/dags/ingest_xl_data.py
[2023-09-07T15:55:47.174+0000] {logging_mixin.py:151} INFO - [2023-09-07T15:55:47.173+0000] {dagbag.py:347} ERROR - Failed to import: /opt/airflow/dags/ingest_xl_data.py
Traceback (most recent call last):
  File "/home/airflow/.local/lib/python3.8/site-packages/airflow/models/dagbag.py", line 343, in parse
    loader.exec_module(new_module)
  File "<frozen importlib._bootstrap_external>", line 843, in exec_module
  File "<frozen importlib._bootstrap>", line 219, in _call_with_frames_removed
  File "/opt/airflow/dags/ingest_xl_data.py", line 5, in <module>
    from duckdb_handler import ingest_excel_to_duckdb
ModuleNotFoundError: No module named 'duckdb_handler'
[2023-09-07T15:55:47.175+0000] {processor.py:841} WARNING - No viable dags retrieved from /opt/airflow/dags/ingest_xl_data.py
[2023-09-07T15:55:47.193+0000] {processor.py:179} INFO - Processing /opt/airflow/dags/ingest_xl_data.py took 0.039 seconds
[2023-09-07T15:56:17.330+0000] {processor.py:157} INFO - Started process (PID=50) to work on /opt/airflow/dags/ingest_xl_data.py
[2023-09-07T15:56:17.332+0000] {processor.py:829} INFO - Processing file /opt/airflow/dags/ingest_xl_data.py for tasks to queue
[2023-09-07T15:56:17.335+0000] {logging_mixin.py:151} INFO - [2023-09-07T15:56:17.335+0000] {dagbag.py:539} INFO - Filling up the DagBag from /opt/airflow/dags/ingest_xl_data.py
[2023-09-07T15:56:17.346+0000] {logging_mixin.py:151} INFO - [2023-09-07T15:56:17.344+0000] {dagbag.py:347} ERROR - Failed to import: /opt/airflow/dags/ingest_xl_data.py
Traceback (most recent call last):
  File "/home/airflow/.local/lib/python3.8/site-packages/airflow/models/dagbag.py", line 343, in parse
    loader.exec_module(new_module)
  File "<frozen importlib._bootstrap_external>", line 843, in exec_module
  File "<frozen importlib._bootstrap>", line 219, in _call_with_frames_removed
  File "/opt/airflow/dags/ingest_xl_data.py", line 5, in <module>
    from duckdb_handler import ingest_excel_to_duckdb
ModuleNotFoundError: No module named 'duckdb_handler'
[2023-09-07T15:56:17.347+0000] {processor.py:841} WARNING - No viable dags retrieved from /opt/airflow/dags/ingest_xl_data.py
[2023-09-07T15:56:17.367+0000] {processor.py:179} INFO - Processing /opt/airflow/dags/ingest_xl_data.py took 0.040 seconds
[2023-09-07T15:56:47.482+0000] {processor.py:157} INFO - Started process (PID=58) to work on /opt/airflow/dags/ingest_xl_data.py
[2023-09-07T15:56:47.483+0000] {processor.py:829} INFO - Processing file /opt/airflow/dags/ingest_xl_data.py for tasks to queue
[2023-09-07T15:56:47.486+0000] {logging_mixin.py:151} INFO - [2023-09-07T15:56:47.486+0000] {dagbag.py:539} INFO - Filling up the DagBag from /opt/airflow/dags/ingest_xl_data.py
[2023-09-07T15:56:47.497+0000] {logging_mixin.py:151} INFO - [2023-09-07T15:56:47.495+0000] {dagbag.py:347} ERROR - Failed to import: /opt/airflow/dags/ingest_xl_data.py
Traceback (most recent call last):
  File "/home/airflow/.local/lib/python3.8/site-packages/airflow/models/dagbag.py", line 343, in parse
    loader.exec_module(new_module)
  File "<frozen importlib._bootstrap_external>", line 843, in exec_module
  File "<frozen importlib._bootstrap>", line 219, in _call_with_frames_removed
  File "/opt/airflow/dags/ingest_xl_data.py", line 5, in <module>
    from duckdb_handler import ingest_excel_to_duckdb
ModuleNotFoundError: No module named 'duckdb_handler'
[2023-09-07T15:56:47.497+0000] {processor.py:841} WARNING - No viable dags retrieved from /opt/airflow/dags/ingest_xl_data.py
[2023-09-07T15:56:47.516+0000] {processor.py:179} INFO - Processing /opt/airflow/dags/ingest_xl_data.py took 0.038 seconds
[2023-09-07T15:57:17.656+0000] {processor.py:157} INFO - Started process (PID=66) to work on /opt/airflow/dags/ingest_xl_data.py
[2023-09-07T15:57:17.674+0000] {processor.py:829} INFO - Processing file /opt/airflow/dags/ingest_xl_data.py for tasks to queue
[2023-09-07T15:57:17.677+0000] {logging_mixin.py:151} INFO - [2023-09-07T15:57:17.677+0000] {dagbag.py:539} INFO - Filling up the DagBag from /opt/airflow/dags/ingest_xl_data.py
[2023-09-07T15:57:17.688+0000] {logging_mixin.py:151} INFO - [2023-09-07T15:57:17.686+0000] {dagbag.py:347} ERROR - Failed to import: /opt/airflow/dags/ingest_xl_data.py
Traceback (most recent call last):
  File "/home/airflow/.local/lib/python3.8/site-packages/airflow/models/dagbag.py", line 343, in parse
    loader.exec_module(new_module)
  File "<frozen importlib._bootstrap_external>", line 843, in exec_module
  File "<frozen importlib._bootstrap>", line 219, in _call_with_frames_removed
  File "/opt/airflow/dags/ingest_xl_data.py", line 5, in <module>
    from duckdb_handler import ingest_excel_to_duckdb
ModuleNotFoundError: No module named 'duckdb_handler'
[2023-09-07T15:57:17.689+0000] {processor.py:841} WARNING - No viable dags retrieved from /opt/airflow/dags/ingest_xl_data.py
[2023-09-07T15:57:17.708+0000] {processor.py:179} INFO - Processing /opt/airflow/dags/ingest_xl_data.py took 0.057 seconds
[2023-09-07T16:04:20.500+0000] {processor.py:157} INFO - Started process (PID=40) to work on /opt/airflow/dags/ingest_xl_data.py
[2023-09-07T16:04:20.502+0000] {processor.py:829} INFO - Processing file /opt/airflow/dags/ingest_xl_data.py for tasks to queue
[2023-09-07T16:04:20.506+0000] {logging_mixin.py:151} INFO - [2023-09-07T16:04:20.506+0000] {dagbag.py:539} INFO - Filling up the DagBag from /opt/airflow/dags/ingest_xl_data.py
[2023-09-07T16:04:20.524+0000] {logging_mixin.py:151} INFO - [2023-09-07T16:04:20.521+0000] {dagbag.py:347} ERROR - Failed to import: /opt/airflow/dags/ingest_xl_data.py
Traceback (most recent call last):
  File "/home/airflow/.local/lib/python3.8/site-packages/airflow/models/dagbag.py", line 343, in parse
    loader.exec_module(new_module)
  File "<frozen importlib._bootstrap_external>", line 843, in exec_module
  File "<frozen importlib._bootstrap>", line 219, in _call_with_frames_removed
  File "/opt/airflow/dags/ingest_xl_data.py", line 5, in <module>
    from duckdb_handler import ingest_excel_to_duckdb
ModuleNotFoundError: No module named 'duckdb_handler'
[2023-09-07T16:04:20.525+0000] {processor.py:841} WARNING - No viable dags retrieved from /opt/airflow/dags/ingest_xl_data.py
[2023-09-07T16:04:20.544+0000] {processor.py:179} INFO - Processing /opt/airflow/dags/ingest_xl_data.py took 0.047 seconds
[2023-09-07T16:04:50.654+0000] {processor.py:157} INFO - Started process (PID=48) to work on /opt/airflow/dags/ingest_xl_data.py
[2023-09-07T16:04:50.656+0000] {processor.py:829} INFO - Processing file /opt/airflow/dags/ingest_xl_data.py for tasks to queue
[2023-09-07T16:04:50.658+0000] {logging_mixin.py:151} INFO - [2023-09-07T16:04:50.658+0000] {dagbag.py:539} INFO - Filling up the DagBag from /opt/airflow/dags/ingest_xl_data.py
[2023-09-07T16:04:50.667+0000] {logging_mixin.py:151} INFO - [2023-09-07T16:04:50.666+0000] {dagbag.py:347} ERROR - Failed to import: /opt/airflow/dags/ingest_xl_data.py
Traceback (most recent call last):
  File "/home/airflow/.local/lib/python3.8/site-packages/airflow/models/dagbag.py", line 343, in parse
    loader.exec_module(new_module)
  File "<frozen importlib._bootstrap_external>", line 843, in exec_module
  File "<frozen importlib._bootstrap>", line 219, in _call_with_frames_removed
  File "/opt/airflow/dags/ingest_xl_data.py", line 5, in <module>
    from duckdb_handler import ingest_excel_to_duckdb
ModuleNotFoundError: No module named 'duckdb_handler'
[2023-09-07T16:04:50.668+0000] {processor.py:841} WARNING - No viable dags retrieved from /opt/airflow/dags/ingest_xl_data.py
[2023-09-07T16:04:50.685+0000] {processor.py:179} INFO - Processing /opt/airflow/dags/ingest_xl_data.py took 0.034 seconds
[2023-09-07T16:05:20.805+0000] {processor.py:157} INFO - Started process (PID=56) to work on /opt/airflow/dags/ingest_xl_data.py
[2023-09-07T16:05:20.807+0000] {processor.py:829} INFO - Processing file /opt/airflow/dags/ingest_xl_data.py for tasks to queue
[2023-09-07T16:05:20.810+0000] {logging_mixin.py:151} INFO - [2023-09-07T16:05:20.809+0000] {dagbag.py:539} INFO - Filling up the DagBag from /opt/airflow/dags/ingest_xl_data.py
[2023-09-07T16:05:20.819+0000] {logging_mixin.py:151} INFO - [2023-09-07T16:05:20.818+0000] {dagbag.py:347} ERROR - Failed to import: /opt/airflow/dags/ingest_xl_data.py
Traceback (most recent call last):
  File "/home/airflow/.local/lib/python3.8/site-packages/airflow/models/dagbag.py", line 343, in parse
    loader.exec_module(new_module)
  File "<frozen importlib._bootstrap_external>", line 843, in exec_module
  File "<frozen importlib._bootstrap>", line 219, in _call_with_frames_removed
  File "/opt/airflow/dags/ingest_xl_data.py", line 5, in <module>
    from duckdb_handler import ingest_excel_to_duckdb
ModuleNotFoundError: No module named 'duckdb_handler'
[2023-09-07T16:05:20.820+0000] {processor.py:841} WARNING - No viable dags retrieved from /opt/airflow/dags/ingest_xl_data.py
[2023-09-07T16:05:20.839+0000] {processor.py:179} INFO - Processing /opt/airflow/dags/ingest_xl_data.py took 0.037 seconds
[2023-09-07T16:05:50.968+0000] {processor.py:157} INFO - Started process (PID=64) to work on /opt/airflow/dags/ingest_xl_data.py
[2023-09-07T16:05:50.970+0000] {processor.py:829} INFO - Processing file /opt/airflow/dags/ingest_xl_data.py for tasks to queue
[2023-09-07T16:05:50.972+0000] {logging_mixin.py:151} INFO - [2023-09-07T16:05:50.972+0000] {dagbag.py:539} INFO - Filling up the DagBag from /opt/airflow/dags/ingest_xl_data.py
[2023-09-07T16:05:50.984+0000] {logging_mixin.py:151} INFO - [2023-09-07T16:05:50.983+0000] {dagbag.py:347} ERROR - Failed to import: /opt/airflow/dags/ingest_xl_data.py
Traceback (most recent call last):
  File "/home/airflow/.local/lib/python3.8/site-packages/airflow/models/dagbag.py", line 343, in parse
    loader.exec_module(new_module)
  File "<frozen importlib._bootstrap_external>", line 843, in exec_module
  File "<frozen importlib._bootstrap>", line 219, in _call_with_frames_removed
  File "/opt/airflow/dags/ingest_xl_data.py", line 5, in <module>
    from duckdb_handler import ingest_excel_to_duckdb
ModuleNotFoundError: No module named 'duckdb_handler'
[2023-09-07T16:05:50.985+0000] {processor.py:841} WARNING - No viable dags retrieved from /opt/airflow/dags/ingest_xl_data.py
[2023-09-07T16:05:51.002+0000] {processor.py:179} INFO - Processing /opt/airflow/dags/ingest_xl_data.py took 0.037 seconds
[2023-09-07T16:06:21.143+0000] {processor.py:157} INFO - Started process (PID=72) to work on /opt/airflow/dags/ingest_xl_data.py
[2023-09-07T16:06:21.147+0000] {processor.py:829} INFO - Processing file /opt/airflow/dags/ingest_xl_data.py for tasks to queue
[2023-09-07T16:06:21.155+0000] {logging_mixin.py:151} INFO - [2023-09-07T16:06:21.154+0000] {dagbag.py:539} INFO - Filling up the DagBag from /opt/airflow/dags/ingest_xl_data.py
[2023-09-07T16:06:21.940+0000] {processor.py:839} INFO - DAG(s) dict_keys(['ingest_xl_to_duckdb']) retrieved from /opt/airflow/dags/ingest_xl_data.py
[2023-09-07T16:06:22.236+0000] {logging_mixin.py:151} INFO - [2023-09-07T16:06:22.236+0000] {manager.py:501} INFO - Created Permission View: can delete on DAG:ingest_xl_to_duckdb
[2023-09-07T16:06:22.253+0000] {logging_mixin.py:151} INFO - [2023-09-07T16:06:22.253+0000] {manager.py:501} INFO - Created Permission View: can read on DAG:ingest_xl_to_duckdb
[2023-09-07T16:06:22.269+0000] {logging_mixin.py:151} INFO - [2023-09-07T16:06:22.269+0000] {manager.py:501} INFO - Created Permission View: can edit on DAG:ingest_xl_to_duckdb
[2023-09-07T16:06:22.295+0000] {logging_mixin.py:151} INFO - [2023-09-07T16:06:22.295+0000] {dag.py:2907} INFO - Sync 1 DAGs
[2023-09-07T16:06:22.311+0000] {logging_mixin.py:151} INFO - [2023-09-07T16:06:22.311+0000] {dag.py:2929} INFO - Creating ORM DAG for ingest_xl_to_duckdb
[2023-09-07T16:06:22.329+0000] {logging_mixin.py:151} INFO - [2023-09-07T16:06:22.329+0000] {dag.py:3677} INFO - Setting next_dagrun for ingest_xl_to_duckdb to 2023-09-06T00:00:00+00:00, run_after=2023-09-07T00:00:00+00:00
[2023-09-07T16:06:22.357+0000] {processor.py:179} INFO - Processing /opt/airflow/dags/ingest_xl_data.py took 1.226 seconds
[2023-09-07T16:06:52.488+0000] {processor.py:157} INFO - Started process (PID=89) to work on /opt/airflow/dags/ingest_xl_data.py
[2023-09-07T16:06:52.490+0000] {processor.py:829} INFO - Processing file /opt/airflow/dags/ingest_xl_data.py for tasks to queue
[2023-09-07T16:06:52.493+0000] {logging_mixin.py:151} INFO - [2023-09-07T16:06:52.493+0000] {dagbag.py:539} INFO - Filling up the DagBag from /opt/airflow/dags/ingest_xl_data.py
[2023-09-07T16:06:52.779+0000] {processor.py:839} INFO - DAG(s) dict_keys(['ingest_xl_to_duckdb']) retrieved from /opt/airflow/dags/ingest_xl_data.py
[2023-09-07T16:06:52.804+0000] {logging_mixin.py:151} INFO - [2023-09-07T16:06:52.803+0000] {dag.py:2907} INFO - Sync 1 DAGs
[2023-09-07T16:06:52.830+0000] {logging_mixin.py:151} INFO - [2023-09-07T16:06:52.830+0000] {dag.py:3677} INFO - Setting next_dagrun for ingest_xl_to_duckdb to 2023-09-06T00:00:00+00:00, run_after=2023-09-07T00:00:00+00:00
[2023-09-07T16:06:52.846+0000] {processor.py:179} INFO - Processing /opt/airflow/dags/ingest_xl_data.py took 0.362 seconds
