[2023-09-10T11:34:44.780+0000] {taskinstance.py:1159} INFO - Dependencies all met for dep_context=non-requeueable deps ti=<TaskInstance: file_sensor_dag.sense_file manual__2023-09-10T11:34:43.738108+00:00 [queued]>
[2023-09-10T11:34:44.789+0000] {taskinstance.py:1159} INFO - Dependencies all met for dep_context=requeueable deps ti=<TaskInstance: file_sensor_dag.sense_file manual__2023-09-10T11:34:43.738108+00:00 [queued]>
[2023-09-10T11:34:44.789+0000] {taskinstance.py:1361} INFO - Starting attempt 1 of 2
[2023-09-10T11:34:44.802+0000] {taskinstance.py:1382} INFO - Executing <Task(FileSensor): sense_file> on 2023-09-10 11:34:43.738108+00:00
[2023-09-10T11:34:44.806+0000] {standard_task_runner.py:57} INFO - Started process 834 to run task
[2023-09-10T11:34:44.810+0000] {standard_task_runner.py:84} INFO - Running: ['***', 'tasks', 'run', 'file_sensor_dag', 'sense_file', 'manual__2023-09-10T11:34:43.738108+00:00', '--job-id', '51', '--raw', '--subdir', 'DAGS_FOLDER/new_file_sensor_dag.py', '--cfg-path', '/tmp/tmpcd3a_bjq']
[2023-09-10T11:34:44.812+0000] {standard_task_runner.py:85} INFO - Job 51: Subtask sense_file
[2023-09-10T11:34:44.858+0000] {task_command.py:415} INFO - Running <TaskInstance: file_sensor_dag.sense_file manual__2023-09-10T11:34:43.738108+00:00 [running]> on host 207c7509dcbb
[2023-09-10T11:34:44.933+0000] {taskinstance.py:1660} INFO - Exporting env vars: AIRFLOW_CTX_DAG_OWNER='you' AIRFLOW_CTX_DAG_ID='file_sensor_dag' AIRFLOW_CTX_TASK_ID='sense_file' AIRFLOW_CTX_EXECUTION_DATE='2023-09-10T11:34:43.738108+00:00' AIRFLOW_CTX_TRY_NUMBER='1' AIRFLOW_CTX_DAG_RUN_ID='manual__2023-09-10T11:34:43.738108+00:00'
[2023-09-10T11:34:44.942+0000] {base.py:73} INFO - Using connection ID 'fs_default' for task execution.
[2023-09-10T11:34:44.943+0000] {filesystem.py:64} INFO - Poking for file /opt/***/plugins/WordbankEconomicData_Trimmed_v2.xlsx
[2023-09-10T11:34:54.951+0000] {base.py:73} INFO - Using connection ID 'fs_default' for task execution.
[2023-09-10T11:34:54.952+0000] {filesystem.py:64} INFO - Poking for file /opt/***/plugins/WordbankEconomicData_Trimmed_v2.xlsx
[2023-09-10T11:35:04.954+0000] {base.py:73} INFO - Using connection ID 'fs_default' for task execution.
[2023-09-10T11:35:04.955+0000] {filesystem.py:64} INFO - Poking for file /opt/***/plugins/WordbankEconomicData_Trimmed_v2.xlsx
[2023-09-10T11:35:14.978+0000] {base.py:73} INFO - Using connection ID 'fs_default' for task execution.
[2023-09-10T11:35:14.979+0000] {filesystem.py:64} INFO - Poking for file /opt/***/plugins/WordbankEconomicData_Trimmed_v2.xlsx
[2023-09-10T11:35:25.000+0000] {base.py:73} INFO - Using connection ID 'fs_default' for task execution.
[2023-09-10T11:35:25.001+0000] {filesystem.py:64} INFO - Poking for file /opt/***/plugins/WordbankEconomicData_Trimmed_v2.xlsx
[2023-09-10T11:35:34.997+0000] {base.py:73} INFO - Using connection ID 'fs_default' for task execution.
[2023-09-10T11:35:34.997+0000] {filesystem.py:64} INFO - Poking for file /opt/***/plugins/WordbankEconomicData_Trimmed_v2.xlsx
[2023-09-10T11:35:45.016+0000] {base.py:73} INFO - Using connection ID 'fs_default' for task execution.
[2023-09-10T11:35:45.017+0000] {filesystem.py:64} INFO - Poking for file /opt/***/plugins/WordbankEconomicData_Trimmed_v2.xlsx
[2023-09-10T11:35:45.019+0000] {taskinstance.py:1542} INFO - Sensor has timed out; run duration of 60.12817916100903 seconds exceeds the specified timeout of 60.0.
[2023-09-10T11:35:45.027+0000] {taskinstance.py:1400} INFO - Marking task as SKIPPED. dag_id=file_sensor_dag, task_id=sense_file, execution_date=20230910T113443, start_date=20230910T113444, end_date=20230910T113545
[2023-09-10T11:35:45.046+0000] {local_task_job_runner.py:228} INFO - Task exited with return code 0
[2023-09-10T11:35:45.071+0000] {taskinstance.py:2784} INFO - 0 downstream tasks scheduled from follow-on schedule check
