[2023-09-10T10:47:34.998+0000] {taskinstance.py:1159} INFO - Dependencies all met for dep_context=non-requeueable deps ti=<TaskInstance: ingest_xl_to_postgres.sense_file manual__2023-09-10T10:47:33.722182+00:00 [queued]>
[2023-09-10T10:47:35.008+0000] {taskinstance.py:1159} INFO - Dependencies all met for dep_context=requeueable deps ti=<TaskInstance: ingest_xl_to_postgres.sense_file manual__2023-09-10T10:47:33.722182+00:00 [queued]>
[2023-09-10T10:47:35.008+0000] {taskinstance.py:1361} INFO - Starting attempt 1 of 2
[2023-09-10T10:47:35.019+0000] {taskinstance.py:1382} INFO - Executing <Task(FileSensor): sense_file> on 2023-09-10 10:47:33.722182+00:00
[2023-09-10T10:47:35.025+0000] {standard_task_runner.py:57} INFO - Started process 99 to run task
[2023-09-10T10:47:35.028+0000] {standard_task_runner.py:84} INFO - Running: ['***', 'tasks', 'run', 'ingest_xl_to_postgres', 'sense_file', 'manual__2023-09-10T10:47:33.722182+00:00', '--job-id', '43', '--raw', '--subdir', 'DAGS_FOLDER/ingest_xl_data_dag.py', '--cfg-path', '/tmp/tmp84p2iak1']
[2023-09-10T10:47:35.031+0000] {standard_task_runner.py:85} INFO - Job 43: Subtask sense_file
[2023-09-10T10:47:35.077+0000] {task_command.py:415} INFO - Running <TaskInstance: ingest_xl_to_postgres.sense_file manual__2023-09-10T10:47:33.722182+00:00 [running]> on host 207c7509dcbb
[2023-09-10T10:47:35.300+0000] {taskinstance.py:1660} INFO - Exporting env vars: AIRFLOW_CTX_DAG_OWNER='you' AIRFLOW_CTX_DAG_ID='ingest_xl_to_postgres' AIRFLOW_CTX_TASK_ID='sense_file' AIRFLOW_CTX_EXECUTION_DATE='2023-09-10T10:47:33.722182+00:00' AIRFLOW_CTX_TRY_NUMBER='1' AIRFLOW_CTX_DAG_RUN_ID='manual__2023-09-10T10:47:33.722182+00:00'
[2023-09-10T10:47:35.311+0000] {base.py:73} INFO - Using connection ID 'fs_default' for task execution.
[2023-09-10T10:47:35.312+0000] {filesystem.py:64} INFO - Poking for file /opt/***/plugins/WordbankEconomicData_Trimmed_v2.xlsx
[2023-09-10T10:47:45.338+0000] {base.py:73} INFO - Using connection ID 'fs_default' for task execution.
[2023-09-10T10:47:45.339+0000] {filesystem.py:64} INFO - Poking for file /opt/***/plugins/WordbankEconomicData_Trimmed_v2.xlsx
[2023-09-10T10:47:55.360+0000] {base.py:73} INFO - Using connection ID 'fs_default' for task execution.
[2023-09-10T10:47:55.361+0000] {filesystem.py:64} INFO - Poking for file /opt/***/plugins/WordbankEconomicData_Trimmed_v2.xlsx
[2023-09-10T10:48:05.362+0000] {base.py:73} INFO - Using connection ID 'fs_default' for task execution.
[2023-09-10T10:48:05.364+0000] {filesystem.py:64} INFO - Poking for file /opt/***/plugins/WordbankEconomicData_Trimmed_v2.xlsx
[2023-09-10T10:48:15.386+0000] {base.py:73} INFO - Using connection ID 'fs_default' for task execution.
[2023-09-10T10:48:15.388+0000] {filesystem.py:64} INFO - Poking for file /opt/***/plugins/WordbankEconomicData_Trimmed_v2.xlsx
[2023-09-10T10:48:25.407+0000] {base.py:73} INFO - Using connection ID 'fs_default' for task execution.
[2023-09-10T10:48:25.408+0000] {filesystem.py:64} INFO - Poking for file /opt/***/plugins/WordbankEconomicData_Trimmed_v2.xlsx
[2023-09-10T10:48:35.410+0000] {base.py:73} INFO - Using connection ID 'fs_default' for task execution.
[2023-09-10T10:48:35.412+0000] {filesystem.py:64} INFO - Poking for file /opt/***/plugins/WordbankEconomicData_Trimmed_v2.xlsx
[2023-09-10T10:48:45.423+0000] {base.py:73} INFO - Using connection ID 'fs_default' for task execution.
[2023-09-10T10:48:45.424+0000] {filesystem.py:64} INFO - Poking for file /opt/***/plugins/WordbankEconomicData_Trimmed_v2.xlsx
[2023-09-10T10:48:55.445+0000] {base.py:73} INFO - Using connection ID 'fs_default' for task execution.
[2023-09-10T10:48:55.447+0000] {filesystem.py:64} INFO - Poking for file /opt/***/plugins/WordbankEconomicData_Trimmed_v2.xlsx
[2023-09-10T10:49:05.437+0000] {base.py:73} INFO - Using connection ID 'fs_default' for task execution.
[2023-09-10T10:49:05.439+0000] {filesystem.py:64} INFO - Poking for file /opt/***/plugins/WordbankEconomicData_Trimmed_v2.xlsx
[2023-09-10T10:49:15.453+0000] {base.py:73} INFO - Using connection ID 'fs_default' for task execution.
[2023-09-10T10:49:15.453+0000] {filesystem.py:64} INFO - Poking for file /opt/***/plugins/WordbankEconomicData_Trimmed_v2.xlsx
[2023-09-10T10:49:25.471+0000] {base.py:73} INFO - Using connection ID 'fs_default' for task execution.
[2023-09-10T10:49:25.472+0000] {filesystem.py:64} INFO - Poking for file /opt/***/plugins/WordbankEconomicData_Trimmed_v2.xlsx
[2023-09-10T10:49:35.469+0000] {base.py:73} INFO - Using connection ID 'fs_default' for task execution.
[2023-09-10T10:49:35.470+0000] {filesystem.py:64} INFO - Poking for file /opt/***/plugins/WordbankEconomicData_Trimmed_v2.xlsx
[2023-09-10T10:49:45.492+0000] {base.py:73} INFO - Using connection ID 'fs_default' for task execution.
[2023-09-10T10:49:45.493+0000] {filesystem.py:64} INFO - Poking for file /opt/***/plugins/WordbankEconomicData_Trimmed_v2.xlsx
[2023-09-10T10:49:55.507+0000] {base.py:73} INFO - Using connection ID 'fs_default' for task execution.
[2023-09-10T10:49:55.508+0000] {filesystem.py:64} INFO - Poking for file /opt/***/plugins/WordbankEconomicData_Trimmed_v2.xlsx
[2023-09-10T10:50:05.510+0000] {base.py:73} INFO - Using connection ID 'fs_default' for task execution.
[2023-09-10T10:50:05.511+0000] {filesystem.py:64} INFO - Poking for file /opt/***/plugins/WordbankEconomicData_Trimmed_v2.xlsx
[2023-09-10T10:50:15.533+0000] {base.py:73} INFO - Using connection ID 'fs_default' for task execution.
[2023-09-10T10:50:15.534+0000] {filesystem.py:64} INFO - Poking for file /opt/***/plugins/WordbankEconomicData_Trimmed_v2.xlsx
[2023-09-10T10:50:25.555+0000] {base.py:73} INFO - Using connection ID 'fs_default' for task execution.
[2023-09-10T10:50:25.556+0000] {filesystem.py:64} INFO - Poking for file /opt/***/plugins/WordbankEconomicData_Trimmed_v2.xlsx
[2023-09-10T10:50:35.551+0000] {base.py:73} INFO - Using connection ID 'fs_default' for task execution.
[2023-09-10T10:50:35.552+0000] {filesystem.py:64} INFO - Poking for file /opt/***/plugins/WordbankEconomicData_Trimmed_v2.xlsx
[2023-09-10T10:50:45.573+0000] {base.py:73} INFO - Using connection ID 'fs_default' for task execution.
[2023-09-10T10:50:45.581+0000] {filesystem.py:64} INFO - Poking for file /opt/***/plugins/WordbankEconomicData_Trimmed_v2.xlsx
[2023-09-10T10:50:55.601+0000] {base.py:73} INFO - Using connection ID 'fs_default' for task execution.
[2023-09-10T10:50:55.602+0000] {filesystem.py:64} INFO - Poking for file /opt/***/plugins/WordbankEconomicData_Trimmed_v2.xlsx
[2023-09-10T10:51:05.592+0000] {base.py:73} INFO - Using connection ID 'fs_default' for task execution.
[2023-09-10T10:51:05.593+0000] {filesystem.py:64} INFO - Poking for file /opt/***/plugins/WordbankEconomicData_Trimmed_v2.xlsx
[2023-09-10T10:51:15.614+0000] {base.py:73} INFO - Using connection ID 'fs_default' for task execution.
[2023-09-10T10:51:15.615+0000] {filesystem.py:64} INFO - Poking for file /opt/***/plugins/WordbankEconomicData_Trimmed_v2.xlsx
[2023-09-10T10:51:25.635+0000] {base.py:73} INFO - Using connection ID 'fs_default' for task execution.
[2023-09-10T10:51:25.636+0000] {filesystem.py:64} INFO - Poking for file /opt/***/plugins/WordbankEconomicData_Trimmed_v2.xlsx
[2023-09-10T10:51:35.640+0000] {base.py:73} INFO - Using connection ID 'fs_default' for task execution.
[2023-09-10T10:51:35.641+0000] {filesystem.py:64} INFO - Poking for file /opt/***/plugins/WordbankEconomicData_Trimmed_v2.xlsx
[2023-09-10T10:51:45.662+0000] {base.py:73} INFO - Using connection ID 'fs_default' for task execution.
[2023-09-10T10:51:45.663+0000] {filesystem.py:64} INFO - Poking for file /opt/***/plugins/WordbankEconomicData_Trimmed_v2.xlsx
[2023-09-10T10:51:55.683+0000] {base.py:73} INFO - Using connection ID 'fs_default' for task execution.
[2023-09-10T10:51:55.684+0000] {filesystem.py:64} INFO - Poking for file /opt/***/plugins/WordbankEconomicData_Trimmed_v2.xlsx
[2023-09-10T10:52:05.686+0000] {base.py:73} INFO - Using connection ID 'fs_default' for task execution.
[2023-09-10T10:52:05.687+0000] {filesystem.py:64} INFO - Poking for file /opt/***/plugins/WordbankEconomicData_Trimmed_v2.xlsx
[2023-09-10T10:52:15.708+0000] {base.py:73} INFO - Using connection ID 'fs_default' for task execution.
[2023-09-10T10:52:15.709+0000] {filesystem.py:64} INFO - Poking for file /opt/***/plugins/WordbankEconomicData_Trimmed_v2.xlsx
[2023-09-10T10:52:25.728+0000] {base.py:73} INFO - Using connection ID 'fs_default' for task execution.
[2023-09-10T10:52:25.729+0000] {filesystem.py:64} INFO - Poking for file /opt/***/plugins/WordbankEconomicData_Trimmed_v2.xlsx
[2023-09-10T10:52:35.730+0000] {base.py:73} INFO - Using connection ID 'fs_default' for task execution.
[2023-09-10T10:52:35.731+0000] {filesystem.py:64} INFO - Poking for file /opt/***/plugins/WordbankEconomicData_Trimmed_v2.xlsx
[2023-09-10T10:52:45.743+0000] {base.py:73} INFO - Using connection ID 'fs_default' for task execution.
[2023-09-10T10:52:45.745+0000] {filesystem.py:64} INFO - Poking for file /opt/***/plugins/WordbankEconomicData_Trimmed_v2.xlsx
[2023-09-10T10:52:55.767+0000] {base.py:73} INFO - Using connection ID 'fs_default' for task execution.
[2023-09-10T10:52:55.768+0000] {filesystem.py:64} INFO - Poking for file /opt/***/plugins/WordbankEconomicData_Trimmed_v2.xlsx
[2023-09-10T10:53:05.767+0000] {base.py:73} INFO - Using connection ID 'fs_default' for task execution.
[2023-09-10T10:53:05.768+0000] {filesystem.py:64} INFO - Poking for file /opt/***/plugins/WordbankEconomicData_Trimmed_v2.xlsx
[2023-09-10T10:53:15.788+0000] {base.py:73} INFO - Using connection ID 'fs_default' for task execution.
[2023-09-10T10:53:15.789+0000] {filesystem.py:64} INFO - Poking for file /opt/***/plugins/WordbankEconomicData_Trimmed_v2.xlsx
[2023-09-10T10:53:25.805+0000] {base.py:73} INFO - Using connection ID 'fs_default' for task execution.
[2023-09-10T10:53:25.806+0000] {filesystem.py:64} INFO - Poking for file /opt/***/plugins/WordbankEconomicData_Trimmed_v2.xlsx
[2023-09-10T10:53:35.807+0000] {base.py:73} INFO - Using connection ID 'fs_default' for task execution.
[2023-09-10T10:53:35.808+0000] {filesystem.py:64} INFO - Poking for file /opt/***/plugins/WordbankEconomicData_Trimmed_v2.xlsx
[2023-09-10T10:53:45.819+0000] {base.py:73} INFO - Using connection ID 'fs_default' for task execution.
[2023-09-10T10:53:45.820+0000] {filesystem.py:64} INFO - Poking for file /opt/***/plugins/WordbankEconomicData_Trimmed_v2.xlsx
[2023-09-10T10:53:55.843+0000] {base.py:73} INFO - Using connection ID 'fs_default' for task execution.
[2023-09-10T10:53:55.844+0000] {filesystem.py:64} INFO - Poking for file /opt/***/plugins/WordbankEconomicData_Trimmed_v2.xlsx
[2023-09-10T10:54:05.840+0000] {base.py:73} INFO - Using connection ID 'fs_default' for task execution.
[2023-09-10T10:54:05.841+0000] {filesystem.py:64} INFO - Poking for file /opt/***/plugins/WordbankEconomicData_Trimmed_v2.xlsx
[2023-09-10T10:54:15.862+0000] {base.py:73} INFO - Using connection ID 'fs_default' for task execution.
[2023-09-10T10:54:15.863+0000] {filesystem.py:64} INFO - Poking for file /opt/***/plugins/WordbankEconomicData_Trimmed_v2.xlsx
[2023-09-10T10:54:25.881+0000] {base.py:73} INFO - Using connection ID 'fs_default' for task execution.
[2023-09-10T10:54:25.882+0000] {filesystem.py:64} INFO - Poking for file /opt/***/plugins/WordbankEconomicData_Trimmed_v2.xlsx
[2023-09-10T10:54:35.883+0000] {base.py:73} INFO - Using connection ID 'fs_default' for task execution.
[2023-09-10T10:54:35.885+0000] {filesystem.py:64} INFO - Poking for file /opt/***/plugins/WordbankEconomicData_Trimmed_v2.xlsx
[2023-09-10T10:54:45.906+0000] {base.py:73} INFO - Using connection ID 'fs_default' for task execution.
[2023-09-10T10:54:45.907+0000] {filesystem.py:64} INFO - Poking for file /opt/***/plugins/WordbankEconomicData_Trimmed_v2.xlsx
[2023-09-10T10:54:55.921+0000] {base.py:73} INFO - Using connection ID 'fs_default' for task execution.
[2023-09-10T10:54:55.922+0000] {filesystem.py:64} INFO - Poking for file /opt/***/plugins/WordbankEconomicData_Trimmed_v2.xlsx
[2023-09-10T10:55:05.917+0000] {base.py:73} INFO - Using connection ID 'fs_default' for task execution.
[2023-09-10T10:55:05.918+0000] {filesystem.py:64} INFO - Poking for file /opt/***/plugins/WordbankEconomicData_Trimmed_v2.xlsx
[2023-09-10T10:55:15.934+0000] {base.py:73} INFO - Using connection ID 'fs_default' for task execution.
[2023-09-10T10:55:15.935+0000] {filesystem.py:64} INFO - Poking for file /opt/***/plugins/WordbankEconomicData_Trimmed_v2.xlsx
[2023-09-10T10:55:25.956+0000] {base.py:73} INFO - Using connection ID 'fs_default' for task execution.
[2023-09-10T10:55:25.958+0000] {filesystem.py:64} INFO - Poking for file /opt/***/plugins/WordbankEconomicData_Trimmed_v2.xlsx
[2023-09-10T10:55:35.957+0000] {base.py:73} INFO - Using connection ID 'fs_default' for task execution.
[2023-09-10T10:55:35.958+0000] {filesystem.py:64} INFO - Poking for file /opt/***/plugins/WordbankEconomicData_Trimmed_v2.xlsx
[2023-09-10T10:55:45.984+0000] {base.py:73} INFO - Using connection ID 'fs_default' for task execution.
[2023-09-10T10:55:45.988+0000] {filesystem.py:64} INFO - Poking for file /opt/***/plugins/WordbankEconomicData_Trimmed_v2.xlsx
[2023-09-10T10:55:56.012+0000] {base.py:73} INFO - Using connection ID 'fs_default' for task execution.
[2023-09-10T10:55:56.013+0000] {filesystem.py:64} INFO - Poking for file /opt/***/plugins/WordbankEconomicData_Trimmed_v2.xlsx
[2023-09-10T10:56:06.003+0000] {base.py:73} INFO - Using connection ID 'fs_default' for task execution.
[2023-09-10T10:56:06.004+0000] {filesystem.py:64} INFO - Poking for file /opt/***/plugins/WordbankEconomicData_Trimmed_v2.xlsx
[2023-09-10T10:56:16.022+0000] {base.py:73} INFO - Using connection ID 'fs_default' for task execution.
[2023-09-10T10:56:16.023+0000] {filesystem.py:64} INFO - Poking for file /opt/***/plugins/WordbankEconomicData_Trimmed_v2.xlsx
[2023-09-10T10:56:26.042+0000] {base.py:73} INFO - Using connection ID 'fs_default' for task execution.
[2023-09-10T10:56:26.043+0000] {filesystem.py:64} INFO - Poking for file /opt/***/plugins/WordbankEconomicData_Trimmed_v2.xlsx
[2023-09-10T10:56:36.040+0000] {base.py:73} INFO - Using connection ID 'fs_default' for task execution.
[2023-09-10T10:56:36.041+0000] {filesystem.py:64} INFO - Poking for file /opt/***/plugins/WordbankEconomicData_Trimmed_v2.xlsx
[2023-09-10T10:56:46.061+0000] {base.py:73} INFO - Using connection ID 'fs_default' for task execution.
[2023-09-10T10:56:46.062+0000] {filesystem.py:64} INFO - Poking for file /opt/***/plugins/WordbankEconomicData_Trimmed_v2.xlsx
[2023-09-10T10:56:56.084+0000] {base.py:73} INFO - Using connection ID 'fs_default' for task execution.
[2023-09-10T10:56:56.085+0000] {filesystem.py:64} INFO - Poking for file /opt/***/plugins/WordbankEconomicData_Trimmed_v2.xlsx
[2023-09-10T10:57:06.087+0000] {base.py:73} INFO - Using connection ID 'fs_default' for task execution.
[2023-09-10T10:57:06.088+0000] {filesystem.py:64} INFO - Poking for file /opt/***/plugins/WordbankEconomicData_Trimmed_v2.xlsx
[2023-09-10T10:57:16.102+0000] {base.py:73} INFO - Using connection ID 'fs_default' for task execution.
[2023-09-10T10:57:16.103+0000] {filesystem.py:64} INFO - Poking for file /opt/***/plugins/WordbankEconomicData_Trimmed_v2.xlsx
[2023-09-10T10:57:26.121+0000] {base.py:73} INFO - Using connection ID 'fs_default' for task execution.
[2023-09-10T10:57:26.123+0000] {filesystem.py:64} INFO - Poking for file /opt/***/plugins/WordbankEconomicData_Trimmed_v2.xlsx
[2023-09-10T10:57:36.120+0000] {base.py:73} INFO - Using connection ID 'fs_default' for task execution.
[2023-09-10T10:57:36.121+0000] {filesystem.py:64} INFO - Poking for file /opt/***/plugins/WordbankEconomicData_Trimmed_v2.xlsx
[2023-09-10T10:57:46.138+0000] {base.py:73} INFO - Using connection ID 'fs_default' for task execution.
[2023-09-10T10:57:46.139+0000] {filesystem.py:64} INFO - Poking for file /opt/***/plugins/WordbankEconomicData_Trimmed_v2.xlsx
[2023-09-10T10:57:56.156+0000] {base.py:73} INFO - Using connection ID 'fs_default' for task execution.
[2023-09-10T10:57:56.157+0000] {filesystem.py:64} INFO - Poking for file /opt/***/plugins/WordbankEconomicData_Trimmed_v2.xlsx
[2023-09-10T10:58:06.157+0000] {base.py:73} INFO - Using connection ID 'fs_default' for task execution.
[2023-09-10T10:58:06.158+0000] {filesystem.py:64} INFO - Poking for file /opt/***/plugins/WordbankEconomicData_Trimmed_v2.xlsx
[2023-09-10T10:58:16.175+0000] {base.py:73} INFO - Using connection ID 'fs_default' for task execution.
[2023-09-10T10:58:16.176+0000] {filesystem.py:64} INFO - Poking for file /opt/***/plugins/WordbankEconomicData_Trimmed_v2.xlsx
[2023-09-10T10:58:26.197+0000] {base.py:73} INFO - Using connection ID 'fs_default' for task execution.
[2023-09-10T10:58:26.198+0000] {filesystem.py:64} INFO - Poking for file /opt/***/plugins/WordbankEconomicData_Trimmed_v2.xlsx
[2023-09-10T10:58:36.197+0000] {base.py:73} INFO - Using connection ID 'fs_default' for task execution.
[2023-09-10T10:58:36.198+0000] {filesystem.py:64} INFO - Poking for file /opt/***/plugins/WordbankEconomicData_Trimmed_v2.xlsx
[2023-09-10T10:58:46.212+0000] {base.py:73} INFO - Using connection ID 'fs_default' for task execution.
[2023-09-10T10:58:46.213+0000] {filesystem.py:64} INFO - Poking for file /opt/***/plugins/WordbankEconomicData_Trimmed_v2.xlsx
[2023-09-10T10:58:56.234+0000] {base.py:73} INFO - Using connection ID 'fs_default' for task execution.
[2023-09-10T10:58:56.235+0000] {filesystem.py:64} INFO - Poking for file /opt/***/plugins/WordbankEconomicData_Trimmed_v2.xlsx
[2023-09-10T10:59:06.231+0000] {base.py:73} INFO - Using connection ID 'fs_default' for task execution.
[2023-09-10T10:59:06.232+0000] {filesystem.py:64} INFO - Poking for file /opt/***/plugins/WordbankEconomicData_Trimmed_v2.xlsx
[2023-09-10T10:59:16.256+0000] {base.py:73} INFO - Using connection ID 'fs_default' for task execution.
[2023-09-10T10:59:16.257+0000] {filesystem.py:64} INFO - Poking for file /opt/***/plugins/WordbankEconomicData_Trimmed_v2.xlsx
[2023-09-10T10:59:26.278+0000] {base.py:73} INFO - Using connection ID 'fs_default' for task execution.
[2023-09-10T10:59:26.279+0000] {filesystem.py:64} INFO - Poking for file /opt/***/plugins/WordbankEconomicData_Trimmed_v2.xlsx
[2023-09-10T10:59:30.118+0000] {local_task_job_runner.py:294} WARNING - State of this instance has been externally set to None. Terminating instance.
[2023-09-10T10:59:30.123+0000] {process_utils.py:131} INFO - Sending 15 to group 99. PIDs of all processes in the group: [99]
[2023-09-10T10:59:30.124+0000] {process_utils.py:86} INFO - Sending the signal 15 to group 99
[2023-09-10T10:59:30.125+0000] {taskinstance.py:1632} ERROR - Received SIGTERM. Terminating subprocesses.
[2023-09-10T10:59:30.142+0000] {taskinstance.py:1943} ERROR - Task failed with exception
Traceback (most recent call last):
  File "/home/airflow/.local/lib/python3.8/site-packages/airflow/sensors/base.py", line 279, in execute
    time.sleep(self._get_next_poke_interval(started_at, run_duration, try_number))
  File "/home/airflow/.local/lib/python3.8/site-packages/airflow/models/taskinstance.py", line 1634, in signal_handler
    raise AirflowException("Task received SIGTERM signal")
airflow.exceptions.AirflowException: Task received SIGTERM signal
[2023-09-10T10:59:30.151+0000] {taskinstance.py:1400} INFO - Marking task as FAILED. dag_id=ingest_xl_to_postgres, task_id=sense_file, execution_date=20230910T104733, start_date=20230910T104735, end_date=20230910T105930
[2023-09-10T10:59:30.188+0000] {standard_task_runner.py:104} ERROR - Failed to execute job 43 for task sense_file ((psycopg2.errors.ForeignKeyViolation) insert or update on table "task_fail" violates foreign key constraint "task_fail_ti_fkey"
DETAIL:  Key (dag_id, task_id, run_id, map_index)=(ingest_xl_to_postgres, sense_file, manual__2023-09-10T10:47:33.722182+00:00, -1) is not present in table "task_instance".

[SQL: INSERT INTO task_fail (task_id, dag_id, run_id, map_index, start_date, end_date, duration) VALUES (%(task_id)s, %(dag_id)s, %(run_id)s, %(map_index)s, %(start_date)s, %(end_date)s, %(duration)s) RETURNING task_fail.id]
[parameters: {'task_id': 'sense_file', 'dag_id': 'ingest_xl_to_postgres', 'run_id': 'manual__2023-09-10T10:47:33.722182+00:00', 'map_index': -1, 'start_date': datetime.datetime(2023, 9, 10, 10, 47, 35, 430, tzinfo=Timezone('UTC')), 'end_date': datetime.datetime(2023, 9, 10, 10, 59, 30, 150860, tzinfo=Timezone('UTC')), 'duration': 715}]
(Background on this error at: https://sqlalche.me/e/14/gkpj); 99)
[2023-09-10T10:59:30.218+0000] {process_utils.py:79} INFO - Process psutil.Process(pid=99, status='terminated', exitcode=1, started='10:47:34') (99) terminated with exit code 1
