[2023-09-10T09:36:39.230+0000] {taskinstance.py:1159} INFO - Dependencies all met for dep_context=non-requeueable deps ti=<TaskInstance: ingest_xl_to_postgres.sense_file manual__2023-09-10T09:31:36.775244+00:00 [queued]>
[2023-09-10T09:36:39.242+0000] {taskinstance.py:1159} INFO - Dependencies all met for dep_context=requeueable deps ti=<TaskInstance: ingest_xl_to_postgres.sense_file manual__2023-09-10T09:31:36.775244+00:00 [queued]>
[2023-09-10T09:36:39.243+0000] {taskinstance.py:1361} INFO - Starting attempt 2 of 2
[2023-09-10T09:36:39.256+0000] {taskinstance.py:1382} INFO - Executing <Task(FileSensor): sense_file> on 2023-09-10 09:31:36.775244+00:00
[2023-09-10T09:36:39.262+0000] {standard_task_runner.py:57} INFO - Started process 382 to run task
[2023-09-10T09:36:39.273+0000] {standard_task_runner.py:84} INFO - Running: ['***', 'tasks', 'run', 'ingest_xl_to_postgres', 'sense_file', 'manual__2023-09-10T09:31:36.775244+00:00', '--job-id', '36', '--raw', '--subdir', 'DAGS_FOLDER/ingest_xl_data_dag.py', '--cfg-path', '/tmp/tmprrbhcj5l']
[2023-09-10T09:36:39.284+0000] {standard_task_runner.py:85} INFO - Job 36: Subtask sense_file
[2023-09-10T09:36:39.370+0000] {task_command.py:415} INFO - Running <TaskInstance: ingest_xl_to_postgres.sense_file manual__2023-09-10T09:31:36.775244+00:00 [running]> on host 207c7509dcbb
[2023-09-10T09:36:39.791+0000] {taskinstance.py:1660} INFO - Exporting env vars: AIRFLOW_CTX_DAG_OWNER='you' AIRFLOW_CTX_DAG_ID='ingest_xl_to_postgres' AIRFLOW_CTX_TASK_ID='sense_file' AIRFLOW_CTX_EXECUTION_DATE='2023-09-10T09:31:36.775244+00:00' AIRFLOW_CTX_TRY_NUMBER='2' AIRFLOW_CTX_DAG_RUN_ID='manual__2023-09-10T09:31:36.775244+00:00'
[2023-09-10T09:36:39.803+0000] {base.py:73} INFO - Using connection ID 'fs_default' for task execution.
[2023-09-10T09:36:39.804+0000] {filesystem.py:64} INFO - Poking for file /opt/***/dags/WordbankEconomicData_Trimmed_v2.xlsx
[2023-09-10T09:36:49.826+0000] {base.py:73} INFO - Using connection ID 'fs_default' for task execution.
[2023-09-10T09:36:49.827+0000] {filesystem.py:64} INFO - Poking for file /opt/***/dags/WordbankEconomicData_Trimmed_v2.xlsx
[2023-09-10T09:36:59.827+0000] {base.py:73} INFO - Using connection ID 'fs_default' for task execution.
[2023-09-10T09:36:59.828+0000] {filesystem.py:64} INFO - Poking for file /opt/***/dags/WordbankEconomicData_Trimmed_v2.xlsx
[2023-09-10T09:37:09.847+0000] {base.py:73} INFO - Using connection ID 'fs_default' for task execution.
[2023-09-10T09:37:09.848+0000] {filesystem.py:64} INFO - Poking for file /opt/***/dags/WordbankEconomicData_Trimmed_v2.xlsx
[2023-09-10T09:37:19.869+0000] {base.py:73} INFO - Using connection ID 'fs_default' for task execution.
[2023-09-10T09:37:19.870+0000] {filesystem.py:64} INFO - Poking for file /opt/***/dags/WordbankEconomicData_Trimmed_v2.xlsx
[2023-09-10T09:37:29.868+0000] {base.py:73} INFO - Using connection ID 'fs_default' for task execution.
[2023-09-10T09:37:29.869+0000] {filesystem.py:64} INFO - Poking for file /opt/***/dags/WordbankEconomicData_Trimmed_v2.xlsx
[2023-09-10T09:37:39.890+0000] {base.py:73} INFO - Using connection ID 'fs_default' for task execution.
[2023-09-10T09:37:39.891+0000] {filesystem.py:64} INFO - Poking for file /opt/***/dags/WordbankEconomicData_Trimmed_v2.xlsx
[2023-09-10T09:37:49.909+0000] {base.py:73} INFO - Using connection ID 'fs_default' for task execution.
[2023-09-10T09:37:49.910+0000] {filesystem.py:64} INFO - Poking for file /opt/***/dags/WordbankEconomicData_Trimmed_v2.xlsx
[2023-09-10T09:37:59.909+0000] {base.py:73} INFO - Using connection ID 'fs_default' for task execution.
[2023-09-10T09:37:59.910+0000] {filesystem.py:64} INFO - Poking for file /opt/***/dags/WordbankEconomicData_Trimmed_v2.xlsx
[2023-09-10T09:38:09.928+0000] {base.py:73} INFO - Using connection ID 'fs_default' for task execution.
[2023-09-10T09:38:09.929+0000] {filesystem.py:64} INFO - Poking for file /opt/***/dags/WordbankEconomicData_Trimmed_v2.xlsx
[2023-09-10T09:38:19.940+0000] {base.py:73} INFO - Using connection ID 'fs_default' for task execution.
[2023-09-10T09:38:19.941+0000] {filesystem.py:64} INFO - Poking for file /opt/***/dags/WordbankEconomicData_Trimmed_v2.xlsx
[2023-09-10T09:38:29.939+0000] {base.py:73} INFO - Using connection ID 'fs_default' for task execution.
[2023-09-10T09:38:29.941+0000] {filesystem.py:64} INFO - Poking for file /opt/***/dags/WordbankEconomicData_Trimmed_v2.xlsx
[2023-09-10T09:38:39.960+0000] {base.py:73} INFO - Using connection ID 'fs_default' for task execution.
[2023-09-10T09:38:39.962+0000] {filesystem.py:64} INFO - Poking for file /opt/***/dags/WordbankEconomicData_Trimmed_v2.xlsx
[2023-09-10T09:38:49.980+0000] {base.py:73} INFO - Using connection ID 'fs_default' for task execution.
[2023-09-10T09:38:49.981+0000] {filesystem.py:64} INFO - Poking for file /opt/***/dags/WordbankEconomicData_Trimmed_v2.xlsx
[2023-09-10T09:38:59.976+0000] {base.py:73} INFO - Using connection ID 'fs_default' for task execution.
[2023-09-10T09:38:59.977+0000] {filesystem.py:64} INFO - Poking for file /opt/***/dags/WordbankEconomicData_Trimmed_v2.xlsx
[2023-09-10T09:39:09.996+0000] {base.py:73} INFO - Using connection ID 'fs_default' for task execution.
[2023-09-10T09:39:09.997+0000] {filesystem.py:64} INFO - Poking for file /opt/***/dags/WordbankEconomicData_Trimmed_v2.xlsx
[2023-09-10T09:39:20.018+0000] {base.py:73} INFO - Using connection ID 'fs_default' for task execution.
[2023-09-10T09:39:20.019+0000] {filesystem.py:64} INFO - Poking for file /opt/***/dags/WordbankEconomicData_Trimmed_v2.xlsx
[2023-09-10T09:39:30.017+0000] {base.py:73} INFO - Using connection ID 'fs_default' for task execution.
[2023-09-10T09:39:30.018+0000] {filesystem.py:64} INFO - Poking for file /opt/***/dags/WordbankEconomicData_Trimmed_v2.xlsx
[2023-09-10T09:39:40.039+0000] {base.py:73} INFO - Using connection ID 'fs_default' for task execution.
[2023-09-10T09:39:40.040+0000] {filesystem.py:64} INFO - Poking for file /opt/***/dags/WordbankEconomicData_Trimmed_v2.xlsx
[2023-09-10T09:39:50.062+0000] {base.py:73} INFO - Using connection ID 'fs_default' for task execution.
[2023-09-10T09:39:50.063+0000] {filesystem.py:64} INFO - Poking for file /opt/***/dags/WordbankEconomicData_Trimmed_v2.xlsx
[2023-09-10T09:40:00.064+0000] {base.py:73} INFO - Using connection ID 'fs_default' for task execution.
[2023-09-10T09:40:00.065+0000] {filesystem.py:64} INFO - Poking for file /opt/***/dags/WordbankEconomicData_Trimmed_v2.xlsx
[2023-09-10T09:40:10.084+0000] {base.py:73} INFO - Using connection ID 'fs_default' for task execution.
[2023-09-10T09:40:10.086+0000] {filesystem.py:64} INFO - Poking for file /opt/***/dags/WordbankEconomicData_Trimmed_v2.xlsx
[2023-09-10T09:40:20.105+0000] {base.py:73} INFO - Using connection ID 'fs_default' for task execution.
[2023-09-10T09:40:20.106+0000] {filesystem.py:64} INFO - Poking for file /opt/***/dags/WordbankEconomicData_Trimmed_v2.xlsx
[2023-09-10T09:40:30.106+0000] {base.py:73} INFO - Using connection ID 'fs_default' for task execution.
[2023-09-10T09:40:30.107+0000] {filesystem.py:64} INFO - Poking for file /opt/***/dags/WordbankEconomicData_Trimmed_v2.xlsx
[2023-09-10T09:40:40.127+0000] {base.py:73} INFO - Using connection ID 'fs_default' for task execution.
[2023-09-10T09:40:40.128+0000] {filesystem.py:64} INFO - Poking for file /opt/***/dags/WordbankEconomicData_Trimmed_v2.xlsx
[2023-09-10T09:40:50.150+0000] {base.py:73} INFO - Using connection ID 'fs_default' for task execution.
[2023-09-10T09:40:50.151+0000] {filesystem.py:64} INFO - Poking for file /opt/***/dags/WordbankEconomicData_Trimmed_v2.xlsx
[2023-09-10T09:41:00.151+0000] {base.py:73} INFO - Using connection ID 'fs_default' for task execution.
[2023-09-10T09:41:00.152+0000] {filesystem.py:64} INFO - Poking for file /opt/***/dags/WordbankEconomicData_Trimmed_v2.xlsx
[2023-09-10T09:41:01.037+0000] {local_task_job_runner.py:294} WARNING - State of this instance has been externally set to restarting. Terminating instance.
[2023-09-10T09:41:01.041+0000] {process_utils.py:131} INFO - Sending 15 to group 382. PIDs of all processes in the group: [382]
[2023-09-10T09:41:01.041+0000] {process_utils.py:86} INFO - Sending the signal 15 to group 382
[2023-09-10T09:41:01.042+0000] {taskinstance.py:1632} ERROR - Received SIGTERM. Terminating subprocesses.
[2023-09-10T09:41:01.053+0000] {taskinstance.py:1943} ERROR - Task failed with exception
Traceback (most recent call last):
  File "/home/airflow/.local/lib/python3.8/site-packages/airflow/sensors/base.py", line 279, in execute
    time.sleep(self._get_next_poke_interval(started_at, run_duration, try_number))
  File "/home/airflow/.local/lib/python3.8/site-packages/airflow/models/taskinstance.py", line 1634, in signal_handler
    raise AirflowException("Task received SIGTERM signal")
airflow.exceptions.AirflowException: Task received SIGTERM signal
[2023-09-10T09:41:01.060+0000] {taskinstance.py:1400} INFO - Marking task as UP_FOR_RETRY. dag_id=ingest_xl_to_postgres, task_id=sense_file, execution_date=20230910T093136, start_date=20230910T093639, end_date=20230910T094101
[2023-09-10T09:41:01.074+0000] {standard_task_runner.py:104} ERROR - Failed to execute job 36 for task sense_file (Task received SIGTERM signal; 382)
[2023-09-10T09:41:01.096+0000] {process_utils.py:79} INFO - Process psutil.Process(pid=382, status='terminated', exitcode=1, started='09:36:38') (382) terminated with exit code 1
