[0m17:23:02.712506 [debug] [MainThread]: Sending event: {'category': 'dbt', 'action': 'invocation', 'label': 'start', 'context': [<snowplow_tracker.self_describing_json.SelfDescribingJson object at 0x1041a4cd0>, <snowplow_tracker.self_describing_json.SelfDescribingJson object at 0x1061ddd50>, <snowplow_tracker.self_describing_json.SelfDescribingJson object at 0x1061dfc90>]}


============================== 17:23:02.717879 | 19bc93c9-010e-4c6b-bb5d-481fb1f29450 ==============================
[0m17:23:02.717879 [info ] [MainThread]: Running with dbt=1.6.2
[0m17:23:02.718536 [debug] [MainThread]: running dbt with arguments {'printer_width': '80', 'indirect_selection': 'eager', 'write_json': 'True', 'log_cache_events': 'False', 'partial_parse': 'True', 'cache_selected_only': 'False', 'profiles_dir': '/Users/mahdimostafa/.dbt', 'debug': 'False', 'version_check': 'True', 'log_path': 'logs', 'fail_fast': 'False', 'warn_error': 'None', 'use_colors': 'True', 'use_experimental_parser': 'False', 'no_print': 'None', 'quiet': 'False', 'warn_error_options': 'WarnErrorOptions(include=[], exclude=[])', 'invocation_command': 'dbt run -m access_to_electric_transformation_1', 'log_format': 'default', 'static_parser': 'True', 'target_path': 'None', 'introspect': 'True', 'send_anonymous_usage_stats': 'True'}
[0m17:23:02.719227 [error] [MainThread]: Encountered an error:
Runtime Error
  No dbt_project.yml found at expected path /Users/mahdimostafa/airflow_jlr/dbt_project.yml
  Verify that each entry within packages.yml (and their transitive dependencies) contains a file named dbt_project.yml
  
[0m17:23:02.719960 [debug] [MainThread]: Command `dbt run` failed at 17:23:02.719808 after 0.04 seconds
[0m17:23:02.720375 [debug] [MainThread]: Sending event: {'category': 'dbt', 'action': 'invocation', 'label': 'end', 'context': [<snowplow_tracker.self_describing_json.SelfDescribingJson object at 0x1064cd150>, <snowplow_tracker.self_describing_json.SelfDescribingJson object at 0x106797690>, <snowplow_tracker.self_describing_json.SelfDescribingJson object at 0x1061eed90>]}
[0m17:23:02.720786 [debug] [MainThread]: Flushing usage events
[0m17:24:07.322121 [debug] [MainThread]: Sending event: {'category': 'dbt', 'action': 'invocation', 'label': 'start', 'context': [<snowplow_tracker.self_describing_json.SelfDescribingJson object at 0x10c1b4fd0>, <snowplow_tracker.self_describing_json.SelfDescribingJson object at 0x10bbd34d0>, <snowplow_tracker.self_describing_json.SelfDescribingJson object at 0x10bbd1290>]}


============================== 17:24:07.325861 | b7d57fe0-e254-4034-8603-dc78e321dc1f ==============================
[0m17:24:07.325861 [info ] [MainThread]: Running with dbt=1.6.2
[0m17:24:07.326462 [debug] [MainThread]: running dbt with arguments {'printer_width': '80', 'indirect_selection': 'eager', 'write_json': 'True', 'log_cache_events': 'False', 'partial_parse': 'True', 'cache_selected_only': 'False', 'warn_error': 'None', 'version_check': 'True', 'fail_fast': 'False', 'log_path': 'logs', 'debug': 'False', 'profiles_dir': '/Users/mahdimostafa/.dbt', 'use_colors': 'True', 'use_experimental_parser': 'False', 'no_print': 'None', 'quiet': 'False', 'log_format': 'default', 'static_parser': 'True', 'introspect': 'True', 'invocation_command': 'dbt debug', 'target_path': 'None', 'warn_error_options': 'WarnErrorOptions(include=[], exclude=[])', 'send_anonymous_usage_stats': 'True'}
[0m17:24:07.327083 [info ] [MainThread]: dbt version: 1.6.2
[0m17:24:07.327443 [info ] [MainThread]: python version: 3.11.2
[0m17:24:07.327801 [info ] [MainThread]: python path: /Users/mahdimostafa/airflow_jlr/dags/dbt-jlr/bin/python3.11
[0m17:24:07.328107 [info ] [MainThread]: os info: macOS-11.6.2-x86_64-i386-64bit
[0m17:24:07.333271 [info ] [MainThread]: Error importing adapter: No module named 'dbt.adapters.bigquery'
[0m17:24:07.385004 [info ] [MainThread]: Using profiles dir at /Users/mahdimostafa/.dbt
[0m17:24:07.385478 [info ] [MainThread]: Using profiles.yml file at /Users/mahdimostafa/.dbt/profiles.yml
[0m17:24:07.385822 [info ] [MainThread]: Using dbt_project.yml file at /Users/mahdimostafa/airflow_jlr/dbt_project.yml
[0m17:24:07.386192 [info ] [MainThread]: Configuration:
[0m17:24:07.386522 [info ] [MainThread]:   profiles.yml file [[31mERROR invalid[0m]
[0m17:24:07.386847 [info ] [MainThread]:   dbt_project.yml file [[31mERROR not found[0m]
[0m17:24:07.387178 [info ] [MainThread]: Required dependencies:
[0m17:24:07.387585 [debug] [MainThread]: Executing "git --help"
[0m17:24:07.404640 [debug] [MainThread]: STDOUT: "b"usage: git [--version] [--help] [-C <path>] [-c <name>=<value>]\n           [--exec-path[=<path>]] [--html-path] [--man-path] [--info-path]\n           [-p | --paginate | -P | --no-pager] [--no-replace-objects] [--bare]\n           [--git-dir=<path>] [--work-tree=<path>] [--namespace=<name>]\n           [--super-prefix=<path>] [--config-env=<name>=<envvar>]\n           <command> [<args>]\n\nThese are common Git commands used in various situations:\n\nstart a working area (see also: git help tutorial)\n   clone             Clone a repository into a new directory\n   init              Create an empty Git repository or reinitialize an existing one\n\nwork on the current change (see also: git help everyday)\n   add               Add file contents to the index\n   mv                Move or rename a file, a directory, or a symlink\n   restore           Restore working tree files\n   rm                Remove files from the working tree and from the index\n   sparse-checkout   Initialize and modify the sparse-checkout\n\nexamine the history and state (see also: git help revisions)\n   bisect            Use binary search to find the commit that introduced a bug\n   diff              Show changes between commits, commit and working tree, etc\n   grep              Print lines matching a pattern\n   log               Show commit logs\n   show              Show various types of objects\n   status            Show the working tree status\n\ngrow, mark and tweak your common history\n   branch            List, create, or delete branches\n   commit            Record changes to the repository\n   merge             Join two or more development histories together\n   rebase            Reapply commits on top of another base tip\n   reset             Reset current HEAD to the specified state\n   switch            Switch branches\n   tag               Create, list, delete or verify a tag object signed with GPG\n\ncollaborate (see also: git help workflows)\n   fetch             Download objects and refs from another repository\n   pull              Fetch from and integrate with another repository or a local branch\n   push              Update remote refs along with associated objects\n\n'git help -a' and 'git help -g' list available subcommands and some\nconcept guides. See 'git help <command>' or 'git help <concept>'\nto read about a specific subcommand or concept.\nSee 'git help git' for an overview of the system.\n""
[0m17:24:07.405849 [debug] [MainThread]: STDERR: "b''"
[0m17:24:07.406442 [info ] [MainThread]:  - git [[32mOK found[0m]

[0m17:24:07.406823 [info ] [MainThread]: Connection test skipped since no profile was found
[0m17:24:07.407263 [info ] [MainThread]: [31m2 checks failed:[0m
[0m17:24:07.407600 [info ] [MainThread]: Could not load dbt_project.yml
Profile loading failed for the following reason:
Runtime Error
  Credentials in profile "chalhoub", target "dev" invalid: Runtime Error
    Could not find adapter type bigquery!


[0m17:24:07.407947 [info ] [MainThread]: Project loading failed for the following reason:
 project path </Users/mahdimostafa/airflow_jlr/dbt_project.yml> not found

[0m17:24:07.408712 [debug] [MainThread]: Command `dbt debug` failed at 17:24:07.408563 after 0.10 seconds
[0m17:24:07.409325 [debug] [MainThread]: Sending event: {'category': 'dbt', 'action': 'invocation', 'label': 'end', 'context': [<snowplow_tracker.self_describing_json.SelfDescribingJson object at 0x107d009d0>, <snowplow_tracker.self_describing_json.SelfDescribingJson object at 0x10c1d8510>, <snowplow_tracker.self_describing_json.SelfDescribingJson object at 0x10b7c3310>]}
[0m17:24:07.409995 [debug] [MainThread]: Flushing usage events
