[2023-09-10T11:38:41.737+0000] {taskinstance.py:1159} INFO - Dependencies all met for dep_context=non-requeueable deps ti=<TaskInstance: file_sensor_dag.sense_file manual__2023-09-10T11:38:40.577017+00:00 [queued]>
[2023-09-10T11:38:41.746+0000] {taskinstance.py:1159} INFO - Dependencies all met for dep_context=requeueable deps ti=<TaskInstance: file_sensor_dag.sense_file manual__2023-09-10T11:38:40.577017+00:00 [queued]>
[2023-09-10T11:38:41.747+0000] {taskinstance.py:1361} INFO - Starting attempt 1 of 2
[2023-09-10T11:38:41.759+0000] {taskinstance.py:1382} INFO - Executing <Task(FileSensor): sense_file> on 2023-09-10 11:38:40.577017+00:00
[2023-09-10T11:38:41.764+0000] {standard_task_runner.py:57} INFO - Started process 894 to run task
[2023-09-10T11:38:41.767+0000] {standard_task_runner.py:84} INFO - Running: ['***', 'tasks', 'run', 'file_sensor_dag', 'sense_file', 'manual__2023-09-10T11:38:40.577017+00:00', '--job-id', '53', '--raw', '--subdir', 'DAGS_FOLDER/new_file_sensor_dag.py', '--cfg-path', '/tmp/tmp8e7iror6']
[2023-09-10T11:38:41.769+0000] {standard_task_runner.py:85} INFO - Job 53: Subtask sense_file
[2023-09-10T11:38:41.819+0000] {task_command.py:415} INFO - Running <TaskInstance: file_sensor_dag.sense_file manual__2023-09-10T11:38:40.577017+00:00 [running]> on host 207c7509dcbb
[2023-09-10T11:38:41.907+0000] {taskinstance.py:1660} INFO - Exporting env vars: AIRFLOW_CTX_DAG_OWNER='you' AIRFLOW_CTX_DAG_ID='file_sensor_dag' AIRFLOW_CTX_TASK_ID='sense_file' AIRFLOW_CTX_EXECUTION_DATE='2023-09-10T11:38:40.577017+00:00' AIRFLOW_CTX_TRY_NUMBER='1' AIRFLOW_CTX_DAG_RUN_ID='manual__2023-09-10T11:38:40.577017+00:00'
[2023-09-10T11:38:41.916+0000] {base.py:73} INFO - Using connection ID 'fs_default' for task execution.
[2023-09-10T11:38:41.917+0000] {filesystem.py:64} INFO - Poking for file /opt/***/plugins/WordbankEconomicData_Trimmed_v2.xlsx
[2023-09-10T11:38:51.926+0000] {base.py:73} INFO - Using connection ID 'fs_default' for task execution.
[2023-09-10T11:38:51.927+0000] {filesystem.py:64} INFO - Poking for file /opt/***/plugins/WordbankEconomicData_Trimmed_v2.xlsx
[2023-09-10T11:39:01.925+0000] {base.py:73} INFO - Using connection ID 'fs_default' for task execution.
[2023-09-10T11:39:01.926+0000] {filesystem.py:64} INFO - Poking for file /opt/***/plugins/WordbankEconomicData_Trimmed_v2.xlsx
[2023-09-10T11:39:11.942+0000] {base.py:73} INFO - Using connection ID 'fs_default' for task execution.
[2023-09-10T11:39:11.943+0000] {filesystem.py:64} INFO - Poking for file /opt/***/plugins/WordbankEconomicData_Trimmed_v2.xlsx
[2023-09-10T11:39:21.966+0000] {base.py:73} INFO - Using connection ID 'fs_default' for task execution.
[2023-09-10T11:39:21.967+0000] {filesystem.py:64} INFO - Poking for file /opt/***/plugins/WordbankEconomicData_Trimmed_v2.xlsx
[2023-09-10T11:39:31.966+0000] {base.py:73} INFO - Using connection ID 'fs_default' for task execution.
[2023-09-10T11:39:31.967+0000] {filesystem.py:64} INFO - Poking for file /opt/***/plugins/WordbankEconomicData_Trimmed_v2.xlsx
[2023-09-10T11:39:41.985+0000] {base.py:73} INFO - Using connection ID 'fs_default' for task execution.
[2023-09-10T11:39:41.986+0000] {filesystem.py:64} INFO - Poking for file /opt/***/plugins/WordbankEconomicData_Trimmed_v2.xlsx
[2023-09-10T11:39:41.988+0000] {taskinstance.py:1542} INFO - Sensor has timed out; run duration of 60.12270078298752 seconds exceeds the specified timeout of 60.0.
[2023-09-10T11:39:41.997+0000] {taskinstance.py:1400} INFO - Marking task as SKIPPED. dag_id=file_sensor_dag, task_id=sense_file, execution_date=20230910T113840, start_date=20230910T113841, end_date=20230910T113941
[2023-09-10T11:39:42.022+0000] {local_task_job_runner.py:228} INFO - Task exited with return code 0
[2023-09-10T11:39:42.048+0000] {taskinstance.py:2784} INFO - 0 downstream tasks scheduled from follow-on schedule check
