[2023-09-08T15:33:24.011+0000] {processor.py:157} INFO - Started process (PID=38) to work on /opt/airflow/dags/duckdb_handler.py
[2023-09-08T15:33:24.012+0000] {processor.py:829} INFO - Processing file /opt/airflow/dags/duckdb_handler.py for tasks to queue
[2023-09-08T15:33:24.014+0000] {logging_mixin.py:151} INFO - [2023-09-08T15:33:24.014+0000] {dagbag.py:539} INFO - Filling up the DagBag from /opt/airflow/dags/duckdb_handler.py
[2023-09-08T15:33:24.073+0000] {logging_mixin.py:151} INFO - [2023-09-08T15:33:24.071+0000] {dagbag.py:347} ERROR - Failed to import: /opt/airflow/dags/duckdb_handler.py
Traceback (most recent call last):
  File "/home/airflow/.local/lib/python3.8/site-packages/airflow/models/dagbag.py", line 343, in parse
    loader.exec_module(new_module)
  File "<frozen importlib._bootstrap_external>", line 843, in exec_module
  File "<frozen importlib._bootstrap>", line 219, in _call_with_frames_removed
  File "/opt/airflow/dags/duckdb_handler.py", line 91, in <module>
    conn.execute(f"CREATE TABLE IF NOT EXISTS country_data({', '.join([f'{col} {col_type}' for col, col_type in COUNTRY_DATA_SCHEMA.items()])})")
duckdb.ParserException: Parser Error: syntax error at or near "Or"
LINE 1: ...BLE IF NOT EXISTS country_data(Country Or Region Name VARCHAR, Country Code VA...
                                                  ^
[2023-09-08T15:33:24.075+0000] {processor.py:841} WARNING - No viable dags retrieved from /opt/airflow/dags/duckdb_handler.py
[2023-09-08T15:33:24.096+0000] {processor.py:179} INFO - Processing /opt/airflow/dags/duckdb_handler.py took 0.090 seconds
[2023-09-08T15:33:54.361+0000] {processor.py:157} INFO - Started process (PID=69) to work on /opt/airflow/dags/duckdb_handler.py
[2023-09-08T15:33:54.363+0000] {processor.py:829} INFO - Processing file /opt/airflow/dags/duckdb_handler.py for tasks to queue
[2023-09-08T15:33:54.367+0000] {logging_mixin.py:151} INFO - [2023-09-08T15:33:54.366+0000] {dagbag.py:539} INFO - Filling up the DagBag from /opt/airflow/dags/duckdb_handler.py
[2023-09-08T15:33:54.414+0000] {logging_mixin.py:151} INFO - [2023-09-08T15:33:54.412+0000] {dagbag.py:347} ERROR - Failed to import: /opt/airflow/dags/duckdb_handler.py
Traceback (most recent call last):
  File "/home/airflow/.local/lib/python3.8/site-packages/airflow/models/dagbag.py", line 343, in parse
    loader.exec_module(new_module)
  File "<frozen importlib._bootstrap_external>", line 843, in exec_module
  File "<frozen importlib._bootstrap>", line 219, in _call_with_frames_removed
  File "/opt/airflow/dags/duckdb_handler.py", line 91, in <module>
    conn.execute(f"CREATE TABLE IF NOT EXISTS country_data({', '.join([f'{col} {col_type}' for col, col_type in COUNTRY_DATA_SCHEMA.items()])})")
duckdb.ParserException: Parser Error: syntax error at or near "Or"
LINE 1: ...BLE IF NOT EXISTS country_data(Country Or Region Name VARCHAR, Country Code VA...
                                                  ^
[2023-09-08T15:33:54.415+0000] {processor.py:841} WARNING - No viable dags retrieved from /opt/airflow/dags/duckdb_handler.py
[2023-09-08T15:33:54.437+0000] {processor.py:179} INFO - Processing /opt/airflow/dags/duckdb_handler.py took 0.080 seconds
[2023-09-08T15:34:24.668+0000] {processor.py:157} INFO - Started process (PID=100) to work on /opt/airflow/dags/duckdb_handler.py
[2023-09-08T15:34:24.670+0000] {processor.py:829} INFO - Processing file /opt/airflow/dags/duckdb_handler.py for tasks to queue
[2023-09-08T15:34:24.673+0000] {logging_mixin.py:151} INFO - [2023-09-08T15:34:24.672+0000] {dagbag.py:539} INFO - Filling up the DagBag from /opt/airflow/dags/duckdb_handler.py
[2023-09-08T15:34:24.715+0000] {logging_mixin.py:151} INFO - [2023-09-08T15:34:24.713+0000] {dagbag.py:347} ERROR - Failed to import: /opt/airflow/dags/duckdb_handler.py
Traceback (most recent call last):
  File "/home/airflow/.local/lib/python3.8/site-packages/airflow/models/dagbag.py", line 343, in parse
    loader.exec_module(new_module)
  File "<frozen importlib._bootstrap_external>", line 843, in exec_module
  File "<frozen importlib._bootstrap>", line 219, in _call_with_frames_removed
  File "/opt/airflow/dags/duckdb_handler.py", line 91, in <module>
    conn.execute(f"CREATE TABLE IF NOT EXISTS country_data({', '.join([f'{col} {col_type}' for col, col_type in COUNTRY_DATA_SCHEMA.items()])})")
duckdb.ParserException: Parser Error: syntax error at or near "Or"
LINE 1: ...BLE IF NOT EXISTS country_data(Country Or Region Name VARCHAR, Country Code VA...
                                                  ^
[2023-09-08T15:34:24.716+0000] {processor.py:841} WARNING - No viable dags retrieved from /opt/airflow/dags/duckdb_handler.py
[2023-09-08T15:34:24.735+0000] {processor.py:179} INFO - Processing /opt/airflow/dags/duckdb_handler.py took 0.072 seconds
[2023-09-08T15:34:54.987+0000] {processor.py:157} INFO - Started process (PID=131) to work on /opt/airflow/dags/duckdb_handler.py
[2023-09-08T15:34:54.993+0000] {processor.py:829} INFO - Processing file /opt/airflow/dags/duckdb_handler.py for tasks to queue
[2023-09-08T15:34:55.000+0000] {logging_mixin.py:151} INFO - [2023-09-08T15:34:54.999+0000] {dagbag.py:539} INFO - Filling up the DagBag from /opt/airflow/dags/duckdb_handler.py
[2023-09-08T15:34:55.072+0000] {logging_mixin.py:151} INFO - [2023-09-08T15:34:55.070+0000] {dagbag.py:347} ERROR - Failed to import: /opt/airflow/dags/duckdb_handler.py
Traceback (most recent call last):
  File "/home/airflow/.local/lib/python3.8/site-packages/airflow/models/dagbag.py", line 343, in parse
    loader.exec_module(new_module)
  File "<frozen importlib._bootstrap_external>", line 843, in exec_module
  File "<frozen importlib._bootstrap>", line 219, in _call_with_frames_removed
  File "/opt/airflow/dags/duckdb_handler.py", line 91, in <module>
    conn.execute(f"CREATE TABLE IF NOT EXISTS country_data({', '.join([f'{col} {col_type}' for col, col_type in COUNTRY_DATA_SCHEMA.items()])})")
duckdb.ParserException: Parser Error: syntax error at or near "Or"
LINE 1: ...BLE IF NOT EXISTS country_data(Country Or Region Name VARCHAR, Country Code VA...
                                                  ^
[2023-09-08T15:34:55.073+0000] {processor.py:841} WARNING - No viable dags retrieved from /opt/airflow/dags/duckdb_handler.py
[2023-09-08T15:34:55.094+0000] {processor.py:179} INFO - Processing /opt/airflow/dags/duckdb_handler.py took 0.111 seconds
[2023-09-08T15:35:25.326+0000] {processor.py:157} INFO - Started process (PID=162) to work on /opt/airflow/dags/duckdb_handler.py
[2023-09-08T15:35:25.328+0000] {processor.py:829} INFO - Processing file /opt/airflow/dags/duckdb_handler.py for tasks to queue
[2023-09-08T15:35:25.331+0000] {logging_mixin.py:151} INFO - [2023-09-08T15:35:25.331+0000] {dagbag.py:539} INFO - Filling up the DagBag from /opt/airflow/dags/duckdb_handler.py
[2023-09-08T15:35:25.381+0000] {logging_mixin.py:151} INFO - [2023-09-08T15:35:25.378+0000] {dagbag.py:347} ERROR - Failed to import: /opt/airflow/dags/duckdb_handler.py
Traceback (most recent call last):
  File "/home/airflow/.local/lib/python3.8/site-packages/airflow/models/dagbag.py", line 343, in parse
    loader.exec_module(new_module)
  File "<frozen importlib._bootstrap_external>", line 843, in exec_module
  File "<frozen importlib._bootstrap>", line 219, in _call_with_frames_removed
  File "/opt/airflow/dags/duckdb_handler.py", line 91, in <module>
    conn.execute(f"CREATE TABLE IF NOT EXISTS country_data({', '.join([f'{col} {col_type}' for col, col_type in COUNTRY_DATA_SCHEMA.items()])})")
duckdb.ParserException: Parser Error: syntax error at or near "Or"
LINE 1: ...BLE IF NOT EXISTS country_data(Country Or Region Name VARCHAR, Country Code VA...
                                                  ^
[2023-09-08T15:35:25.382+0000] {processor.py:841} WARNING - No viable dags retrieved from /opt/airflow/dags/duckdb_handler.py
[2023-09-08T15:35:25.399+0000] {processor.py:179} INFO - Processing /opt/airflow/dags/duckdb_handler.py took 0.078 seconds
[2023-09-08T15:35:55.660+0000] {processor.py:157} INFO - Started process (PID=193) to work on /opt/airflow/dags/duckdb_handler.py
[2023-09-08T15:35:55.661+0000] {processor.py:829} INFO - Processing file /opt/airflow/dags/duckdb_handler.py for tasks to queue
[2023-09-08T15:35:55.665+0000] {logging_mixin.py:151} INFO - [2023-09-08T15:35:55.665+0000] {dagbag.py:539} INFO - Filling up the DagBag from /opt/airflow/dags/duckdb_handler.py
[2023-09-08T15:35:55.707+0000] {logging_mixin.py:151} INFO - [2023-09-08T15:35:55.706+0000] {dagbag.py:347} ERROR - Failed to import: /opt/airflow/dags/duckdb_handler.py
Traceback (most recent call last):
  File "/home/airflow/.local/lib/python3.8/site-packages/airflow/models/dagbag.py", line 343, in parse
    loader.exec_module(new_module)
  File "<frozen importlib._bootstrap_external>", line 843, in exec_module
  File "<frozen importlib._bootstrap>", line 219, in _call_with_frames_removed
  File "/opt/airflow/dags/duckdb_handler.py", line 91, in <module>
    conn.execute(f"CREATE TABLE IF NOT EXISTS country_data({', '.join([f'{col} {col_type}' for col, col_type in COUNTRY_DATA_SCHEMA.items()])})")
duckdb.ParserException: Parser Error: syntax error at or near "Or"
LINE 1: ...BLE IF NOT EXISTS country_data(Country Or Region Name VARCHAR, Country Code VA...
                                                  ^
[2023-09-08T15:35:55.708+0000] {processor.py:841} WARNING - No viable dags retrieved from /opt/airflow/dags/duckdb_handler.py
[2023-09-08T15:35:55.847+0000] {processor.py:179} INFO - Processing /opt/airflow/dags/duckdb_handler.py took 0.192 seconds
[2023-09-08T15:36:26.220+0000] {processor.py:157} INFO - Started process (PID=224) to work on /opt/airflow/dags/duckdb_handler.py
[2023-09-08T15:36:26.221+0000] {processor.py:829} INFO - Processing file /opt/airflow/dags/duckdb_handler.py for tasks to queue
[2023-09-08T15:36:26.225+0000] {logging_mixin.py:151} INFO - [2023-09-08T15:36:26.225+0000] {dagbag.py:539} INFO - Filling up the DagBag from /opt/airflow/dags/duckdb_handler.py
[2023-09-08T15:36:26.270+0000] {logging_mixin.py:151} INFO - [2023-09-08T15:36:26.268+0000] {dagbag.py:347} ERROR - Failed to import: /opt/airflow/dags/duckdb_handler.py
Traceback (most recent call last):
  File "/home/airflow/.local/lib/python3.8/site-packages/airflow/models/dagbag.py", line 343, in parse
    loader.exec_module(new_module)
  File "<frozen importlib._bootstrap_external>", line 843, in exec_module
  File "<frozen importlib._bootstrap>", line 219, in _call_with_frames_removed
  File "/opt/airflow/dags/duckdb_handler.py", line 91, in <module>
    conn.execute(f"CREATE TABLE IF NOT EXISTS country_data({', '.join([f'{col} {col_type}' for col, col_type in COUNTRY_DATA_SCHEMA.items()])})")
duckdb.ParserException: Parser Error: syntax error at or near "Or"
LINE 1: ...BLE IF NOT EXISTS country_data(Country Or Region Name VARCHAR, Country Code VA...
                                                  ^
[2023-09-08T15:36:26.271+0000] {processor.py:841} WARNING - No viable dags retrieved from /opt/airflow/dags/duckdb_handler.py
[2023-09-08T15:36:26.304+0000] {processor.py:179} INFO - Processing /opt/airflow/dags/duckdb_handler.py took 0.089 seconds
[2023-09-08T15:36:56.547+0000] {processor.py:157} INFO - Started process (PID=255) to work on /opt/airflow/dags/duckdb_handler.py
[2023-09-08T15:36:56.549+0000] {processor.py:829} INFO - Processing file /opt/airflow/dags/duckdb_handler.py for tasks to queue
[2023-09-08T15:36:56.551+0000] {logging_mixin.py:151} INFO - [2023-09-08T15:36:56.551+0000] {dagbag.py:539} INFO - Filling up the DagBag from /opt/airflow/dags/duckdb_handler.py
[2023-09-08T15:36:56.594+0000] {logging_mixin.py:151} INFO - [2023-09-08T15:36:56.592+0000] {dagbag.py:347} ERROR - Failed to import: /opt/airflow/dags/duckdb_handler.py
Traceback (most recent call last):
  File "/home/airflow/.local/lib/python3.8/site-packages/airflow/models/dagbag.py", line 343, in parse
    loader.exec_module(new_module)
  File "<frozen importlib._bootstrap_external>", line 843, in exec_module
  File "<frozen importlib._bootstrap>", line 219, in _call_with_frames_removed
  File "/opt/airflow/dags/duckdb_handler.py", line 91, in <module>
    conn.execute(f"CREATE TABLE IF NOT EXISTS country_data({', '.join([f'{col} {col_type}' for col, col_type in COUNTRY_DATA_SCHEMA.items()])})")
duckdb.ParserException: Parser Error: syntax error at or near "Or"
LINE 1: ...BLE IF NOT EXISTS country_data(Country Or Region Name VARCHAR, Country Code VA...
                                                  ^
[2023-09-08T15:36:56.596+0000] {processor.py:841} WARNING - No viable dags retrieved from /opt/airflow/dags/duckdb_handler.py
[2023-09-08T15:36:56.615+0000] {processor.py:179} INFO - Processing /opt/airflow/dags/duckdb_handler.py took 0.072 seconds
[2023-09-08T15:37:26.850+0000] {processor.py:157} INFO - Started process (PID=286) to work on /opt/airflow/dags/duckdb_handler.py
[2023-09-08T15:37:26.853+0000] {processor.py:829} INFO - Processing file /opt/airflow/dags/duckdb_handler.py for tasks to queue
[2023-09-08T15:37:26.862+0000] {logging_mixin.py:151} INFO - [2023-09-08T15:37:26.862+0000] {dagbag.py:539} INFO - Filling up the DagBag from /opt/airflow/dags/duckdb_handler.py
[2023-09-08T15:37:26.915+0000] {logging_mixin.py:151} INFO - [2023-09-08T15:37:26.913+0000] {dagbag.py:347} ERROR - Failed to import: /opt/airflow/dags/duckdb_handler.py
Traceback (most recent call last):
  File "/home/airflow/.local/lib/python3.8/site-packages/airflow/models/dagbag.py", line 343, in parse
    loader.exec_module(new_module)
  File "<frozen importlib._bootstrap_external>", line 843, in exec_module
  File "<frozen importlib._bootstrap>", line 219, in _call_with_frames_removed
  File "/opt/airflow/dags/duckdb_handler.py", line 91, in <module>
    conn.execute(f"CREATE TABLE IF NOT EXISTS country_data({', '.join([f'{col} {col_type}' for col, col_type in COUNTRY_DATA_SCHEMA.items()])})")
duckdb.ParserException: Parser Error: syntax error at or near "Or"
LINE 1: ...BLE IF NOT EXISTS country_data(Country Or Region Name VARCHAR, Country Code VA...
                                                  ^
[2023-09-08T15:37:26.916+0000] {processor.py:841} WARNING - No viable dags retrieved from /opt/airflow/dags/duckdb_handler.py
[2023-09-08T15:37:26.940+0000] {processor.py:179} INFO - Processing /opt/airflow/dags/duckdb_handler.py took 0.094 seconds
[2023-09-08T15:37:57.176+0000] {processor.py:157} INFO - Started process (PID=317) to work on /opt/airflow/dags/duckdb_handler.py
[2023-09-08T15:37:57.177+0000] {processor.py:829} INFO - Processing file /opt/airflow/dags/duckdb_handler.py for tasks to queue
[2023-09-08T15:37:57.181+0000] {logging_mixin.py:151} INFO - [2023-09-08T15:37:57.180+0000] {dagbag.py:539} INFO - Filling up the DagBag from /opt/airflow/dags/duckdb_handler.py
[2023-09-08T15:37:57.227+0000] {logging_mixin.py:151} INFO - [2023-09-08T15:37:57.225+0000] {dagbag.py:347} ERROR - Failed to import: /opt/airflow/dags/duckdb_handler.py
Traceback (most recent call last):
  File "/home/airflow/.local/lib/python3.8/site-packages/airflow/models/dagbag.py", line 343, in parse
    loader.exec_module(new_module)
  File "<frozen importlib._bootstrap_external>", line 843, in exec_module
  File "<frozen importlib._bootstrap>", line 219, in _call_with_frames_removed
  File "/opt/airflow/dags/duckdb_handler.py", line 91, in <module>
    conn.execute(f"CREATE TABLE IF NOT EXISTS country_data({', '.join([f'{col} {col_type}' for col, col_type in COUNTRY_DATA_SCHEMA.items()])})")
duckdb.ParserException: Parser Error: syntax error at or near "Or"
LINE 1: ...BLE IF NOT EXISTS country_data(Country Or Region Name VARCHAR, Country Code VA...
                                                  ^
[2023-09-08T15:37:57.228+0000] {processor.py:841} WARNING - No viable dags retrieved from /opt/airflow/dags/duckdb_handler.py
[2023-09-08T15:37:57.250+0000] {processor.py:179} INFO - Processing /opt/airflow/dags/duckdb_handler.py took 0.079 seconds
[2023-09-08T15:38:27.590+0000] {processor.py:157} INFO - Started process (PID=348) to work on /opt/airflow/dags/duckdb_handler.py
[2023-09-08T15:38:27.592+0000] {processor.py:829} INFO - Processing file /opt/airflow/dags/duckdb_handler.py for tasks to queue
[2023-09-08T15:38:27.596+0000] {logging_mixin.py:151} INFO - [2023-09-08T15:38:27.596+0000] {dagbag.py:539} INFO - Filling up the DagBag from /opt/airflow/dags/duckdb_handler.py
[2023-09-08T15:38:27.657+0000] {logging_mixin.py:151} INFO - [2023-09-08T15:38:27.655+0000] {dagbag.py:347} ERROR - Failed to import: /opt/airflow/dags/duckdb_handler.py
Traceback (most recent call last):
  File "/home/airflow/.local/lib/python3.8/site-packages/airflow/models/dagbag.py", line 343, in parse
    loader.exec_module(new_module)
  File "<frozen importlib._bootstrap_external>", line 843, in exec_module
  File "<frozen importlib._bootstrap>", line 219, in _call_with_frames_removed
  File "/opt/airflow/dags/duckdb_handler.py", line 91, in <module>
    conn.execute(f"CREATE TABLE IF NOT EXISTS country_data({', '.join([f'{col} {col_type}' for col, col_type in COUNTRY_DATA_SCHEMA.items()])})")
duckdb.ParserException: Parser Error: syntax error at or near "Or"
LINE 1: ...BLE IF NOT EXISTS country_data(Country Or Region Name VARCHAR, Country Code VA...
                                                  ^
[2023-09-08T15:38:27.658+0000] {processor.py:841} WARNING - No viable dags retrieved from /opt/airflow/dags/duckdb_handler.py
[2023-09-08T15:38:27.692+0000] {processor.py:179} INFO - Processing /opt/airflow/dags/duckdb_handler.py took 0.112 seconds
[2023-09-08T15:38:57.958+0000] {processor.py:157} INFO - Started process (PID=379) to work on /opt/airflow/dags/duckdb_handler.py
[2023-09-08T15:38:57.959+0000] {processor.py:829} INFO - Processing file /opt/airflow/dags/duckdb_handler.py for tasks to queue
[2023-09-08T15:38:57.963+0000] {logging_mixin.py:151} INFO - [2023-09-08T15:38:57.962+0000] {dagbag.py:539} INFO - Filling up the DagBag from /opt/airflow/dags/duckdb_handler.py
[2023-09-08T15:38:58.007+0000] {logging_mixin.py:151} INFO - [2023-09-08T15:38:58.005+0000] {dagbag.py:347} ERROR - Failed to import: /opt/airflow/dags/duckdb_handler.py
Traceback (most recent call last):
  File "/home/airflow/.local/lib/python3.8/site-packages/airflow/models/dagbag.py", line 343, in parse
    loader.exec_module(new_module)
  File "<frozen importlib._bootstrap_external>", line 843, in exec_module
  File "<frozen importlib._bootstrap>", line 219, in _call_with_frames_removed
  File "/opt/airflow/dags/duckdb_handler.py", line 91, in <module>
    conn.execute(f"CREATE TABLE IF NOT EXISTS country_data({', '.join([f'{col} {col_type}' for col, col_type in COUNTRY_DATA_SCHEMA.items()])})")
duckdb.ParserException: Parser Error: syntax error at or near "Or"
LINE 1: ...BLE IF NOT EXISTS country_data(Country Or Region Name VARCHAR, Country Code VA...
                                                  ^
[2023-09-08T15:38:58.008+0000] {processor.py:841} WARNING - No viable dags retrieved from /opt/airflow/dags/duckdb_handler.py
[2023-09-08T15:38:58.028+0000] {processor.py:179} INFO - Processing /opt/airflow/dags/duckdb_handler.py took 0.074 seconds
[2023-09-08T15:39:28.280+0000] {processor.py:157} INFO - Started process (PID=410) to work on /opt/airflow/dags/duckdb_handler.py
[2023-09-08T15:39:28.281+0000] {processor.py:829} INFO - Processing file /opt/airflow/dags/duckdb_handler.py for tasks to queue
[2023-09-08T15:39:28.285+0000] {logging_mixin.py:151} INFO - [2023-09-08T15:39:28.284+0000] {dagbag.py:539} INFO - Filling up the DagBag from /opt/airflow/dags/duckdb_handler.py
[2023-09-08T15:39:28.328+0000] {logging_mixin.py:151} INFO - [2023-09-08T15:39:28.326+0000] {dagbag.py:347} ERROR - Failed to import: /opt/airflow/dags/duckdb_handler.py
Traceback (most recent call last):
  File "/home/airflow/.local/lib/python3.8/site-packages/airflow/models/dagbag.py", line 343, in parse
    loader.exec_module(new_module)
  File "<frozen importlib._bootstrap_external>", line 843, in exec_module
  File "<frozen importlib._bootstrap>", line 219, in _call_with_frames_removed
  File "/opt/airflow/dags/duckdb_handler.py", line 91, in <module>
    conn.execute(f"CREATE TABLE IF NOT EXISTS country_data({', '.join([f'{col} {col_type}' for col, col_type in COUNTRY_DATA_SCHEMA.items()])})")
duckdb.ParserException: Parser Error: syntax error at or near "Or"
LINE 1: ...BLE IF NOT EXISTS country_data(Country Or Region Name VARCHAR, Country Code VA...
                                                  ^
[2023-09-08T15:39:28.330+0000] {processor.py:841} WARNING - No viable dags retrieved from /opt/airflow/dags/duckdb_handler.py
[2023-09-08T15:39:28.349+0000] {processor.py:179} INFO - Processing /opt/airflow/dags/duckdb_handler.py took 0.074 seconds
[2023-09-08T15:39:58.592+0000] {processor.py:157} INFO - Started process (PID=441) to work on /opt/airflow/dags/duckdb_handler.py
[2023-09-08T15:39:58.593+0000] {processor.py:829} INFO - Processing file /opt/airflow/dags/duckdb_handler.py for tasks to queue
[2023-09-08T15:39:58.597+0000] {logging_mixin.py:151} INFO - [2023-09-08T15:39:58.596+0000] {dagbag.py:539} INFO - Filling up the DagBag from /opt/airflow/dags/duckdb_handler.py
[2023-09-08T15:39:58.639+0000] {logging_mixin.py:151} INFO - [2023-09-08T15:39:58.637+0000] {dagbag.py:347} ERROR - Failed to import: /opt/airflow/dags/duckdb_handler.py
Traceback (most recent call last):
  File "/home/airflow/.local/lib/python3.8/site-packages/airflow/models/dagbag.py", line 343, in parse
    loader.exec_module(new_module)
  File "<frozen importlib._bootstrap_external>", line 843, in exec_module
  File "<frozen importlib._bootstrap>", line 219, in _call_with_frames_removed
  File "/opt/airflow/dags/duckdb_handler.py", line 91, in <module>
    conn.execute(f"CREATE TABLE IF NOT EXISTS country_data({', '.join([f'{col} {col_type}' for col, col_type in COUNTRY_DATA_SCHEMA.items()])})")
duckdb.ParserException: Parser Error: syntax error at or near "Or"
LINE 1: ...BLE IF NOT EXISTS country_data(Country Or Region Name VARCHAR, Country Code VA...
                                                  ^
[2023-09-08T15:39:58.640+0000] {processor.py:841} WARNING - No viable dags retrieved from /opt/airflow/dags/duckdb_handler.py
[2023-09-08T15:39:58.661+0000] {processor.py:179} INFO - Processing /opt/airflow/dags/duckdb_handler.py took 0.073 seconds
[2023-09-08T15:40:28.907+0000] {processor.py:157} INFO - Started process (PID=472) to work on /opt/airflow/dags/duckdb_handler.py
[2023-09-08T15:40:28.910+0000] {processor.py:829} INFO - Processing file /opt/airflow/dags/duckdb_handler.py for tasks to queue
[2023-09-08T15:40:28.929+0000] {logging_mixin.py:151} INFO - [2023-09-08T15:40:28.929+0000] {dagbag.py:539} INFO - Filling up the DagBag from /opt/airflow/dags/duckdb_handler.py
[2023-09-08T15:40:28.971+0000] {logging_mixin.py:151} INFO - [2023-09-08T15:40:28.969+0000] {dagbag.py:347} ERROR - Failed to import: /opt/airflow/dags/duckdb_handler.py
Traceback (most recent call last):
  File "/home/airflow/.local/lib/python3.8/site-packages/airflow/models/dagbag.py", line 343, in parse
    loader.exec_module(new_module)
  File "<frozen importlib._bootstrap_external>", line 843, in exec_module
  File "<frozen importlib._bootstrap>", line 219, in _call_with_frames_removed
  File "/opt/airflow/dags/duckdb_handler.py", line 91, in <module>
    conn.execute(f"CREATE TABLE IF NOT EXISTS country_data({', '.join([f'{col} {col_type}' for col, col_type in COUNTRY_DATA_SCHEMA.items()])})")
duckdb.ParserException: Parser Error: syntax error at or near "Or"
LINE 1: ...BLE IF NOT EXISTS country_data(Country Or Region Name VARCHAR, Country Code VA...
                                                  ^
[2023-09-08T15:40:28.972+0000] {processor.py:841} WARNING - No viable dags retrieved from /opt/airflow/dags/duckdb_handler.py
[2023-09-08T15:40:28.994+0000] {processor.py:179} INFO - Processing /opt/airflow/dags/duckdb_handler.py took 0.091 seconds
[2023-09-08T15:40:59.231+0000] {processor.py:157} INFO - Started process (PID=503) to work on /opt/airflow/dags/duckdb_handler.py
[2023-09-08T15:40:59.232+0000] {processor.py:829} INFO - Processing file /opt/airflow/dags/duckdb_handler.py for tasks to queue
[2023-09-08T15:40:59.236+0000] {logging_mixin.py:151} INFO - [2023-09-08T15:40:59.235+0000] {dagbag.py:539} INFO - Filling up the DagBag from /opt/airflow/dags/duckdb_handler.py
[2023-09-08T15:40:59.293+0000] {logging_mixin.py:151} INFO - [2023-09-08T15:40:59.290+0000] {dagbag.py:347} ERROR - Failed to import: /opt/airflow/dags/duckdb_handler.py
Traceback (most recent call last):
  File "/home/airflow/.local/lib/python3.8/site-packages/airflow/models/dagbag.py", line 343, in parse
    loader.exec_module(new_module)
  File "<frozen importlib._bootstrap_external>", line 843, in exec_module
  File "<frozen importlib._bootstrap>", line 219, in _call_with_frames_removed
  File "/opt/airflow/dags/duckdb_handler.py", line 91, in <module>
    conn.execute(f"CREATE TABLE IF NOT EXISTS country_data({', '.join([f'{col} {col_type}' for col, col_type in COUNTRY_DATA_SCHEMA.items()])})")
duckdb.ParserException: Parser Error: syntax error at or near "Or"
LINE 1: ...BLE IF NOT EXISTS country_data(Country Or Region Name VARCHAR, Country Code VA...
                                                  ^
[2023-09-08T15:40:59.295+0000] {processor.py:841} WARNING - No viable dags retrieved from /opt/airflow/dags/duckdb_handler.py
[2023-09-08T15:40:59.322+0000] {processor.py:179} INFO - Processing /opt/airflow/dags/duckdb_handler.py took 0.096 seconds
[2023-09-08T15:41:29.573+0000] {processor.py:157} INFO - Started process (PID=534) to work on /opt/airflow/dags/duckdb_handler.py
[2023-09-08T15:41:29.575+0000] {processor.py:829} INFO - Processing file /opt/airflow/dags/duckdb_handler.py for tasks to queue
[2023-09-08T15:41:29.578+0000] {logging_mixin.py:151} INFO - [2023-09-08T15:41:29.578+0000] {dagbag.py:539} INFO - Filling up the DagBag from /opt/airflow/dags/duckdb_handler.py
[2023-09-08T15:41:29.625+0000] {logging_mixin.py:151} INFO - [2023-09-08T15:41:29.624+0000] {dagbag.py:347} ERROR - Failed to import: /opt/airflow/dags/duckdb_handler.py
Traceback (most recent call last):
  File "/home/airflow/.local/lib/python3.8/site-packages/airflow/models/dagbag.py", line 343, in parse
    loader.exec_module(new_module)
  File "<frozen importlib._bootstrap_external>", line 843, in exec_module
  File "<frozen importlib._bootstrap>", line 219, in _call_with_frames_removed
  File "/opt/airflow/dags/duckdb_handler.py", line 91, in <module>
    conn.execute(f"CREATE TABLE IF NOT EXISTS country_data({', '.join([f'{col} {col_type}' for col, col_type in COUNTRY_DATA_SCHEMA.items()])})")
duckdb.ParserException: Parser Error: syntax error at or near "Or"
LINE 1: ...BLE IF NOT EXISTS country_data(Country Or Region Name VARCHAR, Country Code VA...
                                                  ^
[2023-09-08T15:41:29.626+0000] {processor.py:841} WARNING - No viable dags retrieved from /opt/airflow/dags/duckdb_handler.py
[2023-09-08T15:41:29.647+0000] {processor.py:179} INFO - Processing /opt/airflow/dags/duckdb_handler.py took 0.079 seconds
[2023-09-08T15:41:59.905+0000] {processor.py:157} INFO - Started process (PID=565) to work on /opt/airflow/dags/duckdb_handler.py
[2023-09-08T15:41:59.906+0000] {processor.py:829} INFO - Processing file /opt/airflow/dags/duckdb_handler.py for tasks to queue
[2023-09-08T15:41:59.910+0000] {logging_mixin.py:151} INFO - [2023-09-08T15:41:59.910+0000] {dagbag.py:539} INFO - Filling up the DagBag from /opt/airflow/dags/duckdb_handler.py
[2023-09-08T15:41:59.956+0000] {logging_mixin.py:151} INFO - [2023-09-08T15:41:59.954+0000] {dagbag.py:347} ERROR - Failed to import: /opt/airflow/dags/duckdb_handler.py
Traceback (most recent call last):
  File "/home/airflow/.local/lib/python3.8/site-packages/airflow/models/dagbag.py", line 343, in parse
    loader.exec_module(new_module)
  File "<frozen importlib._bootstrap_external>", line 843, in exec_module
  File "<frozen importlib._bootstrap>", line 219, in _call_with_frames_removed
  File "/opt/airflow/dags/duckdb_handler.py", line 91, in <module>
    conn.execute(f"CREATE TABLE IF NOT EXISTS country_data({', '.join([f'{col} {col_type}' for col, col_type in COUNTRY_DATA_SCHEMA.items()])})")
duckdb.ParserException: Parser Error: syntax error at or near "Or"
LINE 1: ...BLE IF NOT EXISTS country_data(Country Or Region Name VARCHAR, Country Code VA...
                                                  ^
[2023-09-08T15:41:59.958+0000] {processor.py:841} WARNING - No viable dags retrieved from /opt/airflow/dags/duckdb_handler.py
[2023-09-08T15:41:59.981+0000] {processor.py:179} INFO - Processing /opt/airflow/dags/duckdb_handler.py took 0.081 seconds
[2023-09-08T15:42:30.231+0000] {processor.py:157} INFO - Started process (PID=596) to work on /opt/airflow/dags/duckdb_handler.py
[2023-09-08T15:42:30.233+0000] {processor.py:829} INFO - Processing file /opt/airflow/dags/duckdb_handler.py for tasks to queue
[2023-09-08T15:42:30.237+0000] {logging_mixin.py:151} INFO - [2023-09-08T15:42:30.236+0000] {dagbag.py:539} INFO - Filling up the DagBag from /opt/airflow/dags/duckdb_handler.py
[2023-09-08T15:42:30.280+0000] {logging_mixin.py:151} INFO - [2023-09-08T15:42:30.278+0000] {dagbag.py:347} ERROR - Failed to import: /opt/airflow/dags/duckdb_handler.py
Traceback (most recent call last):
  File "/home/airflow/.local/lib/python3.8/site-packages/airflow/models/dagbag.py", line 343, in parse
    loader.exec_module(new_module)
  File "<frozen importlib._bootstrap_external>", line 843, in exec_module
  File "<frozen importlib._bootstrap>", line 219, in _call_with_frames_removed
  File "/opt/airflow/dags/duckdb_handler.py", line 91, in <module>
    conn.execute(f"CREATE TABLE IF NOT EXISTS country_data({', '.join([f'{col} {col_type}' for col, col_type in COUNTRY_DATA_SCHEMA.items()])})")
duckdb.ParserException: Parser Error: syntax error at or near "Or"
LINE 1: ...BLE IF NOT EXISTS country_data(Country Or Region Name VARCHAR, Country Code VA...
                                                  ^
[2023-09-08T15:42:30.281+0000] {processor.py:841} WARNING - No viable dags retrieved from /opt/airflow/dags/duckdb_handler.py
[2023-09-08T15:42:30.302+0000] {processor.py:179} INFO - Processing /opt/airflow/dags/duckdb_handler.py took 0.075 seconds
[2023-09-08T15:43:00.554+0000] {processor.py:157} INFO - Started process (PID=627) to work on /opt/airflow/dags/duckdb_handler.py
[2023-09-08T15:43:00.556+0000] {processor.py:829} INFO - Processing file /opt/airflow/dags/duckdb_handler.py for tasks to queue
[2023-09-08T15:43:00.559+0000] {logging_mixin.py:151} INFO - [2023-09-08T15:43:00.559+0000] {dagbag.py:539} INFO - Filling up the DagBag from /opt/airflow/dags/duckdb_handler.py
[2023-09-08T15:43:00.603+0000] {logging_mixin.py:151} INFO - [2023-09-08T15:43:00.600+0000] {dagbag.py:347} ERROR - Failed to import: /opt/airflow/dags/duckdb_handler.py
Traceback (most recent call last):
  File "/home/airflow/.local/lib/python3.8/site-packages/airflow/models/dagbag.py", line 343, in parse
    loader.exec_module(new_module)
  File "<frozen importlib._bootstrap_external>", line 843, in exec_module
  File "<frozen importlib._bootstrap>", line 219, in _call_with_frames_removed
  File "/opt/airflow/dags/duckdb_handler.py", line 91, in <module>
    conn.execute(f"CREATE TABLE IF NOT EXISTS country_data({', '.join([f'{col} {col_type}' for col, col_type in COUNTRY_DATA_SCHEMA.items()])})")
duckdb.ParserException: Parser Error: syntax error at or near "Or"
LINE 1: ...BLE IF NOT EXISTS country_data(Country Or Region Name VARCHAR, Country Code VA...
                                                  ^
[2023-09-08T15:43:00.604+0000] {processor.py:841} WARNING - No viable dags retrieved from /opt/airflow/dags/duckdb_handler.py
[2023-09-08T15:43:00.623+0000] {processor.py:179} INFO - Processing /opt/airflow/dags/duckdb_handler.py took 0.073 seconds
[2023-09-08T15:43:30.983+0000] {processor.py:157} INFO - Started process (PID=658) to work on /opt/airflow/dags/duckdb_handler.py
[2023-09-08T15:43:30.985+0000] {processor.py:829} INFO - Processing file /opt/airflow/dags/duckdb_handler.py for tasks to queue
[2023-09-08T15:43:30.989+0000] {logging_mixin.py:151} INFO - [2023-09-08T15:43:30.989+0000] {dagbag.py:539} INFO - Filling up the DagBag from /opt/airflow/dags/duckdb_handler.py
[2023-09-08T15:43:31.036+0000] {logging_mixin.py:151} INFO - [2023-09-08T15:43:31.034+0000] {dagbag.py:347} ERROR - Failed to import: /opt/airflow/dags/duckdb_handler.py
Traceback (most recent call last):
  File "/home/airflow/.local/lib/python3.8/site-packages/airflow/models/dagbag.py", line 343, in parse
    loader.exec_module(new_module)
  File "<frozen importlib._bootstrap_external>", line 843, in exec_module
  File "<frozen importlib._bootstrap>", line 219, in _call_with_frames_removed
  File "/opt/airflow/dags/duckdb_handler.py", line 91, in <module>
    conn.execute(f"CREATE TABLE IF NOT EXISTS country_data({', '.join([f'{col} {col_type}' for col, col_type in COUNTRY_DATA_SCHEMA.items()])})")
duckdb.ParserException: Parser Error: syntax error at or near "Or"
LINE 1: ...BLE IF NOT EXISTS country_data(Country Or Region Name VARCHAR, Country Code VA...
                                                  ^
[2023-09-08T15:43:31.037+0000] {processor.py:841} WARNING - No viable dags retrieved from /opt/airflow/dags/duckdb_handler.py
[2023-09-08T15:43:31.057+0000] {processor.py:179} INFO - Processing /opt/airflow/dags/duckdb_handler.py took 0.078 seconds
[2023-09-08T15:44:01.314+0000] {processor.py:157} INFO - Started process (PID=689) to work on /opt/airflow/dags/duckdb_handler.py
[2023-09-08T15:44:01.315+0000] {processor.py:829} INFO - Processing file /opt/airflow/dags/duckdb_handler.py for tasks to queue
[2023-09-08T15:44:01.319+0000] {logging_mixin.py:151} INFO - [2023-09-08T15:44:01.319+0000] {dagbag.py:539} INFO - Filling up the DagBag from /opt/airflow/dags/duckdb_handler.py
[2023-09-08T15:44:01.365+0000] {logging_mixin.py:151} INFO - [2023-09-08T15:44:01.363+0000] {dagbag.py:347} ERROR - Failed to import: /opt/airflow/dags/duckdb_handler.py
Traceback (most recent call last):
  File "/home/airflow/.local/lib/python3.8/site-packages/airflow/models/dagbag.py", line 343, in parse
    loader.exec_module(new_module)
  File "<frozen importlib._bootstrap_external>", line 843, in exec_module
  File "<frozen importlib._bootstrap>", line 219, in _call_with_frames_removed
  File "/opt/airflow/dags/duckdb_handler.py", line 91, in <module>
    conn.execute(f"CREATE TABLE IF NOT EXISTS country_data({', '.join([f'{col} {col_type}' for col, col_type in COUNTRY_DATA_SCHEMA.items()])})")
duckdb.ParserException: Parser Error: syntax error at or near "Or"
LINE 1: ...BLE IF NOT EXISTS country_data(Country Or Region Name VARCHAR, Country Code VA...
                                                  ^
[2023-09-08T15:44:01.366+0000] {processor.py:841} WARNING - No viable dags retrieved from /opt/airflow/dags/duckdb_handler.py
[2023-09-08T15:44:01.386+0000] {processor.py:179} INFO - Processing /opt/airflow/dags/duckdb_handler.py took 0.077 seconds
[2023-09-08T15:44:31.618+0000] {processor.py:157} INFO - Started process (PID=720) to work on /opt/airflow/dags/duckdb_handler.py
[2023-09-08T15:44:31.620+0000] {processor.py:829} INFO - Processing file /opt/airflow/dags/duckdb_handler.py for tasks to queue
[2023-09-08T15:44:31.623+0000] {logging_mixin.py:151} INFO - [2023-09-08T15:44:31.623+0000] {dagbag.py:539} INFO - Filling up the DagBag from /opt/airflow/dags/duckdb_handler.py
[2023-09-08T15:44:31.667+0000] {logging_mixin.py:151} INFO - [2023-09-08T15:44:31.664+0000] {dagbag.py:347} ERROR - Failed to import: /opt/airflow/dags/duckdb_handler.py
Traceback (most recent call last):
  File "/home/airflow/.local/lib/python3.8/site-packages/airflow/models/dagbag.py", line 343, in parse
    loader.exec_module(new_module)
  File "<frozen importlib._bootstrap_external>", line 843, in exec_module
  File "<frozen importlib._bootstrap>", line 219, in _call_with_frames_removed
  File "/opt/airflow/dags/duckdb_handler.py", line 91, in <module>
    conn.execute(f"CREATE TABLE IF NOT EXISTS country_data({', '.join([f'{col} {col_type}' for col, col_type in COUNTRY_DATA_SCHEMA.items()])})")
duckdb.ParserException: Parser Error: syntax error at or near "Or"
LINE 1: ...BLE IF NOT EXISTS country_data(Country Or Region Name VARCHAR, Country Code VA...
                                                  ^
[2023-09-08T15:44:31.668+0000] {processor.py:841} WARNING - No viable dags retrieved from /opt/airflow/dags/duckdb_handler.py
[2023-09-08T15:44:31.689+0000] {processor.py:179} INFO - Processing /opt/airflow/dags/duckdb_handler.py took 0.076 seconds
[2023-09-08T15:45:01.944+0000] {processor.py:157} INFO - Started process (PID=751) to work on /opt/airflow/dags/duckdb_handler.py
[2023-09-08T15:45:01.945+0000] {processor.py:829} INFO - Processing file /opt/airflow/dags/duckdb_handler.py for tasks to queue
[2023-09-08T15:45:01.949+0000] {logging_mixin.py:151} INFO - [2023-09-08T15:45:01.949+0000] {dagbag.py:539} INFO - Filling up the DagBag from /opt/airflow/dags/duckdb_handler.py
[2023-09-08T15:45:01.996+0000] {logging_mixin.py:151} INFO - [2023-09-08T15:45:01.994+0000] {dagbag.py:347} ERROR - Failed to import: /opt/airflow/dags/duckdb_handler.py
Traceback (most recent call last):
  File "/home/airflow/.local/lib/python3.8/site-packages/airflow/models/dagbag.py", line 343, in parse
    loader.exec_module(new_module)
  File "<frozen importlib._bootstrap_external>", line 843, in exec_module
  File "<frozen importlib._bootstrap>", line 219, in _call_with_frames_removed
  File "/opt/airflow/dags/duckdb_handler.py", line 91, in <module>
    conn.execute(f"CREATE TABLE IF NOT EXISTS country_data({', '.join([f'{col} {col_type}' for col, col_type in COUNTRY_DATA_SCHEMA.items()])})")
duckdb.ParserException: Parser Error: syntax error at or near "Or"
LINE 1: ...BLE IF NOT EXISTS country_data(Country Or Region Name VARCHAR, Country Code VA...
                                                  ^
[2023-09-08T15:45:01.997+0000] {processor.py:841} WARNING - No viable dags retrieved from /opt/airflow/dags/duckdb_handler.py
[2023-09-08T15:45:02.018+0000] {processor.py:179} INFO - Processing /opt/airflow/dags/duckdb_handler.py took 0.079 seconds
[2023-09-08T15:45:32.259+0000] {processor.py:157} INFO - Started process (PID=782) to work on /opt/airflow/dags/duckdb_handler.py
[2023-09-08T15:45:32.261+0000] {processor.py:829} INFO - Processing file /opt/airflow/dags/duckdb_handler.py for tasks to queue
[2023-09-08T15:45:32.265+0000] {logging_mixin.py:151} INFO - [2023-09-08T15:45:32.265+0000] {dagbag.py:539} INFO - Filling up the DagBag from /opt/airflow/dags/duckdb_handler.py
[2023-09-08T15:45:32.309+0000] {logging_mixin.py:151} INFO - [2023-09-08T15:45:32.307+0000] {dagbag.py:347} ERROR - Failed to import: /opt/airflow/dags/duckdb_handler.py
Traceback (most recent call last):
  File "/home/airflow/.local/lib/python3.8/site-packages/airflow/models/dagbag.py", line 343, in parse
    loader.exec_module(new_module)
  File "<frozen importlib._bootstrap_external>", line 843, in exec_module
  File "<frozen importlib._bootstrap>", line 219, in _call_with_frames_removed
  File "/opt/airflow/dags/duckdb_handler.py", line 91, in <module>
    conn.execute(f"CREATE TABLE IF NOT EXISTS country_data({', '.join([f'{col} {col_type}' for col, col_type in COUNTRY_DATA_SCHEMA.items()])})")
duckdb.ParserException: Parser Error: syntax error at or near "Or"
LINE 1: ...BLE IF NOT EXISTS country_data(Country Or Region Name VARCHAR, Country Code VA...
                                                  ^
[2023-09-08T15:45:32.310+0000] {processor.py:841} WARNING - No viable dags retrieved from /opt/airflow/dags/duckdb_handler.py
[2023-09-08T15:45:32.330+0000] {processor.py:179} INFO - Processing /opt/airflow/dags/duckdb_handler.py took 0.075 seconds
[2023-09-08T15:48:25.600+0000] {processor.py:157} INFO - Started process (PID=40) to work on /opt/airflow/dags/duckdb_handler.py
[2023-09-08T15:48:25.602+0000] {processor.py:829} INFO - Processing file /opt/airflow/dags/duckdb_handler.py for tasks to queue
[2023-09-08T15:48:25.605+0000] {logging_mixin.py:151} INFO - [2023-09-08T15:48:25.605+0000] {dagbag.py:539} INFO - Filling up the DagBag from /opt/airflow/dags/duckdb_handler.py
[2023-09-08T15:48:25.614+0000] {logging_mixin.py:151} INFO - [2023-09-08T15:48:25.612+0000] {dagbag.py:347} ERROR - Failed to import: /opt/airflow/dags/duckdb_handler.py
Traceback (most recent call last):
  File "/home/airflow/.local/lib/python3.8/site-packages/airflow/models/dagbag.py", line 343, in parse
    loader.exec_module(new_module)
  File "<frozen importlib._bootstrap_external>", line 843, in exec_module
  File "<frozen importlib._bootstrap>", line 219, in _call_with_frames_removed
  File "/opt/airflow/dags/duckdb_handler.py", line 1, in <module>
    import duckdb
ModuleNotFoundError: No module named 'duckdb'
[2023-09-08T15:48:25.616+0000] {processor.py:841} WARNING - No viable dags retrieved from /opt/airflow/dags/duckdb_handler.py
[2023-09-08T15:48:25.645+0000] {processor.py:179} INFO - Processing /opt/airflow/dags/duckdb_handler.py took 0.051 seconds
[2023-09-08T15:48:55.919+0000] {processor.py:157} INFO - Started process (PID=51) to work on /opt/airflow/dags/duckdb_handler.py
[2023-09-08T15:48:55.920+0000] {processor.py:829} INFO - Processing file /opt/airflow/dags/duckdb_handler.py for tasks to queue
[2023-09-08T15:48:55.923+0000] {logging_mixin.py:151} INFO - [2023-09-08T15:48:55.922+0000] {dagbag.py:539} INFO - Filling up the DagBag from /opt/airflow/dags/duckdb_handler.py
[2023-09-08T15:48:55.930+0000] {logging_mixin.py:151} INFO - [2023-09-08T15:48:55.928+0000] {dagbag.py:347} ERROR - Failed to import: /opt/airflow/dags/duckdb_handler.py
Traceback (most recent call last):
  File "/home/airflow/.local/lib/python3.8/site-packages/airflow/models/dagbag.py", line 343, in parse
    loader.exec_module(new_module)
  File "<frozen importlib._bootstrap_external>", line 843, in exec_module
  File "<frozen importlib._bootstrap>", line 219, in _call_with_frames_removed
  File "/opt/airflow/dags/duckdb_handler.py", line 1, in <module>
    import duckdb
ModuleNotFoundError: No module named 'duckdb'
[2023-09-08T15:48:55.931+0000] {processor.py:841} WARNING - No viable dags retrieved from /opt/airflow/dags/duckdb_handler.py
[2023-09-08T15:48:55.974+0000] {processor.py:179} INFO - Processing /opt/airflow/dags/duckdb_handler.py took 0.059 seconds
[2023-09-08T15:49:26.281+0000] {processor.py:157} INFO - Started process (PID=62) to work on /opt/airflow/dags/duckdb_handler.py
[2023-09-08T15:49:26.282+0000] {processor.py:829} INFO - Processing file /opt/airflow/dags/duckdb_handler.py for tasks to queue
[2023-09-08T15:49:26.285+0000] {logging_mixin.py:151} INFO - [2023-09-08T15:49:26.284+0000] {dagbag.py:539} INFO - Filling up the DagBag from /opt/airflow/dags/duckdb_handler.py
[2023-09-08T15:49:26.292+0000] {logging_mixin.py:151} INFO - [2023-09-08T15:49:26.290+0000] {dagbag.py:347} ERROR - Failed to import: /opt/airflow/dags/duckdb_handler.py
Traceback (most recent call last):
  File "/home/airflow/.local/lib/python3.8/site-packages/airflow/models/dagbag.py", line 343, in parse
    loader.exec_module(new_module)
  File "<frozen importlib._bootstrap_external>", line 843, in exec_module
  File "<frozen importlib._bootstrap>", line 219, in _call_with_frames_removed
  File "/opt/airflow/dags/duckdb_handler.py", line 1, in <module>
    import duckdb
ModuleNotFoundError: No module named 'duckdb'
[2023-09-08T15:49:26.293+0000] {processor.py:841} WARNING - No viable dags retrieved from /opt/airflow/dags/duckdb_handler.py
[2023-09-08T15:49:26.326+0000] {processor.py:179} INFO - Processing /opt/airflow/dags/duckdb_handler.py took 0.049 seconds
[2023-09-08T15:49:56.639+0000] {processor.py:157} INFO - Started process (PID=73) to work on /opt/airflow/dags/duckdb_handler.py
[2023-09-08T15:49:56.640+0000] {processor.py:829} INFO - Processing file /opt/airflow/dags/duckdb_handler.py for tasks to queue
[2023-09-08T15:49:56.643+0000] {logging_mixin.py:151} INFO - [2023-09-08T15:49:56.643+0000] {dagbag.py:539} INFO - Filling up the DagBag from /opt/airflow/dags/duckdb_handler.py
[2023-09-08T15:49:56.650+0000] {logging_mixin.py:151} INFO - [2023-09-08T15:49:56.648+0000] {dagbag.py:347} ERROR - Failed to import: /opt/airflow/dags/duckdb_handler.py
Traceback (most recent call last):
  File "/home/airflow/.local/lib/python3.8/site-packages/airflow/models/dagbag.py", line 343, in parse
    loader.exec_module(new_module)
  File "<frozen importlib._bootstrap_external>", line 843, in exec_module
  File "<frozen importlib._bootstrap>", line 219, in _call_with_frames_removed
  File "/opt/airflow/dags/duckdb_handler.py", line 1, in <module>
    import duckdb
ModuleNotFoundError: No module named 'duckdb'
[2023-09-08T15:49:56.651+0000] {processor.py:841} WARNING - No viable dags retrieved from /opt/airflow/dags/duckdb_handler.py
[2023-09-08T15:49:56.669+0000] {processor.py:179} INFO - Processing /opt/airflow/dags/duckdb_handler.py took 0.034 seconds
