[2023-09-08T15:33:24.191+0000] {processor.py:157} INFO - Started process (PID=61) to work on /opt/airflow/dags/WordbankEconomicData_Trimmed_v2.xlsx
[2023-09-08T15:33:24.193+0000] {processor.py:829} INFO - Processing file /opt/airflow/dags/WordbankEconomicData_Trimmed_v2.xlsx for tasks to queue
[2023-09-08T15:33:24.195+0000] {logging_mixin.py:151} INFO - [2023-09-08T15:33:24.195+0000] {dagbag.py:539} INFO - Filling up the DagBag from /opt/airflow/dags/WordbankEconomicData_Trimmed_v2.xlsx
[2023-09-08T15:33:24.198+0000] {processor.py:841} WARNING - No viable dags retrieved from /opt/airflow/dags/WordbankEconomicData_Trimmed_v2.xlsx
[2023-09-08T15:33:24.212+0000] {processor.py:179} INFO - Processing /opt/airflow/dags/WordbankEconomicData_Trimmed_v2.xlsx took 0.024 seconds
[2023-09-08T15:33:54.530+0000] {processor.py:157} INFO - Started process (PID=92) to work on /opt/airflow/dags/WordbankEconomicData_Trimmed_v2.xlsx
[2023-09-08T15:33:54.532+0000] {processor.py:829} INFO - Processing file /opt/airflow/dags/WordbankEconomicData_Trimmed_v2.xlsx for tasks to queue
[2023-09-08T15:33:54.534+0000] {logging_mixin.py:151} INFO - [2023-09-08T15:33:54.534+0000] {dagbag.py:539} INFO - Filling up the DagBag from /opt/airflow/dags/WordbankEconomicData_Trimmed_v2.xlsx
[2023-09-08T15:33:54.538+0000] {processor.py:841} WARNING - No viable dags retrieved from /opt/airflow/dags/WordbankEconomicData_Trimmed_v2.xlsx
[2023-09-08T15:33:54.555+0000] {processor.py:179} INFO - Processing /opt/airflow/dags/WordbankEconomicData_Trimmed_v2.xlsx took 0.029 seconds
[2023-09-08T15:34:24.822+0000] {processor.py:157} INFO - Started process (PID=123) to work on /opt/airflow/dags/WordbankEconomicData_Trimmed_v2.xlsx
[2023-09-08T15:34:24.824+0000] {processor.py:829} INFO - Processing file /opt/airflow/dags/WordbankEconomicData_Trimmed_v2.xlsx for tasks to queue
[2023-09-08T15:34:24.826+0000] {logging_mixin.py:151} INFO - [2023-09-08T15:34:24.826+0000] {dagbag.py:539} INFO - Filling up the DagBag from /opt/airflow/dags/WordbankEconomicData_Trimmed_v2.xlsx
[2023-09-08T15:34:24.829+0000] {processor.py:841} WARNING - No viable dags retrieved from /opt/airflow/dags/WordbankEconomicData_Trimmed_v2.xlsx
[2023-09-08T15:34:24.843+0000] {processor.py:179} INFO - Processing /opt/airflow/dags/WordbankEconomicData_Trimmed_v2.xlsx took 0.024 seconds
[2023-09-08T15:34:55.184+0000] {processor.py:157} INFO - Started process (PID=154) to work on /opt/airflow/dags/WordbankEconomicData_Trimmed_v2.xlsx
[2023-09-08T15:34:55.187+0000] {processor.py:829} INFO - Processing file /opt/airflow/dags/WordbankEconomicData_Trimmed_v2.xlsx for tasks to queue
[2023-09-08T15:34:55.189+0000] {logging_mixin.py:151} INFO - [2023-09-08T15:34:55.189+0000] {dagbag.py:539} INFO - Filling up the DagBag from /opt/airflow/dags/WordbankEconomicData_Trimmed_v2.xlsx
[2023-09-08T15:34:55.193+0000] {processor.py:841} WARNING - No viable dags retrieved from /opt/airflow/dags/WordbankEconomicData_Trimmed_v2.xlsx
[2023-09-08T15:34:55.208+0000] {processor.py:179} INFO - Processing /opt/airflow/dags/WordbankEconomicData_Trimmed_v2.xlsx took 0.027 seconds
[2023-09-08T15:35:25.482+0000] {processor.py:157} INFO - Started process (PID=185) to work on /opt/airflow/dags/WordbankEconomicData_Trimmed_v2.xlsx
[2023-09-08T15:35:25.484+0000] {processor.py:829} INFO - Processing file /opt/airflow/dags/WordbankEconomicData_Trimmed_v2.xlsx for tasks to queue
[2023-09-08T15:35:25.486+0000] {logging_mixin.py:151} INFO - [2023-09-08T15:35:25.486+0000] {dagbag.py:539} INFO - Filling up the DagBag from /opt/airflow/dags/WordbankEconomicData_Trimmed_v2.xlsx
[2023-09-08T15:35:25.489+0000] {processor.py:841} WARNING - No viable dags retrieved from /opt/airflow/dags/WordbankEconomicData_Trimmed_v2.xlsx
[2023-09-08T15:35:25.503+0000] {processor.py:179} INFO - Processing /opt/airflow/dags/WordbankEconomicData_Trimmed_v2.xlsx took 0.025 seconds
[2023-09-08T15:35:55.948+0000] {processor.py:157} INFO - Started process (PID=216) to work on /opt/airflow/dags/WordbankEconomicData_Trimmed_v2.xlsx
[2023-09-08T15:35:55.954+0000] {processor.py:829} INFO - Processing file /opt/airflow/dags/WordbankEconomicData_Trimmed_v2.xlsx for tasks to queue
[2023-09-08T15:35:55.960+0000] {logging_mixin.py:151} INFO - [2023-09-08T15:35:55.959+0000] {dagbag.py:539} INFO - Filling up the DagBag from /opt/airflow/dags/WordbankEconomicData_Trimmed_v2.xlsx
[2023-09-08T15:35:55.968+0000] {processor.py:841} WARNING - No viable dags retrieved from /opt/airflow/dags/WordbankEconomicData_Trimmed_v2.xlsx
[2023-09-08T15:35:55.991+0000] {processor.py:179} INFO - Processing /opt/airflow/dags/WordbankEconomicData_Trimmed_v2.xlsx took 0.047 seconds
[2023-09-08T15:36:26.402+0000] {processor.py:157} INFO - Started process (PID=247) to work on /opt/airflow/dags/WordbankEconomicData_Trimmed_v2.xlsx
[2023-09-08T15:36:26.404+0000] {processor.py:829} INFO - Processing file /opt/airflow/dags/WordbankEconomicData_Trimmed_v2.xlsx for tasks to queue
[2023-09-08T15:36:26.407+0000] {logging_mixin.py:151} INFO - [2023-09-08T15:36:26.407+0000] {dagbag.py:539} INFO - Filling up the DagBag from /opt/airflow/dags/WordbankEconomicData_Trimmed_v2.xlsx
[2023-09-08T15:36:26.410+0000] {processor.py:841} WARNING - No viable dags retrieved from /opt/airflow/dags/WordbankEconomicData_Trimmed_v2.xlsx
[2023-09-08T15:36:26.425+0000] {processor.py:179} INFO - Processing /opt/airflow/dags/WordbankEconomicData_Trimmed_v2.xlsx took 0.026 seconds
[2023-09-08T15:36:56.701+0000] {processor.py:157} INFO - Started process (PID=278) to work on /opt/airflow/dags/WordbankEconomicData_Trimmed_v2.xlsx
[2023-09-08T15:36:56.702+0000] {processor.py:829} INFO - Processing file /opt/airflow/dags/WordbankEconomicData_Trimmed_v2.xlsx for tasks to queue
[2023-09-08T15:36:56.705+0000] {logging_mixin.py:151} INFO - [2023-09-08T15:36:56.705+0000] {dagbag.py:539} INFO - Filling up the DagBag from /opt/airflow/dags/WordbankEconomicData_Trimmed_v2.xlsx
[2023-09-08T15:36:56.708+0000] {processor.py:841} WARNING - No viable dags retrieved from /opt/airflow/dags/WordbankEconomicData_Trimmed_v2.xlsx
[2023-09-08T15:36:56.722+0000] {processor.py:179} INFO - Processing /opt/airflow/dags/WordbankEconomicData_Trimmed_v2.xlsx took 0.024 seconds
[2023-09-08T15:37:27.028+0000] {processor.py:157} INFO - Started process (PID=309) to work on /opt/airflow/dags/WordbankEconomicData_Trimmed_v2.xlsx
[2023-09-08T15:37:27.030+0000] {processor.py:829} INFO - Processing file /opt/airflow/dags/WordbankEconomicData_Trimmed_v2.xlsx for tasks to queue
[2023-09-08T15:37:27.033+0000] {logging_mixin.py:151} INFO - [2023-09-08T15:37:27.033+0000] {dagbag.py:539} INFO - Filling up the DagBag from /opt/airflow/dags/WordbankEconomicData_Trimmed_v2.xlsx
[2023-09-08T15:37:27.038+0000] {processor.py:841} WARNING - No viable dags retrieved from /opt/airflow/dags/WordbankEconomicData_Trimmed_v2.xlsx
[2023-09-08T15:37:27.052+0000] {processor.py:179} INFO - Processing /opt/airflow/dags/WordbankEconomicData_Trimmed_v2.xlsx took 0.028 seconds
[2023-09-08T15:37:57.340+0000] {processor.py:157} INFO - Started process (PID=340) to work on /opt/airflow/dags/WordbankEconomicData_Trimmed_v2.xlsx
[2023-09-08T15:37:57.341+0000] {processor.py:829} INFO - Processing file /opt/airflow/dags/WordbankEconomicData_Trimmed_v2.xlsx for tasks to queue
[2023-09-08T15:37:57.344+0000] {logging_mixin.py:151} INFO - [2023-09-08T15:37:57.344+0000] {dagbag.py:539} INFO - Filling up the DagBag from /opt/airflow/dags/WordbankEconomicData_Trimmed_v2.xlsx
[2023-09-08T15:37:57.347+0000] {processor.py:841} WARNING - No viable dags retrieved from /opt/airflow/dags/WordbankEconomicData_Trimmed_v2.xlsx
[2023-09-08T15:37:57.362+0000] {processor.py:179} INFO - Processing /opt/airflow/dags/WordbankEconomicData_Trimmed_v2.xlsx took 0.026 seconds
[2023-09-08T15:38:27.791+0000] {processor.py:157} INFO - Started process (PID=371) to work on /opt/airflow/dags/WordbankEconomicData_Trimmed_v2.xlsx
[2023-09-08T15:38:27.792+0000] {processor.py:829} INFO - Processing file /opt/airflow/dags/WordbankEconomicData_Trimmed_v2.xlsx for tasks to queue
[2023-09-08T15:38:27.795+0000] {logging_mixin.py:151} INFO - [2023-09-08T15:38:27.795+0000] {dagbag.py:539} INFO - Filling up the DagBag from /opt/airflow/dags/WordbankEconomicData_Trimmed_v2.xlsx
[2023-09-08T15:38:27.798+0000] {processor.py:841} WARNING - No viable dags retrieved from /opt/airflow/dags/WordbankEconomicData_Trimmed_v2.xlsx
[2023-09-08T15:38:27.814+0000] {processor.py:179} INFO - Processing /opt/airflow/dags/WordbankEconomicData_Trimmed_v2.xlsx took 0.027 seconds
[2023-09-08T15:38:58.127+0000] {processor.py:157} INFO - Started process (PID=402) to work on /opt/airflow/dags/WordbankEconomicData_Trimmed_v2.xlsx
[2023-09-08T15:38:58.129+0000] {processor.py:829} INFO - Processing file /opt/airflow/dags/WordbankEconomicData_Trimmed_v2.xlsx for tasks to queue
[2023-09-08T15:38:58.132+0000] {logging_mixin.py:151} INFO - [2023-09-08T15:38:58.131+0000] {dagbag.py:539} INFO - Filling up the DagBag from /opt/airflow/dags/WordbankEconomicData_Trimmed_v2.xlsx
[2023-09-08T15:38:58.135+0000] {processor.py:841} WARNING - No viable dags retrieved from /opt/airflow/dags/WordbankEconomicData_Trimmed_v2.xlsx
[2023-09-08T15:38:58.150+0000] {processor.py:179} INFO - Processing /opt/airflow/dags/WordbankEconomicData_Trimmed_v2.xlsx took 0.026 seconds
[2023-09-08T15:39:28.435+0000] {processor.py:157} INFO - Started process (PID=433) to work on /opt/airflow/dags/WordbankEconomicData_Trimmed_v2.xlsx
[2023-09-08T15:39:28.436+0000] {processor.py:829} INFO - Processing file /opt/airflow/dags/WordbankEconomicData_Trimmed_v2.xlsx for tasks to queue
[2023-09-08T15:39:28.439+0000] {logging_mixin.py:151} INFO - [2023-09-08T15:39:28.439+0000] {dagbag.py:539} INFO - Filling up the DagBag from /opt/airflow/dags/WordbankEconomicData_Trimmed_v2.xlsx
[2023-09-08T15:39:28.442+0000] {processor.py:841} WARNING - No viable dags retrieved from /opt/airflow/dags/WordbankEconomicData_Trimmed_v2.xlsx
[2023-09-08T15:39:28.456+0000] {processor.py:179} INFO - Processing /opt/airflow/dags/WordbankEconomicData_Trimmed_v2.xlsx took 0.025 seconds
[2023-09-08T15:39:58.744+0000] {processor.py:157} INFO - Started process (PID=464) to work on /opt/airflow/dags/WordbankEconomicData_Trimmed_v2.xlsx
[2023-09-08T15:39:58.745+0000] {processor.py:829} INFO - Processing file /opt/airflow/dags/WordbankEconomicData_Trimmed_v2.xlsx for tasks to queue
[2023-09-08T15:39:58.747+0000] {logging_mixin.py:151} INFO - [2023-09-08T15:39:58.747+0000] {dagbag.py:539} INFO - Filling up the DagBag from /opt/airflow/dags/WordbankEconomicData_Trimmed_v2.xlsx
[2023-09-08T15:39:58.750+0000] {processor.py:841} WARNING - No viable dags retrieved from /opt/airflow/dags/WordbankEconomicData_Trimmed_v2.xlsx
[2023-09-08T15:39:58.764+0000] {processor.py:179} INFO - Processing /opt/airflow/dags/WordbankEconomicData_Trimmed_v2.xlsx took 0.024 seconds
[2023-09-08T15:40:29.079+0000] {processor.py:157} INFO - Started process (PID=495) to work on /opt/airflow/dags/WordbankEconomicData_Trimmed_v2.xlsx
[2023-09-08T15:40:29.081+0000] {processor.py:829} INFO - Processing file /opt/airflow/dags/WordbankEconomicData_Trimmed_v2.xlsx for tasks to queue
[2023-09-08T15:40:29.085+0000] {logging_mixin.py:151} INFO - [2023-09-08T15:40:29.085+0000] {dagbag.py:539} INFO - Filling up the DagBag from /opt/airflow/dags/WordbankEconomicData_Trimmed_v2.xlsx
[2023-09-08T15:40:29.089+0000] {processor.py:841} WARNING - No viable dags retrieved from /opt/airflow/dags/WordbankEconomicData_Trimmed_v2.xlsx
[2023-09-08T15:40:29.105+0000] {processor.py:179} INFO - Processing /opt/airflow/dags/WordbankEconomicData_Trimmed_v2.xlsx took 0.030 seconds
[2023-09-08T15:40:59.438+0000] {processor.py:157} INFO - Started process (PID=526) to work on /opt/airflow/dags/WordbankEconomicData_Trimmed_v2.xlsx
[2023-09-08T15:40:59.440+0000] {processor.py:829} INFO - Processing file /opt/airflow/dags/WordbankEconomicData_Trimmed_v2.xlsx for tasks to queue
[2023-09-08T15:40:59.445+0000] {logging_mixin.py:151} INFO - [2023-09-08T15:40:59.444+0000] {dagbag.py:539} INFO - Filling up the DagBag from /opt/airflow/dags/WordbankEconomicData_Trimmed_v2.xlsx
[2023-09-08T15:40:59.449+0000] {processor.py:841} WARNING - No viable dags retrieved from /opt/airflow/dags/WordbankEconomicData_Trimmed_v2.xlsx
[2023-09-08T15:40:59.469+0000] {processor.py:179} INFO - Processing /opt/airflow/dags/WordbankEconomicData_Trimmed_v2.xlsx took 0.035 seconds
[2023-09-08T15:41:29.738+0000] {processor.py:157} INFO - Started process (PID=557) to work on /opt/airflow/dags/WordbankEconomicData_Trimmed_v2.xlsx
[2023-09-08T15:41:29.739+0000] {processor.py:829} INFO - Processing file /opt/airflow/dags/WordbankEconomicData_Trimmed_v2.xlsx for tasks to queue
[2023-09-08T15:41:29.742+0000] {logging_mixin.py:151} INFO - [2023-09-08T15:41:29.742+0000] {dagbag.py:539} INFO - Filling up the DagBag from /opt/airflow/dags/WordbankEconomicData_Trimmed_v2.xlsx
[2023-09-08T15:41:29.746+0000] {processor.py:841} WARNING - No viable dags retrieved from /opt/airflow/dags/WordbankEconomicData_Trimmed_v2.xlsx
[2023-09-08T15:41:29.760+0000] {processor.py:179} INFO - Processing /opt/airflow/dags/WordbankEconomicData_Trimmed_v2.xlsx took 0.027 seconds
[2023-09-08T15:42:00.069+0000] {processor.py:157} INFO - Started process (PID=588) to work on /opt/airflow/dags/WordbankEconomicData_Trimmed_v2.xlsx
[2023-09-08T15:42:00.070+0000] {processor.py:829} INFO - Processing file /opt/airflow/dags/WordbankEconomicData_Trimmed_v2.xlsx for tasks to queue
[2023-09-08T15:42:00.073+0000] {logging_mixin.py:151} INFO - [2023-09-08T15:42:00.073+0000] {dagbag.py:539} INFO - Filling up the DagBag from /opt/airflow/dags/WordbankEconomicData_Trimmed_v2.xlsx
[2023-09-08T15:42:00.076+0000] {processor.py:841} WARNING - No viable dags retrieved from /opt/airflow/dags/WordbankEconomicData_Trimmed_v2.xlsx
[2023-09-08T15:42:00.092+0000] {processor.py:179} INFO - Processing /opt/airflow/dags/WordbankEconomicData_Trimmed_v2.xlsx took 0.026 seconds
[2023-09-08T15:42:30.387+0000] {processor.py:157} INFO - Started process (PID=619) to work on /opt/airflow/dags/WordbankEconomicData_Trimmed_v2.xlsx
[2023-09-08T15:42:30.388+0000] {processor.py:829} INFO - Processing file /opt/airflow/dags/WordbankEconomicData_Trimmed_v2.xlsx for tasks to queue
[2023-09-08T15:42:30.390+0000] {logging_mixin.py:151} INFO - [2023-09-08T15:42:30.390+0000] {dagbag.py:539} INFO - Filling up the DagBag from /opt/airflow/dags/WordbankEconomicData_Trimmed_v2.xlsx
[2023-09-08T15:42:30.393+0000] {processor.py:841} WARNING - No viable dags retrieved from /opt/airflow/dags/WordbankEconomicData_Trimmed_v2.xlsx
[2023-09-08T15:42:30.407+0000] {processor.py:179} INFO - Processing /opt/airflow/dags/WordbankEconomicData_Trimmed_v2.xlsx took 0.024 seconds
[2023-09-08T15:43:00.710+0000] {processor.py:157} INFO - Started process (PID=650) to work on /opt/airflow/dags/WordbankEconomicData_Trimmed_v2.xlsx
[2023-09-08T15:43:00.712+0000] {processor.py:829} INFO - Processing file /opt/airflow/dags/WordbankEconomicData_Trimmed_v2.xlsx for tasks to queue
[2023-09-08T15:43:00.715+0000] {logging_mixin.py:151} INFO - [2023-09-08T15:43:00.714+0000] {dagbag.py:539} INFO - Filling up the DagBag from /opt/airflow/dags/WordbankEconomicData_Trimmed_v2.xlsx
[2023-09-08T15:43:00.718+0000] {processor.py:841} WARNING - No viable dags retrieved from /opt/airflow/dags/WordbankEconomicData_Trimmed_v2.xlsx
[2023-09-08T15:43:00.732+0000] {processor.py:179} INFO - Processing /opt/airflow/dags/WordbankEconomicData_Trimmed_v2.xlsx took 0.026 seconds
[2023-09-08T15:43:31.146+0000] {processor.py:157} INFO - Started process (PID=681) to work on /opt/airflow/dags/WordbankEconomicData_Trimmed_v2.xlsx
[2023-09-08T15:43:31.148+0000] {processor.py:829} INFO - Processing file /opt/airflow/dags/WordbankEconomicData_Trimmed_v2.xlsx for tasks to queue
[2023-09-08T15:43:31.151+0000] {logging_mixin.py:151} INFO - [2023-09-08T15:43:31.151+0000] {dagbag.py:539} INFO - Filling up the DagBag from /opt/airflow/dags/WordbankEconomicData_Trimmed_v2.xlsx
[2023-09-08T15:43:31.154+0000] {processor.py:841} WARNING - No viable dags retrieved from /opt/airflow/dags/WordbankEconomicData_Trimmed_v2.xlsx
[2023-09-08T15:43:31.169+0000] {processor.py:179} INFO - Processing /opt/airflow/dags/WordbankEconomicData_Trimmed_v2.xlsx took 0.027 seconds
[2023-09-08T15:44:01.470+0000] {processor.py:157} INFO - Started process (PID=712) to work on /opt/airflow/dags/WordbankEconomicData_Trimmed_v2.xlsx
[2023-09-08T15:44:01.472+0000] {processor.py:829} INFO - Processing file /opt/airflow/dags/WordbankEconomicData_Trimmed_v2.xlsx for tasks to queue
[2023-09-08T15:44:01.474+0000] {logging_mixin.py:151} INFO - [2023-09-08T15:44:01.474+0000] {dagbag.py:539} INFO - Filling up the DagBag from /opt/airflow/dags/WordbankEconomicData_Trimmed_v2.xlsx
[2023-09-08T15:44:01.477+0000] {processor.py:841} WARNING - No viable dags retrieved from /opt/airflow/dags/WordbankEconomicData_Trimmed_v2.xlsx
[2023-09-08T15:44:01.492+0000] {processor.py:179} INFO - Processing /opt/airflow/dags/WordbankEconomicData_Trimmed_v2.xlsx took 0.026 seconds
[2023-09-08T15:44:31.781+0000] {processor.py:157} INFO - Started process (PID=743) to work on /opt/airflow/dags/WordbankEconomicData_Trimmed_v2.xlsx
[2023-09-08T15:44:31.783+0000] {processor.py:829} INFO - Processing file /opt/airflow/dags/WordbankEconomicData_Trimmed_v2.xlsx for tasks to queue
[2023-09-08T15:44:31.786+0000] {logging_mixin.py:151} INFO - [2023-09-08T15:44:31.785+0000] {dagbag.py:539} INFO - Filling up the DagBag from /opt/airflow/dags/WordbankEconomicData_Trimmed_v2.xlsx
[2023-09-08T15:44:31.789+0000] {processor.py:841} WARNING - No viable dags retrieved from /opt/airflow/dags/WordbankEconomicData_Trimmed_v2.xlsx
[2023-09-08T15:44:31.803+0000] {processor.py:179} INFO - Processing /opt/airflow/dags/WordbankEconomicData_Trimmed_v2.xlsx took 0.026 seconds
[2023-09-08T15:45:02.103+0000] {processor.py:157} INFO - Started process (PID=774) to work on /opt/airflow/dags/WordbankEconomicData_Trimmed_v2.xlsx
[2023-09-08T15:45:02.104+0000] {processor.py:829} INFO - Processing file /opt/airflow/dags/WordbankEconomicData_Trimmed_v2.xlsx for tasks to queue
[2023-09-08T15:45:02.107+0000] {logging_mixin.py:151} INFO - [2023-09-08T15:45:02.107+0000] {dagbag.py:539} INFO - Filling up the DagBag from /opt/airflow/dags/WordbankEconomicData_Trimmed_v2.xlsx
[2023-09-08T15:45:02.110+0000] {processor.py:841} WARNING - No viable dags retrieved from /opt/airflow/dags/WordbankEconomicData_Trimmed_v2.xlsx
[2023-09-08T15:45:02.125+0000] {processor.py:179} INFO - Processing /opt/airflow/dags/WordbankEconomicData_Trimmed_v2.xlsx took 0.026 seconds
[2023-09-08T15:45:32.417+0000] {processor.py:157} INFO - Started process (PID=805) to work on /opt/airflow/dags/WordbankEconomicData_Trimmed_v2.xlsx
[2023-09-08T15:45:32.418+0000] {processor.py:829} INFO - Processing file /opt/airflow/dags/WordbankEconomicData_Trimmed_v2.xlsx for tasks to queue
[2023-09-08T15:45:32.421+0000] {logging_mixin.py:151} INFO - [2023-09-08T15:45:32.421+0000] {dagbag.py:539} INFO - Filling up the DagBag from /opt/airflow/dags/WordbankEconomicData_Trimmed_v2.xlsx
[2023-09-08T15:45:32.425+0000] {processor.py:841} WARNING - No viable dags retrieved from /opt/airflow/dags/WordbankEconomicData_Trimmed_v2.xlsx
[2023-09-08T15:45:32.440+0000] {processor.py:179} INFO - Processing /opt/airflow/dags/WordbankEconomicData_Trimmed_v2.xlsx took 0.027 seconds
[2023-09-08T15:48:25.776+0000] {processor.py:157} INFO - Started process (PID=42) to work on /opt/airflow/dags/WordbankEconomicData_Trimmed_v2.xlsx
[2023-09-08T15:48:25.778+0000] {processor.py:829} INFO - Processing file /opt/airflow/dags/WordbankEconomicData_Trimmed_v2.xlsx for tasks to queue
[2023-09-08T15:48:25.780+0000] {logging_mixin.py:151} INFO - [2023-09-08T15:48:25.780+0000] {dagbag.py:539} INFO - Filling up the DagBag from /opt/airflow/dags/WordbankEconomicData_Trimmed_v2.xlsx
[2023-09-08T15:48:25.783+0000] {processor.py:841} WARNING - No viable dags retrieved from /opt/airflow/dags/WordbankEconomicData_Trimmed_v2.xlsx
[2023-09-08T15:48:25.798+0000] {processor.py:179} INFO - Processing /opt/airflow/dags/WordbankEconomicData_Trimmed_v2.xlsx took 0.025 seconds
[2023-09-08T15:48:56.074+0000] {processor.py:157} INFO - Started process (PID=53) to work on /opt/airflow/dags/WordbankEconomicData_Trimmed_v2.xlsx
[2023-09-08T15:48:56.078+0000] {processor.py:829} INFO - Processing file /opt/airflow/dags/WordbankEconomicData_Trimmed_v2.xlsx for tasks to queue
[2023-09-08T15:48:56.081+0000] {logging_mixin.py:151} INFO - [2023-09-08T15:48:56.081+0000] {dagbag.py:539} INFO - Filling up the DagBag from /opt/airflow/dags/WordbankEconomicData_Trimmed_v2.xlsx
[2023-09-08T15:48:56.084+0000] {processor.py:841} WARNING - No viable dags retrieved from /opt/airflow/dags/WordbankEconomicData_Trimmed_v2.xlsx
[2023-09-08T15:48:56.099+0000] {processor.py:179} INFO - Processing /opt/airflow/dags/WordbankEconomicData_Trimmed_v2.xlsx took 0.029 seconds
[2023-09-08T15:49:26.483+0000] {processor.py:157} INFO - Started process (PID=64) to work on /opt/airflow/dags/WordbankEconomicData_Trimmed_v2.xlsx
[2023-09-08T15:49:26.484+0000] {processor.py:829} INFO - Processing file /opt/airflow/dags/WordbankEconomicData_Trimmed_v2.xlsx for tasks to queue
[2023-09-08T15:49:26.488+0000] {logging_mixin.py:151} INFO - [2023-09-08T15:49:26.488+0000] {dagbag.py:539} INFO - Filling up the DagBag from /opt/airflow/dags/WordbankEconomicData_Trimmed_v2.xlsx
[2023-09-08T15:49:26.492+0000] {processor.py:841} WARNING - No viable dags retrieved from /opt/airflow/dags/WordbankEconomicData_Trimmed_v2.xlsx
[2023-09-08T15:49:26.510+0000] {processor.py:179} INFO - Processing /opt/airflow/dags/WordbankEconomicData_Trimmed_v2.xlsx took 0.032 seconds
[2023-09-08T15:49:56.816+0000] {processor.py:157} INFO - Started process (PID=75) to work on /opt/airflow/dags/WordbankEconomicData_Trimmed_v2.xlsx
[2023-09-08T15:49:56.817+0000] {processor.py:829} INFO - Processing file /opt/airflow/dags/WordbankEconomicData_Trimmed_v2.xlsx for tasks to queue
[2023-09-08T15:49:56.820+0000] {logging_mixin.py:151} INFO - [2023-09-08T15:49:56.820+0000] {dagbag.py:539} INFO - Filling up the DagBag from /opt/airflow/dags/WordbankEconomicData_Trimmed_v2.xlsx
[2023-09-08T15:49:56.823+0000] {processor.py:841} WARNING - No viable dags retrieved from /opt/airflow/dags/WordbankEconomicData_Trimmed_v2.xlsx
[2023-09-08T15:49:56.839+0000] {processor.py:179} INFO - Processing /opt/airflow/dags/WordbankEconomicData_Trimmed_v2.xlsx took 0.026 seconds
[2023-09-08T15:50:27.068+0000] {processor.py:157} INFO - Started process (PID=85) to work on /opt/airflow/dags/WordbankEconomicData_Trimmed_v2.xlsx
[2023-09-08T15:50:27.070+0000] {processor.py:829} INFO - Processing file /opt/airflow/dags/WordbankEconomicData_Trimmed_v2.xlsx for tasks to queue
[2023-09-08T15:50:27.071+0000] {logging_mixin.py:151} INFO - [2023-09-08T15:50:27.071+0000] {dagbag.py:539} INFO - Filling up the DagBag from /opt/airflow/dags/WordbankEconomicData_Trimmed_v2.xlsx
[2023-09-08T15:50:27.074+0000] {processor.py:841} WARNING - No viable dags retrieved from /opt/airflow/dags/WordbankEconomicData_Trimmed_v2.xlsx
[2023-09-08T15:50:27.091+0000] {processor.py:179} INFO - Processing /opt/airflow/dags/WordbankEconomicData_Trimmed_v2.xlsx took 0.028 seconds
[2023-09-08T15:50:57.343+0000] {processor.py:157} INFO - Started process (PID=95) to work on /opt/airflow/dags/WordbankEconomicData_Trimmed_v2.xlsx
[2023-09-08T15:50:57.345+0000] {processor.py:829} INFO - Processing file /opt/airflow/dags/WordbankEconomicData_Trimmed_v2.xlsx for tasks to queue
[2023-09-08T15:50:57.346+0000] {logging_mixin.py:151} INFO - [2023-09-08T15:50:57.346+0000] {dagbag.py:539} INFO - Filling up the DagBag from /opt/airflow/dags/WordbankEconomicData_Trimmed_v2.xlsx
[2023-09-08T15:50:57.349+0000] {processor.py:841} WARNING - No viable dags retrieved from /opt/airflow/dags/WordbankEconomicData_Trimmed_v2.xlsx
[2023-09-08T15:50:57.363+0000] {processor.py:179} INFO - Processing /opt/airflow/dags/WordbankEconomicData_Trimmed_v2.xlsx took 0.023 seconds
[2023-09-08T15:51:27.657+0000] {processor.py:157} INFO - Started process (PID=105) to work on /opt/airflow/dags/WordbankEconomicData_Trimmed_v2.xlsx
[2023-09-08T15:51:27.658+0000] {processor.py:829} INFO - Processing file /opt/airflow/dags/WordbankEconomicData_Trimmed_v2.xlsx for tasks to queue
[2023-09-08T15:51:27.660+0000] {logging_mixin.py:151} INFO - [2023-09-08T15:51:27.659+0000] {dagbag.py:539} INFO - Filling up the DagBag from /opt/airflow/dags/WordbankEconomicData_Trimmed_v2.xlsx
[2023-09-08T15:51:27.663+0000] {processor.py:841} WARNING - No viable dags retrieved from /opt/airflow/dags/WordbankEconomicData_Trimmed_v2.xlsx
[2023-09-08T15:51:27.679+0000] {processor.py:179} INFO - Processing /opt/airflow/dags/WordbankEconomicData_Trimmed_v2.xlsx took 0.026 seconds
[2023-09-08T15:51:57.972+0000] {processor.py:157} INFO - Started process (PID=115) to work on /opt/airflow/dags/WordbankEconomicData_Trimmed_v2.xlsx
[2023-09-08T15:51:57.973+0000] {processor.py:829} INFO - Processing file /opt/airflow/dags/WordbankEconomicData_Trimmed_v2.xlsx for tasks to queue
[2023-09-08T15:51:57.975+0000] {logging_mixin.py:151} INFO - [2023-09-08T15:51:57.974+0000] {dagbag.py:539} INFO - Filling up the DagBag from /opt/airflow/dags/WordbankEconomicData_Trimmed_v2.xlsx
[2023-09-08T15:51:57.978+0000] {processor.py:841} WARNING - No viable dags retrieved from /opt/airflow/dags/WordbankEconomicData_Trimmed_v2.xlsx
[2023-09-08T15:51:57.994+0000] {processor.py:179} INFO - Processing /opt/airflow/dags/WordbankEconomicData_Trimmed_v2.xlsx took 0.026 seconds
[2023-09-08T15:52:28.253+0000] {processor.py:157} INFO - Started process (PID=125) to work on /opt/airflow/dags/WordbankEconomicData_Trimmed_v2.xlsx
[2023-09-08T15:52:28.254+0000] {processor.py:829} INFO - Processing file /opt/airflow/dags/WordbankEconomicData_Trimmed_v2.xlsx for tasks to queue
[2023-09-08T15:52:28.255+0000] {logging_mixin.py:151} INFO - [2023-09-08T15:52:28.255+0000] {dagbag.py:539} INFO - Filling up the DagBag from /opt/airflow/dags/WordbankEconomicData_Trimmed_v2.xlsx
[2023-09-08T15:52:28.258+0000] {processor.py:841} WARNING - No viable dags retrieved from /opt/airflow/dags/WordbankEconomicData_Trimmed_v2.xlsx
[2023-09-08T15:52:28.273+0000] {processor.py:179} INFO - Processing /opt/airflow/dags/WordbankEconomicData_Trimmed_v2.xlsx took 0.024 seconds
[2023-09-08T15:52:58.521+0000] {processor.py:157} INFO - Started process (PID=135) to work on /opt/airflow/dags/WordbankEconomicData_Trimmed_v2.xlsx
[2023-09-08T15:52:58.522+0000] {processor.py:829} INFO - Processing file /opt/airflow/dags/WordbankEconomicData_Trimmed_v2.xlsx for tasks to queue
[2023-09-08T15:52:58.523+0000] {logging_mixin.py:151} INFO - [2023-09-08T15:52:58.523+0000] {dagbag.py:539} INFO - Filling up the DagBag from /opt/airflow/dags/WordbankEconomicData_Trimmed_v2.xlsx
[2023-09-08T15:52:58.527+0000] {processor.py:841} WARNING - No viable dags retrieved from /opt/airflow/dags/WordbankEconomicData_Trimmed_v2.xlsx
[2023-09-08T15:52:58.543+0000] {processor.py:179} INFO - Processing /opt/airflow/dags/WordbankEconomicData_Trimmed_v2.xlsx took 0.026 seconds
[2023-09-08T15:53:28.882+0000] {processor.py:157} INFO - Started process (PID=145) to work on /opt/airflow/dags/WordbankEconomicData_Trimmed_v2.xlsx
[2023-09-08T15:53:28.884+0000] {processor.py:829} INFO - Processing file /opt/airflow/dags/WordbankEconomicData_Trimmed_v2.xlsx for tasks to queue
[2023-09-08T15:53:28.885+0000] {logging_mixin.py:151} INFO - [2023-09-08T15:53:28.885+0000] {dagbag.py:539} INFO - Filling up the DagBag from /opt/airflow/dags/WordbankEconomicData_Trimmed_v2.xlsx
[2023-09-08T15:53:28.888+0000] {processor.py:841} WARNING - No viable dags retrieved from /opt/airflow/dags/WordbankEconomicData_Trimmed_v2.xlsx
[2023-09-08T15:53:28.903+0000] {processor.py:179} INFO - Processing /opt/airflow/dags/WordbankEconomicData_Trimmed_v2.xlsx took 0.025 seconds
[2023-09-08T15:53:59.182+0000] {processor.py:157} INFO - Started process (PID=155) to work on /opt/airflow/dags/WordbankEconomicData_Trimmed_v2.xlsx
[2023-09-08T15:53:59.183+0000] {processor.py:829} INFO - Processing file /opt/airflow/dags/WordbankEconomicData_Trimmed_v2.xlsx for tasks to queue
[2023-09-08T15:53:59.185+0000] {logging_mixin.py:151} INFO - [2023-09-08T15:53:59.184+0000] {dagbag.py:539} INFO - Filling up the DagBag from /opt/airflow/dags/WordbankEconomicData_Trimmed_v2.xlsx
[2023-09-08T15:53:59.188+0000] {processor.py:841} WARNING - No viable dags retrieved from /opt/airflow/dags/WordbankEconomicData_Trimmed_v2.xlsx
[2023-09-08T15:53:59.205+0000] {processor.py:179} INFO - Processing /opt/airflow/dags/WordbankEconomicData_Trimmed_v2.xlsx took 0.027 seconds
[2023-09-08T15:54:29.452+0000] {processor.py:157} INFO - Started process (PID=165) to work on /opt/airflow/dags/WordbankEconomicData_Trimmed_v2.xlsx
[2023-09-08T15:54:29.453+0000] {processor.py:829} INFO - Processing file /opt/airflow/dags/WordbankEconomicData_Trimmed_v2.xlsx for tasks to queue
[2023-09-08T15:54:29.455+0000] {logging_mixin.py:151} INFO - [2023-09-08T15:54:29.454+0000] {dagbag.py:539} INFO - Filling up the DagBag from /opt/airflow/dags/WordbankEconomicData_Trimmed_v2.xlsx
[2023-09-08T15:54:29.458+0000] {processor.py:841} WARNING - No viable dags retrieved from /opt/airflow/dags/WordbankEconomicData_Trimmed_v2.xlsx
[2023-09-08T15:54:29.473+0000] {processor.py:179} INFO - Processing /opt/airflow/dags/WordbankEconomicData_Trimmed_v2.xlsx took 0.024 seconds
[2023-09-08T15:54:59.789+0000] {processor.py:157} INFO - Started process (PID=177) to work on /opt/airflow/dags/WordbankEconomicData_Trimmed_v2.xlsx
[2023-09-08T15:54:59.791+0000] {processor.py:829} INFO - Processing file /opt/airflow/dags/WordbankEconomicData_Trimmed_v2.xlsx for tasks to queue
[2023-09-08T15:54:59.794+0000] {logging_mixin.py:151} INFO - [2023-09-08T15:54:59.793+0000] {dagbag.py:539} INFO - Filling up the DagBag from /opt/airflow/dags/WordbankEconomicData_Trimmed_v2.xlsx
[2023-09-08T15:54:59.801+0000] {processor.py:841} WARNING - No viable dags retrieved from /opt/airflow/dags/WordbankEconomicData_Trimmed_v2.xlsx
[2023-09-08T15:54:59.829+0000] {processor.py:179} INFO - Processing /opt/airflow/dags/WordbankEconomicData_Trimmed_v2.xlsx took 0.045 seconds
[2023-09-08T15:55:30.075+0000] {processor.py:157} INFO - Started process (PID=192) to work on /opt/airflow/dags/WordbankEconomicData_Trimmed_v2.xlsx
[2023-09-08T15:55:30.077+0000] {processor.py:829} INFO - Processing file /opt/airflow/dags/WordbankEconomicData_Trimmed_v2.xlsx for tasks to queue
[2023-09-08T15:55:30.078+0000] {logging_mixin.py:151} INFO - [2023-09-08T15:55:30.078+0000] {dagbag.py:539} INFO - Filling up the DagBag from /opt/airflow/dags/WordbankEconomicData_Trimmed_v2.xlsx
[2023-09-08T15:55:30.081+0000] {processor.py:841} WARNING - No viable dags retrieved from /opt/airflow/dags/WordbankEconomicData_Trimmed_v2.xlsx
[2023-09-08T15:55:30.096+0000] {processor.py:179} INFO - Processing /opt/airflow/dags/WordbankEconomicData_Trimmed_v2.xlsx took 0.025 seconds
[2023-09-08T15:56:00.394+0000] {processor.py:157} INFO - Started process (PID=202) to work on /opt/airflow/dags/WordbankEconomicData_Trimmed_v2.xlsx
[2023-09-08T15:56:00.395+0000] {processor.py:829} INFO - Processing file /opt/airflow/dags/WordbankEconomicData_Trimmed_v2.xlsx for tasks to queue
[2023-09-08T15:56:00.396+0000] {logging_mixin.py:151} INFO - [2023-09-08T15:56:00.396+0000] {dagbag.py:539} INFO - Filling up the DagBag from /opt/airflow/dags/WordbankEconomicData_Trimmed_v2.xlsx
[2023-09-08T15:56:00.399+0000] {processor.py:841} WARNING - No viable dags retrieved from /opt/airflow/dags/WordbankEconomicData_Trimmed_v2.xlsx
[2023-09-08T15:56:00.413+0000] {processor.py:179} INFO - Processing /opt/airflow/dags/WordbankEconomicData_Trimmed_v2.xlsx took 0.023 seconds
[2023-09-08T15:56:30.646+0000] {processor.py:157} INFO - Started process (PID=213) to work on /opt/airflow/dags/WordbankEconomicData_Trimmed_v2.xlsx
[2023-09-08T15:56:30.647+0000] {processor.py:829} INFO - Processing file /opt/airflow/dags/WordbankEconomicData_Trimmed_v2.xlsx for tasks to queue
[2023-09-08T15:56:30.648+0000] {logging_mixin.py:151} INFO - [2023-09-08T15:56:30.648+0000] {dagbag.py:539} INFO - Filling up the DagBag from /opt/airflow/dags/WordbankEconomicData_Trimmed_v2.xlsx
[2023-09-08T15:56:30.651+0000] {processor.py:841} WARNING - No viable dags retrieved from /opt/airflow/dags/WordbankEconomicData_Trimmed_v2.xlsx
[2023-09-08T15:56:30.666+0000] {processor.py:179} INFO - Processing /opt/airflow/dags/WordbankEconomicData_Trimmed_v2.xlsx took 0.025 seconds
[2023-09-08T15:57:00.915+0000] {processor.py:157} INFO - Started process (PID=224) to work on /opt/airflow/dags/WordbankEconomicData_Trimmed_v2.xlsx
[2023-09-08T15:57:00.916+0000] {processor.py:829} INFO - Processing file /opt/airflow/dags/WordbankEconomicData_Trimmed_v2.xlsx for tasks to queue
[2023-09-08T15:57:00.917+0000] {logging_mixin.py:151} INFO - [2023-09-08T15:57:00.917+0000] {dagbag.py:539} INFO - Filling up the DagBag from /opt/airflow/dags/WordbankEconomicData_Trimmed_v2.xlsx
[2023-09-08T15:57:00.920+0000] {processor.py:841} WARNING - No viable dags retrieved from /opt/airflow/dags/WordbankEconomicData_Trimmed_v2.xlsx
[2023-09-08T15:57:00.935+0000] {processor.py:179} INFO - Processing /opt/airflow/dags/WordbankEconomicData_Trimmed_v2.xlsx took 0.024 seconds
[2023-09-08T16:01:37.096+0000] {processor.py:157} INFO - Started process (PID=43) to work on /opt/airflow/dags/WordbankEconomicData_Trimmed_v2.xlsx
[2023-09-08T16:01:37.099+0000] {processor.py:829} INFO - Processing file /opt/airflow/dags/WordbankEconomicData_Trimmed_v2.xlsx for tasks to queue
[2023-09-08T16:01:37.103+0000] {logging_mixin.py:151} INFO - [2023-09-08T16:01:37.102+0000] {dagbag.py:539} INFO - Filling up the DagBag from /opt/airflow/dags/WordbankEconomicData_Trimmed_v2.xlsx
[2023-09-08T16:01:37.106+0000] {processor.py:841} WARNING - No viable dags retrieved from /opt/airflow/dags/WordbankEconomicData_Trimmed_v2.xlsx
[2023-09-08T16:01:37.121+0000] {processor.py:179} INFO - Processing /opt/airflow/dags/WordbankEconomicData_Trimmed_v2.xlsx took 0.030 seconds
[2023-09-08T16:02:07.945+0000] {processor.py:157} INFO - Started process (PID=56) to work on /opt/airflow/dags/WordbankEconomicData_Trimmed_v2.xlsx
[2023-09-08T16:02:07.946+0000] {processor.py:829} INFO - Processing file /opt/airflow/dags/WordbankEconomicData_Trimmed_v2.xlsx for tasks to queue
[2023-09-08T16:02:07.949+0000] {logging_mixin.py:151} INFO - [2023-09-08T16:02:07.948+0000] {dagbag.py:539} INFO - Filling up the DagBag from /opt/airflow/dags/WordbankEconomicData_Trimmed_v2.xlsx
[2023-09-08T16:02:07.952+0000] {processor.py:841} WARNING - No viable dags retrieved from /opt/airflow/dags/WordbankEconomicData_Trimmed_v2.xlsx
[2023-09-08T16:02:07.966+0000] {processor.py:179} INFO - Processing /opt/airflow/dags/WordbankEconomicData_Trimmed_v2.xlsx took 0.027 seconds
[2023-09-08T16:02:38.652+0000] {processor.py:157} INFO - Started process (PID=69) to work on /opt/airflow/dags/WordbankEconomicData_Trimmed_v2.xlsx
[2023-09-08T16:02:38.654+0000] {processor.py:829} INFO - Processing file /opt/airflow/dags/WordbankEconomicData_Trimmed_v2.xlsx for tasks to queue
[2023-09-08T16:02:38.657+0000] {logging_mixin.py:151} INFO - [2023-09-08T16:02:38.657+0000] {dagbag.py:539} INFO - Filling up the DagBag from /opt/airflow/dags/WordbankEconomicData_Trimmed_v2.xlsx
[2023-09-08T16:02:38.660+0000] {processor.py:841} WARNING - No viable dags retrieved from /opt/airflow/dags/WordbankEconomicData_Trimmed_v2.xlsx
[2023-09-08T16:02:38.676+0000] {processor.py:179} INFO - Processing /opt/airflow/dags/WordbankEconomicData_Trimmed_v2.xlsx took 0.027 seconds
[2023-09-08T16:03:09.294+0000] {processor.py:157} INFO - Started process (PID=82) to work on /opt/airflow/dags/WordbankEconomicData_Trimmed_v2.xlsx
[2023-09-08T16:03:09.296+0000] {processor.py:829} INFO - Processing file /opt/airflow/dags/WordbankEconomicData_Trimmed_v2.xlsx for tasks to queue
[2023-09-08T16:03:09.298+0000] {logging_mixin.py:151} INFO - [2023-09-08T16:03:09.298+0000] {dagbag.py:539} INFO - Filling up the DagBag from /opt/airflow/dags/WordbankEconomicData_Trimmed_v2.xlsx
[2023-09-08T16:03:09.301+0000] {processor.py:841} WARNING - No viable dags retrieved from /opt/airflow/dags/WordbankEconomicData_Trimmed_v2.xlsx
[2023-09-08T16:03:09.315+0000] {processor.py:179} INFO - Processing /opt/airflow/dags/WordbankEconomicData_Trimmed_v2.xlsx took 0.025 seconds
[2023-09-08T16:03:39.996+0000] {processor.py:157} INFO - Started process (PID=95) to work on /opt/airflow/dags/WordbankEconomicData_Trimmed_v2.xlsx
[2023-09-08T16:03:39.998+0000] {processor.py:829} INFO - Processing file /opt/airflow/dags/WordbankEconomicData_Trimmed_v2.xlsx for tasks to queue
[2023-09-08T16:03:40.001+0000] {logging_mixin.py:151} INFO - [2023-09-08T16:03:40.001+0000] {dagbag.py:539} INFO - Filling up the DagBag from /opt/airflow/dags/WordbankEconomicData_Trimmed_v2.xlsx
[2023-09-08T16:03:40.004+0000] {processor.py:841} WARNING - No viable dags retrieved from /opt/airflow/dags/WordbankEconomicData_Trimmed_v2.xlsx
[2023-09-08T16:03:40.020+0000] {processor.py:179} INFO - Processing /opt/airflow/dags/WordbankEconomicData_Trimmed_v2.xlsx took 0.028 seconds
[2023-09-08T16:04:10.693+0000] {processor.py:157} INFO - Started process (PID=108) to work on /opt/airflow/dags/WordbankEconomicData_Trimmed_v2.xlsx
[2023-09-08T16:04:10.694+0000] {processor.py:829} INFO - Processing file /opt/airflow/dags/WordbankEconomicData_Trimmed_v2.xlsx for tasks to queue
[2023-09-08T16:04:10.697+0000] {logging_mixin.py:151} INFO - [2023-09-08T16:04:10.697+0000] {dagbag.py:539} INFO - Filling up the DagBag from /opt/airflow/dags/WordbankEconomicData_Trimmed_v2.xlsx
[2023-09-08T16:04:10.700+0000] {processor.py:841} WARNING - No viable dags retrieved from /opt/airflow/dags/WordbankEconomicData_Trimmed_v2.xlsx
[2023-09-08T16:04:10.713+0000] {processor.py:179} INFO - Processing /opt/airflow/dags/WordbankEconomicData_Trimmed_v2.xlsx took 0.024 seconds
[2023-09-08T16:04:41.429+0000] {processor.py:157} INFO - Started process (PID=121) to work on /opt/airflow/dags/WordbankEconomicData_Trimmed_v2.xlsx
[2023-09-08T16:04:41.430+0000] {processor.py:829} INFO - Processing file /opt/airflow/dags/WordbankEconomicData_Trimmed_v2.xlsx for tasks to queue
[2023-09-08T16:04:41.434+0000] {logging_mixin.py:151} INFO - [2023-09-08T16:04:41.433+0000] {dagbag.py:539} INFO - Filling up the DagBag from /opt/airflow/dags/WordbankEconomicData_Trimmed_v2.xlsx
[2023-09-08T16:04:41.437+0000] {processor.py:841} WARNING - No viable dags retrieved from /opt/airflow/dags/WordbankEconomicData_Trimmed_v2.xlsx
[2023-09-08T16:04:41.452+0000] {processor.py:179} INFO - Processing /opt/airflow/dags/WordbankEconomicData_Trimmed_v2.xlsx took 0.027 seconds
[2023-09-08T16:05:12.140+0000] {processor.py:157} INFO - Started process (PID=134) to work on /opt/airflow/dags/WordbankEconomicData_Trimmed_v2.xlsx
[2023-09-08T16:05:12.143+0000] {processor.py:829} INFO - Processing file /opt/airflow/dags/WordbankEconomicData_Trimmed_v2.xlsx for tasks to queue
[2023-09-08T16:05:12.146+0000] {logging_mixin.py:151} INFO - [2023-09-08T16:05:12.146+0000] {dagbag.py:539} INFO - Filling up the DagBag from /opt/airflow/dags/WordbankEconomicData_Trimmed_v2.xlsx
[2023-09-08T16:05:12.150+0000] {processor.py:841} WARNING - No viable dags retrieved from /opt/airflow/dags/WordbankEconomicData_Trimmed_v2.xlsx
[2023-09-08T16:05:12.167+0000] {processor.py:179} INFO - Processing /opt/airflow/dags/WordbankEconomicData_Trimmed_v2.xlsx took 0.031 seconds
[2023-09-08T16:05:42.760+0000] {processor.py:157} INFO - Started process (PID=148) to work on /opt/airflow/dags/WordbankEconomicData_Trimmed_v2.xlsx
[2023-09-08T16:05:42.762+0000] {processor.py:829} INFO - Processing file /opt/airflow/dags/WordbankEconomicData_Trimmed_v2.xlsx for tasks to queue
[2023-09-08T16:05:42.765+0000] {logging_mixin.py:151} INFO - [2023-09-08T16:05:42.765+0000] {dagbag.py:539} INFO - Filling up the DagBag from /opt/airflow/dags/WordbankEconomicData_Trimmed_v2.xlsx
[2023-09-08T16:05:42.768+0000] {processor.py:841} WARNING - No viable dags retrieved from /opt/airflow/dags/WordbankEconomicData_Trimmed_v2.xlsx
[2023-09-08T16:05:42.784+0000] {processor.py:179} INFO - Processing /opt/airflow/dags/WordbankEconomicData_Trimmed_v2.xlsx took 0.028 seconds
[2023-09-08T16:06:13.376+0000] {processor.py:157} INFO - Started process (PID=161) to work on /opt/airflow/dags/WordbankEconomicData_Trimmed_v2.xlsx
[2023-09-08T16:06:13.377+0000] {processor.py:829} INFO - Processing file /opt/airflow/dags/WordbankEconomicData_Trimmed_v2.xlsx for tasks to queue
[2023-09-08T16:06:13.380+0000] {logging_mixin.py:151} INFO - [2023-09-08T16:06:13.380+0000] {dagbag.py:539} INFO - Filling up the DagBag from /opt/airflow/dags/WordbankEconomicData_Trimmed_v2.xlsx
[2023-09-08T16:06:13.384+0000] {processor.py:841} WARNING - No viable dags retrieved from /opt/airflow/dags/WordbankEconomicData_Trimmed_v2.xlsx
[2023-09-08T16:06:13.399+0000] {processor.py:179} INFO - Processing /opt/airflow/dags/WordbankEconomicData_Trimmed_v2.xlsx took 0.027 seconds
[2023-09-08T16:06:44.201+0000] {processor.py:157} INFO - Started process (PID=174) to work on /opt/airflow/dags/WordbankEconomicData_Trimmed_v2.xlsx
[2023-09-08T16:06:44.203+0000] {processor.py:829} INFO - Processing file /opt/airflow/dags/WordbankEconomicData_Trimmed_v2.xlsx for tasks to queue
[2023-09-08T16:06:44.206+0000] {logging_mixin.py:151} INFO - [2023-09-08T16:06:44.206+0000] {dagbag.py:539} INFO - Filling up the DagBag from /opt/airflow/dags/WordbankEconomicData_Trimmed_v2.xlsx
[2023-09-08T16:06:44.209+0000] {processor.py:841} WARNING - No viable dags retrieved from /opt/airflow/dags/WordbankEconomicData_Trimmed_v2.xlsx
[2023-09-08T16:06:44.222+0000] {processor.py:179} INFO - Processing /opt/airflow/dags/WordbankEconomicData_Trimmed_v2.xlsx took 0.025 seconds
[2023-09-08T16:07:22.595+0000] {processor.py:157} INFO - Started process (PID=43) to work on /opt/airflow/dags/WordbankEconomicData_Trimmed_v2.xlsx
[2023-09-08T16:07:22.597+0000] {processor.py:829} INFO - Processing file /opt/airflow/dags/WordbankEconomicData_Trimmed_v2.xlsx for tasks to queue
[2023-09-08T16:07:22.600+0000] {logging_mixin.py:151} INFO - [2023-09-08T16:07:22.599+0000] {dagbag.py:539} INFO - Filling up the DagBag from /opt/airflow/dags/WordbankEconomicData_Trimmed_v2.xlsx
[2023-09-08T16:07:22.609+0000] {processor.py:841} WARNING - No viable dags retrieved from /opt/airflow/dags/WordbankEconomicData_Trimmed_v2.xlsx
[2023-09-08T16:07:22.626+0000] {processor.py:179} INFO - Processing /opt/airflow/dags/WordbankEconomicData_Trimmed_v2.xlsx took 0.035 seconds
[2023-09-08T16:07:53.394+0000] {processor.py:157} INFO - Started process (PID=56) to work on /opt/airflow/dags/WordbankEconomicData_Trimmed_v2.xlsx
[2023-09-08T16:07:53.396+0000] {processor.py:829} INFO - Processing file /opt/airflow/dags/WordbankEconomicData_Trimmed_v2.xlsx for tasks to queue
[2023-09-08T16:07:53.399+0000] {logging_mixin.py:151} INFO - [2023-09-08T16:07:53.399+0000] {dagbag.py:539} INFO - Filling up the DagBag from /opt/airflow/dags/WordbankEconomicData_Trimmed_v2.xlsx
[2023-09-08T16:07:53.403+0000] {processor.py:841} WARNING - No viable dags retrieved from /opt/airflow/dags/WordbankEconomicData_Trimmed_v2.xlsx
[2023-09-08T16:07:53.420+0000] {processor.py:179} INFO - Processing /opt/airflow/dags/WordbankEconomicData_Trimmed_v2.xlsx took 0.030 seconds
[2023-09-08T16:08:24.119+0000] {processor.py:157} INFO - Started process (PID=69) to work on /opt/airflow/dags/WordbankEconomicData_Trimmed_v2.xlsx
[2023-09-08T16:08:24.121+0000] {processor.py:829} INFO - Processing file /opt/airflow/dags/WordbankEconomicData_Trimmed_v2.xlsx for tasks to queue
[2023-09-08T16:08:24.123+0000] {logging_mixin.py:151} INFO - [2023-09-08T16:08:24.123+0000] {dagbag.py:539} INFO - Filling up the DagBag from /opt/airflow/dags/WordbankEconomicData_Trimmed_v2.xlsx
[2023-09-08T16:08:24.127+0000] {processor.py:841} WARNING - No viable dags retrieved from /opt/airflow/dags/WordbankEconomicData_Trimmed_v2.xlsx
[2023-09-08T16:08:24.141+0000] {processor.py:179} INFO - Processing /opt/airflow/dags/WordbankEconomicData_Trimmed_v2.xlsx took 0.025 seconds
[2023-09-08T17:45:26.156+0000] {processor.py:157} INFO - Started process (PID=43) to work on /opt/airflow/dags/WordbankEconomicData_Trimmed_v2.xlsx
[2023-09-08T17:45:26.158+0000] {processor.py:829} INFO - Processing file /opt/airflow/dags/WordbankEconomicData_Trimmed_v2.xlsx for tasks to queue
[2023-09-08T17:45:26.161+0000] {logging_mixin.py:151} INFO - [2023-09-08T17:45:26.161+0000] {dagbag.py:539} INFO - Filling up the DagBag from /opt/airflow/dags/WordbankEconomicData_Trimmed_v2.xlsx
[2023-09-08T17:45:26.166+0000] {processor.py:841} WARNING - No viable dags retrieved from /opt/airflow/dags/WordbankEconomicData_Trimmed_v2.xlsx
[2023-09-08T17:45:26.183+0000] {processor.py:179} INFO - Processing /opt/airflow/dags/WordbankEconomicData_Trimmed_v2.xlsx took 0.031 seconds
[2023-09-08T17:45:56.837+0000] {processor.py:157} INFO - Started process (PID=56) to work on /opt/airflow/dags/WordbankEconomicData_Trimmed_v2.xlsx
[2023-09-08T17:45:56.838+0000] {processor.py:829} INFO - Processing file /opt/airflow/dags/WordbankEconomicData_Trimmed_v2.xlsx for tasks to queue
[2023-09-08T17:45:56.841+0000] {logging_mixin.py:151} INFO - [2023-09-08T17:45:56.841+0000] {dagbag.py:539} INFO - Filling up the DagBag from /opt/airflow/dags/WordbankEconomicData_Trimmed_v2.xlsx
[2023-09-08T17:45:56.844+0000] {processor.py:841} WARNING - No viable dags retrieved from /opt/airflow/dags/WordbankEconomicData_Trimmed_v2.xlsx
[2023-09-08T17:45:56.856+0000] {processor.py:179} INFO - Processing /opt/airflow/dags/WordbankEconomicData_Trimmed_v2.xlsx took 0.023 seconds
[2023-09-08T17:46:27.569+0000] {processor.py:157} INFO - Started process (PID=69) to work on /opt/airflow/dags/WordbankEconomicData_Trimmed_v2.xlsx
[2023-09-08T17:46:27.571+0000] {processor.py:829} INFO - Processing file /opt/airflow/dags/WordbankEconomicData_Trimmed_v2.xlsx for tasks to queue
[2023-09-08T17:46:27.574+0000] {logging_mixin.py:151} INFO - [2023-09-08T17:46:27.573+0000] {dagbag.py:539} INFO - Filling up the DagBag from /opt/airflow/dags/WordbankEconomicData_Trimmed_v2.xlsx
[2023-09-08T17:46:27.577+0000] {processor.py:841} WARNING - No viable dags retrieved from /opt/airflow/dags/WordbankEconomicData_Trimmed_v2.xlsx
[2023-09-08T17:46:27.590+0000] {processor.py:179} INFO - Processing /opt/airflow/dags/WordbankEconomicData_Trimmed_v2.xlsx took 0.024 seconds
[2023-09-08T17:46:58.397+0000] {processor.py:157} INFO - Started process (PID=82) to work on /opt/airflow/dags/WordbankEconomicData_Trimmed_v2.xlsx
[2023-09-08T17:46:58.398+0000] {processor.py:829} INFO - Processing file /opt/airflow/dags/WordbankEconomicData_Trimmed_v2.xlsx for tasks to queue
[2023-09-08T17:46:58.401+0000] {logging_mixin.py:151} INFO - [2023-09-08T17:46:58.401+0000] {dagbag.py:539} INFO - Filling up the DagBag from /opt/airflow/dags/WordbankEconomicData_Trimmed_v2.xlsx
[2023-09-08T17:46:58.404+0000] {processor.py:841} WARNING - No viable dags retrieved from /opt/airflow/dags/WordbankEconomicData_Trimmed_v2.xlsx
[2023-09-08T17:46:58.418+0000] {processor.py:179} INFO - Processing /opt/airflow/dags/WordbankEconomicData_Trimmed_v2.xlsx took 0.025 seconds
[2023-09-08T17:47:29.133+0000] {processor.py:157} INFO - Started process (PID=95) to work on /opt/airflow/dags/WordbankEconomicData_Trimmed_v2.xlsx
[2023-09-08T17:47:29.134+0000] {processor.py:829} INFO - Processing file /opt/airflow/dags/WordbankEconomicData_Trimmed_v2.xlsx for tasks to queue
[2023-09-08T17:47:29.137+0000] {logging_mixin.py:151} INFO - [2023-09-08T17:47:29.137+0000] {dagbag.py:539} INFO - Filling up the DagBag from /opt/airflow/dags/WordbankEconomicData_Trimmed_v2.xlsx
[2023-09-08T17:47:29.140+0000] {processor.py:841} WARNING - No viable dags retrieved from /opt/airflow/dags/WordbankEconomicData_Trimmed_v2.xlsx
[2023-09-08T17:47:29.155+0000] {processor.py:179} INFO - Processing /opt/airflow/dags/WordbankEconomicData_Trimmed_v2.xlsx took 0.026 seconds
[2023-09-08T17:47:59.814+0000] {processor.py:157} INFO - Started process (PID=108) to work on /opt/airflow/dags/WordbankEconomicData_Trimmed_v2.xlsx
[2023-09-08T17:47:59.815+0000] {processor.py:829} INFO - Processing file /opt/airflow/dags/WordbankEconomicData_Trimmed_v2.xlsx for tasks to queue
[2023-09-08T17:47:59.818+0000] {logging_mixin.py:151} INFO - [2023-09-08T17:47:59.818+0000] {dagbag.py:539} INFO - Filling up the DagBag from /opt/airflow/dags/WordbankEconomicData_Trimmed_v2.xlsx
[2023-09-08T17:47:59.821+0000] {processor.py:841} WARNING - No viable dags retrieved from /opt/airflow/dags/WordbankEconomicData_Trimmed_v2.xlsx
[2023-09-08T17:47:59.837+0000] {processor.py:179} INFO - Processing /opt/airflow/dags/WordbankEconomicData_Trimmed_v2.xlsx took 0.028 seconds
[2023-09-08T17:48:30.494+0000] {processor.py:157} INFO - Started process (PID=121) to work on /opt/airflow/dags/WordbankEconomicData_Trimmed_v2.xlsx
[2023-09-08T17:48:30.496+0000] {processor.py:829} INFO - Processing file /opt/airflow/dags/WordbankEconomicData_Trimmed_v2.xlsx for tasks to queue
[2023-09-08T17:48:30.498+0000] {logging_mixin.py:151} INFO - [2023-09-08T17:48:30.498+0000] {dagbag.py:539} INFO - Filling up the DagBag from /opt/airflow/dags/WordbankEconomicData_Trimmed_v2.xlsx
[2023-09-08T17:48:30.501+0000] {processor.py:841} WARNING - No viable dags retrieved from /opt/airflow/dags/WordbankEconomicData_Trimmed_v2.xlsx
[2023-09-08T17:48:30.515+0000] {processor.py:179} INFO - Processing /opt/airflow/dags/WordbankEconomicData_Trimmed_v2.xlsx took 0.025 seconds
[2023-09-08T17:49:01.413+0000] {processor.py:157} INFO - Started process (PID=134) to work on /opt/airflow/dags/WordbankEconomicData_Trimmed_v2.xlsx
[2023-09-08T17:49:01.414+0000] {processor.py:829} INFO - Processing file /opt/airflow/dags/WordbankEconomicData_Trimmed_v2.xlsx for tasks to queue
[2023-09-08T17:49:01.417+0000] {logging_mixin.py:151} INFO - [2023-09-08T17:49:01.416+0000] {dagbag.py:539} INFO - Filling up the DagBag from /opt/airflow/dags/WordbankEconomicData_Trimmed_v2.xlsx
[2023-09-08T17:49:01.420+0000] {processor.py:841} WARNING - No viable dags retrieved from /opt/airflow/dags/WordbankEconomicData_Trimmed_v2.xlsx
[2023-09-08T17:49:01.545+0000] {processor.py:179} INFO - Processing /opt/airflow/dags/WordbankEconomicData_Trimmed_v2.xlsx took 0.136 seconds
[2023-09-08T17:49:32.210+0000] {processor.py:157} INFO - Started process (PID=147) to work on /opt/airflow/dags/WordbankEconomicData_Trimmed_v2.xlsx
[2023-09-08T17:49:32.213+0000] {processor.py:829} INFO - Processing file /opt/airflow/dags/WordbankEconomicData_Trimmed_v2.xlsx for tasks to queue
[2023-09-08T17:49:32.216+0000] {logging_mixin.py:151} INFO - [2023-09-08T17:49:32.216+0000] {dagbag.py:539} INFO - Filling up the DagBag from /opt/airflow/dags/WordbankEconomicData_Trimmed_v2.xlsx
[2023-09-08T17:49:32.219+0000] {processor.py:841} WARNING - No viable dags retrieved from /opt/airflow/dags/WordbankEconomicData_Trimmed_v2.xlsx
[2023-09-08T17:49:32.235+0000] {processor.py:179} INFO - Processing /opt/airflow/dags/WordbankEconomicData_Trimmed_v2.xlsx took 0.030 seconds
[2023-09-08T17:50:02.832+0000] {processor.py:157} INFO - Started process (PID=160) to work on /opt/airflow/dags/WordbankEconomicData_Trimmed_v2.xlsx
[2023-09-08T17:50:02.833+0000] {processor.py:829} INFO - Processing file /opt/airflow/dags/WordbankEconomicData_Trimmed_v2.xlsx for tasks to queue
[2023-09-08T17:50:02.836+0000] {logging_mixin.py:151} INFO - [2023-09-08T17:50:02.836+0000] {dagbag.py:539} INFO - Filling up the DagBag from /opt/airflow/dags/WordbankEconomicData_Trimmed_v2.xlsx
[2023-09-08T17:50:02.839+0000] {processor.py:841} WARNING - No viable dags retrieved from /opt/airflow/dags/WordbankEconomicData_Trimmed_v2.xlsx
[2023-09-08T17:50:02.855+0000] {processor.py:179} INFO - Processing /opt/airflow/dags/WordbankEconomicData_Trimmed_v2.xlsx took 0.027 seconds
[2023-09-08T17:50:33.491+0000] {processor.py:157} INFO - Started process (PID=173) to work on /opt/airflow/dags/WordbankEconomicData_Trimmed_v2.xlsx
[2023-09-08T17:50:33.492+0000] {processor.py:829} INFO - Processing file /opt/airflow/dags/WordbankEconomicData_Trimmed_v2.xlsx for tasks to queue
[2023-09-08T17:50:33.495+0000] {logging_mixin.py:151} INFO - [2023-09-08T17:50:33.495+0000] {dagbag.py:539} INFO - Filling up the DagBag from /opt/airflow/dags/WordbankEconomicData_Trimmed_v2.xlsx
[2023-09-08T17:50:33.498+0000] {processor.py:841} WARNING - No viable dags retrieved from /opt/airflow/dags/WordbankEconomicData_Trimmed_v2.xlsx
[2023-09-08T17:50:33.511+0000] {processor.py:179} INFO - Processing /opt/airflow/dags/WordbankEconomicData_Trimmed_v2.xlsx took 0.024 seconds
[2023-09-08T17:51:04.150+0000] {processor.py:157} INFO - Started process (PID=186) to work on /opt/airflow/dags/WordbankEconomicData_Trimmed_v2.xlsx
[2023-09-08T17:51:04.151+0000] {processor.py:829} INFO - Processing file /opt/airflow/dags/WordbankEconomicData_Trimmed_v2.xlsx for tasks to queue
[2023-09-08T17:51:04.154+0000] {logging_mixin.py:151} INFO - [2023-09-08T17:51:04.154+0000] {dagbag.py:539} INFO - Filling up the DagBag from /opt/airflow/dags/WordbankEconomicData_Trimmed_v2.xlsx
[2023-09-08T17:51:04.157+0000] {processor.py:841} WARNING - No viable dags retrieved from /opt/airflow/dags/WordbankEconomicData_Trimmed_v2.xlsx
[2023-09-08T17:51:04.172+0000] {processor.py:179} INFO - Processing /opt/airflow/dags/WordbankEconomicData_Trimmed_v2.xlsx took 0.027 seconds
[2023-09-08T17:51:34.671+0000] {processor.py:157} INFO - Started process (PID=199) to work on /opt/airflow/dags/WordbankEconomicData_Trimmed_v2.xlsx
[2023-09-08T17:51:34.673+0000] {processor.py:829} INFO - Processing file /opt/airflow/dags/WordbankEconomicData_Trimmed_v2.xlsx for tasks to queue
[2023-09-08T17:51:34.677+0000] {logging_mixin.py:151} INFO - [2023-09-08T17:51:34.677+0000] {dagbag.py:539} INFO - Filling up the DagBag from /opt/airflow/dags/WordbankEconomicData_Trimmed_v2.xlsx
[2023-09-08T17:51:34.682+0000] {processor.py:841} WARNING - No viable dags retrieved from /opt/airflow/dags/WordbankEconomicData_Trimmed_v2.xlsx
[2023-09-08T17:51:34.708+0000] {processor.py:179} INFO - Processing /opt/airflow/dags/WordbankEconomicData_Trimmed_v2.xlsx took 0.044 seconds
[2023-09-08T17:52:23.202+0000] {processor.py:157} INFO - Started process (PID=43) to work on /opt/airflow/dags/WordbankEconomicData_Trimmed_v2.xlsx
[2023-09-08T17:52:23.204+0000] {processor.py:829} INFO - Processing file /opt/airflow/dags/WordbankEconomicData_Trimmed_v2.xlsx for tasks to queue
[2023-09-08T17:52:23.207+0000] {logging_mixin.py:151} INFO - [2023-09-08T17:52:23.207+0000] {dagbag.py:539} INFO - Filling up the DagBag from /opt/airflow/dags/WordbankEconomicData_Trimmed_v2.xlsx
[2023-09-08T17:52:23.212+0000] {processor.py:841} WARNING - No viable dags retrieved from /opt/airflow/dags/WordbankEconomicData_Trimmed_v2.xlsx
[2023-09-08T17:52:23.230+0000] {processor.py:179} INFO - Processing /opt/airflow/dags/WordbankEconomicData_Trimmed_v2.xlsx took 0.033 seconds
[2023-09-08T17:52:54.016+0000] {processor.py:157} INFO - Started process (PID=56) to work on /opt/airflow/dags/WordbankEconomicData_Trimmed_v2.xlsx
[2023-09-08T17:52:54.024+0000] {processor.py:829} INFO - Processing file /opt/airflow/dags/WordbankEconomicData_Trimmed_v2.xlsx for tasks to queue
[2023-09-08T17:52:54.029+0000] {logging_mixin.py:151} INFO - [2023-09-08T17:52:54.028+0000] {dagbag.py:539} INFO - Filling up the DagBag from /opt/airflow/dags/WordbankEconomicData_Trimmed_v2.xlsx
[2023-09-08T17:52:54.034+0000] {processor.py:841} WARNING - No viable dags retrieved from /opt/airflow/dags/WordbankEconomicData_Trimmed_v2.xlsx
[2023-09-08T17:52:54.051+0000] {processor.py:179} INFO - Processing /opt/airflow/dags/WordbankEconomicData_Trimmed_v2.xlsx took 0.039 seconds
[2023-09-08T17:53:24.819+0000] {processor.py:157} INFO - Started process (PID=69) to work on /opt/airflow/dags/WordbankEconomicData_Trimmed_v2.xlsx
[2023-09-08T17:53:24.821+0000] {processor.py:829} INFO - Processing file /opt/airflow/dags/WordbankEconomicData_Trimmed_v2.xlsx for tasks to queue
[2023-09-08T17:53:24.823+0000] {logging_mixin.py:151} INFO - [2023-09-08T17:53:24.823+0000] {dagbag.py:539} INFO - Filling up the DagBag from /opt/airflow/dags/WordbankEconomicData_Trimmed_v2.xlsx
[2023-09-08T17:53:24.826+0000] {processor.py:841} WARNING - No viable dags retrieved from /opt/airflow/dags/WordbankEconomicData_Trimmed_v2.xlsx
[2023-09-08T17:53:24.841+0000] {processor.py:179} INFO - Processing /opt/airflow/dags/WordbankEconomicData_Trimmed_v2.xlsx took 0.025 seconds
[2023-09-08T17:53:55.561+0000] {processor.py:157} INFO - Started process (PID=82) to work on /opt/airflow/dags/WordbankEconomicData_Trimmed_v2.xlsx
[2023-09-08T17:53:55.562+0000] {processor.py:829} INFO - Processing file /opt/airflow/dags/WordbankEconomicData_Trimmed_v2.xlsx for tasks to queue
[2023-09-08T17:53:55.565+0000] {logging_mixin.py:151} INFO - [2023-09-08T17:53:55.564+0000] {dagbag.py:539} INFO - Filling up the DagBag from /opt/airflow/dags/WordbankEconomicData_Trimmed_v2.xlsx
[2023-09-08T17:53:55.568+0000] {processor.py:841} WARNING - No viable dags retrieved from /opt/airflow/dags/WordbankEconomicData_Trimmed_v2.xlsx
[2023-09-08T17:53:55.581+0000] {processor.py:179} INFO - Processing /opt/airflow/dags/WordbankEconomicData_Trimmed_v2.xlsx took 0.025 seconds
[2023-09-08T17:54:26.372+0000] {processor.py:157} INFO - Started process (PID=95) to work on /opt/airflow/dags/WordbankEconomicData_Trimmed_v2.xlsx
[2023-09-08T17:54:26.375+0000] {processor.py:829} INFO - Processing file /opt/airflow/dags/WordbankEconomicData_Trimmed_v2.xlsx for tasks to queue
[2023-09-08T17:54:26.377+0000] {logging_mixin.py:151} INFO - [2023-09-08T17:54:26.377+0000] {dagbag.py:539} INFO - Filling up the DagBag from /opt/airflow/dags/WordbankEconomicData_Trimmed_v2.xlsx
[2023-09-08T17:54:26.380+0000] {processor.py:841} WARNING - No viable dags retrieved from /opt/airflow/dags/WordbankEconomicData_Trimmed_v2.xlsx
[2023-09-08T17:54:26.394+0000] {processor.py:179} INFO - Processing /opt/airflow/dags/WordbankEconomicData_Trimmed_v2.xlsx took 0.025 seconds
[2023-09-08T17:55:44.071+0000] {processor.py:157} INFO - Started process (PID=46) to work on /opt/airflow/dags/WordbankEconomicData_Trimmed_v2.xlsx
[2023-09-08T17:55:44.074+0000] {processor.py:829} INFO - Processing file /opt/airflow/dags/WordbankEconomicData_Trimmed_v2.xlsx for tasks to queue
[2023-09-08T17:55:44.077+0000] {logging_mixin.py:151} INFO - [2023-09-08T17:55:44.077+0000] {dagbag.py:539} INFO - Filling up the DagBag from /opt/airflow/dags/WordbankEconomicData_Trimmed_v2.xlsx
[2023-09-08T17:55:44.081+0000] {processor.py:841} WARNING - No viable dags retrieved from /opt/airflow/dags/WordbankEconomicData_Trimmed_v2.xlsx
[2023-09-08T17:55:44.098+0000] {processor.py:179} INFO - Processing /opt/airflow/dags/WordbankEconomicData_Trimmed_v2.xlsx took 0.031 seconds
[2023-09-08T17:56:15.134+0000] {processor.py:157} INFO - Started process (PID=59) to work on /opt/airflow/dags/WordbankEconomicData_Trimmed_v2.xlsx
[2023-09-08T17:56:15.136+0000] {processor.py:829} INFO - Processing file /opt/airflow/dags/WordbankEconomicData_Trimmed_v2.xlsx for tasks to queue
[2023-09-08T17:56:15.139+0000] {logging_mixin.py:151} INFO - [2023-09-08T17:56:15.139+0000] {dagbag.py:539} INFO - Filling up the DagBag from /opt/airflow/dags/WordbankEconomicData_Trimmed_v2.xlsx
[2023-09-08T17:56:15.143+0000] {processor.py:841} WARNING - No viable dags retrieved from /opt/airflow/dags/WordbankEconomicData_Trimmed_v2.xlsx
[2023-09-08T17:56:15.159+0000] {processor.py:179} INFO - Processing /opt/airflow/dags/WordbankEconomicData_Trimmed_v2.xlsx took 0.030 seconds
[2023-09-08T17:56:46.210+0000] {processor.py:157} INFO - Started process (PID=72) to work on /opt/airflow/dags/WordbankEconomicData_Trimmed_v2.xlsx
[2023-09-08T17:56:46.212+0000] {processor.py:829} INFO - Processing file /opt/airflow/dags/WordbankEconomicData_Trimmed_v2.xlsx for tasks to queue
[2023-09-08T17:56:46.217+0000] {logging_mixin.py:151} INFO - [2023-09-08T17:56:46.216+0000] {dagbag.py:539} INFO - Filling up the DagBag from /opt/airflow/dags/WordbankEconomicData_Trimmed_v2.xlsx
[2023-09-08T17:56:46.222+0000] {processor.py:841} WARNING - No viable dags retrieved from /opt/airflow/dags/WordbankEconomicData_Trimmed_v2.xlsx
[2023-09-08T17:56:46.249+0000] {processor.py:179} INFO - Processing /opt/airflow/dags/WordbankEconomicData_Trimmed_v2.xlsx took 0.044 seconds
[2023-09-08T17:57:17.354+0000] {processor.py:157} INFO - Started process (PID=85) to work on /opt/airflow/dags/WordbankEconomicData_Trimmed_v2.xlsx
[2023-09-08T17:57:17.356+0000] {processor.py:829} INFO - Processing file /opt/airflow/dags/WordbankEconomicData_Trimmed_v2.xlsx for tasks to queue
[2023-09-08T17:57:17.359+0000] {logging_mixin.py:151} INFO - [2023-09-08T17:57:17.358+0000] {dagbag.py:539} INFO - Filling up the DagBag from /opt/airflow/dags/WordbankEconomicData_Trimmed_v2.xlsx
[2023-09-08T17:57:17.362+0000] {processor.py:841} WARNING - No viable dags retrieved from /opt/airflow/dags/WordbankEconomicData_Trimmed_v2.xlsx
[2023-09-08T17:57:17.511+0000] {processor.py:179} INFO - Processing /opt/airflow/dags/WordbankEconomicData_Trimmed_v2.xlsx took 0.160 seconds
[2023-09-08T17:57:48.262+0000] {processor.py:157} INFO - Started process (PID=105) to work on /opt/airflow/dags/WordbankEconomicData_Trimmed_v2.xlsx
[2023-09-08T17:57:48.264+0000] {processor.py:829} INFO - Processing file /opt/airflow/dags/WordbankEconomicData_Trimmed_v2.xlsx for tasks to queue
[2023-09-08T17:57:48.266+0000] {logging_mixin.py:151} INFO - [2023-09-08T17:57:48.266+0000] {dagbag.py:539} INFO - Filling up the DagBag from /opt/airflow/dags/WordbankEconomicData_Trimmed_v2.xlsx
[2023-09-08T17:57:48.270+0000] {processor.py:841} WARNING - No viable dags retrieved from /opt/airflow/dags/WordbankEconomicData_Trimmed_v2.xlsx
[2023-09-08T17:57:48.285+0000] {processor.py:179} INFO - Processing /opt/airflow/dags/WordbankEconomicData_Trimmed_v2.xlsx took 0.027 seconds
[2023-09-08T17:58:19.038+0000] {processor.py:157} INFO - Started process (PID=118) to work on /opt/airflow/dags/WordbankEconomicData_Trimmed_v2.xlsx
[2023-09-08T17:58:19.040+0000] {processor.py:829} INFO - Processing file /opt/airflow/dags/WordbankEconomicData_Trimmed_v2.xlsx for tasks to queue
[2023-09-08T17:58:19.043+0000] {logging_mixin.py:151} INFO - [2023-09-08T17:58:19.042+0000] {dagbag.py:539} INFO - Filling up the DagBag from /opt/airflow/dags/WordbankEconomicData_Trimmed_v2.xlsx
[2023-09-08T17:58:19.046+0000] {processor.py:841} WARNING - No viable dags retrieved from /opt/airflow/dags/WordbankEconomicData_Trimmed_v2.xlsx
[2023-09-08T17:58:19.061+0000] {processor.py:179} INFO - Processing /opt/airflow/dags/WordbankEconomicData_Trimmed_v2.xlsx took 0.027 seconds
[2023-09-08T17:58:49.923+0000] {processor.py:157} INFO - Started process (PID=131) to work on /opt/airflow/dags/WordbankEconomicData_Trimmed_v2.xlsx
[2023-09-08T17:58:49.924+0000] {processor.py:829} INFO - Processing file /opt/airflow/dags/WordbankEconomicData_Trimmed_v2.xlsx for tasks to queue
[2023-09-08T17:58:49.928+0000] {logging_mixin.py:151} INFO - [2023-09-08T17:58:49.927+0000] {dagbag.py:539} INFO - Filling up the DagBag from /opt/airflow/dags/WordbankEconomicData_Trimmed_v2.xlsx
[2023-09-08T17:58:49.932+0000] {processor.py:841} WARNING - No viable dags retrieved from /opt/airflow/dags/WordbankEconomicData_Trimmed_v2.xlsx
[2023-09-08T17:58:49.947+0000] {processor.py:179} INFO - Processing /opt/airflow/dags/WordbankEconomicData_Trimmed_v2.xlsx took 0.028 seconds
[2023-09-08T17:59:20.770+0000] {processor.py:157} INFO - Started process (PID=144) to work on /opt/airflow/dags/WordbankEconomicData_Trimmed_v2.xlsx
[2023-09-08T17:59:20.772+0000] {processor.py:829} INFO - Processing file /opt/airflow/dags/WordbankEconomicData_Trimmed_v2.xlsx for tasks to queue
[2023-09-08T17:59:20.774+0000] {logging_mixin.py:151} INFO - [2023-09-08T17:59:20.774+0000] {dagbag.py:539} INFO - Filling up the DagBag from /opt/airflow/dags/WordbankEconomicData_Trimmed_v2.xlsx
[2023-09-08T17:59:20.778+0000] {processor.py:841} WARNING - No viable dags retrieved from /opt/airflow/dags/WordbankEconomicData_Trimmed_v2.xlsx
[2023-09-08T17:59:20.793+0000] {processor.py:179} INFO - Processing /opt/airflow/dags/WordbankEconomicData_Trimmed_v2.xlsx took 0.027 seconds
[2023-09-08T17:59:51.692+0000] {processor.py:157} INFO - Started process (PID=158) to work on /opt/airflow/dags/WordbankEconomicData_Trimmed_v2.xlsx
[2023-09-08T17:59:51.694+0000] {processor.py:829} INFO - Processing file /opt/airflow/dags/WordbankEconomicData_Trimmed_v2.xlsx for tasks to queue
[2023-09-08T17:59:51.700+0000] {logging_mixin.py:151} INFO - [2023-09-08T17:59:51.699+0000] {dagbag.py:539} INFO - Filling up the DagBag from /opt/airflow/dags/WordbankEconomicData_Trimmed_v2.xlsx
[2023-09-08T17:59:51.704+0000] {processor.py:841} WARNING - No viable dags retrieved from /opt/airflow/dags/WordbankEconomicData_Trimmed_v2.xlsx
[2023-09-08T17:59:51.727+0000] {processor.py:179} INFO - Processing /opt/airflow/dags/WordbankEconomicData_Trimmed_v2.xlsx took 0.041 seconds
[2023-09-08T18:00:22.777+0000] {processor.py:157} INFO - Started process (PID=171) to work on /opt/airflow/dags/WordbankEconomicData_Trimmed_v2.xlsx
[2023-09-08T18:00:22.779+0000] {processor.py:829} INFO - Processing file /opt/airflow/dags/WordbankEconomicData_Trimmed_v2.xlsx for tasks to queue
[2023-09-08T18:00:22.783+0000] {logging_mixin.py:151} INFO - [2023-09-08T18:00:22.783+0000] {dagbag.py:539} INFO - Filling up the DagBag from /opt/airflow/dags/WordbankEconomicData_Trimmed_v2.xlsx
[2023-09-08T18:00:22.786+0000] {processor.py:841} WARNING - No viable dags retrieved from /opt/airflow/dags/WordbankEconomicData_Trimmed_v2.xlsx
[2023-09-08T18:00:22.801+0000] {processor.py:179} INFO - Processing /opt/airflow/dags/WordbankEconomicData_Trimmed_v2.xlsx took 0.029 seconds
[2023-09-08T18:00:53.689+0000] {processor.py:157} INFO - Started process (PID=184) to work on /opt/airflow/dags/WordbankEconomicData_Trimmed_v2.xlsx
[2023-09-08T18:00:53.691+0000] {processor.py:829} INFO - Processing file /opt/airflow/dags/WordbankEconomicData_Trimmed_v2.xlsx for tasks to queue
[2023-09-08T18:00:53.694+0000] {logging_mixin.py:151} INFO - [2023-09-08T18:00:53.694+0000] {dagbag.py:539} INFO - Filling up the DagBag from /opt/airflow/dags/WordbankEconomicData_Trimmed_v2.xlsx
[2023-09-08T18:00:53.697+0000] {processor.py:841} WARNING - No viable dags retrieved from /opt/airflow/dags/WordbankEconomicData_Trimmed_v2.xlsx
[2023-09-08T18:00:53.712+0000] {processor.py:179} INFO - Processing /opt/airflow/dags/WordbankEconomicData_Trimmed_v2.xlsx took 0.027 seconds
[2023-09-08T18:01:24.582+0000] {processor.py:157} INFO - Started process (PID=197) to work on /opt/airflow/dags/WordbankEconomicData_Trimmed_v2.xlsx
[2023-09-08T18:01:24.584+0000] {processor.py:829} INFO - Processing file /opt/airflow/dags/WordbankEconomicData_Trimmed_v2.xlsx for tasks to queue
[2023-09-08T18:01:24.587+0000] {logging_mixin.py:151} INFO - [2023-09-08T18:01:24.587+0000] {dagbag.py:539} INFO - Filling up the DagBag from /opt/airflow/dags/WordbankEconomicData_Trimmed_v2.xlsx
[2023-09-08T18:01:24.590+0000] {processor.py:841} WARNING - No viable dags retrieved from /opt/airflow/dags/WordbankEconomicData_Trimmed_v2.xlsx
[2023-09-08T18:01:24.605+0000] {processor.py:179} INFO - Processing /opt/airflow/dags/WordbankEconomicData_Trimmed_v2.xlsx took 0.027 seconds
[2023-09-08T18:01:55.397+0000] {processor.py:157} INFO - Started process (PID=210) to work on /opt/airflow/dags/WordbankEconomicData_Trimmed_v2.xlsx
[2023-09-08T18:01:55.399+0000] {processor.py:829} INFO - Processing file /opt/airflow/dags/WordbankEconomicData_Trimmed_v2.xlsx for tasks to queue
[2023-09-08T18:01:55.402+0000] {logging_mixin.py:151} INFO - [2023-09-08T18:01:55.402+0000] {dagbag.py:539} INFO - Filling up the DagBag from /opt/airflow/dags/WordbankEconomicData_Trimmed_v2.xlsx
[2023-09-08T18:01:55.405+0000] {processor.py:841} WARNING - No viable dags retrieved from /opt/airflow/dags/WordbankEconomicData_Trimmed_v2.xlsx
[2023-09-08T18:01:55.419+0000] {processor.py:179} INFO - Processing /opt/airflow/dags/WordbankEconomicData_Trimmed_v2.xlsx took 0.025 seconds
